---------------------------------------------------------------
[ 2019-07-04T16:56:26+08:00 ] 127.0.0.1 GET /admin
[ info ] www.csshayudj.com/admin [运行时间：0.110238s][吞吐率：9.07req/s] [内存消耗：1,367.05kb] [文件加载：43]
[ info ] [ LANG ] D:\pei\thinkphp\lang\zh-cn.php
[ info ] [ ROUTE ] array (
  'type' => 'module',
  'module' => 
  array (
    0 => 'admin',
    1 => NULL,
    2 => NULL,
  ),
)
[ info ] [ HEADER ] array (
  'cookie' => 'pgv_pvi=2896157696; pgv_si=s47170560; PHPSESSID=vqa54qp40fdnihqcq88vev3pf9',
  'accept-language' => 'zh-CN,zh;q=0.9',
  'accept-encoding' => 'gzip, deflate',
  'accept' => 'text/html,application/xhtml+xml,application/xml;q=0.9,image/webp,image/apng,*/*;q=0.8,application/signed-exchange;v=b3',
  'user-agent' => 'Mozilla/5.0 (Windows NT 10.0; WOW64) AppleWebKit/537.36 (KHTML, like Gecko) Chrome/74.0.3729.169 Safari/537.36',
  'upgrade-insecure-requests' => '1',
  'connection' => 'keep-alive',
  'host' => 'www.csshayudj.com',
  'content-length' => '',
  'content-type' => '',
)
[ info ] [ PARAM ] array (
)
[ info ] [ SESSION ] INIT array (
  'id' => '',
  'var_session_id' => '',
  'prefix' => 'think',
  'type' => '',
  'auto_start' => true,
)
[ info ] [ LOG ] INIT File
---------------------------------------------------------------
[ 2019-07-04T16:56:26+08:00 ] 127.0.0.1 GET /admin/auth/login
[ info ] www.csshayudj.com/admin/auth/login [运行时间：0.079991s][吞吐率：12.50req/s] [内存消耗：1,355.74kb] [文件加载：41]
[ info ] [ LANG ] D:\pei\thinkphp\lang\zh-cn.php
[ info ] [ ROUTE ] array (
  'type' => 'module',
  'module' => 
  array (
    0 => 'admin',
    1 => 'auth',
    2 => 'login',
  ),
)
[ info ] [ HEADER ] array (
  'cookie' => 'pgv_pvi=2896157696; pgv_si=s47170560; PHPSESSID=vqa54qp40fdnihqcq88vev3pf9',
  'accept-language' => 'zh-CN,zh;q=0.9',
  'accept-encoding' => 'gzip, deflate',
  'accept' => 'text/html,application/xhtml+xml,application/xml;q=0.9,image/webp,image/apng,*/*;q=0.8,application/signed-exchange;v=b3',
  'user-agent' => 'Mozilla/5.0 (Windows NT 10.0; WOW64) AppleWebKit/537.36 (KHTML, like Gecko) Chrome/74.0.3729.169 Safari/537.36',
  'upgrade-insecure-requests' => '1',
  'connection' => 'keep-alive',
  'host' => 'www.csshayudj.com',
  'content-length' => '',
  'content-type' => '',
)
[ info ] [ PARAM ] array (
)
[ info ] [ SESSION ] INIT array (
  'id' => '',
  'var_session_id' => '',
  'prefix' => 'think',
  'type' => '',
  'auto_start' => true,
)
[ info ] [ RUN ] app\admin\controller\Auth->login[ D:\pei\application\admin\controller\Auth.php ]
[ info ] [ VIEW ] D:\pei\public/../application/admin\view\auth\login.html [ array (
) ]
[ info ] [ LOG ] INIT File
---------------------------------------------------------------
[ 2019-07-04T16:56:26+08:00 ] 127.0.0.1 GET /admin/auth/favicon.ico
[ info ] www.csshayudj.com/admin/auth/favicon.ico [运行时间：0.028194s][吞吐率：35.47req/s] [内存消耗：1,360.65kb] [文件加载：42]
[ info ] [ LANG ] D:\pei\thinkphp\lang\zh-cn.php
[ info ] [ ROUTE ] array (
  'type' => 'module',
  'module' => 
  array (
    0 => 'admin',
    1 => 'auth',
    2 => 'favicon.ico',
  ),
)
[ info ] [ HEADER ] array (
  'cookie' => 'pgv_pvi=2896157696; pgv_si=s47170560; PHPSESSID=vqa54qp40fdnihqcq88vev3pf9',
  'accept-language' => 'zh-CN,zh;q=0.9',
  'accept-encoding' => 'gzip, deflate',
  'referer' => 'http://www.csshayudj.com/admin/auth/login',
  'accept' => 'image/webp,image/apng,image/*,*/*;q=0.8',
  'user-agent' => 'Mozilla/5.0 (Windows NT 10.0; WOW64) AppleWebKit/537.36 (KHTML, like Gecko) Chrome/74.0.3729.169 Safari/537.36',
  'connection' => 'keep-alive',
  'host' => 'www.csshayudj.com',
  'content-length' => '',
  'content-type' => '',
)
[ info ] [ PARAM ] array (
)
[ info ] [ SESSION ] INIT array (
  'id' => '',
  'var_session_id' => '',
  'prefix' => 'think',
  'type' => '',
  'auto_start' => true,
)
[ info ] [ LOG ] INIT File
---------------------------------------------------------------
[ 2019-07-04T16:56:26+08:00 ] 127.0.0.1 GET /admin/auth/login
[ info ] www.csshayudj.com/admin/auth/login [运行时间：0.024572s][吞吐率：40.70req/s] [内存消耗：1,355.50kb] [文件加载：41]
[ info ] [ LANG ] D:\pei\thinkphp\lang\zh-cn.php
[ info ] [ ROUTE ] array (
  'type' => 'module',
  'module' => 
  array (
    0 => 'admin',
    1 => 'auth',
    2 => 'login',
  ),
)
[ info ] [ HEADER ] array (
  'cookie' => 'pgv_pvi=2896157696; pgv_si=s47170560; PHPSESSID=vqa54qp40fdnihqcq88vev3pf9',
  'accept-language' => 'zh-CN,zh;q=0.9',
  'accept-encoding' => 'gzip, deflate',
  'referer' => 'http://www.csshayudj.com/admin/auth/login',
  'accept' => 'image/webp,image/apng,image/*,*/*;q=0.8',
  'user-agent' => 'Mozilla/5.0 (Windows NT 10.0; WOW64) AppleWebKit/537.36 (KHTML, like Gecko) Chrome/74.0.3729.169 Safari/537.36',
  'connection' => 'keep-alive',
  'host' => 'www.csshayudj.com',
  'content-length' => '',
  'content-type' => '',
)
[ info ] [ PARAM ] array (
)
[ info ] [ SESSION ] INIT array (
  'id' => '',
  'var_session_id' => '',
  'prefix' => 'think',
  'type' => '',
  'auto_start' => true,
)
[ info ] [ RUN ] app\admin\controller\Auth->login[ D:\pei\application\admin\controller\Auth.php ]
[ info ] [ VIEW ] D:\pei\public/../application/admin\view\auth\login.html [ array (
) ]
[ info ] [ LOG ] INIT File
---------------------------------------------------------------
[ 2019-07-04T16:56:37+08:00 ] 127.0.0.1 POST /admin/auth/loginin
[ info ] www.csshayudj.com/admin/auth/loginin [运行时间：0.277167s][吞吐率：3.61req/s] [内存消耗：1,893.15kb] [文件加载：46]
[ info ] [ LANG ] D:\pei\thinkphp\lang\zh-cn.php
[ info ] [ ROUTE ] array (
  'type' => 'module',
  'module' => 
  array (
    0 => 'admin',
    1 => 'auth',
    2 => 'loginin',
  ),
)
[ info ] [ HEADER ] array (
  'cookie' => 'pgv_pvi=2896157696; pgv_si=s47170560; PHPSESSID=vqa54qp40fdnihqcq88vev3pf9',
  'accept-language' => 'zh-CN,zh;q=0.9',
  'accept-encoding' => 'gzip, deflate',
  'referer' => 'http://www.csshayudj.com/admin/auth/login',
  'content-type' => 'application/x-www-form-urlencoded; charset=UTF-8',
  'user-agent' => 'Mozilla/5.0 (Windows NT 10.0; WOW64) AppleWebKit/537.36 (KHTML, like Gecko) Chrome/74.0.3729.169 Safari/537.36',
  'x-requested-with' => 'XMLHttpRequest',
  'origin' => 'http://www.csshayudj.com',
  'accept' => 'application/json, text/javascript, */*; q=0.01',
  'content-length' => '30',
  'connection' => 'keep-alive',
  'host' => 'www.csshayudj.com',
)
[ info ] [ PARAM ] array (
  'username' => 'admin',
  'password' => '123456',
)
[ info ] [ SESSION ] INIT array (
  'id' => '',
  'var_session_id' => '',
  'prefix' => 'think',
  'type' => '',
  'auto_start' => true,
)
[ info ] [ RUN ] app\admin\controller\Auth->loginin[ D:\pei\application\admin\controller\Auth.php ]
[ info ] [ DB ] INIT mysql
[ info ] [ LOG ] INIT File
[ sql ] [ DB ] CONNECT:[ UseTime:0.086914s ] mysql:host=39.98.195.90;dbname=peini;charset=utf8
[ sql ] [ SQL ] SHOW COLUMNS FROM `pn_admin` [ RunTime:0.032100s ]
[ sql ] [ SQL ] SELECT * FROM `pn_admin` WHERE  `user_account` = 'admin'  AND `user_password` = 'e10adc3949ba59abbe56e057f20f883e' LIMIT 1 [ RunTime:0.025734s ]
[ sql ] [ SQL ] SHOW COLUMNS FROM `pn_admin_log` [ RunTime:0.024081s ]
[ sql ] [ SQL ] INSERT INTO `pn_admin_log` (`admin_user_id` , `admin_user_name` , `set_time` , `set_ip` , `set_name`) VALUES (1 , '后台管理员' , '1562230597' , '127.0.0.1' , '登录后台') [ RunTime:0.030192s ]
---------------------------------------------------------------
[ 2019-07-04T16:56:39+08:00 ] 127.0.0.1 GET /admin/index/index
[ info ] www.csshayudj.com/admin/index/index [运行时间：0.411897s][吞吐率：2.43req/s] [内存消耗：2,183.27kb] [文件加载：52]
[ info ] [ LANG ] D:\pei\thinkphp\lang\zh-cn.php
[ info ] [ ROUTE ] array (
  'type' => 'module',
  'module' => 
  array (
    0 => 'admin',
    1 => 'index',
    2 => 'index',
  ),
)
[ info ] [ HEADER ] array (
  'cookie' => 'pgv_pvi=2896157696; pgv_si=s47170560; PHPSESSID=vqa54qp40fdnihqcq88vev3pf9',
  'accept-language' => 'zh-CN,zh;q=0.9',
  'accept-encoding' => 'gzip, deflate',
  'referer' => 'http://www.csshayudj.com/admin/auth/login',
  'accept' => 'text/html,application/xhtml+xml,application/xml;q=0.9,image/webp,image/apng,*/*;q=0.8,application/signed-exchange;v=b3',
  'user-agent' => 'Mozilla/5.0 (Windows NT 10.0; WOW64) AppleWebKit/537.36 (KHTML, like Gecko) Chrome/74.0.3729.169 Safari/537.36',
  'upgrade-insecure-requests' => '1',
  'connection' => 'keep-alive',
  'host' => 'www.csshayudj.com',
  'content-length' => '',
  'content-type' => '',
)
[ info ] [ PARAM ] array (
)
[ info ] [ SESSION ] INIT array (
  'id' => '',
  'var_session_id' => '',
  'prefix' => 'think',
  'type' => '',
  'auto_start' => true,
)
[ info ] [ RUN ] app\admin\controller\Index->index[ D:\pei\application\admin\controller\Index.php ]
[ info ] [ DB ] INIT mysql
[ info ] [ VIEW ] D:\pei\public/../application/admin\view\index\index.html [ array (
  0 => 'menu_role',
  1 => 'menu_list_one',
  2 => 'menu_list_two',
) ]
[ info ] [ LOG ] INIT File
[ sql ] [ DB ] CONNECT:[ UseTime:0.055182s ] mysql:host=39.98.195.90;dbname=peini;charset=utf8
[ sql ] [ SQL ] SHOW COLUMNS FROM `pn_role` [ RunTime:0.028423s ]
[ sql ] [ SQL ] SELECT `role_permission` FROM `pn_role` WHERE  (  id = 1 ) LIMIT 1 [ RunTime:0.032439s ]
[ sql ] [ SQL ] SHOW COLUMNS FROM `pn_menu` [ RunTime:0.025095s ]
[ sql ] [ SQL ] SELECT * FROM `pn_menu` WHERE  (  level = 1 and statu = 1 ) [ RunTime:0.024101s ]
[ sql ] [ SQL ] SELECT * FROM `pn_menu` WHERE  (  level = 2 and statu = 1 ) [ RunTime:0.024021s ]
---------------------------------------------------------------
[ 2019-07-04T16:56:39+08:00 ] 127.0.0.1 GET /admin/index/welcome
[ info ] www.csshayudj.com/admin/index/welcome [运行时间：0.185794s][吞吐率：5.38req/s] [内存消耗：1,434.32kb] [文件加载：43]
[ info ] [ LANG ] D:\pei\thinkphp\lang\zh-cn.php
[ info ] [ ROUTE ] array (
  'type' => 'module',
  'module' => 
  array (
    0 => 'admin',
    1 => 'index',
    2 => 'welcome',
  ),
)
[ info ] [ HEADER ] array (
  'cookie' => 'pgv_pvi=2896157696; pgv_si=s47170560; PHPSESSID=vqa54qp40fdnihqcq88vev3pf9',
  'accept-language' => 'zh-CN,zh;q=0.9',
  'accept-encoding' => 'gzip, deflate',
  'referer' => 'http://www.csshayudj.com/admin/index/index',
  'accept' => 'text/html,application/xhtml+xml,application/xml;q=0.9,image/webp,image/apng,*/*;q=0.8,application/signed-exchange;v=b3',
  'user-agent' => 'Mozilla/5.0 (Windows NT 10.0; WOW64) AppleWebKit/537.36 (KHTML, like Gecko) Chrome/74.0.3729.169 Safari/537.36',
  'upgrade-insecure-requests' => '1',
  'connection' => 'keep-alive',
  'host' => 'www.csshayudj.com',
  'content-length' => '',
  'content-type' => '',
)
[ info ] [ PARAM ] array (
)
[ info ] [ SESSION ] INIT array (
  'id' => '',
  'var_session_id' => '',
  'prefix' => 'think',
  'type' => '',
  'auto_start' => true,
)
[ info ] [ RUN ] app\admin\controller\Index->welcome[ D:\pei\application\admin\controller\Index.php ]
[ info ] [ VIEW ] D:\pei\public/../application/admin\view\index\welcome.html [ array (
  0 => 'menu_role',
) ]
[ info ] [ LOG ] INIT File
---------------------------------------------------------------
[ 2019-07-04T16:56:40+08:00 ] 127.0.0.1 GET /admin/index/favicon.ico
[ info ] www.csshayudj.com/admin/index/favicon.ico [运行时间：0.102552s][吞吐率：9.75req/s] [内存消耗：1,348.58kb] [文件加载：43]
[ info ] [ LANG ] D:\pei\thinkphp\lang\zh-cn.php
[ info ] [ ROUTE ] array (
  'type' => 'module',
  'module' => 
  array (
    0 => 'admin',
    1 => 'index',
    2 => 'favicon.ico',
  ),
)
[ info ] [ HEADER ] array (
  'cookie' => 'pgv_pvi=2896157696; pgv_si=s47170560; PHPSESSID=vqa54qp40fdnihqcq88vev3pf9',
  'accept-language' => 'zh-CN,zh;q=0.9',
  'accept-encoding' => 'gzip, deflate',
  'referer' => 'http://www.csshayudj.com/admin/index/index',
  'accept' => 'image/webp,image/apng,image/*,*/*;q=0.8',
  'user-agent' => 'Mozilla/5.0 (Windows NT 10.0; WOW64) AppleWebKit/537.36 (KHTML, like Gecko) Chrome/74.0.3729.169 Safari/537.36',
  'connection' => 'keep-alive',
  'host' => 'www.csshayudj.com',
  'content-length' => '',
  'content-type' => '',
)
[ info ] [ PARAM ] array (
)
[ info ] [ SESSION ] INIT array (
  'id' => '',
  'var_session_id' => '',
  'prefix' => 'think',
  'type' => '',
  'auto_start' => true,
)
[ info ] [ LOG ] INIT File
