---------------------------------------------------------------
[ 2019-07-06T10:13:00+08:00 ] 127.0.0.1 POST /api/home/like
[ info ] www.csshayudj.com/api/home/like [运行时间：1.346278s][吞吐率：0.74req/s] [内存消耗：1,272.69kb] [文件加载：38]
[ info ] [ LANG ] D:\pei\thinkphp\lang\zh-cn.php
[ info ] [ ROUTE ] array (
  'type' => 'module',
  'module' => 
  array (
    0 => 'api',
    1 => 'home',
    2 => 'like',
  ),
)
[ info ] [ HEADER ] array (
  'connection' => 'keep-alive',
  'content-length' => '50',
  'accept-encoding' => 'gzip, deflate',
  'host' => 'www.csshayudj.com',
  'postman-token' => '3f2c099a-c0ee-4ce5-8953-f6fd92b8b669',
  'cache-control' => 'no-cache',
  'accept' => '*/*',
  'user-agent' => 'PostmanRuntime/7.15.0',
  'content-type' => 'application/x-www-form-urlencoded',
)
[ info ] [ PARAM ] array (
  'uid' => '1',
  'page' => '1',
  'sign' => '8ef42d5d09ef169e9b9964910c2abe88',
)
[ info ] [ RUN ] app\api\controller\Home->like[ D:\pei\application\api\controller\Home.php ]
[ info ] [ LOG ] INIT File
---------------------------------------------------------------
[ 2019-07-06T12:24:10+08:00 ] 127.0.0.1 GET /admin/index/index
[ info ] www.csshayudj.com/admin/index/index [运行时间：1.117012s][吞吐率：0.90req/s] [内存消耗：1,997.13kb] [文件加载：50]
[ info ] [ LANG ] D:\pei\thinkphp\lang\zh-cn.php
[ info ] [ ROUTE ] array (
  'type' => 'module',
  'module' => 
  array (
    0 => 'admin',
    1 => 'index',
    2 => 'index',
  ),
)
[ info ] [ HEADER ] array (
  'cookie' => 'pgv_pvi=2896157696; pgv_si=s47170560; PHPSESSID=vqa54qp40fdnihqcq88vev3pf9',
  'accept-language' => 'zh-CN,zh;q=0.9',
  'accept-encoding' => 'gzip, deflate',
  'accept' => 'text/html,application/xhtml+xml,application/xml;q=0.9,image/webp,image/apng,*/*;q=0.8,application/signed-exchange;v=b3',
  'user-agent' => 'Mozilla/5.0 (Windows NT 10.0; WOW64) AppleWebKit/537.36 (KHTML, like Gecko) Chrome/74.0.3729.169 Safari/537.36',
  'upgrade-insecure-requests' => '1',
  'cache-control' => 'max-age=0',
  'connection' => 'keep-alive',
  'host' => 'www.csshayudj.com',
  'content-length' => '',
  'content-type' => '',
)
[ info ] [ PARAM ] array (
)
[ info ] [ SESSION ] INIT array (
  'id' => '',
  'var_session_id' => '',
  'prefix' => 'think',
  'type' => '',
  'auto_start' => true,
)
[ info ] [ RUN ] app\admin\controller\Index->index[ D:\pei\application\admin\controller\Index.php ]
[ info ] [ DB ] INIT mysql
[ info ] [ VIEW ] D:\pei\public/../application/admin\view\index\index.html [ array (
  0 => 'menu_role',
  1 => 'menu_list_one',
  2 => 'menu_list_two',
) ]
[ info ] [ LOG ] INIT File
[ sql ] [ DB ] CONNECT:[ UseTime:0.076075s ] mysql:host=39.98.195.90;dbname=peini;charset=utf8
[ sql ] [ SQL ] SHOW COLUMNS FROM `pn_role` [ RunTime:0.029136s ]
[ sql ] [ SQL ] SELECT `role_permission` FROM `pn_role` WHERE  (  id = 1 ) LIMIT 1 [ RunTime:0.027355s ]
[ sql ] [ SQL ] SHOW COLUMNS FROM `pn_menu` [ RunTime:0.025006s ]
[ sql ] [ SQL ] SELECT * FROM `pn_menu` WHERE  (  level = 1 and statu = 1 ) [ RunTime:0.027692s ]
[ sql ] [ SQL ] SELECT * FROM `pn_menu` WHERE  (  level = 2 and statu = 1 ) [ RunTime:0.024826s ]
---------------------------------------------------------------
[ 2019-07-06T12:24:10+08:00 ] 127.0.0.1 GET /admin/index/welcome
[ info ] www.csshayudj.com/admin/index/welcome [运行时间：0.102337s][吞吐率：9.77req/s] [内存消耗：1,319.87kb] [文件加载：41]
[ info ] [ LANG ] D:\pei\thinkphp\lang\zh-cn.php
[ info ] [ ROUTE ] array (
  'type' => 'module',
  'module' => 
  array (
    0 => 'admin',
    1 => 'index',
    2 => 'welcome',
  ),
)
[ info ] [ HEADER ] array (
  'cookie' => 'pgv_pvi=2896157696; pgv_si=s47170560; PHPSESSID=vqa54qp40fdnihqcq88vev3pf9',
  'accept-language' => 'zh-CN,zh;q=0.9',
  'accept-encoding' => 'gzip, deflate',
  'referer' => 'http://www.csshayudj.com/admin/index/index',
  'accept' => 'text/html,application/xhtml+xml,application/xml;q=0.9,image/webp,image/apng,*/*;q=0.8,application/signed-exchange;v=b3',
  'user-agent' => 'Mozilla/5.0 (Windows NT 10.0; WOW64) AppleWebKit/537.36 (KHTML, like Gecko) Chrome/74.0.3729.169 Safari/537.36',
  'upgrade-insecure-requests' => '1',
  'connection' => 'keep-alive',
  'host' => 'www.csshayudj.com',
  'content-length' => '',
  'content-type' => '',
)
[ info ] [ PARAM ] array (
)
[ info ] [ SESSION ] INIT array (
  'id' => '',
  'var_session_id' => '',
  'prefix' => 'think',
  'type' => '',
  'auto_start' => true,
)
[ info ] [ RUN ] app\admin\controller\Index->welcome[ D:\pei\application\admin\controller\Index.php ]
[ info ] [ VIEW ] D:\pei\public/../application/admin\view\index\welcome.html [ array (
  0 => 'menu_role',
) ]
[ info ] [ LOG ] INIT File
---------------------------------------------------------------
[ 2019-07-06T12:24:11+08:00 ] 127.0.0.1 GET /admin/index/favicon.ico
[ info ] www.csshayudj.com/admin/index/favicon.ico [运行时间：0.183992s][吞吐率：5.44req/s] [内存消耗：1,348.58kb] [文件加载：43]
[ info ] [ LANG ] D:\pei\thinkphp\lang\zh-cn.php
[ info ] [ ROUTE ] array (
  'type' => 'module',
  'module' => 
  array (
    0 => 'admin',
    1 => 'index',
    2 => 'favicon.ico',
  ),
)
[ info ] [ HEADER ] array (
  'cookie' => 'pgv_pvi=2896157696; pgv_si=s47170560; PHPSESSID=vqa54qp40fdnihqcq88vev3pf9',
  'accept-language' => 'zh-CN,zh;q=0.9',
  'accept-encoding' => 'gzip, deflate',
  'referer' => 'http://www.csshayudj.com/admin/index/index',
  'accept' => 'image/webp,image/apng,image/*,*/*;q=0.8',
  'user-agent' => 'Mozilla/5.0 (Windows NT 10.0; WOW64) AppleWebKit/537.36 (KHTML, like Gecko) Chrome/74.0.3729.169 Safari/537.36',
  'connection' => 'keep-alive',
  'host' => 'www.csshayudj.com',
  'content-length' => '',
  'content-type' => '',
)
[ info ] [ PARAM ] array (
)
[ info ] [ SESSION ] INIT array (
  'id' => '',
  'var_session_id' => '',
  'prefix' => 'think',
  'type' => '',
  'auto_start' => true,
)
[ info ] [ LOG ] INIT File
---------------------------------------------------------------
[ 2019-07-06T12:24:11+08:00 ] 127.0.0.1 GET /admin/banner/bannerlist
[ info ] www.csshayudj.com/admin/banner/bannerlist [运行时间：0.453592s][吞吐率：2.20req/s] [内存消耗：2,174.55kb] [文件加载：53]
[ info ] [ LANG ] D:\pei\thinkphp\lang\zh-cn.php
[ info ] [ ROUTE ] array (
  'type' => 'module',
  'module' => 
  array (
    0 => 'admin',
    1 => 'banner',
    2 => 'bannerlist',
  ),
)
[ info ] [ HEADER ] array (
  'cookie' => 'pgv_pvi=2896157696; pgv_si=s47170560; PHPSESSID=vqa54qp40fdnihqcq88vev3pf9',
  'accept-language' => 'zh-CN,zh;q=0.9',
  'accept-encoding' => 'gzip, deflate',
  'referer' => 'http://www.csshayudj.com/admin/index/index',
  'accept' => 'text/html,application/xhtml+xml,application/xml;q=0.9,image/webp,image/apng,*/*;q=0.8,application/signed-exchange;v=b3',
  'user-agent' => 'Mozilla/5.0 (Windows NT 10.0; WOW64) AppleWebKit/537.36 (KHTML, like Gecko) Chrome/74.0.3729.169 Safari/537.36',
  'upgrade-insecure-requests' => '1',
  'connection' => 'keep-alive',
  'host' => 'www.csshayudj.com',
  'content-length' => '',
  'content-type' => '',
)
[ info ] [ PARAM ] array (
)
[ info ] [ SESSION ] INIT array (
  'id' => '',
  'var_session_id' => '',
  'prefix' => 'think',
  'type' => '',
  'auto_start' => true,
)
[ info ] [ RUN ] app\admin\controller\Banner->Bannerlist[ D:\pei\application\admin\controller\Banner.php ]
[ info ] [ DB ] INIT mysql
[ info ] [ VIEW ] D:\pei\public/../application/admin\view\banner\bannerlist.html [ array (
  0 => 'menu_role',
  1 => 'list',
) ]
[ info ] [ LOG ] INIT File
[ sql ] [ DB ] CONNECT:[ UseTime:0.039699s ] mysql:host=39.98.195.90;dbname=peini;charset=utf8
[ sql ] [ SQL ] SHOW COLUMNS FROM `pn_banner` [ RunTime:0.026874s ]
[ sql ] [ SQL ] SELECT COUNT(*) AS tp_count FROM `pn_banner` WHERE  `status` <> '-1' LIMIT 1 [ RunTime:0.029234s ]
[ sql ] [ SQL ] SELECT * FROM `pn_banner` WHERE  `status` <> '-1' LIMIT 0,30 [ RunTime:0.025866s ]
---------------------------------------------------------------
[ 2019-07-06T12:24:11+08:00 ] 127.0.0.1 GET /admin/gift/index
[ info ] www.csshayudj.com/admin/gift/index [运行时间：0.309530s][吞吐率：3.23req/s] [内存消耗：2,121.72kb] [文件加载：52]
[ info ] [ LANG ] D:\pei\thinkphp\lang\zh-cn.php
[ info ] [ ROUTE ] array (
  'type' => 'module',
  'module' => 
  array (
    0 => 'admin',
    1 => 'gift',
    2 => 'index',
  ),
)
[ info ] [ HEADER ] array (
  'cookie' => 'pgv_pvi=2896157696; pgv_si=s47170560; PHPSESSID=vqa54qp40fdnihqcq88vev3pf9',
  'accept-language' => 'zh-CN,zh;q=0.9',
  'accept-encoding' => 'gzip, deflate',
  'referer' => 'http://www.csshayudj.com/admin/index/index',
  'accept' => 'text/html,application/xhtml+xml,application/xml;q=0.9,image/webp,image/apng,*/*;q=0.8,application/signed-exchange;v=b3',
  'user-agent' => 'Mozilla/5.0 (Windows NT 10.0; WOW64) AppleWebKit/537.36 (KHTML, like Gecko) Chrome/74.0.3729.169 Safari/537.36',
  'upgrade-insecure-requests' => '1',
  'connection' => 'keep-alive',
  'host' => 'www.csshayudj.com',
  'content-length' => '',
  'content-type' => '',
)
[ info ] [ PARAM ] array (
)
[ info ] [ RUN ] app\admin\controller\Gift->index[ D:\pei\application\admin\controller\Gift.php ]
[ info ] [ DB ] INIT mysql
[ info ] [ VIEW ] D:\pei\public/../application/admin\view\gift\index.html [ array (
  0 => 'data',
  1 => 'total',
  2 => 'list',
) ]
[ info ] [ LOG ] INIT File
[ sql ] [ DB ] CONNECT:[ UseTime:0.039088s ] mysql:host=39.98.195.90;dbname=peini;charset=utf8
[ sql ] [ SQL ] SHOW COLUMNS FROM `pn_gift` [ RunTime:0.026258s ]
[ sql ] [ SQL ] SELECT COUNT(*) AS tp_count FROM `pn_gift` LIMIT 1 [ RunTime:0.037837s ]
[ sql ] [ SQL ] SELECT * FROM `pn_gift` LIMIT 0,30 [ RunTime:0.024010s ]
---------------------------------------------------------------
[ 2019-07-06T12:24:12+08:00 ] 127.0.0.1 GET /admin/cate/work
[ info ] www.csshayudj.com/admin/cate/work [运行时间：0.426260s][吞吐率：2.35req/s] [内存消耗：2,169.41kb] [文件加载：53]
[ info ] [ LANG ] D:\pei\thinkphp\lang\zh-cn.php
[ info ] [ ROUTE ] array (
  'type' => 'module',
  'module' => 
  array (
    0 => 'admin',
    1 => 'cate',
    2 => 'work',
  ),
)
[ info ] [ HEADER ] array (
  'cookie' => 'pgv_pvi=2896157696; pgv_si=s47170560; PHPSESSID=vqa54qp40fdnihqcq88vev3pf9',
  'accept-language' => 'zh-CN,zh;q=0.9',
  'accept-encoding' => 'gzip, deflate',
  'referer' => 'http://www.csshayudj.com/admin/index/index',
  'accept' => 'text/html,application/xhtml+xml,application/xml;q=0.9,image/webp,image/apng,*/*;q=0.8,application/signed-exchange;v=b3',
  'user-agent' => 'Mozilla/5.0 (Windows NT 10.0; WOW64) AppleWebKit/537.36 (KHTML, like Gecko) Chrome/74.0.3729.169 Safari/537.36',
  'upgrade-insecure-requests' => '1',
  'connection' => 'keep-alive',
  'host' => 'www.csshayudj.com',
  'content-length' => '',
  'content-type' => '',
)
[ info ] [ PARAM ] array (
)
[ info ] [ SESSION ] INIT array (
  'id' => '',
  'var_session_id' => '',
  'prefix' => 'think',
  'type' => '',
  'auto_start' => true,
)
[ info ] [ RUN ] app\admin\controller\Cate->work[ D:\pei\application\admin\controller\Cate.php ]
[ info ] [ DB ] INIT mysql
[ info ] [ VIEW ] D:\pei\public/../application/admin\view\cate\work.html [ array (
  0 => 'menu_role',
  1 => 'data',
  2 => 'total',
  3 => 'list',
) ]
[ info ] [ LOG ] INIT File
[ sql ] [ DB ] CONNECT:[ UseTime:0.042794s ] mysql:host=39.98.195.90;dbname=peini;charset=utf8
[ sql ] [ SQL ] SHOW COLUMNS FROM `pn_work` [ RunTime:0.030091s ]
[ sql ] [ SQL ] SELECT COUNT(*) AS tp_count FROM `pn_work` LIMIT 1 [ RunTime:0.030653s ]
[ sql ] [ SQL ] SELECT * FROM `pn_work` ORDER BY `status` DESC,`addtime` DESC LIMIT 0,30 [ RunTime:0.027021s ]
---------------------------------------------------------------
[ 2019-07-06T12:24:12+08:00 ] 127.0.0.1 GET /admin/cate/game
[ info ] www.csshayudj.com/admin/cate/game [运行时间：0.218203s][吞吐率：4.58req/s] [内存消耗：2,172.48kb] [文件加载：53]
[ info ] [ LANG ] D:\pei\thinkphp\lang\zh-cn.php
[ info ] [ ROUTE ] array (
  'type' => 'module',
  'module' => 
  array (
    0 => 'admin',
    1 => 'cate',
    2 => 'game',
  ),
)
[ info ] [ HEADER ] array (
  'cookie' => 'pgv_pvi=2896157696; pgv_si=s47170560; PHPSESSID=vqa54qp40fdnihqcq88vev3pf9',
  'accept-language' => 'zh-CN,zh;q=0.9',
  'accept-encoding' => 'gzip, deflate',
  'referer' => 'http://www.csshayudj.com/admin/index/index',
  'accept' => 'text/html,application/xhtml+xml,application/xml;q=0.9,image/webp,image/apng,*/*;q=0.8,application/signed-exchange;v=b3',
  'user-agent' => 'Mozilla/5.0 (Windows NT 10.0; WOW64) AppleWebKit/537.36 (KHTML, like Gecko) Chrome/74.0.3729.169 Safari/537.36',
  'upgrade-insecure-requests' => '1',
  'connection' => 'keep-alive',
  'host' => 'www.csshayudj.com',
  'content-length' => '',
  'content-type' => '',
)
[ info ] [ PARAM ] array (
)
[ info ] [ SESSION ] INIT array (
  'id' => '',
  'var_session_id' => '',
  'prefix' => 'think',
  'type' => '',
  'auto_start' => true,
)
[ info ] [ RUN ] app\admin\controller\Cate->game[ D:\pei\application\admin\controller\Cate.php ]
[ info ] [ DB ] INIT mysql
[ info ] [ VIEW ] D:\pei\public/../application/admin\view\cate\game.html [ array (
  0 => 'menu_role',
  1 => 'data',
  2 => 'total',
  3 => 'list',
) ]
[ info ] [ LOG ] INIT File
[ sql ] [ DB ] CONNECT:[ UseTime:0.045968s ] mysql:host=39.98.195.90;dbname=peini;charset=utf8
[ sql ] [ SQL ] SHOW COLUMNS FROM `pn_game` [ RunTime:0.031195s ]
[ sql ] [ SQL ] SELECT COUNT(*) AS tp_count FROM pn_game g INNER JOIN `pn_game_type` `t` ON `g`.`tid`=`t`.`tid` LIMIT 1 [ RunTime:0.028436s ]
[ sql ] [ SQL ] SELECT `g`.*,t.name as tname FROM pn_game g INNER JOIN `pn_game_type` `t` ON `g`.`tid`=`t`.`tid` ORDER BY `status` DESC,`addtime` DESC LIMIT 0,30 [ RunTime:0.025784s ]
---------------------------------------------------------------
[ 2019-07-06T12:24:12+08:00 ] 127.0.0.1 GET /admin/gift/111
[ info ] www.csshayudj.com/admin/gift/111 [运行时间：0.029556s][吞吐率：33.83req/s] [内存消耗：1,348.40kb] [文件加载：42]
[ info ] [ LANG ] D:\pei\thinkphp\lang\zh-cn.php
[ info ] [ ROUTE ] array (
  'type' => 'module',
  'module' => 
  array (
    0 => 'admin',
    1 => 'gift',
    2 => '111',
  ),
)
[ info ] [ HEADER ] array (
  'cookie' => 'pgv_pvi=2896157696; pgv_si=s47170560; PHPSESSID=vqa54qp40fdnihqcq88vev3pf9',
  'accept-language' => 'zh-CN,zh;q=0.9',
  'accept-encoding' => 'gzip, deflate',
  'referer' => 'http://www.csshayudj.com/admin/gift/index',
  'accept' => 'image/webp,image/apng,image/*,*/*;q=0.8',
  'user-agent' => 'Mozilla/5.0 (Windows NT 10.0; WOW64) AppleWebKit/537.36 (KHTML, like Gecko) Chrome/74.0.3729.169 Safari/537.36',
  'connection' => 'keep-alive',
  'host' => 'www.csshayudj.com',
  'content-length' => '',
  'content-type' => '',
)
[ info ] [ PARAM ] array (
)
[ info ] [ LOG ] INIT File
---------------------------------------------------------------
[ 2019-07-06T12:24:20+08:00 ] 127.0.0.1 POST /admin/gift/update
[ info ] www.csshayudj.com/admin/gift/update [运行时间：0.183769s][吞吐率：5.44req/s] [内存消耗：1,951.49kb] [文件加载：49]
[ info ] [ LANG ] D:\pei\thinkphp\lang\zh-cn.php
[ info ] [ ROUTE ] array (
  'type' => 'module',
  'module' => 
  array (
    0 => 'admin',
    1 => 'gift',
    2 => 'update',
  ),
)
[ info ] [ HEADER ] array (
  'cookie' => 'pgv_pvi=2896157696; pgv_si=s47170560; PHPSESSID=vqa54qp40fdnihqcq88vev3pf9',
  'accept-language' => 'zh-CN,zh;q=0.9',
  'accept-encoding' => 'gzip, deflate',
  'referer' => 'http://www.csshayudj.com/admin/gift/index',
  'content-type' => 'application/x-www-form-urlencoded; charset=UTF-8',
  'user-agent' => 'Mozilla/5.0 (Windows NT 10.0; WOW64) AppleWebKit/537.36 (KHTML, like Gecko) Chrome/74.0.3729.169 Safari/537.36',
  'x-requested-with' => 'XMLHttpRequest',
  'origin' => 'http://www.csshayudj.com',
  'accept' => 'application/json, text/javascript, */*; q=0.01',
  'content-length' => '15',
  'connection' => 'keep-alive',
  'host' => 'www.csshayudj.com',
)
[ info ] [ PARAM ] array (
  'gid' => '1',
  'status' => '-1',
)
[ info ] [ RUN ] app\admin\controller\Gift->update[ D:\pei\application\admin\controller\Gift.php ]
[ info ] [ DB ] INIT mysql
[ info ] [ CACHE ] INIT File
[ info ] [ LOG ] INIT File
[ sql ] [ DB ] CONNECT:[ UseTime:0.042903s ] mysql:host=39.98.195.90;dbname=peini;charset=utf8
[ sql ] [ SQL ] SHOW COLUMNS FROM `pn_gift` [ RunTime:0.025455s ]
[ sql ] [ SQL ] UPDATE `pn_gift`  SET `gid`=1,`status`=-1  WHERE  `gid` = 1 [ RunTime:0.025737s ]
---------------------------------------------------------------
[ 2019-07-06T17:13:20+08:00 ] 127.0.0.1 GET /admin/cate/interest
[ info ] www.csshayudj.com/admin/cate/interest [运行时间：1.171343s][吞吐率：0.85req/s] [内存消耗：2,295.13kb] [文件加载：55]
[ info ] [ LANG ] D:\pei\thinkphp\lang\zh-cn.php
[ info ] [ ROUTE ] array (
  'type' => 'module',
  'module' => 
  array (
    0 => 'admin',
    1 => 'cate',
    2 => 'interest',
  ),
)
[ info ] [ HEADER ] array (
  'cookie' => 'pgv_pvi=2896157696; pgv_si=s47170560; PHPSESSID=vqa54qp40fdnihqcq88vev3pf9',
  'accept-language' => 'zh-CN,zh;q=0.9',
  'accept-encoding' => 'gzip, deflate',
  'referer' => 'http://www.csshayudj.com/admin/index/index',
  'accept' => 'text/html,application/xhtml+xml,application/xml;q=0.9,image/webp,image/apng,*/*;q=0.8,application/signed-exchange;v=b3',
  'user-agent' => 'Mozilla/5.0 (Windows NT 10.0; WOW64) AppleWebKit/537.36 (KHTML, like Gecko) Chrome/74.0.3729.169 Safari/537.36',
  'upgrade-insecure-requests' => '1',
  'connection' => 'keep-alive',
  'host' => 'www.csshayudj.com',
  'content-length' => '',
  'content-type' => '',
)
[ info ] [ PARAM ] array (
)
[ info ] [ SESSION ] INIT array (
  'id' => '',
  'var_session_id' => '',
  'prefix' => 'think',
  'type' => '',
  'auto_start' => true,
)
[ info ] [ RUN ] app\admin\controller\Cate->interest[ D:\pei\application\admin\controller\Cate.php ]
[ info ] [ DB ] INIT mysql
[ info ] [ VIEW ] D:\pei\public/../application/admin\view\cate\interest.html [ array (
  0 => 'menu_role',
  1 => 'data',
  2 => 'total',
  3 => 'list',
) ]
[ info ] [ LOG ] INIT File
[ sql ] [ DB ] CONNECT:[ UseTime:0.038517s ] mysql:host=39.98.195.90;dbname=peini;charset=utf8
[ sql ] [ SQL ] SHOW COLUMNS FROM `pn_interest` [ RunTime:0.043659s ]
[ sql ] [ SQL ] SELECT COUNT(*) AS tp_count FROM `pn_interest` LIMIT 1 [ RunTime:0.026032s ]
[ sql ] [ SQL ] SELECT * FROM `pn_interest` ORDER BY `status` DESC,`addtime` DESC LIMIT 0,30 [ RunTime:0.023983s ]
---------------------------------------------------------------
[ 2019-07-06T17:13:22+08:00 ] 127.0.0.1 GET /admin/cate/addinterest
[ info ] www.csshayudj.com/admin/cate/addinterest [运行时间：0.086426s][吞吐率：11.57req/s] [内存消耗：1,527.72kb] [文件加载：44]
[ info ] [ LANG ] D:\pei\thinkphp\lang\zh-cn.php
[ info ] [ ROUTE ] array (
  'type' => 'module',
  'module' => 
  array (
    0 => 'admin',
    1 => 'cate',
    2 => 'addinterest',
  ),
)
[ info ] [ HEADER ] array (
  'cookie' => 'pgv_pvi=2896157696; pgv_si=s47170560; PHPSESSID=vqa54qp40fdnihqcq88vev3pf9',
  'accept-language' => 'zh-CN,zh;q=0.9',
  'accept-encoding' => 'gzip, deflate',
  'referer' => 'http://www.csshayudj.com/admin/cate/interest',
  'accept' => 'text/html,application/xhtml+xml,application/xml;q=0.9,image/webp,image/apng,*/*;q=0.8,application/signed-exchange;v=b3',
  'user-agent' => 'Mozilla/5.0 (Windows NT 10.0; WOW64) AppleWebKit/537.36 (KHTML, like Gecko) Chrome/74.0.3729.169 Safari/537.36',
  'upgrade-insecure-requests' => '1',
  'connection' => 'keep-alive',
  'host' => 'www.csshayudj.com',
  'content-length' => '',
  'content-type' => '',
)
[ info ] [ PARAM ] array (
)
[ info ] [ SESSION ] INIT array (
  'id' => '',
  'var_session_id' => '',
  'prefix' => 'think',
  'type' => '',
  'auto_start' => true,
)
[ info ] [ RUN ] app\admin\controller\Cate->addInterest[ D:\pei\application\admin\controller\Cate.php ]
[ info ] [ VIEW ] D:\pei\public/../application/admin\view\cate\add_interest.html [ array (
  0 => 'menu_role',
) ]
[ info ] [ LOG ] INIT File
---------------------------------------------------------------
[ 2019-07-06T17:13:25+08:00 ] 127.0.0.1 POST /admin/cate/addinterest
[ info ] www.csshayudj.com/admin/cate/addinterest [运行时间：0.127478s][吞吐率：7.84req/s] [内存消耗：1,944.94kb] [文件加载：47]
[ info ] [ LANG ] D:\pei\thinkphp\lang\zh-cn.php
[ info ] [ ROUTE ] array (
  'type' => 'module',
  'module' => 
  array (
    0 => 'admin',
    1 => 'cate',
    2 => 'addinterest',
  ),
)
[ info ] [ HEADER ] array (
  'cookie' => 'pgv_pvi=2896157696; pgv_si=s47170560; PHPSESSID=vqa54qp40fdnihqcq88vev3pf9',
  'accept-language' => 'zh-CN,zh;q=0.9',
  'accept-encoding' => 'gzip, deflate',
  'referer' => 'http://www.csshayudj.com/admin/cate/addinterest',
  'content-type' => 'application/x-www-form-urlencoded; charset=UTF-8',
  'user-agent' => 'Mozilla/5.0 (Windows NT 10.0; WOW64) AppleWebKit/537.36 (KHTML, like Gecko) Chrome/74.0.3729.169 Safari/537.36',
  'x-requested-with' => 'XMLHttpRequest',
  'origin' => 'http://www.csshayudj.com',
  'accept' => 'application/json, text/javascript, */*; q=0.01',
  'content-length' => '8',
  'connection' => 'keep-alive',
  'host' => 'www.csshayudj.com',
)
[ info ] [ PARAM ] array (
  'name' => '123',
)
[ info ] [ SESSION ] INIT array (
  'id' => '',
  'var_session_id' => '',
  'prefix' => 'think',
  'type' => '',
  'auto_start' => true,
)
[ info ] [ RUN ] app\admin\controller\Cate->addInterest[ D:\pei\application\admin\controller\Cate.php ]
[ info ] [ DB ] INIT mysql
[ info ] [ LOG ] INIT File
[ sql ] [ DB ] CONNECT:[ UseTime:0.039628s ] mysql:host=39.98.195.90;dbname=peini;charset=utf8
[ sql ] [ SQL ] SHOW COLUMNS FROM `pn_interest` [ RunTime:0.026151s ]
[ sql ] [ SQL ] INSERT INTO `pn_interest` (`name` , `addtime` , `status`) VALUES ('123' , 1562404405 , 1) [ RunTime:0.031924s ]
---------------------------------------------------------------
[ 2019-07-06T17:13:26+08:00 ] 127.0.0.1 GET /admin/cate/interest
[ info ] www.csshayudj.com/admin/cate/interest [运行时间：0.175837s][吞吐率：5.69req/s] [内存消耗：2,170.23kb] [文件加载：53]
[ info ] [ LANG ] D:\pei\thinkphp\lang\zh-cn.php
[ info ] [ ROUTE ] array (
  'type' => 'module',
  'module' => 
  array (
    0 => 'admin',
    1 => 'cate',
    2 => 'interest',
  ),
)
[ info ] [ HEADER ] array (
  'cookie' => 'pgv_pvi=2896157696; pgv_si=s47170560; PHPSESSID=vqa54qp40fdnihqcq88vev3pf9',
  'accept-language' => 'zh-CN,zh;q=0.9',
  'accept-encoding' => 'gzip, deflate',
  'referer' => 'http://www.csshayudj.com/admin/cate/addinterest',
  'accept' => 'text/html,application/xhtml+xml,application/xml;q=0.9,image/webp,image/apng,*/*;q=0.8,application/signed-exchange;v=b3',
  'user-agent' => 'Mozilla/5.0 (Windows NT 10.0; WOW64) AppleWebKit/537.36 (KHTML, like Gecko) Chrome/74.0.3729.169 Safari/537.36',
  'upgrade-insecure-requests' => '1',
  'connection' => 'keep-alive',
  'host' => 'www.csshayudj.com',
  'content-length' => '',
  'content-type' => '',
)
[ info ] [ PARAM ] array (
)
[ info ] [ SESSION ] INIT array (
  'id' => '',
  'var_session_id' => '',
  'prefix' => 'think',
  'type' => '',
  'auto_start' => true,
)
[ info ] [ RUN ] app\admin\controller\Cate->interest[ D:\pei\application\admin\controller\Cate.php ]
[ info ] [ DB ] INIT mysql
[ info ] [ VIEW ] D:\pei\public/../application/admin\view\cate\interest.html [ array (
  0 => 'menu_role',
  1 => 'data',
  2 => 'total',
  3 => 'list',
) ]
[ info ] [ LOG ] INIT File
[ sql ] [ DB ] CONNECT:[ UseTime:0.048842s ] mysql:host=39.98.195.90;dbname=peini;charset=utf8
[ sql ] [ SQL ] SHOW COLUMNS FROM `pn_interest` [ RunTime:0.026457s ]
[ sql ] [ SQL ] SELECT COUNT(*) AS tp_count FROM `pn_interest` LIMIT 1 [ RunTime:0.025864s ]
[ sql ] [ SQL ] SELECT * FROM `pn_interest` ORDER BY `status` DESC,`addtime` DESC LIMIT 0,30 [ RunTime:0.025150s ]
---------------------------------------------------------------
[ 2019-07-06T17:13:32+08:00 ] 127.0.0.1 GET /admin/cate/gameprice
[ info ] www.csshayudj.com/admin/cate/gameprice [运行时间：0.123120s][吞吐率：8.12req/s] [内存消耗：1,398.37kb] [文件加载：43]
[ info ] [ LANG ] D:\pei\thinkphp\lang\zh-cn.php
[ info ] [ ROUTE ] array (
  'type' => 'module',
  'module' => 
  array (
    0 => 'admin',
    1 => 'cate',
    2 => 'gameprice',
  ),
)
[ info ] [ HEADER ] array (
  'cookie' => 'pgv_pvi=2896157696; pgv_si=s47170560; PHPSESSID=vqa54qp40fdnihqcq88vev3pf9',
  'accept-language' => 'zh-CN,zh;q=0.9',
  'accept-encoding' => 'gzip, deflate',
  'referer' => 'http://www.csshayudj.com/admin/index/index',
  'accept' => 'text/html,application/xhtml+xml,application/xml;q=0.9,image/webp,image/apng,*/*;q=0.8,application/signed-exchange;v=b3',
  'user-agent' => 'Mozilla/5.0 (Windows NT 10.0; WOW64) AppleWebKit/537.36 (KHTML, like Gecko) Chrome/74.0.3729.169 Safari/537.36',
  'upgrade-insecure-requests' => '1',
  'connection' => 'keep-alive',
  'host' => 'www.csshayudj.com',
  'content-length' => '',
  'content-type' => '',
)
[ info ] [ PARAM ] array (
)
[ info ] [ SESSION ] INIT array (
  'id' => '',
  'var_session_id' => '',
  'prefix' => 'think',
  'type' => '',
  'auto_start' => true,
)
[ info ] [ LOG ] INIT File
---------------------------------------------------------------
[ 2019-07-06T17:13:38+08:00 ] 127.0.0.1 GET /admin/tag/index
[ info ] www.csshayudj.com/admin/tag/index [运行时间：0.278013s][吞吐率：3.60req/s] [内存消耗：2,256.79kb] [文件加载：55]
[ info ] [ LANG ] D:\pei\thinkphp\lang\zh-cn.php
[ info ] [ ROUTE ] array (
  'type' => 'module',
  'module' => 
  array (
    0 => 'admin',
    1 => 'tag',
    2 => 'index',
  ),
)
[ info ] [ HEADER ] array (
  'cookie' => 'pgv_pvi=2896157696; pgv_si=s47170560; PHPSESSID=vqa54qp40fdnihqcq88vev3pf9',
  'accept-language' => 'zh-CN,zh;q=0.9',
  'accept-encoding' => 'gzip, deflate',
  'referer' => 'http://www.csshayudj.com/admin/index/index',
  'accept' => 'text/html,application/xhtml+xml,application/xml;q=0.9,image/webp,image/apng,*/*;q=0.8,application/signed-exchange;v=b3',
  'user-agent' => 'Mozilla/5.0 (Windows NT 10.0; WOW64) AppleWebKit/537.36 (KHTML, like Gecko) Chrome/74.0.3729.169 Safari/537.36',
  'upgrade-insecure-requests' => '1',
  'connection' => 'keep-alive',
  'host' => 'www.csshayudj.com',
  'content-length' => '',
  'content-type' => '',
)
[ info ] [ PARAM ] array (
)
[ info ] [ SESSION ] INIT array (
  'id' => '',
  'var_session_id' => '',
  'prefix' => 'think',
  'type' => '',
  'auto_start' => true,
)
[ info ] [ RUN ] app\admin\controller\Tag->index[ D:\pei\application\admin\controller\Tag.php ]
[ info ] [ DB ] INIT mysql
[ info ] [ VIEW ] D:\pei\public/../application/admin\view\tag\index.html [ array (
  0 => 'menu_role',
  1 => 'data',
  2 => 'total',
  3 => 'list',
) ]
[ info ] [ LOG ] INIT File
[ sql ] [ DB ] CONNECT:[ UseTime:0.038726s ] mysql:host=39.98.195.90;dbname=peini;charset=utf8
[ sql ] [ SQL ] SHOW COLUMNS FROM `pn_label` [ RunTime:0.034677s ]
[ sql ] [ SQL ] SELECT COUNT(*) AS tp_count FROM `pn_label` WHERE  `status` <> -1 LIMIT 1 [ RunTime:0.024412s ]
[ sql ] [ SQL ] SELECT * FROM `pn_label` WHERE  `status` <> -1 LIMIT 0,30 [ RunTime:0.025553s ]
---------------------------------------------------------------
[ 2019-07-06T17:13:40+08:00 ] 127.0.0.1 GET /admin/tag/update/lid/1
[ info ] www.csshayudj.com/admin/tag/update/lid/1 [运行时间：0.166881s][吞吐率：5.99req/s] [内存消耗：2,118.20kb] [文件加载：51]
[ info ] [ LANG ] D:\pei\thinkphp\lang\zh-cn.php
[ info ] [ ROUTE ] array (
  'type' => 'module',
  'module' => 
  array (
    0 => 'admin',
    1 => 'tag',
    2 => 'update',
  ),
)
[ info ] [ HEADER ] array (
  'cookie' => 'pgv_pvi=2896157696; pgv_si=s47170560; PHPSESSID=vqa54qp40fdnihqcq88vev3pf9',
  'accept-language' => 'zh-CN,zh;q=0.9',
  'accept-encoding' => 'gzip, deflate',
  'referer' => 'http://www.csshayudj.com/admin/tag/index',
  'accept' => 'text/html,application/xhtml+xml,application/xml;q=0.9,image/webp,image/apng,*/*;q=0.8,application/signed-exchange;v=b3',
  'user-agent' => 'Mozilla/5.0 (Windows NT 10.0; WOW64) AppleWebKit/537.36 (KHTML, like Gecko) Chrome/74.0.3729.169 Safari/537.36',
  'upgrade-insecure-requests' => '1',
  'connection' => 'keep-alive',
  'host' => 'www.csshayudj.com',
  'content-length' => '',
  'content-type' => '',
)
[ info ] [ PARAM ] array (
  'lid' => '1',
)
[ info ] [ SESSION ] INIT array (
  'id' => '',
  'var_session_id' => '',
  'prefix' => 'think',
  'type' => '',
  'auto_start' => true,
)
[ info ] [ RUN ] app\admin\controller\Tag->update[ D:\pei\application\admin\controller\Tag.php ]
[ info ] [ DB ] INIT mysql
[ info ] [ VIEW ] D:\pei\public/../application/admin\view\tag\update.html [ array (
  0 => 'menu_role',
  1 => 'list',
) ]
[ info ] [ LOG ] INIT File
[ sql ] [ DB ] CONNECT:[ UseTime:0.040147s ] mysql:host=39.98.195.90;dbname=peini;charset=utf8
[ sql ] [ SQL ] SHOW COLUMNS FROM `pn_label` [ RunTime:0.031283s ]
[ sql ] [ SQL ] SELECT * FROM `pn_label` WHERE  (  lid=1 ) LIMIT 1 [ RunTime:0.026120s ]
---------------------------------------------------------------
[ 2019-07-06T17:13:44+08:00 ] 127.0.0.1 GET /admin/tag/index
[ info ] www.csshayudj.com/admin/tag/index [运行时间：0.157865s][吞吐率：6.33req/s] [内存消耗：2,131.25kb] [文件加载：53]
[ info ] [ LANG ] D:\pei\thinkphp\lang\zh-cn.php
[ info ] [ ROUTE ] array (
  'type' => 'module',
  'module' => 
  array (
    0 => 'admin',
    1 => 'tag',
    2 => 'index',
  ),
)
[ info ] [ HEADER ] array (
  'cookie' => 'pgv_pvi=2896157696; pgv_si=s47170560; PHPSESSID=vqa54qp40fdnihqcq88vev3pf9',
  'accept-language' => 'zh-CN,zh;q=0.9',
  'accept-encoding' => 'gzip, deflate',
  'referer' => 'http://www.csshayudj.com/admin/index/index',
  'accept' => 'text/html,application/xhtml+xml,application/xml;q=0.9,image/webp,image/apng,*/*;q=0.8,application/signed-exchange;v=b3',
  'user-agent' => 'Mozilla/5.0 (Windows NT 10.0; WOW64) AppleWebKit/537.36 (KHTML, like Gecko) Chrome/74.0.3729.169 Safari/537.36',
  'upgrade-insecure-requests' => '1',
  'connection' => 'keep-alive',
  'host' => 'www.csshayudj.com',
  'content-length' => '',
  'content-type' => '',
)
[ info ] [ PARAM ] array (
)
[ info ] [ SESSION ] INIT array (
  'id' => '',
  'var_session_id' => '',
  'prefix' => 'think',
  'type' => '',
  'auto_start' => true,
)
[ info ] [ RUN ] app\admin\controller\Tag->index[ D:\pei\application\admin\controller\Tag.php ]
[ info ] [ DB ] INIT mysql
[ info ] [ VIEW ] D:\pei\public/../application/admin\view\tag\index.html [ array (
  0 => 'menu_role',
  1 => 'data',
  2 => 'total',
  3 => 'list',
) ]
[ info ] [ LOG ] INIT File
[ sql ] [ DB ] CONNECT:[ UseTime:0.042453s ] mysql:host=39.98.195.90;dbname=peini;charset=utf8
[ sql ] [ SQL ] SHOW COLUMNS FROM `pn_label` [ RunTime:0.026784s ]
[ sql ] [ SQL ] SELECT COUNT(*) AS tp_count FROM `pn_label` WHERE  `status` <> -1 LIMIT 1 [ RunTime:0.027796s ]
[ sql ] [ SQL ] SELECT * FROM `pn_label` WHERE  `status` <> -1 LIMIT 0,30 [ RunTime:0.025043s ]
---------------------------------------------------------------
[ 2019-07-06T17:13:47+08:00 ] 127.0.0.1 GET /admin/index/index
[ info ] www.csshayudj.com/admin/index/index [运行时间：0.268307s][吞吐率：3.73req/s] [内存消耗：1,997.13kb] [文件加载：50]
[ info ] [ LANG ] D:\pei\thinkphp\lang\zh-cn.php
[ info ] [ ROUTE ] array (
  'type' => 'module',
  'module' => 
  array (
    0 => 'admin',
    1 => 'index',
    2 => 'index',
  ),
)
[ info ] [ HEADER ] array (
  'cookie' => 'pgv_pvi=2896157696; pgv_si=s47170560; PHPSESSID=vqa54qp40fdnihqcq88vev3pf9',
  'accept-language' => 'zh-CN,zh;q=0.9',
  'accept-encoding' => 'gzip, deflate',
  'accept' => 'text/html,application/xhtml+xml,application/xml;q=0.9,image/webp,image/apng,*/*;q=0.8,application/signed-exchange;v=b3',
  'user-agent' => 'Mozilla/5.0 (Windows NT 10.0; WOW64) AppleWebKit/537.36 (KHTML, like Gecko) Chrome/74.0.3729.169 Safari/537.36',
  'upgrade-insecure-requests' => '1',
  'cache-control' => 'max-age=0',
  'connection' => 'keep-alive',
  'host' => 'www.csshayudj.com',
  'content-length' => '',
  'content-type' => '',
)
[ info ] [ PARAM ] array (
)
[ info ] [ SESSION ] INIT array (
  'id' => '',
  'var_session_id' => '',
  'prefix' => 'think',
  'type' => '',
  'auto_start' => true,
)
[ info ] [ RUN ] app\admin\controller\Index->index[ D:\pei\application\admin\controller\Index.php ]
[ info ] [ DB ] INIT mysql
[ info ] [ VIEW ] D:\pei\public/../application/admin\view\index\index.html [ array (
  0 => 'menu_role',
  1 => 'menu_list_one',
  2 => 'menu_list_two',
) ]
[ info ] [ LOG ] INIT File
[ sql ] [ DB ] CONNECT:[ UseTime:0.046370s ] mysql:host=39.98.195.90;dbname=peini;charset=utf8
[ sql ] [ SQL ] SHOW COLUMNS FROM `pn_role` [ RunTime:0.026372s ]
[ sql ] [ SQL ] SELECT `role_permission` FROM `pn_role` WHERE  (  id = 1 ) LIMIT 1 [ RunTime:0.024596s ]
[ sql ] [ SQL ] SHOW COLUMNS FROM `pn_menu` [ RunTime:0.026761s ]
[ sql ] [ SQL ] SELECT * FROM `pn_menu` WHERE  (  level = 1 and statu = 1 ) [ RunTime:0.023219s ]
[ sql ] [ SQL ] SELECT * FROM `pn_menu` WHERE  (  level = 2 and statu = 1 ) [ RunTime:0.024564s ]
---------------------------------------------------------------
[ 2019-07-06T17:13:47+08:00 ] 127.0.0.1 GET /admin/index/welcome
[ info ] www.csshayudj.com/admin/index/welcome [运行时间：0.083916s][吞吐率：11.92req/s] [内存消耗：1,319.87kb] [文件加载：41]
[ info ] [ LANG ] D:\pei\thinkphp\lang\zh-cn.php
[ info ] [ ROUTE ] array (
  'type' => 'module',
  'module' => 
  array (
    0 => 'admin',
    1 => 'index',
    2 => 'welcome',
  ),
)
[ info ] [ HEADER ] array (
  'cookie' => 'pgv_pvi=2896157696; pgv_si=s47170560; PHPSESSID=vqa54qp40fdnihqcq88vev3pf9',
  'accept-language' => 'zh-CN,zh;q=0.9',
  'accept-encoding' => 'gzip, deflate',
  'referer' => 'http://www.csshayudj.com/admin/index/index',
  'accept' => 'text/html,application/xhtml+xml,application/xml;q=0.9,image/webp,image/apng,*/*;q=0.8,application/signed-exchange;v=b3',
  'user-agent' => 'Mozilla/5.0 (Windows NT 10.0; WOW64) AppleWebKit/537.36 (KHTML, like Gecko) Chrome/74.0.3729.169 Safari/537.36',
  'upgrade-insecure-requests' => '1',
  'connection' => 'keep-alive',
  'host' => 'www.csshayudj.com',
  'content-length' => '',
  'content-type' => '',
)
[ info ] [ PARAM ] array (
)
[ info ] [ SESSION ] INIT array (
  'id' => '',
  'var_session_id' => '',
  'prefix' => 'think',
  'type' => '',
  'auto_start' => true,
)
[ info ] [ RUN ] app\admin\controller\Index->welcome[ D:\pei\application\admin\controller\Index.php ]
[ info ] [ VIEW ] D:\pei\public/../application/admin\view\index\welcome.html [ array (
  0 => 'menu_role',
) ]
[ info ] [ LOG ] INIT File
---------------------------------------------------------------
[ 2019-07-06T17:13:48+08:00 ] 127.0.0.1 GET /admin/index/favicon.ico
[ info ] www.csshayudj.com/admin/index/favicon.ico [运行时间：0.025483s][吞吐率：39.24req/s] [内存消耗：1,349.46kb] [文件加载：43]
[ info ] [ LANG ] D:\pei\thinkphp\lang\zh-cn.php
[ info ] [ ROUTE ] array (
  'type' => 'module',
  'module' => 
  array (
    0 => 'admin',
    1 => 'index',
    2 => 'favicon.ico',
  ),
)
[ info ] [ HEADER ] array (
  'cookie' => 'pgv_pvi=2896157696; pgv_si=s47170560; PHPSESSID=vqa54qp40fdnihqcq88vev3pf9',
  'accept-language' => 'zh-CN,zh;q=0.9',
  'accept-encoding' => 'gzip, deflate',
  'referer' => 'http://www.csshayudj.com/admin/index/index',
  'accept' => 'image/webp,image/apng,image/*,*/*;q=0.8',
  'user-agent' => 'Mozilla/5.0 (Windows NT 10.0; WOW64) AppleWebKit/537.36 (KHTML, like Gecko) Chrome/74.0.3729.169 Safari/537.36',
  'cache-control' => 'no-cache',
  'pragma' => 'no-cache',
  'connection' => 'keep-alive',
  'host' => 'www.csshayudj.com',
  'content-length' => '',
  'content-type' => '',
)
[ info ] [ PARAM ] array (
)
[ info ] [ SESSION ] INIT array (
  'id' => '',
  'var_session_id' => '',
  'prefix' => 'think',
  'type' => '',
  'auto_start' => true,
)
[ info ] [ LOG ] INIT File
---------------------------------------------------------------
[ 2019-07-06T17:13:48+08:00 ] 127.0.0.1 GET /admin/banner/bannerlist
[ info ] www.csshayudj.com/admin/banner/bannerlist [运行时间：0.190610s][吞吐率：5.25req/s] [内存消耗：2,174.55kb] [文件加载：53]
[ info ] [ LANG ] D:\pei\thinkphp\lang\zh-cn.php
[ info ] [ ROUTE ] array (
  'type' => 'module',
  'module' => 
  array (
    0 => 'admin',
    1 => 'banner',
    2 => 'bannerlist',
  ),
)
[ info ] [ HEADER ] array (
  'cookie' => 'pgv_pvi=2896157696; pgv_si=s47170560; PHPSESSID=vqa54qp40fdnihqcq88vev3pf9',
  'accept-language' => 'zh-CN,zh;q=0.9',
  'accept-encoding' => 'gzip, deflate',
  'referer' => 'http://www.csshayudj.com/admin/index/index',
  'accept' => 'text/html,application/xhtml+xml,application/xml;q=0.9,image/webp,image/apng,*/*;q=0.8,application/signed-exchange;v=b3',
  'user-agent' => 'Mozilla/5.0 (Windows NT 10.0; WOW64) AppleWebKit/537.36 (KHTML, like Gecko) Chrome/74.0.3729.169 Safari/537.36',
  'upgrade-insecure-requests' => '1',
  'connection' => 'keep-alive',
  'host' => 'www.csshayudj.com',
  'content-length' => '',
  'content-type' => '',
)
[ info ] [ PARAM ] array (
)
[ info ] [ SESSION ] INIT array (
  'id' => '',
  'var_session_id' => '',
  'prefix' => 'think',
  'type' => '',
  'auto_start' => true,
)
[ info ] [ RUN ] app\admin\controller\Banner->Bannerlist[ D:\pei\application\admin\controller\Banner.php ]
[ info ] [ DB ] INIT mysql
[ info ] [ VIEW ] D:\pei\public/../application/admin\view\banner\bannerlist.html [ array (
  0 => 'menu_role',
  1 => 'list',
) ]
[ info ] [ LOG ] INIT File
[ sql ] [ DB ] CONNECT:[ UseTime:0.039264s ] mysql:host=39.98.195.90;dbname=peini;charset=utf8
[ sql ] [ SQL ] SHOW COLUMNS FROM `pn_banner` [ RunTime:0.028388s ]
[ sql ] [ SQL ] SELECT COUNT(*) AS tp_count FROM `pn_banner` WHERE  `status` <> '-1' LIMIT 1 [ RunTime:0.024156s ]
[ sql ] [ SQL ] SELECT * FROM `pn_banner` WHERE  `status` <> '-1' LIMIT 0,30 [ RunTime:0.023523s ]
---------------------------------------------------------------
[ 2019-07-06T17:13:48+08:00 ] 127.0.0.1 GET /admin/gift/index
[ info ] www.csshayudj.com/admin/gift/index [运行时间：0.464398s][吞吐率：2.15req/s] [内存消耗：2,239.52kb] [文件加载：54]
[ info ] [ LANG ] D:\pei\thinkphp\lang\zh-cn.php
[ info ] [ ROUTE ] array (
  'type' => 'module',
  'module' => 
  array (
    0 => 'admin',
    1 => 'gift',
    2 => 'index',
  ),
)
[ info ] [ HEADER ] array (
  'cookie' => 'pgv_pvi=2896157696; pgv_si=s47170560; PHPSESSID=vqa54qp40fdnihqcq88vev3pf9',
  'accept-language' => 'zh-CN,zh;q=0.9',
  'accept-encoding' => 'gzip, deflate',
  'referer' => 'http://www.csshayudj.com/admin/index/index',
  'accept' => 'text/html,application/xhtml+xml,application/xml;q=0.9,image/webp,image/apng,*/*;q=0.8,application/signed-exchange;v=b3',
  'user-agent' => 'Mozilla/5.0 (Windows NT 10.0; WOW64) AppleWebKit/537.36 (KHTML, like Gecko) Chrome/74.0.3729.169 Safari/537.36',
  'upgrade-insecure-requests' => '1',
  'connection' => 'keep-alive',
  'host' => 'www.csshayudj.com',
  'content-length' => '',
  'content-type' => '',
)
[ info ] [ PARAM ] array (
)
[ info ] [ RUN ] app\admin\controller\Gift->index[ D:\pei\application\admin\controller\Gift.php ]
[ info ] [ DB ] INIT mysql
[ info ] [ VIEW ] D:\pei\public/../application/admin\view\gift\index.html [ array (
  0 => 'data',
  1 => 'total',
  2 => 'list',
) ]
[ info ] [ LOG ] INIT File
[ sql ] [ DB ] CONNECT:[ UseTime:0.043580s ] mysql:host=39.98.195.90;dbname=peini;charset=utf8
[ sql ] [ SQL ] SHOW COLUMNS FROM `pn_gift` [ RunTime:0.030723s ]
[ sql ] [ SQL ] SELECT COUNT(*) AS tp_count FROM `pn_gift` LIMIT 1 [ RunTime:0.040712s ]
[ sql ] [ SQL ] SELECT * FROM `pn_gift` LIMIT 0,30 [ RunTime:0.028935s ]
---------------------------------------------------------------
[ 2019-07-06T17:13:49+08:00 ] 127.0.0.1 GET /admin/cate/work
[ info ] www.csshayudj.com/admin/cate/work [运行时间：0.169424s][吞吐率：5.90req/s] [内存消耗：2,169.41kb] [文件加载：53]
[ info ] [ LANG ] D:\pei\thinkphp\lang\zh-cn.php
[ info ] [ ROUTE ] array (
  'type' => 'module',
  'module' => 
  array (
    0 => 'admin',
    1 => 'cate',
    2 => 'work',
  ),
)
[ info ] [ HEADER ] array (
  'cookie' => 'pgv_pvi=2896157696; pgv_si=s47170560; PHPSESSID=vqa54qp40fdnihqcq88vev3pf9',
  'accept-language' => 'zh-CN,zh;q=0.9',
  'accept-encoding' => 'gzip, deflate',
  'referer' => 'http://www.csshayudj.com/admin/index/index',
  'accept' => 'text/html,application/xhtml+xml,application/xml;q=0.9,image/webp,image/apng,*/*;q=0.8,application/signed-exchange;v=b3',
  'user-agent' => 'Mozilla/5.0 (Windows NT 10.0; WOW64) AppleWebKit/537.36 (KHTML, like Gecko) Chrome/74.0.3729.169 Safari/537.36',
  'upgrade-insecure-requests' => '1',
  'connection' => 'keep-alive',
  'host' => 'www.csshayudj.com',
  'content-length' => '',
  'content-type' => '',
)
[ info ] [ PARAM ] array (
)
[ info ] [ SESSION ] INIT array (
  'id' => '',
  'var_session_id' => '',
  'prefix' => 'think',
  'type' => '',
  'auto_start' => true,
)
[ info ] [ RUN ] app\admin\controller\Cate->work[ D:\pei\application\admin\controller\Cate.php ]
[ info ] [ DB ] INIT mysql
[ info ] [ VIEW ] D:\pei\public/../application/admin\view\cate\work.html [ array (
  0 => 'menu_role',
  1 => 'data',
  2 => 'total',
  3 => 'list',
) ]
[ info ] [ LOG ] INIT File
[ sql ] [ DB ] CONNECT:[ UseTime:0.040853s ] mysql:host=39.98.195.90;dbname=peini;charset=utf8
[ sql ] [ SQL ] SHOW COLUMNS FROM `pn_work` [ RunTime:0.025730s ]
[ sql ] [ SQL ] SELECT COUNT(*) AS tp_count FROM `pn_work` LIMIT 1 [ RunTime:0.025849s ]
[ sql ] [ SQL ] SELECT * FROM `pn_work` ORDER BY `status` DESC,`addtime` DESC LIMIT 0,30 [ RunTime:0.032489s ]
---------------------------------------------------------------
[ 2019-07-06T17:13:49+08:00 ] 127.0.0.1 GET /admin/cate/game
[ info ] www.csshayudj.com/admin/cate/game [运行时间：0.205151s][吞吐率：4.87req/s] [内存消耗：2,172.48kb] [文件加载：53]
[ info ] [ LANG ] D:\pei\thinkphp\lang\zh-cn.php
[ info ] [ ROUTE ] array (
  'type' => 'module',
  'module' => 
  array (
    0 => 'admin',
    1 => 'cate',
    2 => 'game',
  ),
)
[ info ] [ HEADER ] array (
  'cookie' => 'pgv_pvi=2896157696; pgv_si=s47170560; PHPSESSID=vqa54qp40fdnihqcq88vev3pf9',
  'accept-language' => 'zh-CN,zh;q=0.9',
  'accept-encoding' => 'gzip, deflate',
  'referer' => 'http://www.csshayudj.com/admin/index/index',
  'accept' => 'text/html,application/xhtml+xml,application/xml;q=0.9,image/webp,image/apng,*/*;q=0.8,application/signed-exchange;v=b3',
  'user-agent' => 'Mozilla/5.0 (Windows NT 10.0; WOW64) AppleWebKit/537.36 (KHTML, like Gecko) Chrome/74.0.3729.169 Safari/537.36',
  'upgrade-insecure-requests' => '1',
  'connection' => 'keep-alive',
  'host' => 'www.csshayudj.com',
  'content-length' => '',
  'content-type' => '',
)
[ info ] [ PARAM ] array (
)
[ info ] [ SESSION ] INIT array (
  'id' => '',
  'var_session_id' => '',
  'prefix' => 'think',
  'type' => '',
  'auto_start' => true,
)
[ info ] [ RUN ] app\admin\controller\Cate->game[ D:\pei\application\admin\controller\Cate.php ]
[ info ] [ DB ] INIT mysql
[ info ] [ VIEW ] D:\pei\public/../application/admin\view\cate\game.html [ array (
  0 => 'menu_role',
  1 => 'data',
  2 => 'total',
  3 => 'list',
) ]
[ info ] [ LOG ] INIT File
[ sql ] [ DB ] CONNECT:[ UseTime:0.040590s ] mysql:host=39.98.195.90;dbname=peini;charset=utf8
[ sql ] [ SQL ] SHOW COLUMNS FROM `pn_game` [ RunTime:0.027143s ]
[ sql ] [ SQL ] SELECT COUNT(*) AS tp_count FROM pn_game g INNER JOIN `pn_game_type` `t` ON `g`.`tid`=`t`.`tid` LIMIT 1 [ RunTime:0.027649s ]
[ sql ] [ SQL ] SELECT `g`.*,t.name as tname FROM pn_game g INNER JOIN `pn_game_type` `t` ON `g`.`tid`=`t`.`tid` ORDER BY `status` DESC,`addtime` DESC LIMIT 0,30 [ RunTime:0.025719s ]
---------------------------------------------------------------
[ 2019-07-06T17:13:49+08:00 ] 127.0.0.1 GET /admin/cate/interest
[ info ] www.csshayudj.com/admin/cate/interest [运行时间：0.183759s][吞吐率：5.44req/s] [内存消耗：2,170.23kb] [文件加载：53]
[ info ] [ LANG ] D:\pei\thinkphp\lang\zh-cn.php
[ info ] [ ROUTE ] array (
  'type' => 'module',
  'module' => 
  array (
    0 => 'admin',
    1 => 'cate',
    2 => 'interest',
  ),
)
[ info ] [ HEADER ] array (
  'cookie' => 'pgv_pvi=2896157696; pgv_si=s47170560; PHPSESSID=vqa54qp40fdnihqcq88vev3pf9',
  'accept-language' => 'zh-CN,zh;q=0.9',
  'accept-encoding' => 'gzip, deflate',
  'referer' => 'http://www.csshayudj.com/admin/index/index',
  'accept' => 'text/html,application/xhtml+xml,application/xml;q=0.9,image/webp,image/apng,*/*;q=0.8,application/signed-exchange;v=b3',
  'user-agent' => 'Mozilla/5.0 (Windows NT 10.0; WOW64) AppleWebKit/537.36 (KHTML, like Gecko) Chrome/74.0.3729.169 Safari/537.36',
  'upgrade-insecure-requests' => '1',
  'connection' => 'keep-alive',
  'host' => 'www.csshayudj.com',
  'content-length' => '',
  'content-type' => '',
)
[ info ] [ PARAM ] array (
)
[ info ] [ SESSION ] INIT array (
  'id' => '',
  'var_session_id' => '',
  'prefix' => 'think',
  'type' => '',
  'auto_start' => true,
)
[ info ] [ RUN ] app\admin\controller\Cate->interest[ D:\pei\application\admin\controller\Cate.php ]
[ info ] [ DB ] INIT mysql
[ info ] [ VIEW ] D:\pei\public/../application/admin\view\cate\interest.html [ array (
  0 => 'menu_role',
  1 => 'data',
  2 => 'total',
  3 => 'list',
) ]
[ info ] [ LOG ] INIT File
[ sql ] [ DB ] CONNECT:[ UseTime:0.050748s ] mysql:host=39.98.195.90;dbname=peini;charset=utf8
[ sql ] [ SQL ] SHOW COLUMNS FROM `pn_interest` [ RunTime:0.026969s ]
[ sql ] [ SQL ] SELECT COUNT(*) AS tp_count FROM `pn_interest` LIMIT 1 [ RunTime:0.028725s ]
[ sql ] [ SQL ] SELECT * FROM `pn_interest` ORDER BY `status` DESC,`addtime` DESC LIMIT 0,30 [ RunTime:0.027447s ]
---------------------------------------------------------------
[ 2019-07-06T17:13:49+08:00 ] 127.0.0.1 GET /admin/cate/gameprice
[ info ] www.csshayudj.com/admin/cate/gameprice [运行时间：0.058818s][吞吐率：17.00req/s] [内存消耗：1,398.37kb] [文件加载：43]
[ info ] [ LANG ] D:\pei\thinkphp\lang\zh-cn.php
[ info ] [ ROUTE ] array (
  'type' => 'module',
  'module' => 
  array (
    0 => 'admin',
    1 => 'cate',
    2 => 'gameprice',
  ),
)
[ info ] [ HEADER ] array (
  'cookie' => 'pgv_pvi=2896157696; pgv_si=s47170560; PHPSESSID=vqa54qp40fdnihqcq88vev3pf9',
  'accept-language' => 'zh-CN,zh;q=0.9',
  'accept-encoding' => 'gzip, deflate',
  'referer' => 'http://www.csshayudj.com/admin/index/index',
  'accept' => 'text/html,application/xhtml+xml,application/xml;q=0.9,image/webp,image/apng,*/*;q=0.8,application/signed-exchange;v=b3',
  'user-agent' => 'Mozilla/5.0 (Windows NT 10.0; WOW64) AppleWebKit/537.36 (KHTML, like Gecko) Chrome/74.0.3729.169 Safari/537.36',
  'upgrade-insecure-requests' => '1',
  'connection' => 'keep-alive',
  'host' => 'www.csshayudj.com',
  'content-length' => '',
  'content-type' => '',
)
[ info ] [ PARAM ] array (
)
[ info ] [ SESSION ] INIT array (
  'id' => '',
  'var_session_id' => '',
  'prefix' => 'think',
  'type' => '',
  'auto_start' => true,
)
[ info ] [ LOG ] INIT File
---------------------------------------------------------------
[ 2019-07-06T17:13:49+08:00 ] 127.0.0.1 GET /admin/tag/index
[ info ] www.csshayudj.com/admin/tag/index [运行时间：0.175608s][吞吐率：5.69req/s] [内存消耗：2,131.25kb] [文件加载：53]
[ info ] [ LANG ] D:\pei\thinkphp\lang\zh-cn.php
[ info ] [ ROUTE ] array (
  'type' => 'module',
  'module' => 
  array (
    0 => 'admin',
    1 => 'tag',
    2 => 'index',
  ),
)
[ info ] [ HEADER ] array (
  'cookie' => 'pgv_pvi=2896157696; pgv_si=s47170560; PHPSESSID=vqa54qp40fdnihqcq88vev3pf9',
  'accept-language' => 'zh-CN,zh;q=0.9',
  'accept-encoding' => 'gzip, deflate',
  'referer' => 'http://www.csshayudj.com/admin/index/index',
  'accept' => 'text/html,application/xhtml+xml,application/xml;q=0.9,image/webp,image/apng,*/*;q=0.8,application/signed-exchange;v=b3',
  'user-agent' => 'Mozilla/5.0 (Windows NT 10.0; WOW64) AppleWebKit/537.36 (KHTML, like Gecko) Chrome/74.0.3729.169 Safari/537.36',
  'upgrade-insecure-requests' => '1',
  'connection' => 'keep-alive',
  'host' => 'www.csshayudj.com',
  'content-length' => '',
  'content-type' => '',
)
[ info ] [ PARAM ] array (
)
[ info ] [ SESSION ] INIT array (
  'id' => '',
  'var_session_id' => '',
  'prefix' => 'think',
  'type' => '',
  'auto_start' => true,
)
[ info ] [ RUN ] app\admin\controller\Tag->index[ D:\pei\application\admin\controller\Tag.php ]
[ info ] [ DB ] INIT mysql
[ info ] [ VIEW ] D:\pei\public/../application/admin\view\tag\index.html [ array (
  0 => 'menu_role',
  1 => 'data',
  2 => 'total',
  3 => 'list',
) ]
[ info ] [ LOG ] INIT File
[ sql ] [ DB ] CONNECT:[ UseTime:0.038292s ] mysql:host=39.98.195.90;dbname=peini;charset=utf8
[ sql ] [ SQL ] SHOW COLUMNS FROM `pn_label` [ RunTime:0.027011s ]
[ sql ] [ SQL ] SELECT COUNT(*) AS tp_count FROM `pn_label` WHERE  `status` <> -1 LIMIT 1 [ RunTime:0.027017s ]
[ sql ] [ SQL ] SELECT * FROM `pn_label` WHERE  `status` <> -1 LIMIT 0,30 [ RunTime:0.031825s ]
---------------------------------------------------------------
[ 2019-07-06T17:13:49+08:00 ] 127.0.0.1 GET /admin/gift/111
[ info ] www.csshayudj.com/admin/gift/111 [运行时间：0.047308s][吞吐率：21.14req/s] [内存消耗：1,348.40kb] [文件加载：42]
[ info ] [ LANG ] D:\pei\thinkphp\lang\zh-cn.php
[ info ] [ ROUTE ] array (
  'type' => 'module',
  'module' => 
  array (
    0 => 'admin',
    1 => 'gift',
    2 => '111',
  ),
)
[ info ] [ HEADER ] array (
  'cookie' => 'pgv_pvi=2896157696; pgv_si=s47170560; PHPSESSID=vqa54qp40fdnihqcq88vev3pf9',
  'accept-language' => 'zh-CN,zh;q=0.9',
  'accept-encoding' => 'gzip, deflate',
  'referer' => 'http://www.csshayudj.com/admin/gift/index',
  'accept' => 'image/webp,image/apng,image/*,*/*;q=0.8',
  'user-agent' => 'Mozilla/5.0 (Windows NT 10.0; WOW64) AppleWebKit/537.36 (KHTML, like Gecko) Chrome/74.0.3729.169 Safari/537.36',
  'connection' => 'keep-alive',
  'host' => 'www.csshayudj.com',
  'content-length' => '',
  'content-type' => '',
)
[ info ] [ PARAM ] array (
)
[ info ] [ LOG ] INIT File
---------------------------------------------------------------
[ 2019-07-06T17:13:51+08:00 ] 127.0.0.1 GET /static/admin/static/css/weadmin.css.map
[ info ] www.csshayudj.com/static/admin/static/css/weadmin.css.map [运行时间：0.031770s][吞吐率：31.48req/s] [内存消耗：1,132.40kb] [文件加载：35]
[ info ] [ LANG ] D:\pei\thinkphp\lang\zh-cn.php
[ info ] [ ROUTE ] array (
  'type' => 'module',
  'module' => 
  array (
    0 => 'static',
    1 => 'admin',
    2 => 'static',
  ),
)
[ info ] [ HEADER ] array (
  'cookie' => 'pgv_pvi=2896157696; pgv_si=s47170560; PHPSESSID=vqa54qp40fdnihqcq88vev3pf9',
  'accept-language' => 'zh-CN,zh;q=0.9',
  'accept-encoding' => 'gzip, deflate',
  'user-agent' => 'Mozilla/5.0 (Windows NT 10.0; WOW64) AppleWebKit/537.36 (KHTML, like Gecko) Chrome/74.0.3729.169 Safari/537.36',
  'connection' => 'keep-alive',
  'host' => 'www.csshayudj.com',
  'content-length' => '',
  'content-type' => '',
)
[ info ] [ PARAM ] array (
  'css' => 'weadmin.css.map',
)
[ info ] [ LOG ] INIT File
