---------------------------------------------------------------
[ 2019-07-07T08:47:17+08:00 ] 127.0.0.1 GET /api/qiniu/getToken
[ info ] www.csshayudj.com/api/qiniu/getToken [运行时间：0.580481s][吞吐率：1.72req/s] [内存消耗：1,149.43kb] [文件加载：37]
[ info ] [ LANG ] D:\pei\thinkphp\lang\zh-cn.php
[ info ] [ ROUTE ] array (
  'type' => 'module',
  'module' => 
  array (
    0 => 'api',
    1 => 'qiniu',
    2 => 'getToken',
  ),
)
[ info ] [ HEADER ] array (
  'connection' => 'keep-alive',
  'accept-encoding' => 'gzip, deflate',
  'host' => 'www.csshayudj.com',
  'postman-token' => '1337520b-cee0-4c3b-81bc-7832a63b91c4',
  'cache-control' => 'no-cache',
  'accept' => '*/*',
  'user-agent' => 'PostmanRuntime/7.15.0',
  'content-length' => '',
  'content-type' => '',
)
[ info ] [ PARAM ] array (
)
[ info ] [ RUN ] app\api\controller\Qiniu->getToken[ D:\pei\application\api\controller\Qiniu.php ]
[ info ] [ LOG ] INIT File
---------------------------------------------------------------
[ 2019-07-07T09:18:50+08:00 ] 127.0.0.1 GET /api/qiniu/getToken
[ info ] www.csshayudj.com/api/qiniu/getToken [运行时间：0.033105s][吞吐率：30.21req/s] [内存消耗：1,151.94kb] [文件加载：37]
[ info ] [ LANG ] D:\pei\thinkphp\lang\zh-cn.php
[ info ] [ ROUTE ] array (
  'type' => 'module',
  'module' => 
  array (
    0 => 'api',
    1 => 'qiniu',
    2 => 'getToken',
  ),
)
[ info ] [ HEADER ] array (
  'connection' => 'keep-alive',
  'accept-encoding' => 'gzip, deflate',
  'host' => 'www.csshayudj.com',
  'postman-token' => '539bc4cd-2973-4190-9d6b-6b7209da64d0',
  'cache-control' => 'no-cache',
  'accept' => '*/*',
  'user-agent' => 'PostmanRuntime/7.15.0',
  'content-length' => '',
  'content-type' => '',
)
[ info ] [ PARAM ] array (
)
[ info ] [ RUN ] app\api\controller\Qiniu->getToken[ D:\pei\application\api\controller\Qiniu.php ]
[ info ] [ LOG ] INIT File
---------------------------------------------------------------
[ 2019-07-07T10:03:22+08:00 ] 127.0.0.1 GET /api/qiniu/getToken
[ info ] www.csshayudj.com/api/qiniu/getToken [运行时间：0.140355s][吞吐率：7.12req/s] [内存消耗：1,142.48kb] [文件加载：36]
[ info ] [ LANG ] D:\pei\thinkphp\lang\zh-cn.php
[ info ] [ ROUTE ] array (
  'type' => 'module',
  'module' => 
  array (
    0 => 'api',
    1 => 'qiniu',
    2 => 'getToken',
  ),
)
[ info ] [ HEADER ] array (
  'connection' => 'keep-alive',
  'accept-encoding' => 'gzip, deflate',
  'host' => 'www.csshayudj.com',
  'postman-token' => '8a1c113d-151f-4a2d-bbf5-521ebee53b7d',
  'cache-control' => 'no-cache',
  'accept' => '*/*',
  'user-agent' => 'PostmanRuntime/7.15.0',
  'content-length' => '',
  'content-type' => '',
)
[ info ] [ PARAM ] array (
)
[ info ] [ RUN ] app\api\controller\Qiniu->getToken[ D:\pei\application\api\controller\Qiniu.php ]
[ info ] [ LOG ] INIT File
[ error ] [0]致命错误: Class 'Qiniu\Auth' not found[D:\pei\application\api\controller\Qiniu.php:26]
---------------------------------------------------------------
[ 2019-07-07T10:03:50+08:00 ] 127.0.0.1 GET /api/qiniu/getToken
[ info ] www.csshayudj.com/api/qiniu/getToken [运行时间：0.032241s][吞吐率：31.02req/s] [内存消耗：1,142.48kb] [文件加载：36]
[ info ] [ LANG ] D:\pei\thinkphp\lang\zh-cn.php
[ info ] [ ROUTE ] array (
  'type' => 'module',
  'module' => 
  array (
    0 => 'api',
    1 => 'qiniu',
    2 => 'getToken',
  ),
)
[ info ] [ HEADER ] array (
  'connection' => 'keep-alive',
  'accept-encoding' => 'gzip, deflate',
  'host' => 'www.csshayudj.com',
  'postman-token' => 'f6b60f51-4c5a-4f61-a83a-6e8d790dc27d',
  'cache-control' => 'no-cache',
  'accept' => '*/*',
  'user-agent' => 'PostmanRuntime/7.15.0',
  'content-length' => '',
  'content-type' => '',
)
[ info ] [ PARAM ] array (
)
[ info ] [ RUN ] app\api\controller\Qiniu->getToken[ D:\pei\application\api\controller\Qiniu.php ]
[ info ] [ LOG ] INIT File
[ error ] [0]致命错误: Class 'Qiniu\Auth' not found[D:\pei\application\api\controller\Qiniu.php:26]
---------------------------------------------------------------
[ 2019-07-07T10:04:19+08:00 ] 127.0.0.1 GET /api/qiniu/getToken
[ info ] www.csshayudj.com/api/qiniu/getToken [运行时间：0.033833s][吞吐率：29.56req/s] [内存消耗：1,142.55kb] [文件加载：36]
[ info ] [ LANG ] D:\pei\thinkphp\lang\zh-cn.php
[ info ] [ ROUTE ] array (
  'type' => 'module',
  'module' => 
  array (
    0 => 'api',
    1 => 'qiniu',
    2 => 'getToken',
  ),
)
[ info ] [ HEADER ] array (
  'connection' => 'keep-alive',
  'accept-encoding' => 'gzip, deflate',
  'host' => 'www.csshayudj.com',
  'postman-token' => '6b7ef3c6-a996-4870-b2dc-927e4414a63b',
  'cache-control' => 'no-cache',
  'accept' => '*/*',
  'user-agent' => 'PostmanRuntime/7.15.0',
  'content-length' => '',
  'content-type' => '',
)
[ info ] [ PARAM ] array (
)
[ info ] [ RUN ] app\api\controller\Qiniu->getToken[ D:\pei\application\api\controller\Qiniu.php ]
[ info ] [ LOG ] INIT File
[ error ] [0]致命错误: Class 'Qiniu\Auth' not found[D:\pei\application\api\controller\Qiniu.php:26]
---------------------------------------------------------------
[ 2019-07-07T10:05:13+08:00 ] 127.0.0.1 GET /api/qiniu/getToken
[ info ] www.csshayudj.com/api/qiniu/getToken [运行时间：0.029789s][吞吐率：33.57req/s] [内存消耗：1,047.65kb] [文件加载：31]
[ info ] [ LANG ] D:\pei\thinkphp\lang\zh-cn.php
[ info ] [ ROUTE ] array (
  'type' => 'module',
  'module' => 
  array (
    0 => 'api',
    1 => 'qiniu',
    2 => 'getToken',
  ),
)
[ info ] [ HEADER ] array (
  'connection' => 'keep-alive',
  'accept-encoding' => 'gzip, deflate',
  'host' => 'www.csshayudj.com',
  'postman-token' => 'fcc8e3a1-add9-4558-a96d-6bcbe390fa7a',
  'cache-control' => 'no-cache',
  'accept' => '*/*',
  'user-agent' => 'PostmanRuntime/7.15.0',
  'content-length' => '',
  'content-type' => '',
)
[ info ] [ PARAM ] array (
)
[ info ] [ RUN ] app\api\controller\Qiniu->getToken[ D:\pei\application\api\controller\Qiniu.php ]
[ info ] [ LOG ] INIT File
---------------------------------------------------------------
[ 2019-07-07T10:08:34+08:00 ] 127.0.0.1 GET /api/qiniu/getToken
[ info ] www.csshayudj.com/api/qiniu/getToken [运行时间：0.034993s][吞吐率：28.58req/s] [内存消耗：1,047.65kb] [文件加载：31]
[ info ] [ LANG ] D:\pei\thinkphp\lang\zh-cn.php
[ info ] [ ROUTE ] array (
  'type' => 'module',
  'module' => 
  array (
    0 => 'api',
    1 => 'qiniu',
    2 => 'getToken',
  ),
)
[ info ] [ HEADER ] array (
  'connection' => 'keep-alive',
  'accept-encoding' => 'gzip, deflate',
  'host' => 'www.csshayudj.com',
  'postman-token' => 'c57de826-8d03-4e57-8090-196628d52755',
  'cache-control' => 'no-cache',
  'accept' => '*/*',
  'user-agent' => 'PostmanRuntime/7.15.0',
  'content-length' => '',
  'content-type' => '',
)
[ info ] [ PARAM ] array (
)
[ info ] [ RUN ] app\api\controller\Qiniu->getToken[ D:\pei\application\api\controller\Qiniu.php ]
[ info ] [ LOG ] INIT File
---------------------------------------------------------------
[ 2019-07-07T10:09:04+08:00 ] 127.0.0.1 GET /api/qiniu/getToken
[ info ] www.csshayudj.com/api/qiniu/getToken [运行时间：0.041571s][吞吐率：24.06req/s] [内存消耗：1,142.48kb] [文件加载：36]
[ info ] [ LANG ] D:\pei\thinkphp\lang\zh-cn.php
[ info ] [ ROUTE ] array (
  'type' => 'module',
  'module' => 
  array (
    0 => 'api',
    1 => 'qiniu',
    2 => 'getToken',
  ),
)
[ info ] [ HEADER ] array (
  'connection' => 'keep-alive',
  'accept-encoding' => 'gzip, deflate',
  'host' => 'www.csshayudj.com',
  'postman-token' => 'dac2d96c-4ea1-42a2-a811-56af4d93ef76',
  'cache-control' => 'no-cache',
  'accept' => '*/*',
  'user-agent' => 'PostmanRuntime/7.15.0',
  'content-length' => '',
  'content-type' => '',
)
[ info ] [ PARAM ] array (
)
[ info ] [ RUN ] app\api\controller\Qiniu->getToken[ D:\pei\application\api\controller\Qiniu.php ]
[ info ] [ LOG ] INIT File
[ error ] [0]致命错误: Class 'Qiniu\Auth' not found[D:\pei\application\api\controller\Qiniu.php:28]
---------------------------------------------------------------
[ 2019-07-07T10:09:42+08:00 ] 127.0.0.1 GET /api/qiniu/getToken
[ info ] www.csshayudj.com/api/qiniu/getToken [运行时间：0.029704s][吞吐率：33.67req/s] [内存消耗：1,142.48kb] [文件加载：36]
[ info ] [ LANG ] D:\pei\thinkphp\lang\zh-cn.php
[ info ] [ ROUTE ] array (
  'type' => 'module',
  'module' => 
  array (
    0 => 'api',
    1 => 'qiniu',
    2 => 'getToken',
  ),
)
[ info ] [ HEADER ] array (
  'connection' => 'keep-alive',
  'accept-encoding' => 'gzip, deflate',
  'host' => 'www.csshayudj.com',
  'postman-token' => 'c9ff2903-a150-442b-bde7-6b6210e135ec',
  'cache-control' => 'no-cache',
  'accept' => '*/*',
  'user-agent' => 'PostmanRuntime/7.15.0',
  'content-length' => '',
  'content-type' => '',
)
[ info ] [ PARAM ] array (
)
[ info ] [ RUN ] app\api\controller\Qiniu->getToken[ D:\pei\application\api\controller\Qiniu.php ]
[ info ] [ LOG ] INIT File
[ error ] [0]致命错误: Class 'Qiniu\Auth' not found[D:\pei\application\api\controller\Qiniu.php:27]
---------------------------------------------------------------
[ 2019-07-07T10:09:57+08:00 ] 127.0.0.1 GET /api/qiniu/getToken
[ info ] www.csshayudj.com/api/qiniu/getToken [运行时间：0.028676s][吞吐率：34.87req/s] [内存消耗：1,142.55kb] [文件加载：36]
[ info ] [ LANG ] D:\pei\thinkphp\lang\zh-cn.php
[ info ] [ ROUTE ] array (
  'type' => 'module',
  'module' => 
  array (
    0 => 'api',
    1 => 'qiniu',
    2 => 'getToken',
  ),
)
[ info ] [ HEADER ] array (
  'connection' => 'keep-alive',
  'accept-encoding' => 'gzip, deflate',
  'host' => 'www.csshayudj.com',
  'postman-token' => '6fe14b6c-38f3-4782-8619-f50f511d56f0',
  'cache-control' => 'no-cache',
  'accept' => '*/*',
  'user-agent' => 'PostmanRuntime/7.15.0',
  'content-length' => '',
  'content-type' => '',
)
[ info ] [ PARAM ] array (
)
[ info ] [ RUN ] app\api\controller\Qiniu->getToken[ D:\pei\application\api\controller\Qiniu.php ]
[ info ] [ LOG ] INIT File
[ error ] [0]致命错误: Class 'Qiniu\Auth' not found[D:\pei\application\api\controller\Qiniu.php:27]
---------------------------------------------------------------
[ 2019-07-07T10:10:17+08:00 ] 127.0.0.1 GET /api/qiniu/getToken
[ info ] www.csshayudj.com/api/qiniu/getToken [运行时间：0.021097s][吞吐率：47.40req/s] [内存消耗：1,047.65kb] [文件加载：31]
[ info ] [ LANG ] D:\pei\thinkphp\lang\zh-cn.php
[ info ] [ ROUTE ] array (
  'type' => 'module',
  'module' => 
  array (
    0 => 'api',
    1 => 'qiniu',
    2 => 'getToken',
  ),
)
[ info ] [ HEADER ] array (
  'connection' => 'keep-alive',
  'accept-encoding' => 'gzip, deflate',
  'host' => 'www.csshayudj.com',
  'postman-token' => '495455e1-d74a-4cb8-873e-d1040c2e7b7f',
  'cache-control' => 'no-cache',
  'accept' => '*/*',
  'user-agent' => 'PostmanRuntime/7.15.0',
  'content-length' => '',
  'content-type' => '',
)
[ info ] [ PARAM ] array (
)
[ info ] [ RUN ] app\api\controller\Qiniu->getToken[ D:\pei\application\api\controller\Qiniu.php ]
[ info ] [ LOG ] INIT File
---------------------------------------------------------------
[ 2019-07-07T10:10:55+08:00 ] 127.0.0.1 GET /api/qiniu/getToken
[ info ] www.csshayudj.com/api/qiniu/getToken [运行时间：0.028667s][吞吐率：34.88req/s] [内存消耗：1,142.72kb] [文件加载：36]
[ info ] [ LANG ] D:\pei\thinkphp\lang\zh-cn.php
[ info ] [ ROUTE ] array (
  'type' => 'module',
  'module' => 
  array (
    0 => 'api',
    1 => 'qiniu',
    2 => 'getToken',
  ),
)
[ info ] [ HEADER ] array (
  'connection' => 'keep-alive',
  'accept-encoding' => 'gzip, deflate',
  'host' => 'www.csshayudj.com',
  'postman-token' => 'eb6db241-2d1b-4434-9c9e-b2c1e87bc9ac',
  'cache-control' => 'no-cache',
  'accept' => '*/*',
  'user-agent' => 'PostmanRuntime/7.15.0',
  'content-length' => '',
  'content-type' => '',
)
[ info ] [ PARAM ] array (
)
[ info ] [ RUN ] app\api\controller\Qiniu->getToken[ D:\pei\application\api\controller\Qiniu.php ]
[ info ] [ LOG ] INIT File
[ error ] [0]致命错误: Class 'Qiniu\Auth' not found[D:\pei\application\api\controller\Qiniu.php:30]
---------------------------------------------------------------
[ 2019-07-07T10:11:39+08:00 ] 127.0.0.1 GET /api/qiniu/getToken
[ info ] www.csshayudj.com/api/qiniu/getToken [运行时间：0.031186s][吞吐率：32.07req/s] [内存消耗：1,142.38kb] [文件加载：36]
[ info ] [ LANG ] D:\pei\thinkphp\lang\zh-cn.php
[ info ] [ ROUTE ] array (
  'type' => 'module',
  'module' => 
  array (
    0 => 'api',
    1 => 'qiniu',
    2 => 'getToken',
  ),
)
[ info ] [ HEADER ] array (
  'connection' => 'keep-alive',
  'accept-encoding' => 'gzip, deflate',
  'host' => 'www.csshayudj.com',
  'postman-token' => '2948d75d-a3e4-467f-970e-b47c92b43f99',
  'cache-control' => 'no-cache',
  'accept' => '*/*',
  'user-agent' => 'PostmanRuntime/7.15.0',
  'content-length' => '',
  'content-type' => '',
)
[ info ] [ PARAM ] array (
)
[ info ] [ RUN ] app\api\controller\Qiniu->getToken[ D:\pei\application\api\controller\Qiniu.php ]
[ info ] [ LOG ] INIT File
[ error ] [0]致命错误: Class 'Qiniu\Auth' not found[D:\pei\application\api\controller\Qiniu.php:30]
---------------------------------------------------------------
[ 2019-07-07T10:12:15+08:00 ] 127.0.0.1 GET /api/qiniu/getToken
[ info ] www.csshayudj.com/api/qiniu/getToken [运行时间：0.025573s][吞吐率：39.10req/s] [内存消耗：1,142.38kb] [文件加载：36]
[ info ] [ LANG ] D:\pei\thinkphp\lang\zh-cn.php
[ info ] [ ROUTE ] array (
  'type' => 'module',
  'module' => 
  array (
    0 => 'api',
    1 => 'qiniu',
    2 => 'getToken',
  ),
)
[ info ] [ HEADER ] array (
  'connection' => 'keep-alive',
  'accept-encoding' => 'gzip, deflate',
  'host' => 'www.csshayudj.com',
  'postman-token' => 'a878dc7d-6f37-4fe0-bd44-8cc97322d9a9',
  'cache-control' => 'no-cache',
  'accept' => '*/*',
  'user-agent' => 'PostmanRuntime/7.15.0',
  'content-length' => '',
  'content-type' => '',
)
[ info ] [ PARAM ] array (
)
[ info ] [ RUN ] app\api\controller\Qiniu->getToken[ D:\pei\application\api\controller\Qiniu.php ]
[ info ] [ LOG ] INIT File
[ error ] [0]致命错误: Class 'Qiniu\Auth' not found[D:\pei\application\api\controller\Qiniu.php:30]
---------------------------------------------------------------
[ 2019-07-07T10:12:34+08:00 ] 127.0.0.1 GET /api/qiniu/getToken
[ info ] www.csshayudj.com/api/qiniu/getToken [运行时间：0.020229s][吞吐率：49.43req/s] [内存消耗：1,142.30kb] [文件加载：36]
[ info ] [ LANG ] D:\pei\thinkphp\lang\zh-cn.php
[ info ] [ ROUTE ] array (
  'type' => 'module',
  'module' => 
  array (
    0 => 'api',
    1 => 'qiniu',
    2 => 'getToken',
  ),
)
[ info ] [ HEADER ] array (
  'connection' => 'keep-alive',
  'accept-encoding' => 'gzip, deflate',
  'host' => 'www.csshayudj.com',
  'postman-token' => '875e4a3c-5211-4994-beaf-c81eb0006f05',
  'cache-control' => 'no-cache',
  'accept' => '*/*',
  'user-agent' => 'PostmanRuntime/7.15.0',
  'content-length' => '',
  'content-type' => '',
)
[ info ] [ PARAM ] array (
)
[ info ] [ RUN ] app\api\controller\Qiniu->getToken[ D:\pei\application\api\controller\Qiniu.php ]
[ info ] [ LOG ] INIT File
[ error ] [0]致命错误: Class 'Qiniu\Auth' not found[D:\pei\application\api\controller\Qiniu.php:30]
---------------------------------------------------------------
[ 2019-07-07T10:13:48+08:00 ] 127.0.0.1 GET /api/qiniu/getToken
[ info ] www.csshayudj.com/api/qiniu/getToken [运行时间：0.038041s][吞吐率：26.29req/s] [内存消耗：1,156.09kb] [文件加载：37]
[ info ] [ LANG ] D:\pei\thinkphp\lang\zh-cn.php
[ info ] [ ROUTE ] array (
  'type' => 'module',
  'module' => 
  array (
    0 => 'api',
    1 => 'qiniu',
    2 => 'getToken',
  ),
)
[ info ] [ HEADER ] array (
  'connection' => 'keep-alive',
  'accept-encoding' => 'gzip, deflate',
  'host' => 'www.csshayudj.com',
  'postman-token' => '394a3197-b363-44e2-bbe2-e3c4a38a3b19',
  'cache-control' => 'no-cache',
  'accept' => '*/*',
  'user-agent' => 'PostmanRuntime/7.15.0',
  'content-length' => '',
  'content-type' => '',
)
[ info ] [ PARAM ] array (
)
[ info ] [ RUN ] app\api\controller\Qiniu->getToken[ D:\pei\application\api\controller\Qiniu.php ]
[ info ] [ LOG ] INIT File
---------------------------------------------------------------
[ 2019-07-07T10:25:28+08:00 ] 127.0.0.1 GET /api/qiniu/upload
[ info ] www.csshayudj.com/api/qiniu/upload [运行时间：0.041118s][吞吐率：24.32req/s] [内存消耗：1,173.54kb] [文件加载：38]
[ info ] [ LANG ] D:\pei\thinkphp\lang\zh-cn.php
[ info ] [ ROUTE ] array (
  'type' => 'module',
  'module' => 
  array (
    0 => 'api',
    1 => 'qiniu',
    2 => 'upload',
  ),
)
[ info ] [ HEADER ] array (
  'connection' => 'keep-alive',
  'content-length' => '74',
  'accept-encoding' => 'gzip, deflate',
  'host' => 'www.csshayudj.com',
  'postman-token' => '55a4eaa3-c2a9-4986-80fa-aea413d764af',
  'cache-control' => 'no-cache',
  'accept' => '*/*',
  'user-agent' => 'PostmanRuntime/7.15.0',
  'content-type' => 'application/x-www-form-urlencoded',
)
[ info ] [ PARAM ] array (
)
[ info ] [ LOG ] INIT File
[ error ] [0]方法参数错误:prefix[D:\pei\thinkphp\library\think\App.php:431]
---------------------------------------------------------------
[ 2019-07-07T10:25:39+08:00 ] 127.0.0.1 POST /api/qiniu/upload
[ info ] www.csshayudj.com/api/qiniu/upload [运行时间：0.234028s][吞吐率：4.27req/s] [内存消耗：1,486.85kb] [文件加载：48]
[ info ] [ LANG ] D:\pei\thinkphp\lang\zh-cn.php
[ info ] [ ROUTE ] array (
  'type' => 'module',
  'module' => 
  array (
    0 => 'api',
    1 => 'qiniu',
    2 => 'upload',
  ),
)
[ info ] [ HEADER ] array (
  'connection' => 'keep-alive',
  'content-length' => '74',
  'accept-encoding' => 'gzip, deflate',
  'host' => 'www.csshayudj.com',
  'postman-token' => '466b2a19-4d4b-498a-a8be-6f3ed839e1b4',
  'cache-control' => 'no-cache',
  'accept' => '*/*',
  'user-agent' => 'PostmanRuntime/7.15.0',
  'content-type' => 'application/x-www-form-urlencoded',
)
[ info ] [ PARAM ] array (
  'prefix' => 'image',
  'suffix' => '.png',
  'filePath' => 'C:\\Users\\csq\\Desktop\\peini.png',
)
[ info ] [ RUN ] app\api\controller\Qiniu->upload[ D:\pei\application\api\controller\Qiniu.php ]
[ info ] [ LOG ] INIT File
[ error ] [0]类型错误: Argument 1 passed to Qiniu\Storage\BucketManager::__construct() must be an instance of Qiniu\Auth, instance of app\api\controller\Auth given, called in D:\pei\application\api\controller\Qiniu.php on line 84[D:\pei\vendor\php-sdk\src\Qiniu\Storage\BucketManager.php:20]
---------------------------------------------------------------
[ 2019-07-07T10:27:26+08:00 ] 127.0.0.1 POST /api/qiniu/upload
[ info ] www.csshayudj.com/api/qiniu/upload [运行时间：0.030439s][吞吐率：32.85req/s] [内存消耗：1,086.19kb] [文件加载：34]
[ info ] [ LANG ] D:\pei\thinkphp\lang\zh-cn.php
[ info ] [ ROUTE ] array (
  'type' => 'module',
  'module' => 
  array (
    0 => 'api',
    1 => 'qiniu',
    2 => 'upload',
  ),
)
[ info ] [ HEADER ] array (
  'connection' => 'keep-alive',
  'content-length' => '74',
  'accept-encoding' => 'gzip, deflate',
  'host' => 'www.csshayudj.com',
  'postman-token' => '64426891-9b69-4bc5-b9cb-93cee9ac5d96',
  'cache-control' => 'no-cache',
  'accept' => '*/*',
  'user-agent' => 'PostmanRuntime/7.15.0',
  'content-type' => 'application/x-www-form-urlencoded',
)
[ info ] [ PARAM ] array (
  'prefix' => 'image',
  'suffix' => '.png',
  'filePath' => 'C:\\Users\\csq\\Desktop\\peini.png',
)
[ info ] [ RUN ] app\api\controller\Qiniu->upload[ D:\pei\application\api\controller\Qiniu.php ]
[ info ] [ LOG ] INIT File
---------------------------------------------------------------
[ 2019-07-07T10:27:34+08:00 ] 127.0.0.1 POST /api/qiniu/upload
[ info ] www.csshayudj.com/api/qiniu/upload [运行时间：0.046448s][吞吐率：21.53req/s] [内存消耗：1,486.83kb] [文件加载：48]
[ info ] [ LANG ] D:\pei\thinkphp\lang\zh-cn.php
[ info ] [ ROUTE ] array (
  'type' => 'module',
  'module' => 
  array (
    0 => 'api',
    1 => 'qiniu',
    2 => 'upload',
  ),
)
[ info ] [ HEADER ] array (
  'connection' => 'keep-alive',
  'content-length' => '74',
  'accept-encoding' => 'gzip, deflate',
  'host' => 'www.csshayudj.com',
  'postman-token' => 'db49f2e3-6f60-4ce3-b621-b817f6e766c2',
  'cache-control' => 'no-cache',
  'accept' => '*/*',
  'user-agent' => 'PostmanRuntime/7.15.0',
  'content-type' => 'application/x-www-form-urlencoded',
)
[ info ] [ PARAM ] array (
  'prefix' => 'image',
  'suffix' => '.png',
  'filePath' => 'C:\\Users\\csq\\Desktop\\peini.png',
)
[ info ] [ RUN ] app\api\controller\Qiniu->upload[ D:\pei\application\api\controller\Qiniu.php ]
[ info ] [ LOG ] INIT File
[ error ] [0]类型错误: Argument 1 passed to Qiniu\Storage\BucketManager::__construct() must be an instance of Qiniu\Auth, instance of app\api\controller\Auth given, called in D:\pei\application\api\controller\Qiniu.php on line 90[D:\pei\vendor\php-sdk\src\Qiniu\Storage\BucketManager.php:20]
---------------------------------------------------------------
[ 2019-07-07T10:28:14+08:00 ] 127.0.0.1 POST /api/qiniu/upload
[ info ] www.csshayudj.com/api/qiniu/upload [运行时间：0.035317s][吞吐率：28.32req/s] [内存消耗：2,757.65kb] [文件加载：42]
[ info ] [ LANG ] D:\pei\thinkphp\lang\zh-cn.php
[ info ] [ ROUTE ] array (
  'type' => 'module',
  'module' => 
  array (
    0 => 'api',
    1 => 'qiniu',
    2 => 'upload',
  ),
)
[ info ] [ HEADER ] array (
  'connection' => 'keep-alive',
  'content-length' => '74',
  'accept-encoding' => 'gzip, deflate',
  'host' => 'www.csshayudj.com',
  'postman-token' => '0547f52a-dc94-4ecb-a86a-ff7a2c599084',
  'cache-control' => 'no-cache',
  'accept' => '*/*',
  'user-agent' => 'PostmanRuntime/7.15.0',
  'content-type' => 'application/x-www-form-urlencoded',
)
[ info ] [ PARAM ] array (
  'prefix' => 'image',
  'suffix' => '.png',
  'filePath' => 'C:\\Users\\csq\\Desktop\\peini.png',
)
[ info ] [ RUN ] app\api\controller\Qiniu->upload[ D:\pei\application\api\controller\Qiniu.php ]
[ info ] [ LOG ] INIT File
---------------------------------------------------------------
[ 2019-07-07T10:28:40+08:00 ] 127.0.0.1 POST /api/qiniu/upload
[ info ] www.csshayudj.com/api/qiniu/upload [运行时间：0.036058s][吞吐率：27.73req/s] [内存消耗：1,486.83kb] [文件加载：48]
[ info ] [ LANG ] D:\pei\thinkphp\lang\zh-cn.php
[ info ] [ ROUTE ] array (
  'type' => 'module',
  'module' => 
  array (
    0 => 'api',
    1 => 'qiniu',
    2 => 'upload',
  ),
)
[ info ] [ HEADER ] array (
  'connection' => 'keep-alive',
  'content-length' => '74',
  'accept-encoding' => 'gzip, deflate',
  'host' => 'www.csshayudj.com',
  'postman-token' => '7d0b3dbf-e40f-43e9-82f5-d30f828b5f76',
  'cache-control' => 'no-cache',
  'accept' => '*/*',
  'user-agent' => 'PostmanRuntime/7.15.0',
  'content-type' => 'application/x-www-form-urlencoded',
)
[ info ] [ PARAM ] array (
  'prefix' => 'image',
  'suffix' => '.png',
  'filePath' => 'C:\\Users\\csq\\Desktop\\peini.png',
)
[ info ] [ RUN ] app\api\controller\Qiniu->upload[ D:\pei\application\api\controller\Qiniu.php ]
[ info ] [ LOG ] INIT File
[ error ] [0]类型错误: Argument 1 passed to Qiniu\Storage\BucketManager::__construct() must be an instance of Qiniu\Auth, instance of app\api\controller\Auth given, called in D:\pei\application\api\controller\Qiniu.php on line 90[D:\pei\vendor\php-sdk\src\Qiniu\Storage\BucketManager.php:20]
---------------------------------------------------------------
[ 2019-07-07T10:30:11+08:00 ] 127.0.0.1 POST /api/qiniu/upload
[ info ] www.csshayudj.com/api/qiniu/upload [运行时间：1.721172s][吞吐率：0.58req/s] [内存消耗：1,278.35kb] [文件加载：46]
[ info ] [ LANG ] D:\pei\thinkphp\lang\zh-cn.php
[ info ] [ ROUTE ] array (
  'type' => 'module',
  'module' => 
  array (
    0 => 'api',
    1 => 'qiniu',
    2 => 'upload',
  ),
)
[ info ] [ HEADER ] array (
  'connection' => 'keep-alive',
  'content-length' => '74',
  'accept-encoding' => 'gzip, deflate',
  'host' => 'www.csshayudj.com',
  'postman-token' => '7b3b11b8-6b69-441b-b5fc-d2fd6b40af77',
  'cache-control' => 'no-cache',
  'accept' => '*/*',
  'user-agent' => 'PostmanRuntime/7.15.0',
  'content-type' => 'application/x-www-form-urlencoded',
)
[ info ] [ PARAM ] array (
  'prefix' => 'image',
  'suffix' => '.png',
  'filePath' => 'C:\\Users\\csq\\Desktop\\peini.png',
)
[ info ] [ RUN ] app\api\controller\Qiniu->upload[ D:\pei\application\api\controller\Qiniu.php ]
[ info ] [ LOG ] INIT File
[ error ] [0]variable type error： array[D:\pei\thinkphp\library\think\Response.php:316]
---------------------------------------------------------------
[ 2019-07-07T10:32:27+08:00 ] 127.0.0.1 POST /api/qiniu/upload
[ info ] www.csshayudj.com/api/qiniu/upload [运行时间：0.032137s][吞吐率：31.12req/s] [内存消耗：2,541.21kb] [文件加载：35]
[ info ] [ LANG ] D:\pei\thinkphp\lang\zh-cn.php
[ info ] [ ROUTE ] array (
  'type' => 'module',
  'module' => 
  array (
    0 => 'api',
    1 => 'qiniu',
    2 => 'upload',
  ),
)
[ info ] [ HEADER ] array (
  'connection' => 'keep-alive',
  'content-length' => '74',
  'accept-encoding' => 'gzip, deflate',
  'host' => 'www.csshayudj.com',
  'postman-token' => '52b1bd27-f800-4012-a032-b8d50d7f2dee',
  'cache-control' => 'no-cache',
  'accept' => '*/*',
  'user-agent' => 'PostmanRuntime/7.15.0',
  'content-type' => 'application/x-www-form-urlencoded',
)
[ info ] [ PARAM ] array (
  'prefix' => 'image',
  'suffix' => '.png',
  'filePath' => 'C:\\Users\\csq\\Desktop\\peini.png',
)
[ info ] [ RUN ] app\api\controller\Qiniu->upload[ D:\pei\application\api\controller\Qiniu.php ]
[ info ] [ LOG ] INIT File
---------------------------------------------------------------
[ 2019-07-07T10:33:21+08:00 ] 127.0.0.1 POST /api/qiniu/upload
[ info ] www.csshayudj.com/api/qiniu/upload [运行时间：2.445160s][吞吐率：0.41req/s] [内存消耗：2,631.60kb] [文件加载：42]
[ info ] [ LANG ] D:\pei\thinkphp\lang\zh-cn.php
[ info ] [ ROUTE ] array (
  'type' => 'module',
  'module' => 
  array (
    0 => 'api',
    1 => 'qiniu',
    2 => 'upload',
  ),
)
[ info ] [ HEADER ] array (
  'connection' => 'keep-alive',
  'content-length' => '74',
  'accept-encoding' => 'gzip, deflate',
  'host' => 'www.csshayudj.com',
  'postman-token' => 'bc0d2ef8-ccf9-4526-a516-e1a2f0c74319',
  'cache-control' => 'no-cache',
  'accept' => '*/*',
  'user-agent' => 'PostmanRuntime/7.15.0',
  'content-type' => 'application/x-www-form-urlencoded',
)
[ info ] [ PARAM ] array (
  'prefix' => 'image',
  'suffix' => '.png',
  'filePath' => 'C:\\Users\\csq\\Desktop\\peini.png',
)
[ info ] [ RUN ] app\api\controller\Qiniu->upload[ D:\pei\application\api\controller\Qiniu.php ]
[ info ] [ LOG ] INIT File
---------------------------------------------------------------
[ 2019-07-07T10:33:46+08:00 ] 127.0.0.1 POST /api/qiniu/upload
[ info ] www.csshayudj.com/api/qiniu/upload [运行时间：1.897874s][吞吐率：0.53req/s] [内存消耗：2,631.60kb] [文件加载：42]
[ info ] [ LANG ] D:\pei\thinkphp\lang\zh-cn.php
[ info ] [ ROUTE ] array (
  'type' => 'module',
  'module' => 
  array (
    0 => 'api',
    1 => 'qiniu',
    2 => 'upload',
  ),
)
[ info ] [ HEADER ] array (
  'connection' => 'keep-alive',
  'content-length' => '74',
  'accept-encoding' => 'gzip, deflate',
  'host' => 'www.csshayudj.com',
  'postman-token' => '75319f0f-6933-42ac-b5bf-b9065f417d82',
  'cache-control' => 'no-cache',
  'accept' => '*/*',
  'user-agent' => 'PostmanRuntime/7.15.0',
  'content-type' => 'application/x-www-form-urlencoded',
)
[ info ] [ PARAM ] array (
  'prefix' => 'image',
  'suffix' => '.png',
  'filePath' => 'C:\\Users\\csq\\Desktop\\peini.png',
)
[ info ] [ RUN ] app\api\controller\Qiniu->upload[ D:\pei\application\api\controller\Qiniu.php ]
[ info ] [ LOG ] INIT File
---------------------------------------------------------------
[ 2019-07-07T10:34:11+08:00 ] 127.0.0.1 POST /api/qiniu/upload
[ info ] www.csshayudj.com/api/qiniu/upload [运行时间：2.286905s][吞吐率：0.44req/s] [内存消耗：1,278.35kb] [文件加载：46]
[ info ] [ LANG ] D:\pei\thinkphp\lang\zh-cn.php
[ info ] [ ROUTE ] array (
  'type' => 'module',
  'module' => 
  array (
    0 => 'api',
    1 => 'qiniu',
    2 => 'upload',
  ),
)
[ info ] [ HEADER ] array (
  'connection' => 'keep-alive',
  'content-length' => '74',
  'accept-encoding' => 'gzip, deflate',
  'host' => 'www.csshayudj.com',
  'postman-token' => '77ae6144-4825-43b3-aa93-8ac69562e741',
  'cache-control' => 'no-cache',
  'accept' => '*/*',
  'user-agent' => 'PostmanRuntime/7.15.0',
  'content-type' => 'application/x-www-form-urlencoded',
)
[ info ] [ PARAM ] array (
  'prefix' => 'image',
  'suffix' => '.png',
  'filePath' => 'C:\\Users\\csq\\Desktop\\peini.png',
)
[ info ] [ RUN ] app\api\controller\Qiniu->upload[ D:\pei\application\api\controller\Qiniu.php ]
[ info ] [ LOG ] INIT File
[ error ] [0]variable type error： array[D:\pei\thinkphp\library\think\Response.php:316]
---------------------------------------------------------------
[ 2019-07-07T10:34:27+08:00 ] 127.0.0.1 POST /api/qiniu/upload
[ info ] www.csshayudj.com/api/qiniu/upload [运行时间：2.160437s][吞吐率：0.46req/s] [内存消耗：1,278.35kb] [文件加载：46]
[ info ] [ LANG ] D:\pei\thinkphp\lang\zh-cn.php
[ info ] [ ROUTE ] array (
  'type' => 'module',
  'module' => 
  array (
    0 => 'api',
    1 => 'qiniu',
    2 => 'upload',
  ),
)
[ info ] [ HEADER ] array (
  'connection' => 'keep-alive',
  'content-length' => '74',
  'accept-encoding' => 'gzip, deflate',
  'host' => 'www.csshayudj.com',
  'postman-token' => 'fc298aad-afbc-428d-b811-7ed4bc25602a',
  'cache-control' => 'no-cache',
  'accept' => '*/*',
  'user-agent' => 'PostmanRuntime/7.15.0',
  'content-type' => 'application/x-www-form-urlencoded',
)
[ info ] [ PARAM ] array (
  'prefix' => 'image',
  'suffix' => '.png',
  'filePath' => 'C:\\Users\\csq\\Desktop\\peini.png',
)
[ info ] [ RUN ] app\api\controller\Qiniu->upload[ D:\pei\application\api\controller\Qiniu.php ]
[ info ] [ LOG ] INIT File
[ error ] [0]variable type error： array[D:\pei\thinkphp\library\think\Response.php:316]
---------------------------------------------------------------
[ 2019-07-07T10:34:47+08:00 ] 127.0.0.1 POST /api/qiniu/upload
[ info ] www.csshayudj.com/api/qiniu/upload [运行时间：1.992568s][吞吐率：0.50req/s] [内存消耗：1,278.15kb] [文件加载：46]
[ info ] [ LANG ] D:\pei\thinkphp\lang\zh-cn.php
[ info ] [ ROUTE ] array (
  'type' => 'module',
  'module' => 
  array (
    0 => 'api',
    1 => 'qiniu',
    2 => 'upload',
  ),
)
[ info ] [ HEADER ] array (
  'connection' => 'keep-alive',
  'content-length' => '74',
  'accept-encoding' => 'gzip, deflate',
  'host' => 'www.csshayudj.com',
  'postman-token' => '9e1a12a4-6164-4c5b-8741-bf339f014dd0',
  'cache-control' => 'no-cache',
  'accept' => '*/*',
  'user-agent' => 'PostmanRuntime/7.15.0',
  'content-type' => 'application/x-www-form-urlencoded',
)
[ info ] [ PARAM ] array (
  'prefix' => 'image',
  'suffix' => '.png',
  'filePath' => 'C:\\Users\\csq\\Desktop\\peini.png',
)
[ info ] [ RUN ] app\api\controller\Qiniu->upload[ D:\pei\application\api\controller\Qiniu.php ]
[ info ] [ LOG ] INIT File
[ error ] [0]variable type error： array[D:\pei\thinkphp\library\think\Response.php:316]
---------------------------------------------------------------
[ 2019-07-07T10:35:06+08:00 ] 127.0.0.1 POST /api/qiniu/upload
[ info ] www.csshayudj.com/api/qiniu/upload [运行时间：2.041142s][吞吐率：0.49req/s] [内存消耗：2,631.27kb] [文件加载：42]
[ info ] [ LANG ] D:\pei\thinkphp\lang\zh-cn.php
[ info ] [ ROUTE ] array (
  'type' => 'module',
  'module' => 
  array (
    0 => 'api',
    1 => 'qiniu',
    2 => 'upload',
  ),
)
[ info ] [ HEADER ] array (
  'connection' => 'keep-alive',
  'content-length' => '74',
  'accept-encoding' => 'gzip, deflate',
  'host' => 'www.csshayudj.com',
  'postman-token' => '27f5ad32-b170-4c01-b567-a2153f9a4997',
  'cache-control' => 'no-cache',
  'accept' => '*/*',
  'user-agent' => 'PostmanRuntime/7.15.0',
  'content-type' => 'application/x-www-form-urlencoded',
)
[ info ] [ PARAM ] array (
  'prefix' => 'image',
  'suffix' => '.png',
  'filePath' => 'C:\\Users\\csq\\Desktop\\peini.png',
)
[ info ] [ RUN ] app\api\controller\Qiniu->upload[ D:\pei\application\api\controller\Qiniu.php ]
[ info ] [ LOG ] INIT File
---------------------------------------------------------------
[ 2019-07-07T10:35:35+08:00 ] 127.0.0.1 POST /api/qiniu/upload
[ info ] www.csshayudj.com/api/qiniu/upload [运行时间：2.079739s][吞吐率：0.48req/s] [内存消耗：1,277.98kb] [文件加载：46]
[ info ] [ LANG ] D:\pei\thinkphp\lang\zh-cn.php
[ info ] [ ROUTE ] array (
  'type' => 'module',
  'module' => 
  array (
    0 => 'api',
    1 => 'qiniu',
    2 => 'upload',
  ),
)
[ info ] [ HEADER ] array (
  'connection' => 'keep-alive',
  'content-length' => '74',
  'accept-encoding' => 'gzip, deflate',
  'host' => 'www.csshayudj.com',
  'postman-token' => '612d5bfb-9ccb-4e8c-a01b-a91561311561',
  'cache-control' => 'no-cache',
  'accept' => '*/*',
  'user-agent' => 'PostmanRuntime/7.15.0',
  'content-type' => 'application/x-www-form-urlencoded',
)
[ info ] [ PARAM ] array (
  'prefix' => 'image',
  'suffix' => '.png',
  'filePath' => 'C:\\Users\\csq\\Desktop\\peini.png',
)
[ info ] [ RUN ] app\api\controller\Qiniu->upload[ D:\pei\application\api\controller\Qiniu.php ]
[ info ] [ LOG ] INIT File
[ error ] [0]variable type error： array[D:\pei\thinkphp\library\think\Response.php:316]
---------------------------------------------------------------
[ 2019-07-07T10:35:51+08:00 ] 127.0.0.1 POST /api/qiniu/upload
[ info ] www.csshayudj.com/api/qiniu/upload [运行时间：2.427357s][吞吐率：0.41req/s] [内存消耗：2,631.40kb] [文件加载：42]
[ info ] [ LANG ] D:\pei\thinkphp\lang\zh-cn.php
[ info ] [ ROUTE ] array (
  'type' => 'module',
  'module' => 
  array (
    0 => 'api',
    1 => 'qiniu',
    2 => 'upload',
  ),
)
[ info ] [ HEADER ] array (
  'connection' => 'keep-alive',
  'content-length' => '74',
  'accept-encoding' => 'gzip, deflate',
  'host' => 'www.csshayudj.com',
  'postman-token' => '16daa25c-46e2-44ed-92af-6ed96267acc6',
  'cache-control' => 'no-cache',
  'accept' => '*/*',
  'user-agent' => 'PostmanRuntime/7.15.0',
  'content-type' => 'application/x-www-form-urlencoded',
)
[ info ] [ PARAM ] array (
  'prefix' => 'image',
  'suffix' => '.png',
  'filePath' => 'C:\\Users\\csq\\Desktop\\peini.png',
)
[ info ] [ RUN ] app\api\controller\Qiniu->upload[ D:\pei\application\api\controller\Qiniu.php ]
[ info ] [ LOG ] INIT File
---------------------------------------------------------------
[ 2019-07-07T10:36:35+08:00 ] 127.0.0.1 POST /api/qiniu/upload
[ info ] www.csshayudj.com/api/qiniu/upload [运行时间：2.100705s][吞吐率：0.48req/s] [内存消耗：2,631.51kb] [文件加载：42]
[ info ] [ LANG ] D:\pei\thinkphp\lang\zh-cn.php
[ info ] [ ROUTE ] array (
  'type' => 'module',
  'module' => 
  array (
    0 => 'api',
    1 => 'qiniu',
    2 => 'upload',
  ),
)
[ info ] [ HEADER ] array (
  'connection' => 'keep-alive',
  'content-length' => '74',
  'accept-encoding' => 'gzip, deflate',
  'host' => 'www.csshayudj.com',
  'postman-token' => '6694316c-db7e-45b0-b197-ffbb089e97ed',
  'cache-control' => 'no-cache',
  'accept' => '*/*',
  'user-agent' => 'PostmanRuntime/7.15.0',
  'content-type' => 'application/x-www-form-urlencoded',
)
[ info ] [ PARAM ] array (
  'prefix' => 'image',
  'suffix' => '.png',
  'filePath' => 'C:\\Users\\csq\\Desktop\\peini.png',
)
[ info ] [ RUN ] app\api\controller\Qiniu->upload[ D:\pei\application\api\controller\Qiniu.php ]
[ info ] [ LOG ] INIT File
---------------------------------------------------------------
[ 2019-07-07T10:37:20+08:00 ] 127.0.0.1 POST /api/qiniu/upload
[ info ] www.csshayudj.com/api/qiniu/upload [运行时间：2.097922s][吞吐率：0.48req/s] [内存消耗：1,278.35kb] [文件加载：46]
[ info ] [ LANG ] D:\pei\thinkphp\lang\zh-cn.php
[ info ] [ ROUTE ] array (
  'type' => 'module',
  'module' => 
  array (
    0 => 'api',
    1 => 'qiniu',
    2 => 'upload',
  ),
)
[ info ] [ HEADER ] array (
  'connection' => 'keep-alive',
  'content-length' => '74',
  'accept-encoding' => 'gzip, deflate',
  'host' => 'www.csshayudj.com',
  'postman-token' => '6a0f5128-29c5-4a6a-9961-d25bfc239292',
  'cache-control' => 'no-cache',
  'accept' => '*/*',
  'user-agent' => 'PostmanRuntime/7.15.0',
  'content-type' => 'application/x-www-form-urlencoded',
)
[ info ] [ PARAM ] array (
  'prefix' => 'image',
  'suffix' => '.png',
  'filePath' => 'C:\\Users\\csq\\Desktop\\peini.png',
)
[ info ] [ RUN ] app\api\controller\Qiniu->upload[ D:\pei\application\api\controller\Qiniu.php ]
[ info ] [ LOG ] INIT File
[ error ] [0]variable type error： array[D:\pei\thinkphp\library\think\Response.php:316]
---------------------------------------------------------------
[ 2019-07-07T10:37:42+08:00 ] 127.0.0.1 POST /api/qiniu/upload
[ info ] www.csshayudj.com/api/qiniu/upload [运行时间：2.242300s][吞吐率：0.45req/s] [内存消耗：1,278.77kb] [文件加载：46]
[ info ] [ LANG ] D:\pei\thinkphp\lang\zh-cn.php
[ info ] [ ROUTE ] array (
  'type' => 'module',
  'module' => 
  array (
    0 => 'api',
    1 => 'qiniu',
    2 => 'upload',
  ),
)
[ info ] [ HEADER ] array (
  'connection' => 'keep-alive',
  'content-length' => '74',
  'accept-encoding' => 'gzip, deflate',
  'host' => 'www.csshayudj.com',
  'postman-token' => 'fc06cd43-d286-4532-b60b-d8f2cfaa492a',
  'cache-control' => 'no-cache',
  'accept' => '*/*',
  'user-agent' => 'PostmanRuntime/7.15.0',
  'content-type' => 'application/x-www-form-urlencoded',
)
[ info ] [ PARAM ] array (
  'prefix' => 'image',
  'suffix' => '.png',
  'filePath' => 'C:\\Users\\csq\\Desktop\\peini.png',
)
[ info ] [ RUN ] app\api\controller\Qiniu->upload[ D:\pei\application\api\controller\Qiniu.php ]
[ info ] [ LOG ] INIT File
[ error ] [0]variable type error： array[D:\pei\thinkphp\library\think\Response.php:316]
---------------------------------------------------------------
[ 2019-07-07T10:38:11+08:00 ] 127.0.0.1 POST /api/qiniu/upload
[ info ] www.csshayudj.com/api/qiniu/upload [运行时间：1.998448s][吞吐率：0.50req/s] [内存消耗：2,631.51kb] [文件加载：42]
[ info ] [ LANG ] D:\pei\thinkphp\lang\zh-cn.php
[ info ] [ ROUTE ] array (
  'type' => 'module',
  'module' => 
  array (
    0 => 'api',
    1 => 'qiniu',
    2 => 'upload',
  ),
)
[ info ] [ HEADER ] array (
  'connection' => 'keep-alive',
  'content-length' => '74',
  'accept-encoding' => 'gzip, deflate',
  'host' => 'www.csshayudj.com',
  'postman-token' => '24873fdb-0d55-49ee-97a6-c3b2280bd205',
  'cache-control' => 'no-cache',
  'accept' => '*/*',
  'user-agent' => 'PostmanRuntime/7.15.0',
  'content-type' => 'application/x-www-form-urlencoded',
)
[ info ] [ PARAM ] array (
  'prefix' => 'image',
  'suffix' => '.png',
  'filePath' => 'C:\\Users\\csq\\Desktop\\peini.png',
)
[ info ] [ RUN ] app\api\controller\Qiniu->upload[ D:\pei\application\api\controller\Qiniu.php ]
[ info ] [ LOG ] INIT File
---------------------------------------------------------------
[ 2019-07-07T10:39:24+08:00 ] 127.0.0.1 POST /api/qiniu/upload
[ info ] www.csshayudj.com/api/qiniu/upload [运行时间：0.045365s][吞吐率：22.04req/s] [内存消耗：1,487.25kb] [文件加载：48]
[ info ] [ LANG ] D:\pei\thinkphp\lang\zh-cn.php
[ info ] [ ROUTE ] array (
  'type' => 'module',
  'module' => 
  array (
    0 => 'api',
    1 => 'qiniu',
    2 => 'upload',
  ),
)
[ info ] [ HEADER ] array (
  'connection' => 'keep-alive',
  'content-length' => '74',
  'accept-encoding' => 'gzip, deflate',
  'host' => 'www.csshayudj.com',
  'postman-token' => '7fc540d9-d4c5-4c09-9393-34b59503ac06',
  'cache-control' => 'no-cache',
  'accept' => '*/*',
  'user-agent' => 'PostmanRuntime/7.15.0',
  'content-type' => 'application/x-www-form-urlencoded',
)
[ info ] [ PARAM ] array (
  'prefix' => 'image',
  'suffix' => '.png',
  'filePath' => 'C:\\Users\\csq\\Desktop\\peini.png',
)
[ info ] [ RUN ] app\api\controller\Qiniu->upload[ D:\pei\application\api\controller\Qiniu.php ]
[ info ] [ LOG ] INIT File
[ error ] [0]类型错误: Argument 1 passed to Qiniu\Storage\BucketManager::__construct() must be an instance of Qiniu\Auth, instance of app\api\controller\Auth given, called in D:\pei\application\api\controller\Qiniu.php on line 90[D:\pei\vendor\php-sdk\src\Qiniu\Storage\BucketManager.php:20]
---------------------------------------------------------------
[ 2019-07-07T10:40:00+08:00 ] 127.0.0.1 POST /api/qiniu/upload
[ info ] www.csshayudj.com/api/qiniu/upload [运行时间：0.039880s][吞吐率：25.08req/s] [内存消耗：1,486.72kb] [文件加载：48]
[ info ] [ LANG ] D:\pei\thinkphp\lang\zh-cn.php
[ info ] [ ROUTE ] array (
  'type' => 'module',
  'module' => 
  array (
    0 => 'api',
    1 => 'qiniu',
    2 => 'upload',
  ),
)
[ info ] [ HEADER ] array (
  'connection' => 'keep-alive',
  'content-length' => '74',
  'accept-encoding' => 'gzip, deflate',
  'host' => 'www.csshayudj.com',
  'postman-token' => '5cddd30b-00b5-48b0-9015-88667d9f428f',
  'cache-control' => 'no-cache',
  'accept' => '*/*',
  'user-agent' => 'PostmanRuntime/7.15.0',
  'content-type' => 'application/x-www-form-urlencoded',
)
[ info ] [ PARAM ] array (
  'prefix' => 'image',
  'suffix' => '.png',
  'filePath' => 'C:\\Users\\csq\\Desktop\\peini.png',
)
[ info ] [ RUN ] app\api\controller\Qiniu->upload[ D:\pei\application\api\controller\Qiniu.php ]
[ info ] [ LOG ] INIT File
[ error ] [0]致命错误: Call to undefined method app\api\controller\Auth::authorization()[D:\pei\vendor\php-sdk\src\Qiniu\Storage\BucketManager.php:988]
---------------------------------------------------------------
[ 2019-07-07T10:40:37+08:00 ] 127.0.0.1 POST /api/qiniu/upload
[ info ] www.csshayudj.com/api/qiniu/upload [运行时间：0.028356s][吞吐率：35.27req/s] [内存消耗：2,838.53kb] [文件加载：43]
[ info ] [ LANG ] D:\pei\thinkphp\lang\zh-cn.php
[ info ] [ ROUTE ] array (
  'type' => 'module',
  'module' => 
  array (
    0 => 'api',
    1 => 'qiniu',
    2 => 'upload',
  ),
)
[ info ] [ HEADER ] array (
  'connection' => 'keep-alive',
  'content-length' => '74',
  'accept-encoding' => 'gzip, deflate',
  'host' => 'www.csshayudj.com',
  'postman-token' => 'aa2a07b8-5a9e-45bb-8c88-a72bfc0e430e',
  'cache-control' => 'no-cache',
  'accept' => '*/*',
  'user-agent' => 'PostmanRuntime/7.15.0',
  'content-type' => 'application/x-www-form-urlencoded',
)
[ info ] [ PARAM ] array (
  'prefix' => 'image',
  'suffix' => '.png',
  'filePath' => 'C:\\Users\\csq\\Desktop\\peini.png',
)
[ info ] [ RUN ] app\api\controller\Qiniu->upload[ D:\pei\application\api\controller\Qiniu.php ]
[ info ] [ LOG ] INIT File
---------------------------------------------------------------
[ 2019-07-07T10:41:19+08:00 ] 127.0.0.1 POST /api/qiniu/upload
[ info ] www.csshayudj.com/api/qiniu/upload [运行时间：0.031744s][吞吐率：31.50req/s] [内存消耗：1,487.25kb] [文件加载：48]
[ info ] [ LANG ] D:\pei\thinkphp\lang\zh-cn.php
[ info ] [ ROUTE ] array (
  'type' => 'module',
  'module' => 
  array (
    0 => 'api',
    1 => 'qiniu',
    2 => 'upload',
  ),
)
[ info ] [ HEADER ] array (
  'connection' => 'keep-alive',
  'content-length' => '74',
  'accept-encoding' => 'gzip, deflate',
  'host' => 'www.csshayudj.com',
  'postman-token' => '78a71aae-600c-4ce2-9e6a-a82ac0ca0c8e',
  'cache-control' => 'no-cache',
  'accept' => '*/*',
  'user-agent' => 'PostmanRuntime/7.15.0',
  'content-type' => 'application/x-www-form-urlencoded',
)
[ info ] [ PARAM ] array (
  'prefix' => 'image',
  'suffix' => '.png',
  'filePath' => 'C:\\Users\\csq\\Desktop\\peini.png',
)
[ info ] [ RUN ] app\api\controller\Qiniu->upload[ D:\pei\application\api\controller\Qiniu.php ]
[ info ] [ LOG ] INIT File
[ error ] [0]类型错误: Argument 1 passed to Qiniu\Storage\BucketManager::__construct() must be an instance of Qiniu\Auth, instance of app\api\controller\Auth given, called in D:\pei\application\api\controller\Qiniu.php on line 90[D:\pei\vendor\php-sdk\src\Qiniu\Storage\BucketManager.php:20]
---------------------------------------------------------------
[ 2019-07-07T10:41:51+08:00 ] 127.0.0.1 POST /api/qiniu/upload
[ info ] www.csshayudj.com/api/qiniu/upload [运行时间：2.504047s][吞吐率：0.40req/s] [内存消耗：1,278.35kb] [文件加载：46]
[ info ] [ LANG ] D:\pei\thinkphp\lang\zh-cn.php
[ info ] [ ROUTE ] array (
  'type' => 'module',
  'module' => 
  array (
    0 => 'api',
    1 => 'qiniu',
    2 => 'upload',
  ),
)
[ info ] [ HEADER ] array (
  'connection' => 'keep-alive',
  'content-length' => '74',
  'accept-encoding' => 'gzip, deflate',
  'host' => 'www.csshayudj.com',
  'postman-token' => '377b26a7-8357-4810-b714-6434eb0f8e0e',
  'cache-control' => 'no-cache',
  'accept' => '*/*',
  'user-agent' => 'PostmanRuntime/7.15.0',
  'content-type' => 'application/x-www-form-urlencoded',
)
[ info ] [ PARAM ] array (
  'prefix' => 'image',
  'suffix' => '.png',
  'filePath' => 'C:\\Users\\csq\\Desktop\\peini.png',
)
[ info ] [ RUN ] app\api\controller\Qiniu->upload[ D:\pei\application\api\controller\Qiniu.php ]
[ info ] [ LOG ] INIT File
[ error ] [0]variable type error： array[D:\pei\thinkphp\library\think\Response.php:316]
---------------------------------------------------------------
[ 2019-07-07T10:42:25+08:00 ] 127.0.0.1 POST /api/qiniu/upload
[ info ] www.csshayudj.com/api/qiniu/upload [运行时间：3.578161s][吞吐率：0.28req/s] [内存消耗：2,631.51kb] [文件加载：42]
[ info ] [ LANG ] D:\pei\thinkphp\lang\zh-cn.php
[ info ] [ ROUTE ] array (
  'type' => 'module',
  'module' => 
  array (
    0 => 'api',
    1 => 'qiniu',
    2 => 'upload',
  ),
)
[ info ] [ HEADER ] array (
  'connection' => 'keep-alive',
  'content-length' => '74',
  'accept-encoding' => 'gzip, deflate',
  'host' => 'www.csshayudj.com',
  'postman-token' => '988fe701-da71-49dc-b8e0-866d33e1802d',
  'cache-control' => 'no-cache',
  'accept' => '*/*',
  'user-agent' => 'PostmanRuntime/7.15.0',
  'content-type' => 'application/x-www-form-urlencoded',
)
[ info ] [ PARAM ] array (
  'prefix' => 'image',
  'suffix' => '.png',
  'filePath' => 'C:\\Users\\csq\\Desktop\\peini.png',
)
[ info ] [ RUN ] app\api\controller\Qiniu->upload[ D:\pei\application\api\controller\Qiniu.php ]
[ info ] [ LOG ] INIT File
---------------------------------------------------------------
[ 2019-07-07T10:42:49+08:00 ] 127.0.0.1 POST /api/qiniu/upload
[ info ] www.csshayudj.com/api/qiniu/upload [运行时间：1.933391s][吞吐率：0.52req/s] [内存消耗：1,284.27kb] [文件加载：48]
[ info ] [ LANG ] D:\pei\thinkphp\lang\zh-cn.php
[ info ] [ ROUTE ] array (
  'type' => 'module',
  'module' => 
  array (
    0 => 'api',
    1 => 'qiniu',
    2 => 'upload',
  ),
)
[ info ] [ HEADER ] array (
  'connection' => 'keep-alive',
  'content-length' => '74',
  'accept-encoding' => 'gzip, deflate',
  'host' => 'www.csshayudj.com',
  'postman-token' => '7181e842-eeea-4033-8ebd-159c5f39b9de',
  'cache-control' => 'no-cache',
  'accept' => '*/*',
  'user-agent' => 'PostmanRuntime/7.15.0',
  'content-type' => 'application/x-www-form-urlencoded',
)
[ info ] [ PARAM ] array (
  'prefix' => 'image',
  'suffix' => '.png',
  'filePath' => 'C:\\Users\\csq\\Desktop\\peini.png',
)
[ info ] [ RUN ] app\api\controller\Qiniu->upload[ D:\pei\application\api\controller\Qiniu.php ]
[ info ] [ LOG ] INIT File
[ error ] [8]Array to string conversion[D:\pei\application\api\controller\Qiniu.php:55]
---------------------------------------------------------------
[ 2019-07-07T10:43:18+08:00 ] 127.0.0.1 POST /api/qiniu/upload
[ info ] www.csshayudj.com/api/qiniu/upload [运行时间：2.209553s][吞吐率：0.45req/s] [内存消耗：1,246.89kb] [文件加载：44]
[ info ] [ LANG ] D:\pei\thinkphp\lang\zh-cn.php
[ info ] [ ROUTE ] array (
  'type' => 'module',
  'module' => 
  array (
    0 => 'api',
    1 => 'qiniu',
    2 => 'upload',
  ),
)
[ info ] [ HEADER ] array (
  'connection' => 'keep-alive',
  'content-length' => '74',
  'accept-encoding' => 'gzip, deflate',
  'host' => 'www.csshayudj.com',
  'postman-token' => '1ea65e87-44c5-4d9d-8588-1701c313d331',
  'cache-control' => 'no-cache',
  'accept' => '*/*',
  'user-agent' => 'PostmanRuntime/7.15.0',
  'content-type' => 'application/x-www-form-urlencoded',
)
[ info ] [ PARAM ] array (
  'prefix' => 'image',
  'suffix' => '.png',
  'filePath' => 'C:\\Users\\csq\\Desktop\\peini.png',
)
[ info ] [ RUN ] app\api\controller\Qiniu->upload[ D:\pei\application\api\controller\Qiniu.php ]
[ info ] [ LOG ] INIT File
---------------------------------------------------------------
[ 2019-07-07T10:48:58+08:00 ] 127.0.0.1 POST /api/qiniu/upload
[ info ] www.csshayudj.com/api/qiniu/upload [运行时间：0.214527s][吞吐率：4.66req/s] [内存消耗：1,223.97kb] [文件加载：39]
[ info ] [ LANG ] D:\pei\thinkphp\lang\zh-cn.php
[ info ] [ ROUTE ] array (
  'type' => 'module',
  'module' => 
  array (
    0 => 'api',
    1 => 'qiniu',
    2 => 'upload',
  ),
)
[ info ] [ HEADER ] array (
  'connection' => 'keep-alive',
  'content-length' => '74',
  'accept-encoding' => 'gzip, deflate',
  'host' => 'www.csshayudj.com',
  'postman-token' => '3e6abd9a-73f9-4385-9395-0a3c28047c7c',
  'cache-control' => 'no-cache',
  'accept' => '*/*',
  'user-agent' => 'PostmanRuntime/7.15.0',
  'content-type' => 'application/x-www-form-urlencoded',
)
[ info ] [ PARAM ] array (
  'prefix' => 'image',
  'suffix' => '.png',
  'filePath' => 'C:\\Users\\csq\\Desktop\\peini.png',
)
[ info ] [ RUN ] app\api\controller\Qiniu->upload[ D:\pei\application\api\controller\Qiniu.php ]
[ info ] [ LOG ] INIT File
---------------------------------------------------------------
[ 2019-07-07T10:50:24+08:00 ] 127.0.0.1 POST /api/qiniu/upload
[ info ] www.csshayudj.com/api/qiniu/upload [运行时间：2.422706s][吞吐率：0.41req/s] [内存消耗：1,330.66kb] [文件加载：46]
[ info ] [ LANG ] D:\pei\thinkphp\lang\zh-cn.php
[ info ] [ ROUTE ] array (
  'type' => 'module',
  'module' => 
  array (
    0 => 'api',
    1 => 'qiniu',
    2 => 'upload',
  ),
)
[ info ] [ HEADER ] array (
  'connection' => 'keep-alive',
  'content-length' => '74',
  'accept-encoding' => 'gzip, deflate',
  'host' => 'www.csshayudj.com',
  'postman-token' => 'b34c2a76-4b65-4b56-a313-22881e93fc53',
  'cache-control' => 'no-cache',
  'accept' => '*/*',
  'user-agent' => 'PostmanRuntime/7.15.0',
  'content-type' => 'application/x-www-form-urlencoded',
)
[ info ] [ PARAM ] array (
  'prefix' => 'image',
  'suffix' => '.png',
  'filePath' => 'C:\\Users\\csq\\Desktop\\peini.png',
)
[ info ] [ RUN ] app\api\controller\Qiniu->upload[ D:\pei\application\api\controller\Qiniu.php ]
[ info ] [ LOG ] INIT File
---------------------------------------------------------------
[ 2019-07-07T10:50:50+08:00 ] 127.0.0.1 POST /api/qiniu/upload
[ info ] www.csshayudj.com/api/qiniu/upload [运行时间：1.748586s][吞吐率：0.57req/s] [内存消耗：1,362.12kb] [文件加载：48]
[ info ] [ LANG ] D:\pei\thinkphp\lang\zh-cn.php
[ info ] [ ROUTE ] array (
  'type' => 'module',
  'module' => 
  array (
    0 => 'api',
    1 => 'qiniu',
    2 => 'upload',
  ),
)
[ info ] [ HEADER ] array (
  'connection' => 'keep-alive',
  'content-length' => '74',
  'accept-encoding' => 'gzip, deflate',
  'host' => 'www.csshayudj.com',
  'postman-token' => '32a79bce-2c23-4daf-8a44-823eabbe50f4',
  'cache-control' => 'no-cache',
  'accept' => '*/*',
  'user-agent' => 'PostmanRuntime/7.15.0',
  'content-type' => 'application/x-www-form-urlencoded',
)
[ info ] [ PARAM ] array (
  'prefix' => 'image',
  'suffix' => '.png',
  'filePath' => 'C:\\Users\\csq\\Desktop\\peini.png',
)
[ info ] [ RUN ] app\api\controller\Qiniu->upload[ D:\pei\application\api\controller\Qiniu.php ]
[ info ] [ LOG ] INIT File
[ error ] [0]variable type error： array[D:\pei\thinkphp\library\think\Response.php:316]
---------------------------------------------------------------
[ 2019-07-07T10:51:02+08:00 ] 127.0.0.1 POST /api/qiniu/upload
[ info ] www.csshayudj.com/api/qiniu/upload [运行时间：2.400182s][吞吐率：0.42req/s] [内存消耗：1,330.66kb] [文件加载：46]
[ info ] [ LANG ] D:\pei\thinkphp\lang\zh-cn.php
[ info ] [ ROUTE ] array (
  'type' => 'module',
  'module' => 
  array (
    0 => 'api',
    1 => 'qiniu',
    2 => 'upload',
  ),
)
[ info ] [ HEADER ] array (
  'connection' => 'keep-alive',
  'content-length' => '74',
  'accept-encoding' => 'gzip, deflate',
  'host' => 'www.csshayudj.com',
  'postman-token' => '300d4137-84f9-47a9-b25a-33e455966534',
  'cache-control' => 'no-cache',
  'accept' => '*/*',
  'user-agent' => 'PostmanRuntime/7.15.0',
  'content-type' => 'application/x-www-form-urlencoded',
)
[ info ] [ PARAM ] array (
  'prefix' => 'image',
  'suffix' => '.png',
  'filePath' => 'C:\\Users\\csq\\Desktop\\peini.png',
)
[ info ] [ RUN ] app\api\controller\Qiniu->upload[ D:\pei\application\api\controller\Qiniu.php ]
[ info ] [ LOG ] INIT File
