---------------------------------------------------------------
[ 2019-07-09T09:28:11+08:00 ] 127.0.0.1 POST /api/qiniu/upload
[ info ] www.csshayudj.com/api/qiniu/upload [运行时间：2.487814s][吞吐率：0.40req/s] [内存消耗：1,330.80kb] [文件加载：46]
[ info ] [ LANG ] D:\pei\thinkphp\lang\zh-cn.php
[ info ] [ ROUTE ] array (
  'type' => 'module',
  'module' => 
  array (
    0 => 'api',
    1 => 'qiniu',
    2 => 'upload',
  ),
)
[ info ] [ HEADER ] array (
  'connection' => 'keep-alive',
  'content-length' => '74',
  'accept-encoding' => 'gzip, deflate',
  'host' => 'www.csshayudj.com',
  'postman-token' => '654d54e5-a37f-4400-b8db-af4838ae4c81',
  'cache-control' => 'no-cache',
  'accept' => '*/*',
  'user-agent' => 'PostmanRuntime/7.15.0',
  'content-type' => 'application/x-www-form-urlencoded',
)
[ info ] [ PARAM ] array (
  'prefix' => 'image',
  'suffix' => '.png',
  'filePath' => 'C:\\Users\\csq\\Desktop\\peini.png',
)
[ info ] [ RUN ] app\api\controller\Qiniu->upload[ D:\pei\application\api\controller\Qiniu.php ]
[ info ] [ LOG ] INIT File
---------------------------------------------------------------
[ 2019-07-09T09:38:35+08:00 ] 127.0.0.1 GET /admin/index/index
[ info ] www.csshayudj.com/admin/index/index [运行时间：1.098740s][吞吐率：0.91req/s] [内存消耗：2,187.71kb] [文件加载：52]
[ info ] [ LANG ] D:\pei\thinkphp\lang\zh-cn.php
[ info ] [ ROUTE ] array (
  'type' => 'module',
  'module' => 
  array (
    0 => 'admin',
    1 => 'index',
    2 => 'index',
  ),
)
[ info ] [ HEADER ] array (
  'cookie' => 'pgv_pvi=2896157696; pgv_si=s47170560; PHPSESSID=vqa54qp40fdnihqcq88vev3pf9',
  'accept-language' => 'zh-CN,zh;q=0.9',
  'accept-encoding' => 'gzip, deflate',
  'accept' => 'text/html,application/xhtml+xml,application/xml;q=0.9,image/webp,image/apng,*/*;q=0.8,application/signed-exchange;v=b3',
  'user-agent' => 'Mozilla/5.0 (Windows NT 10.0; WOW64) AppleWebKit/537.36 (KHTML, like Gecko) Chrome/74.0.3729.169 Safari/537.36',
  'upgrade-insecure-requests' => '1',
  'cache-control' => 'max-age=0',
  'connection' => 'keep-alive',
  'host' => 'www.csshayudj.com',
  'content-length' => '',
  'content-type' => '',
)
[ info ] [ PARAM ] array (
)
[ info ] [ SESSION ] INIT array (
  'id' => '',
  'var_session_id' => '',
  'prefix' => 'think',
  'type' => '',
  'auto_start' => true,
)
[ info ] [ RUN ] app\admin\controller\Index->index[ D:\pei\application\admin\controller\Index.php ]
[ info ] [ DB ] INIT mysql
[ info ] [ VIEW ] D:\pei\public/../application/admin\view\index\index.html [ array (
  0 => 'menu_role',
  1 => 'menu_list_one',
  2 => 'menu_list_two',
) ]
[ info ] [ LOG ] INIT File
[ sql ] [ DB ] CONNECT:[ UseTime:0.047912s ] mysql:host=39.98.195.90;dbname=peini;charset=utf8
[ sql ] [ SQL ] SHOW COLUMNS FROM `pn_role` [ RunTime:0.035934s ]
[ sql ] [ SQL ] SELECT `role_permission` FROM `pn_role` WHERE  (  id = 1 ) LIMIT 1 [ RunTime:0.037293s ]
[ sql ] [ SQL ] SHOW COLUMNS FROM `pn_menu` [ RunTime:0.023523s ]
[ sql ] [ SQL ] SELECT * FROM `pn_menu` WHERE  (  level = 1 and statu = 1 ) [ RunTime:0.022742s ]
[ sql ] [ SQL ] SELECT * FROM `pn_menu` WHERE  (  level = 2 and statu = 1 ) [ RunTime:0.023022s ]
---------------------------------------------------------------
[ 2019-07-09T09:38:36+08:00 ] 127.0.0.1 GET /admin/index/welcome
[ info ] www.csshayudj.com/admin/index/welcome [运行时间：0.146167s][吞吐率：6.84req/s] [内存消耗：1,435.00kb] [文件加载：43]
[ info ] [ LANG ] D:\pei\thinkphp\lang\zh-cn.php
[ info ] [ ROUTE ] array (
  'type' => 'module',
  'module' => 
  array (
    0 => 'admin',
    1 => 'index',
    2 => 'welcome',
  ),
)
[ info ] [ HEADER ] array (
  'cookie' => 'pgv_pvi=2896157696; pgv_si=s47170560; PHPSESSID=vqa54qp40fdnihqcq88vev3pf9',
  'accept-language' => 'zh-CN,zh;q=0.9',
  'accept-encoding' => 'gzip, deflate',
  'referer' => 'http://www.csshayudj.com/admin/index/index',
  'accept' => 'text/html,application/xhtml+xml,application/xml;q=0.9,image/webp,image/apng,*/*;q=0.8,application/signed-exchange;v=b3',
  'user-agent' => 'Mozilla/5.0 (Windows NT 10.0; WOW64) AppleWebKit/537.36 (KHTML, like Gecko) Chrome/74.0.3729.169 Safari/537.36',
  'upgrade-insecure-requests' => '1',
  'connection' => 'keep-alive',
  'host' => 'www.csshayudj.com',
  'content-length' => '',
  'content-type' => '',
)
[ info ] [ PARAM ] array (
)
[ info ] [ SESSION ] INIT array (
  'id' => '',
  'var_session_id' => '',
  'prefix' => 'think',
  'type' => '',
  'auto_start' => true,
)
[ info ] [ RUN ] app\admin\controller\Index->welcome[ D:\pei\application\admin\controller\Index.php ]
[ info ] [ VIEW ] D:\pei\public/../application/admin\view\index\welcome.html [ array (
  0 => 'menu_role',
) ]
[ info ] [ LOG ] INIT File
---------------------------------------------------------------
[ 2019-07-09T09:38:36+08:00 ] 127.0.0.1 GET /admin/banner/bannerlist
[ info ] www.csshayudj.com/admin/banner/bannerlist [运行时间：0.351313s][吞吐率：2.85req/s] [内存消耗：2,309.48kb] [文件加载：55]
[ info ] [ LANG ] D:\pei\thinkphp\lang\zh-cn.php
[ info ] [ ROUTE ] array (
  'type' => 'module',
  'module' => 
  array (
    0 => 'admin',
    1 => 'banner',
    2 => 'bannerlist',
  ),
)
[ info ] [ HEADER ] array (
  'cookie' => 'pgv_pvi=2896157696; pgv_si=s47170560; PHPSESSID=vqa54qp40fdnihqcq88vev3pf9',
  'accept-language' => 'zh-CN,zh;q=0.9',
  'accept-encoding' => 'gzip, deflate',
  'referer' => 'http://www.csshayudj.com/admin/index/index',
  'accept' => 'text/html,application/xhtml+xml,application/xml;q=0.9,image/webp,image/apng,*/*;q=0.8,application/signed-exchange;v=b3',
  'user-agent' => 'Mozilla/5.0 (Windows NT 10.0; WOW64) AppleWebKit/537.36 (KHTML, like Gecko) Chrome/74.0.3729.169 Safari/537.36',
  'upgrade-insecure-requests' => '1',
  'connection' => 'keep-alive',
  'host' => 'www.csshayudj.com',
  'content-length' => '',
  'content-type' => '',
)
[ info ] [ PARAM ] array (
)
[ info ] [ SESSION ] INIT array (
  'id' => '',
  'var_session_id' => '',
  'prefix' => 'think',
  'type' => '',
  'auto_start' => true,
)
[ info ] [ RUN ] app\admin\controller\Banner->Bannerlist[ D:\pei\application\admin\controller\Banner.php ]
[ info ] [ DB ] INIT mysql
[ info ] [ VIEW ] D:\pei\public/../application/admin\view\banner\bannerlist.html [ array (
  0 => 'menu_role',
  1 => 'list',
) ]
[ info ] [ LOG ] INIT File
[ sql ] [ DB ] CONNECT:[ UseTime:0.044371s ] mysql:host=39.98.195.90;dbname=peini;charset=utf8
[ sql ] [ SQL ] SHOW COLUMNS FROM `pn_banner` [ RunTime:0.028393s ]
[ sql ] [ SQL ] SELECT COUNT(*) AS tp_count FROM `pn_banner` WHERE  `status` <> '-1' LIMIT 1 [ RunTime:0.029305s ]
[ sql ] [ SQL ] SELECT * FROM `pn_banner` WHERE  `status` <> '-1' LIMIT 0,30 [ RunTime:0.029805s ]
---------------------------------------------------------------
[ 2019-07-09T09:38:37+08:00 ] 127.0.0.1 GET /admin/cate/work
[ info ] www.csshayudj.com/admin/cate/work [运行时间：0.325572s][吞吐率：3.07req/s] [内存消耗：2,330.73kb] [文件加载：55]
[ info ] [ LANG ] D:\pei\thinkphp\lang\zh-cn.php
[ info ] [ ROUTE ] array (
  'type' => 'module',
  'module' => 
  array (
    0 => 'admin',
    1 => 'cate',
    2 => 'work',
  ),
)
[ info ] [ HEADER ] array (
  'cookie' => 'pgv_pvi=2896157696; pgv_si=s47170560; PHPSESSID=vqa54qp40fdnihqcq88vev3pf9',
  'accept-language' => 'zh-CN,zh;q=0.9',
  'accept-encoding' => 'gzip, deflate',
  'referer' => 'http://www.csshayudj.com/admin/index/index',
  'accept' => 'text/html,application/xhtml+xml,application/xml;q=0.9,image/webp,image/apng,*/*;q=0.8,application/signed-exchange;v=b3',
  'user-agent' => 'Mozilla/5.0 (Windows NT 10.0; WOW64) AppleWebKit/537.36 (KHTML, like Gecko) Chrome/74.0.3729.169 Safari/537.36',
  'upgrade-insecure-requests' => '1',
  'connection' => 'keep-alive',
  'host' => 'www.csshayudj.com',
  'content-length' => '',
  'content-type' => '',
)
[ info ] [ PARAM ] array (
)
[ info ] [ SESSION ] INIT array (
  'id' => '',
  'var_session_id' => '',
  'prefix' => 'think',
  'type' => '',
  'auto_start' => true,
)
[ info ] [ RUN ] app\admin\controller\Cate->work[ D:\pei\application\admin\controller\Cate.php ]
[ info ] [ DB ] INIT mysql
[ info ] [ VIEW ] D:\pei\public/../application/admin\view\cate\work.html [ array (
  0 => 'menu_role',
  1 => 'data',
  2 => 'total',
  3 => 'list',
) ]
[ info ] [ LOG ] INIT File
[ sql ] [ DB ] CONNECT:[ UseTime:0.042089s ] mysql:host=39.98.195.90;dbname=peini;charset=utf8
[ sql ] [ SQL ] SHOW COLUMNS FROM `pn_work` [ RunTime:0.032537s ]
[ sql ] [ SQL ] SELECT COUNT(*) AS tp_count FROM `pn_work` LIMIT 1 [ RunTime:0.027576s ]
[ sql ] [ SQL ] SELECT * FROM `pn_work` ORDER BY `status` DESC,`addtime` DESC LIMIT 0,30 [ RunTime:0.028525s ]
---------------------------------------------------------------
[ 2019-07-09T09:38:37+08:00 ] 127.0.0.1 GET /admin/gift/index
[ info ] www.csshayudj.com/admin/gift/index [运行时间：0.323424s][吞吐率：3.09req/s] [内存消耗：2,244.34kb] [文件加载：54]
[ info ] [ LANG ] D:\pei\thinkphp\lang\zh-cn.php
[ info ] [ ROUTE ] array (
  'type' => 'module',
  'module' => 
  array (
    0 => 'admin',
    1 => 'gift',
    2 => 'index',
  ),
)
[ info ] [ HEADER ] array (
  'cookie' => 'pgv_pvi=2896157696; pgv_si=s47170560; PHPSESSID=vqa54qp40fdnihqcq88vev3pf9',
  'accept-language' => 'zh-CN,zh;q=0.9',
  'accept-encoding' => 'gzip, deflate',
  'referer' => 'http://www.csshayudj.com/admin/index/index',
  'accept' => 'text/html,application/xhtml+xml,application/xml;q=0.9,image/webp,image/apng,*/*;q=0.8,application/signed-exchange;v=b3',
  'user-agent' => 'Mozilla/5.0 (Windows NT 10.0; WOW64) AppleWebKit/537.36 (KHTML, like Gecko) Chrome/74.0.3729.169 Safari/537.36',
  'upgrade-insecure-requests' => '1',
  'connection' => 'keep-alive',
  'host' => 'www.csshayudj.com',
  'content-length' => '',
  'content-type' => '',
)
[ info ] [ PARAM ] array (
)
[ info ] [ RUN ] app\admin\controller\Gift->index[ D:\pei\application\admin\controller\Gift.php ]
[ info ] [ DB ] INIT mysql
[ info ] [ VIEW ] D:\pei\public/../application/admin\view\gift\index.html [ array (
  0 => 'data',
  1 => 'total',
  2 => 'list',
) ]
[ info ] [ LOG ] INIT File
[ sql ] [ DB ] CONNECT:[ UseTime:0.040881s ] mysql:host=39.98.195.90;dbname=peini;charset=utf8
[ sql ] [ SQL ] SHOW COLUMNS FROM `pn_gift` [ RunTime:0.030326s ]
[ sql ] [ SQL ] SELECT COUNT(*) AS tp_count FROM `pn_gift` LIMIT 1 [ RunTime:0.027034s ]
[ sql ] [ SQL ] SELECT * FROM `pn_gift` LIMIT 0,30 [ RunTime:0.025258s ]
---------------------------------------------------------------
[ 2019-07-09T09:38:37+08:00 ] 127.0.0.1 GET /admin/cate/game
[ info ] www.csshayudj.com/admin/cate/game [运行时间：0.246325s][吞吐率：4.06req/s] [内存消耗：2,334.07kb] [文件加载：55]
[ info ] [ LANG ] D:\pei\thinkphp\lang\zh-cn.php
[ info ] [ ROUTE ] array (
  'type' => 'module',
  'module' => 
  array (
    0 => 'admin',
    1 => 'cate',
    2 => 'game',
  ),
)
[ info ] [ HEADER ] array (
  'cookie' => 'pgv_pvi=2896157696; pgv_si=s47170560; PHPSESSID=vqa54qp40fdnihqcq88vev3pf9',
  'accept-language' => 'zh-CN,zh;q=0.9',
  'accept-encoding' => 'gzip, deflate',
  'referer' => 'http://www.csshayudj.com/admin/index/index',
  'accept' => 'text/html,application/xhtml+xml,application/xml;q=0.9,image/webp,image/apng,*/*;q=0.8,application/signed-exchange;v=b3',
  'user-agent' => 'Mozilla/5.0 (Windows NT 10.0; WOW64) AppleWebKit/537.36 (KHTML, like Gecko) Chrome/74.0.3729.169 Safari/537.36',
  'upgrade-insecure-requests' => '1',
  'connection' => 'keep-alive',
  'host' => 'www.csshayudj.com',
  'content-length' => '',
  'content-type' => '',
)
[ info ] [ PARAM ] array (
)
[ info ] [ SESSION ] INIT array (
  'id' => '',
  'var_session_id' => '',
  'prefix' => 'think',
  'type' => '',
  'auto_start' => true,
)
[ info ] [ RUN ] app\admin\controller\Cate->game[ D:\pei\application\admin\controller\Cate.php ]
[ info ] [ DB ] INIT mysql
[ info ] [ VIEW ] D:\pei\public/../application/admin\view\cate\game.html [ array (
  0 => 'menu_role',
  1 => 'data',
  2 => 'total',
  3 => 'list',
) ]
[ info ] [ LOG ] INIT File
[ sql ] [ DB ] CONNECT:[ UseTime:0.042498s ] mysql:host=39.98.195.90;dbname=peini;charset=utf8
[ sql ] [ SQL ] SHOW COLUMNS FROM `pn_game` [ RunTime:0.033587s ]
[ sql ] [ SQL ] SELECT COUNT(*) AS tp_count FROM pn_game g INNER JOIN `pn_game_type` `t` ON `g`.`tid`=`t`.`tid` LIMIT 1 [ RunTime:0.029189s ]
[ sql ] [ SQL ] SELECT `g`.*,t.name as tname FROM pn_game g INNER JOIN `pn_game_type` `t` ON `g`.`tid`=`t`.`tid` ORDER BY `status` DESC,`addtime` DESC LIMIT 0,30 [ RunTime:0.026617s ]
---------------------------------------------------------------
[ 2019-07-09T09:38:37+08:00 ] 127.0.0.1 GET /admin/cate/interest
[ info ] www.csshayudj.com/admin/cate/interest [运行时间：0.228665s][吞吐率：4.37req/s] [内存消耗：2,331.48kb] [文件加载：55]
[ info ] [ LANG ] D:\pei\thinkphp\lang\zh-cn.php
[ info ] [ ROUTE ] array (
  'type' => 'module',
  'module' => 
  array (
    0 => 'admin',
    1 => 'cate',
    2 => 'interest',
  ),
)
[ info ] [ HEADER ] array (
  'cookie' => 'pgv_pvi=2896157696; pgv_si=s47170560; PHPSESSID=vqa54qp40fdnihqcq88vev3pf9',
  'accept-language' => 'zh-CN,zh;q=0.9',
  'accept-encoding' => 'gzip, deflate',
  'referer' => 'http://www.csshayudj.com/admin/index/index',
  'accept' => 'text/html,application/xhtml+xml,application/xml;q=0.9,image/webp,image/apng,*/*;q=0.8,application/signed-exchange;v=b3',
  'user-agent' => 'Mozilla/5.0 (Windows NT 10.0; WOW64) AppleWebKit/537.36 (KHTML, like Gecko) Chrome/74.0.3729.169 Safari/537.36',
  'upgrade-insecure-requests' => '1',
  'connection' => 'keep-alive',
  'host' => 'www.csshayudj.com',
  'content-length' => '',
  'content-type' => '',
)
[ info ] [ PARAM ] array (
)
[ info ] [ SESSION ] INIT array (
  'id' => '',
  'var_session_id' => '',
  'prefix' => 'think',
  'type' => '',
  'auto_start' => true,
)
[ info ] [ RUN ] app\admin\controller\Cate->interest[ D:\pei\application\admin\controller\Cate.php ]
[ info ] [ DB ] INIT mysql
[ info ] [ VIEW ] D:\pei\public/../application/admin\view\cate\interest.html [ array (
  0 => 'menu_role',
  1 => 'data',
  2 => 'total',
  3 => 'list',
) ]
[ info ] [ LOG ] INIT File
[ sql ] [ DB ] CONNECT:[ UseTime:0.039960s ] mysql:host=39.98.195.90;dbname=peini;charset=utf8
[ sql ] [ SQL ] SHOW COLUMNS FROM `pn_interest` [ RunTime:0.031037s ]
[ sql ] [ SQL ] SELECT COUNT(*) AS tp_count FROM `pn_interest` LIMIT 1 [ RunTime:0.029992s ]
[ sql ] [ SQL ] SELECT * FROM `pn_interest` ORDER BY `status` DESC,`addtime` DESC LIMIT 0,30 [ RunTime:0.027340s ]
---------------------------------------------------------------
[ 2019-07-09T09:38:38+08:00 ] 127.0.0.1 GET /admin/cate/gameprice
[ info ] www.csshayudj.com/admin/cate/gameprice [运行时间：0.215750s][吞吐率：4.63req/s] [内存消耗：2,338.27kb] [文件加载：55]
[ info ] [ LANG ] D:\pei\thinkphp\lang\zh-cn.php
[ info ] [ ROUTE ] array (
  'type' => 'module',
  'module' => 
  array (
    0 => 'admin',
    1 => 'cate',
    2 => 'gameprice',
  ),
)
[ info ] [ HEADER ] array (
  'cookie' => 'pgv_pvi=2896157696; pgv_si=s47170560; PHPSESSID=vqa54qp40fdnihqcq88vev3pf9',
  'accept-language' => 'zh-CN,zh;q=0.9',
  'accept-encoding' => 'gzip, deflate',
  'referer' => 'http://www.csshayudj.com/admin/index/index',
  'accept' => 'text/html,application/xhtml+xml,application/xml;q=0.9,image/webp,image/apng,*/*;q=0.8,application/signed-exchange;v=b3',
  'user-agent' => 'Mozilla/5.0 (Windows NT 10.0; WOW64) AppleWebKit/537.36 (KHTML, like Gecko) Chrome/74.0.3729.169 Safari/537.36',
  'upgrade-insecure-requests' => '1',
  'connection' => 'keep-alive',
  'host' => 'www.csshayudj.com',
  'content-length' => '',
  'content-type' => '',
)
[ info ] [ PARAM ] array (
)
[ info ] [ SESSION ] INIT array (
  'id' => '',
  'var_session_id' => '',
  'prefix' => 'think',
  'type' => '',
  'auto_start' => true,
)
[ info ] [ RUN ] app\admin\controller\Cate->gameprice[ D:\pei\application\admin\controller\Cate.php ]
[ info ] [ DB ] INIT mysql
[ info ] [ VIEW ] D:\pei\public/../application/admin\view\cate\gameprice.html [ array (
  0 => 'menu_role',
  1 => 'data',
  2 => 'total',
  3 => 'list',
) ]
[ info ] [ LOG ] INIT File
[ sql ] [ DB ] CONNECT:[ UseTime:0.039436s ] mysql:host=39.98.195.90;dbname=peini;charset=utf8
[ sql ] [ SQL ] SHOW COLUMNS FROM `pn_game_price` [ RunTime:0.027996s ]
[ sql ] [ SQL ] SELECT COUNT(*) AS tp_count FROM pn_game_price p INNER JOIN `pn_game` `g` ON `p`.`gid`=`g`.`gid` LIMIT 1 [ RunTime:0.024189s ]
[ sql ] [ SQL ] SELECT `p`.*,g.name as gname FROM pn_game_price p INNER JOIN `pn_game` `g` ON `p`.`gid`=`g`.`gid` ORDER BY `status` DESC,`price` ASC LIMIT 0,30 [ RunTime:0.022610s ]
---------------------------------------------------------------
[ 2019-07-09T09:38:38+08:00 ] 127.0.0.1 GET /admin/tag/index
[ info ] www.csshayudj.com/admin/tag/index [运行时间：0.295246s][吞吐率：3.39req/s] [内存消耗：2,257.47kb] [文件加载：55]
[ info ] [ LANG ] D:\pei\thinkphp\lang\zh-cn.php
[ info ] [ ROUTE ] array (
  'type' => 'module',
  'module' => 
  array (
    0 => 'admin',
    1 => 'tag',
    2 => 'index',
  ),
)
[ info ] [ HEADER ] array (
  'cookie' => 'pgv_pvi=2896157696; pgv_si=s47170560; PHPSESSID=vqa54qp40fdnihqcq88vev3pf9',
  'accept-language' => 'zh-CN,zh;q=0.9',
  'accept-encoding' => 'gzip, deflate',
  'referer' => 'http://www.csshayudj.com/admin/index/index',
  'accept' => 'text/html,application/xhtml+xml,application/xml;q=0.9,image/webp,image/apng,*/*;q=0.8,application/signed-exchange;v=b3',
  'user-agent' => 'Mozilla/5.0 (Windows NT 10.0; WOW64) AppleWebKit/537.36 (KHTML, like Gecko) Chrome/74.0.3729.169 Safari/537.36',
  'upgrade-insecure-requests' => '1',
  'connection' => 'keep-alive',
  'host' => 'www.csshayudj.com',
  'content-length' => '',
  'content-type' => '',
)
[ info ] [ PARAM ] array (
)
[ info ] [ SESSION ] INIT array (
  'id' => '',
  'var_session_id' => '',
  'prefix' => 'think',
  'type' => '',
  'auto_start' => true,
)
[ info ] [ RUN ] app\admin\controller\Tag->index[ D:\pei\application\admin\controller\Tag.php ]
[ info ] [ DB ] INIT mysql
[ info ] [ VIEW ] D:\pei\public/../application/admin\view\tag\index.html [ array (
  0 => 'menu_role',
  1 => 'data',
  2 => 'total',
  3 => 'list',
) ]
[ info ] [ LOG ] INIT File
[ sql ] [ DB ] CONNECT:[ UseTime:0.047983s ] mysql:host=39.98.195.90;dbname=peini;charset=utf8
[ sql ] [ SQL ] SHOW COLUMNS FROM `pn_label` [ RunTime:0.030082s ]
[ sql ] [ SQL ] SELECT COUNT(*) AS tp_count FROM `pn_label` WHERE  `status` <> -1 LIMIT 1 [ RunTime:0.033261s ]
[ sql ] [ SQL ] SELECT * FROM `pn_label` WHERE  `status` <> -1 LIMIT 0,30 [ RunTime:0.024798s ]
---------------------------------------------------------------
[ 2019-07-09T09:38:38+08:00 ] 127.0.0.1 GET /admin/gift/111
[ info ] www.csshayudj.com/admin/gift/111 [运行时间：0.182861s][吞吐率：5.47req/s] [内存消耗：1,349.08kb] [文件加载：42]
[ info ] [ LANG ] D:\pei\thinkphp\lang\zh-cn.php
[ info ] [ ROUTE ] array (
  'type' => 'module',
  'module' => 
  array (
    0 => 'admin',
    1 => 'gift',
    2 => '111',
  ),
)
[ info ] [ HEADER ] array (
  'cookie' => 'pgv_pvi=2896157696; pgv_si=s47170560; PHPSESSID=vqa54qp40fdnihqcq88vev3pf9',
  'accept-language' => 'zh-CN,zh;q=0.9',
  'accept-encoding' => 'gzip, deflate',
  'referer' => 'http://www.csshayudj.com/admin/gift/index',
  'accept' => 'image/webp,image/apng,image/*,*/*;q=0.8',
  'user-agent' => 'Mozilla/5.0 (Windows NT 10.0; WOW64) AppleWebKit/537.36 (KHTML, like Gecko) Chrome/74.0.3729.169 Safari/537.36',
  'connection' => 'keep-alive',
  'host' => 'www.csshayudj.com',
  'content-length' => '',
  'content-type' => '',
)
[ info ] [ PARAM ] array (
)
[ info ] [ LOG ] INIT File
---------------------------------------------------------------
[ 2019-07-09T09:38:38+08:00 ] 127.0.0.1 GET /admin/index/favicon.ico
[ info ] www.csshayudj.com/admin/index/favicon.ico [运行时间：0.026837s][吞吐率：37.26req/s] [内存消耗：1,349.26kb] [文件加载：43]
[ info ] [ LANG ] D:\pei\thinkphp\lang\zh-cn.php
[ info ] [ ROUTE ] array (
  'type' => 'module',
  'module' => 
  array (
    0 => 'admin',
    1 => 'index',
    2 => 'favicon.ico',
  ),
)
[ info ] [ HEADER ] array (
  'cookie' => 'pgv_pvi=2896157696; pgv_si=s47170560; PHPSESSID=vqa54qp40fdnihqcq88vev3pf9',
  'accept-language' => 'zh-CN,zh;q=0.9',
  'accept-encoding' => 'gzip, deflate',
  'referer' => 'http://www.csshayudj.com/admin/index/index',
  'accept' => 'image/webp,image/apng,image/*,*/*;q=0.8',
  'user-agent' => 'Mozilla/5.0 (Windows NT 10.0; WOW64) AppleWebKit/537.36 (KHTML, like Gecko) Chrome/74.0.3729.169 Safari/537.36',
  'connection' => 'keep-alive',
  'host' => 'www.csshayudj.com',
  'content-length' => '',
  'content-type' => '',
)
[ info ] [ PARAM ] array (
)
[ info ] [ SESSION ] INIT array (
  'id' => '',
  'var_session_id' => '',
  'prefix' => 'think',
  'type' => '',
  'auto_start' => true,
)
[ info ] [ LOG ] INIT File
---------------------------------------------------------------
[ 2019-07-09T09:58:38+08:00 ] 127.0.0.1 POST /api/add/addVideo
[ info ] www.csshayudj.com/api/add/addVideo [运行时间：0.195080s][吞吐率：5.13req/s] [内存消耗：1,970.32kb] [文件加载：50]
[ info ] [ LANG ] D:\pei\thinkphp\lang\zh-cn.php
[ info ] [ ROUTE ] array (
  'type' => 'module',
  'module' => 
  array (
    0 => 'api',
    1 => 'add',
    2 => 'addVideo',
  ),
)
[ info ] [ HEADER ] array (
  'connection' => 'keep-alive',
  'content-length' => '123',
  'accept-encoding' => 'gzip, deflate',
  'host' => 'www.csshayudj.com',
  'postman-token' => '34e9e35b-e4e8-44fb-915a-a74aa10bbe6c',
  'cache-control' => 'no-cache',
  'accept' => '*/*',
  'user-agent' => 'PostmanRuntime/7.15.0',
  'content-type' => 'application/x-www-form-urlencoded',
)
[ info ] [ PARAM ] array (
  'uid' => '1',
  'img' => 'image/1562635689/9927.png',
  'videoUrl' => '536e8b308b8993083abc0154f079a553.mp4',
  'sign' => '8b4b81735edcb68db4a6b8df317ef543',
)
[ info ] [ RUN ] app\api\controller\Add->addVideo[ D:\pei\application\api\controller\Add.php ]
[ info ] [ DB ] INIT mysql
[ info ] [ LOG ] INIT File
[ sql ] [ DB ] CONNECT:[ UseTime:0.039780s ] mysql:host=39.98.195.90;dbname=peini;charset=utf8
[ sql ] [ SQL ] SHOW COLUMNS FROM `pn_video` [ RunTime:0.052184s ]
[ error ] [0]数据表字段不存在:[updateime][D:\pei\thinkphp\library\think\db\Builder.php:111]
---------------------------------------------------------------
[ 2019-07-09T09:58:52+08:00 ] 127.0.0.1 POST /api/add/addVideo
[ info ] www.csshayudj.com/api/add/addVideo [运行时间：0.103494s][吞吐率：9.66req/s] [内存消耗：1,970.32kb] [文件加载：50]
[ info ] [ LANG ] D:\pei\thinkphp\lang\zh-cn.php
[ info ] [ ROUTE ] array (
  'type' => 'module',
  'module' => 
  array (
    0 => 'api',
    1 => 'add',
    2 => 'addVideo',
  ),
)
[ info ] [ HEADER ] array (
  'connection' => 'keep-alive',
  'content-length' => '123',
  'accept-encoding' => 'gzip, deflate',
  'host' => 'www.csshayudj.com',
  'postman-token' => 'ee7952af-0a04-4773-b664-672f709c249f',
  'cache-control' => 'no-cache',
  'accept' => '*/*',
  'user-agent' => 'PostmanRuntime/7.15.0',
  'content-type' => 'application/x-www-form-urlencoded',
)
[ info ] [ PARAM ] array (
  'uid' => '1',
  'img' => 'image/1562635689/9927.png',
  'videoUrl' => '536e8b308b8993083abc0154f079a553.mp4',
  'sign' => '8b4b81735edcb68db4a6b8df317ef543',
)
[ info ] [ RUN ] app\api\controller\Add->addVideo[ D:\pei\application\api\controller\Add.php ]
[ info ] [ DB ] INIT mysql
[ info ] [ LOG ] INIT File
[ sql ] [ DB ] CONNECT:[ UseTime:0.038766s ] mysql:host=39.98.195.90;dbname=peini;charset=utf8
[ sql ] [ SQL ] SHOW COLUMNS FROM `pn_video` [ RunTime:0.022337s ]
[ error ] [0]数据表字段不存在:[updatime][D:\pei\thinkphp\library\think\db\Builder.php:111]
---------------------------------------------------------------
[ 2019-07-09T09:59:05+08:00 ] 127.0.0.1 POST /api/add/addVideo
[ info ] www.csshayudj.com/api/add/addVideo [运行时间：1.122207s][吞吐率：0.89req/s] [内存消耗：1,845.08kb] [文件加载：45]
[ info ] [ LANG ] D:\pei\thinkphp\lang\zh-cn.php
[ info ] [ ROUTE ] array (
  'type' => 'module',
  'module' => 
  array (
    0 => 'api',
    1 => 'add',
    2 => 'addVideo',
  ),
)
[ info ] [ HEADER ] array (
  'connection' => 'keep-alive',
  'content-length' => '123',
  'accept-encoding' => 'gzip, deflate',
  'host' => 'www.csshayudj.com',
  'postman-token' => 'd3be5419-f562-4715-9036-693a4700f607',
  'cache-control' => 'no-cache',
  'accept' => '*/*',
  'user-agent' => 'PostmanRuntime/7.15.0',
  'content-type' => 'application/x-www-form-urlencoded',
)
[ info ] [ PARAM ] array (
  'uid' => '1',
  'img' => 'image/1562635689/9927.png',
  'videoUrl' => '536e8b308b8993083abc0154f079a553.mp4',
  'sign' => '8b4b81735edcb68db4a6b8df317ef543',
)
[ info ] [ RUN ] app\api\controller\Add->addVideo[ D:\pei\application\api\controller\Add.php ]
[ info ] [ DB ] INIT mysql
[ info ] [ LOG ] INIT File
[ sql ] [ DB ] CONNECT:[ UseTime:1.040364s ] mysql:host=39.98.195.90;dbname=peini;charset=utf8
[ sql ] [ SQL ] SHOW COLUMNS FROM `pn_video` [ RunTime:0.023335s ]
[ sql ] [ SQL ] INSERT INTO `pn_video` (`uid` , `videourl` , `img` , `status` , `addtime` , `updatetime`) VALUES (1 , '536e8b308b8993083abc0154f079a553.mp4' , 'image/1562635689/9927.png' , 1 , 1562637544 , 1562637544) [ RunTime:0.024530s ]
