---------------------------------------------------------------
[ 2019-07-12T13:49:24+08:00 ] 127.0.0.1 GET /admin/cate/video
[ info ] www.peini.com/admin/cate/video [运行时间：1.824494s][吞吐率：0.55req/s] [内存消耗：2,393.87kb] [文件加载：55]
[ info ] [ LANG ] D:\phpserver\wwwroot\default\peini-formal\thinkphp\lang\zh-cn.php
[ info ] [ ROUTE ] array (
  'type' => 'module',
  'module' => 
  array (
    0 => 'admin',
    1 => 'cate',
    2 => 'video',
  ),
)
[ info ] [ HEADER ] array (
  'cookie' => 'PHPSESSID=kbqgkkj38hknqopfg1mkl33sf3',
  'accept-language' => 'zh-CN,zh;q=0.9',
  'accept-encoding' => 'gzip, deflate',
  'referer' => 'http://www.peini.com/admin/cate/video',
  'accept' => 'text/html,application/xhtml+xml,application/xml;q=0.9,image/webp,image/apng,*/*;q=0.8,application/signed-exchange;v=b3',
  'user-agent' => 'Mozilla/5.0 (Windows NT 10.0; Win64; x64) AppleWebKit/537.36 (KHTML, like Gecko) Chrome/75.0.3770.100 Safari/537.36',
  'upgrade-insecure-requests' => '1',
  'connection' => 'keep-alive',
  'host' => 'www.peini.com',
  'content-length' => '',
  'content-type' => '',
)
[ info ] [ PARAM ] array (
)
[ info ] [ SESSION ] INIT array (
  'id' => '',
  'var_session_id' => '',
  'prefix' => 'think',
  'type' => '',
  'auto_start' => true,
)
[ info ] [ RUN ] app\admin\controller\Cate->video[ D:\phpserver\wwwroot\default\peini-formal\application\admin\controller\Cate.php ]
[ info ] [ DB ] INIT mysql
[ info ] [ VIEW ] D:\phpserver\wwwroot\default\peini-formal\public/../application/admin\view\cate\video.html [ array (
  0 => 'menu_role',
  1 => 'data',
  2 => 'total',
  3 => 'list',
) ]
[ info ] [ LOG ] INIT File
[ sql ] [ DB ] CONNECT:[ UseTime:0.199850s ] mysql:host=39.98.195.90;dbname=peini;charset=utf8
[ sql ] [ SQL ] SHOW COLUMNS FROM `pn_video` [ RunTime:0.246197s ]
[ sql ] [ SQL ] SELECT COUNT(*) AS tp_count FROM pn_video v INNER JOIN `pn_user` `u` ON `v`.`uid`=`u`.`uid` LIMIT 1 [ RunTime:0.077374s ]
[ sql ] [ SQL ] SELECT `v`.*,u.username as uname FROM pn_video v INNER JOIN `pn_user` `u` ON `v`.`uid`=`u`.`uid` ORDER BY `status` ASC,`isrecommend` DESC,`order` DESC LIMIT 0,30 [ RunTime:0.064464s ]
---------------------------------------------------------------
[ 2019-07-12T13:50:07+08:00 ] 127.0.0.1 GET /admin/order/index
[ info ] www.peini.com/admin/order/index [运行时间：1.004669s][吞吐率：1.00req/s] [内存消耗：2,297.59kb] [文件加载：55]
[ info ] [ LANG ] D:\phpserver\wwwroot\default\peini-formal\thinkphp\lang\zh-cn.php
[ info ] [ ROUTE ] array (
  'type' => 'module',
  'module' => 
  array (
    0 => 'admin',
    1 => 'order',
    2 => 'index',
  ),
)
[ info ] [ HEADER ] array (
  'cookie' => 'PHPSESSID=kbqgkkj38hknqopfg1mkl33sf3',
  'accept-language' => 'zh-CN,zh;q=0.9',
  'accept-encoding' => 'gzip, deflate',
  'referer' => 'http://www.peini.com/admin',
  'accept' => 'text/html,application/xhtml+xml,application/xml;q=0.9,image/webp,image/apng,*/*;q=0.8,application/signed-exchange;v=b3',
  'user-agent' => 'Mozilla/5.0 (Windows NT 10.0; Win64; x64) AppleWebKit/537.36 (KHTML, like Gecko) Chrome/75.0.3770.100 Safari/537.36',
  'upgrade-insecure-requests' => '1',
  'connection' => 'keep-alive',
  'host' => 'www.peini.com',
  'content-length' => '',
  'content-type' => '',
)
[ info ] [ PARAM ] array (
)
[ info ] [ SESSION ] INIT array (
  'id' => '',
  'var_session_id' => '',
  'prefix' => 'think',
  'type' => '',
  'auto_start' => true,
)
[ info ] [ RUN ] app\admin\controller\Order->index[ D:\phpserver\wwwroot\default\peini-formal\application\admin\controller\Order.php ]
[ info ] [ DB ] INIT mysql
[ info ] [ VIEW ] D:\phpserver\wwwroot\default\peini-formal\public/../application/admin\view\order\index.html [ array (
  0 => 'menu_role',
  1 => 'data',
  2 => 'total',
  3 => 'list',
) ]
[ info ] [ LOG ] INIT File
[ sql ] [ DB ] CONNECT:[ UseTime:0.034516s ] mysql:host=39.98.195.90;dbname=peini;charset=utf8
[ sql ] [ SQL ] SHOW COLUMNS FROM `pn_game_order` [ RunTime:0.039195s ]
[ sql ] [ SQL ] SELECT COUNT(*) AS tp_count FROM `pn_game_order` WHERE  `status` <> -1 LIMIT 1 [ RunTime:0.023081s ]
[ sql ] [ SQL ] SELECT * FROM `pn_game_order` WHERE  `status` <> -1 LIMIT 0,30 [ RunTime:0.170901s ]
[ sql ] [ SQL ] SHOW COLUMNS FROM `pn_user` [ RunTime:0.037676s ]
[ sql ] [ SQL ] SELECT `username` FROM `pn_user` WHERE  (  uid=3 ) LIMIT 1 [ RunTime:0.022091s ]
[ sql ] [ SQL ] SELECT `username` FROM `pn_user` WHERE  (  uid=4 ) LIMIT 1 [ RunTime:0.022655s ]
[ sql ] [ SQL ] SHOW COLUMNS FROM `pn_game` [ RunTime:0.042655s ]
[ sql ] [ SQL ] SELECT `name` FROM `pn_game` WHERE  (  gid=1 ) LIMIT 1 [ RunTime:0.031966s ]
[ sql ] [ SQL ] SELECT `username` FROM `pn_user` WHERE  (  uid=3 ) LIMIT 1 [ RunTime:0.032602s ]
[ sql ] [ SQL ] SELECT `username` FROM `pn_user` WHERE  (  uid=4 ) LIMIT 1 [ RunTime:0.043444s ]
[ sql ] [ SQL ] SELECT `name` FROM `pn_game` WHERE  (  gid=1 ) LIMIT 1 [ RunTime:0.024899s ]
[ sql ] [ SQL ] SELECT `username` FROM `pn_user` WHERE  (  uid=3 ) LIMIT 1 [ RunTime:0.029456s ]
[ sql ] [ SQL ] SELECT `username` FROM `pn_user` WHERE  (  uid=4 ) LIMIT 1 [ RunTime:0.041498s ]
[ sql ] [ SQL ] SELECT `name` FROM `pn_game` WHERE  (  gid=1 ) LIMIT 1 [ RunTime:0.030822s ]
[ sql ] [ SQL ] SELECT `username` FROM `pn_user` WHERE  (  uid=3 ) LIMIT 1 [ RunTime:0.032018s ]
[ sql ] [ SQL ] SELECT `username` FROM `pn_user` WHERE  (  uid=2 ) LIMIT 1 [ RunTime:0.023348s ]
[ sql ] [ SQL ] SELECT `name` FROM `pn_game` WHERE  (  gid=1 ) LIMIT 1 [ RunTime:0.169902s ]
---------------------------------------------------------------
[ 2019-07-12T13:50:59+08:00 ] 127.0.0.1 GET /admin/cate/video
[ info ] www.peini.com/admin/cate/video [运行时间：0.174046s][吞吐率：5.75req/s] [内存消耗：2,255.38kb] [文件加载：53]
[ info ] [ LANG ] D:\phpserver\wwwroot\default\peini-formal\thinkphp\lang\zh-cn.php
[ info ] [ ROUTE ] array (
  'type' => 'module',
  'module' => 
  array (
    0 => 'admin',
    1 => 'cate',
    2 => 'video',
  ),
)
[ info ] [ HEADER ] array (
  'cookie' => 'PHPSESSID=kbqgkkj38hknqopfg1mkl33sf3',
  'accept-language' => 'zh-CN,zh;q=0.9',
  'accept-encoding' => 'gzip, deflate',
  'referer' => 'http://www.peini.com/admin',
  'accept' => 'text/html,application/xhtml+xml,application/xml;q=0.9,image/webp,image/apng,*/*;q=0.8,application/signed-exchange;v=b3',
  'user-agent' => 'Mozilla/5.0 (Windows NT 10.0; Win64; x64) AppleWebKit/537.36 (KHTML, like Gecko) Chrome/75.0.3770.100 Safari/537.36',
  'upgrade-insecure-requests' => '1',
  'connection' => 'keep-alive',
  'host' => 'www.peini.com',
  'content-length' => '',
  'content-type' => '',
)
[ info ] [ PARAM ] array (
)
[ info ] [ SESSION ] INIT array (
  'id' => '',
  'var_session_id' => '',
  'prefix' => 'think',
  'type' => '',
  'auto_start' => true,
)
[ info ] [ RUN ] app\admin\controller\Cate->video[ D:\phpserver\wwwroot\default\peini-formal\application\admin\controller\Cate.php ]
[ info ] [ DB ] INIT mysql
[ info ] [ VIEW ] D:\phpserver\wwwroot\default\peini-formal\public/../application/admin\view\cate\video.html [ array (
  0 => 'menu_role',
  1 => 'data',
  2 => 'total',
  3 => 'list',
) ]
[ info ] [ LOG ] INIT File
[ sql ] [ DB ] CONNECT:[ UseTime:0.035296s ] mysql:host=39.98.195.90;dbname=peini;charset=utf8
[ sql ] [ SQL ] SHOW COLUMNS FROM `pn_video` [ RunTime:0.022367s ]
[ sql ] [ SQL ] SELECT COUNT(*) AS tp_count FROM pn_video v INNER JOIN `pn_user` `u` ON `v`.`uid`=`u`.`uid` LIMIT 1 [ RunTime:0.024968s ]
[ sql ] [ SQL ] SELECT `v`.*,u.username as uname FROM pn_video v INNER JOIN `pn_user` `u` ON `v`.`uid`=`u`.`uid` ORDER BY `status` ASC,`isrecommend` DESC,`order` DESC LIMIT 0,30 [ RunTime:0.037325s ]
---------------------------------------------------------------
[ 2019-07-12T13:51:18+08:00 ] 127.0.0.1 GET /admin/approve/index
[ info ] www.peini.com/admin/approve/index [运行时间：0.572360s][吞吐率：1.75req/s] [内存消耗：2,281.13kb] [文件加载：54]
[ info ] [ LANG ] D:\phpserver\wwwroot\default\peini-formal\thinkphp\lang\zh-cn.php
[ info ] [ ROUTE ] array (
  'type' => 'module',
  'module' => 
  array (
    0 => 'admin',
    1 => 'approve',
    2 => 'index',
  ),
)
[ info ] [ HEADER ] array (
  'cookie' => 'PHPSESSID=kbqgkkj38hknqopfg1mkl33sf3',
  'accept-language' => 'zh-CN,zh;q=0.9',
  'accept-encoding' => 'gzip, deflate',
  'referer' => 'http://www.peini.com/admin',
  'accept' => 'text/html,application/xhtml+xml,application/xml;q=0.9,image/webp,image/apng,*/*;q=0.8,application/signed-exchange;v=b3',
  'user-agent' => 'Mozilla/5.0 (Windows NT 10.0; Win64; x64) AppleWebKit/537.36 (KHTML, like Gecko) Chrome/75.0.3770.100 Safari/537.36',
  'upgrade-insecure-requests' => '1',
  'connection' => 'keep-alive',
  'host' => 'www.peini.com',
  'content-length' => '',
  'content-type' => '',
)
[ info ] [ PARAM ] array (
)
[ info ] [ RUN ] app\admin\controller\Approve->index[ D:\phpserver\wwwroot\default\peini-formal\application\admin\controller\Approve.php ]
[ info ] [ DB ] INIT mysql
[ info ] [ VIEW ] D:\phpserver\wwwroot\default\peini-formal\public/../application/admin\view\approve\index.html [ array (
  0 => 'data',
  1 => 'total',
  2 => 'listInfo',
  3 => 'list',
) ]
[ info ] [ LOG ] INIT File
[ sql ] [ DB ] CONNECT:[ UseTime:0.035506s ] mysql:host=39.98.195.90;dbname=peini;charset=utf8
[ sql ] [ SQL ] SHOW COLUMNS FROM `pn_approve` [ RunTime:0.049340s ]
[ sql ] [ SQL ] SELECT COUNT(*) AS tp_count FROM `pn_approve` LIMIT 1 [ RunTime:0.022526s ]
[ sql ] [ SQL ] SELECT * FROM `pn_approve` ORDER BY `id` DESC LIMIT 0,30 [ RunTime:0.024379s ]
[ sql ] [ SQL ] SHOW COLUMNS FROM `pn_playinfo` [ RunTime:0.040919s ]
[ sql ] [ SQL ] SELECT * FROM `pn_playinfo` WHERE  (  uid=2 ) [ RunTime:0.021682s ]
[ sql ] [ SQL ] SHOW COLUMNS FROM `pn_label` [ RunTime:0.022519s ]
[ sql ] [ SQL ] SELECT `lid`,`name` FROM `pn_label` WHERE  `lid` IN (1,2,3) [ RunTime:0.039006s ]
[ sql ] [ SQL ] SELECT * FROM `pn_playinfo` WHERE  (  uid=1 ) [ RunTime:0.023193s ]
[ sql ] [ SQL ] SHOW COLUMNS FROM `pn_game` [ RunTime:0.024018s ]
[ sql ] [ SQL ] SELECT * FROM `pn_game` WHERE  (  gid=1 ) LIMIT 1 [ RunTime:0.021690s ]
[ sql ] [ SQL ] SELECT * FROM `pn_game` WHERE  (  gid=2 ) LIMIT 1 [ RunTime:0.030104s ]
[ sql ] [ SQL ] SELECT * FROM `pn_game` WHERE  (  gid=3 ) LIMIT 1 [ RunTime:0.028235s ]
[ sql ] [ SQL ] SELECT `lid`,`name` FROM `pn_label` WHERE  `lid` IN (1,2,3) [ RunTime:0.032672s ]
---------------------------------------------------------------
[ 2019-07-12T19:27:22+08:00 ] 127.0.0.1 GET /admin/tag/index
[ info ] www.peini.com/admin/tag/index [运行时间：1.433252s][吞吐率：0.70req/s] [内存消耗：2,272.10kb] [文件加载：55]
[ info ] [ LANG ] D:\phpserver\wwwroot\default\peini-formal\thinkphp\lang\zh-cn.php
[ info ] [ ROUTE ] array (
  'type' => 'module',
  'module' => 
  array (
    0 => 'admin',
    1 => 'tag',
    2 => 'index',
  ),
)
[ info ] [ HEADER ] array (
  'cookie' => 'PHPSESSID=kbqgkkj38hknqopfg1mkl33sf3',
  'accept-language' => 'zh-CN,zh;q=0.9',
  'accept-encoding' => 'gzip, deflate',
  'referer' => 'http://www.peini.com/admin',
  'accept' => 'text/html,application/xhtml+xml,application/xml;q=0.9,image/webp,image/apng,*/*;q=0.8,application/signed-exchange;v=b3',
  'user-agent' => 'Mozilla/5.0 (Windows NT 10.0; Win64; x64) AppleWebKit/537.36 (KHTML, like Gecko) Chrome/75.0.3770.100 Safari/537.36',
  'upgrade-insecure-requests' => '1',
  'connection' => 'keep-alive',
  'host' => 'www.peini.com',
  'content-length' => '',
  'content-type' => '',
)
[ info ] [ PARAM ] array (
)
[ info ] [ SESSION ] INIT array (
  'id' => '',
  'var_session_id' => '',
  'prefix' => 'think',
  'type' => '',
  'auto_start' => true,
)
[ info ] [ RUN ] app\admin\controller\Tag->index[ D:\phpserver\wwwroot\default\peini-formal\application\admin\controller\Tag.php ]
[ info ] [ DB ] INIT mysql
[ info ] [ VIEW ] D:\phpserver\wwwroot\default\peini-formal\public/../application/admin\view\tag\index.html [ array (
  0 => 'menu_role',
  1 => 'data',
  2 => 'total',
  3 => 'list',
) ]
[ info ] [ LOG ] INIT File
[ sql ] [ DB ] CONNECT:[ UseTime:0.056985s ] mysql:host=39.98.195.90;dbname=peini;charset=utf8
[ sql ] [ SQL ] SHOW COLUMNS FROM `pn_label` [ RunTime:0.060310s ]
[ sql ] [ SQL ] SELECT COUNT(*) AS tp_count FROM `pn_label` WHERE  `status` <> -1 LIMIT 1 [ RunTime:0.058860s ]
[ sql ] [ SQL ] SELECT * FROM `pn_label` WHERE  `status` <> -1 LIMIT 0,30 [ RunTime:0.040893s ]
---------------------------------------------------------------
[ 2019-07-12T19:28:01+08:00 ] 127.0.0.1 GET /admin/gift/index
[ info ] www.peini.com/admin/gift/index [运行时间：0.291744s][吞吐率：3.43req/s] [内存消耗：2,263.52kb] [文件加载：54]
[ info ] [ LANG ] D:\phpserver\wwwroot\default\peini-formal\thinkphp\lang\zh-cn.php
[ info ] [ ROUTE ] array (
  'type' => 'module',
  'module' => 
  array (
    0 => 'admin',
    1 => 'gift',
    2 => 'index',
  ),
)
[ info ] [ HEADER ] array (
  'cookie' => 'PHPSESSID=kbqgkkj38hknqopfg1mkl33sf3',
  'accept-language' => 'zh-CN,zh;q=0.9',
  'accept-encoding' => 'gzip, deflate',
  'referer' => 'http://www.peini.com/admin',
  'accept' => 'text/html,application/xhtml+xml,application/xml;q=0.9,image/webp,image/apng,*/*;q=0.8,application/signed-exchange;v=b3',
  'user-agent' => 'Mozilla/5.0 (Windows NT 10.0; Win64; x64) AppleWebKit/537.36 (KHTML, like Gecko) Chrome/75.0.3770.100 Safari/537.36',
  'upgrade-insecure-requests' => '1',
  'connection' => 'keep-alive',
  'host' => 'www.peini.com',
  'content-length' => '',
  'content-type' => '',
)
[ info ] [ PARAM ] array (
)
[ info ] [ RUN ] app\admin\controller\Gift->index[ D:\phpserver\wwwroot\default\peini-formal\application\admin\controller\Gift.php ]
[ info ] [ DB ] INIT mysql
[ info ] [ VIEW ] D:\phpserver\wwwroot\default\peini-formal\public/../application/admin\view\gift\index.html [ array (
  0 => 'data',
  1 => 'total',
  2 => 'list',
) ]
[ info ] [ LOG ] INIT File
[ sql ] [ DB ] CONNECT:[ UseTime:0.050947s ] mysql:host=39.98.195.90;dbname=peini;charset=utf8
[ sql ] [ SQL ] SHOW COLUMNS FROM `pn_gift` [ RunTime:0.029411s ]
[ sql ] [ SQL ] SELECT COUNT(*) AS tp_count FROM `pn_gift` LIMIT 1 [ RunTime:0.031606s ]
[ sql ] [ SQL ] SELECT * FROM `pn_gift` LIMIT 0,30 [ RunTime:0.035729s ]
---------------------------------------------------------------
[ 2019-07-12T19:28:01+08:00 ] 127.0.0.1 GET /admin/gift/111
[ info ] www.peini.com/admin/gift/111 [运行时间：0.185153s][吞吐率：5.40req/s] [内存消耗：1,363.11kb] [文件加载：42]
[ info ] [ LANG ] D:\phpserver\wwwroot\default\peini-formal\thinkphp\lang\zh-cn.php
[ info ] [ ROUTE ] array (
  'type' => 'module',
  'module' => 
  array (
    0 => 'admin',
    1 => 'gift',
    2 => '111',
  ),
)
[ info ] [ HEADER ] array (
  'cookie' => 'PHPSESSID=kbqgkkj38hknqopfg1mkl33sf3',
  'accept-language' => 'zh-CN,zh;q=0.9',
  'accept-encoding' => 'gzip, deflate',
  'referer' => 'http://www.peini.com/admin/gift/index',
  'accept' => 'image/webp,image/apng,image/*,*/*;q=0.8',
  'user-agent' => 'Mozilla/5.0 (Windows NT 10.0; Win64; x64) AppleWebKit/537.36 (KHTML, like Gecko) Chrome/75.0.3770.100 Safari/537.36',
  'connection' => 'keep-alive',
  'host' => 'www.peini.com',
  'content-length' => '',
  'content-type' => '',
)
[ info ] [ PARAM ] array (
)
[ info ] [ LOG ] INIT File
---------------------------------------------------------------
[ 2019-07-12T19:28:24+08:00 ] 127.0.0.1 GET /admin/cate/work
[ info ] www.peini.com/admin/cate/work [运行时间：0.676398s][吞吐率：1.48req/s] [内存消耗：2,369.01kb] [文件加载：55]
[ info ] [ LANG ] D:\phpserver\wwwroot\default\peini-formal\thinkphp\lang\zh-cn.php
[ info ] [ ROUTE ] array (
  'type' => 'module',
  'module' => 
  array (
    0 => 'admin',
    1 => 'cate',
    2 => 'work',
  ),
)
[ info ] [ HEADER ] array (
  'cookie' => 'PHPSESSID=kbqgkkj38hknqopfg1mkl33sf3',
  'accept-language' => 'zh-CN,zh;q=0.9',
  'accept-encoding' => 'gzip, deflate',
  'referer' => 'http://www.peini.com/admin',
  'accept' => 'text/html,application/xhtml+xml,application/xml;q=0.9,image/webp,image/apng,*/*;q=0.8,application/signed-exchange;v=b3',
  'user-agent' => 'Mozilla/5.0 (Windows NT 10.0; Win64; x64) AppleWebKit/537.36 (KHTML, like Gecko) Chrome/75.0.3770.100 Safari/537.36',
  'upgrade-insecure-requests' => '1',
  'connection' => 'keep-alive',
  'host' => 'www.peini.com',
  'content-length' => '',
  'content-type' => '',
)
[ info ] [ PARAM ] array (
)
[ info ] [ SESSION ] INIT array (
  'id' => '',
  'var_session_id' => '',
  'prefix' => 'think',
  'type' => '',
  'auto_start' => true,
)
[ info ] [ RUN ] app\admin\controller\Cate->work[ D:\phpserver\wwwroot\default\peini-formal\application\admin\controller\Cate.php ]
[ info ] [ DB ] INIT mysql
[ info ] [ VIEW ] D:\phpserver\wwwroot\default\peini-formal\public/../application/admin\view\cate\work.html [ array (
  0 => 'menu_role',
  1 => 'data',
  2 => 'total',
  3 => 'list',
) ]
[ info ] [ LOG ] INIT File
[ sql ] [ DB ] CONNECT:[ UseTime:0.294345s ] mysql:host=39.98.195.90;dbname=peini;charset=utf8
[ sql ] [ SQL ] SHOW COLUMNS FROM `pn_work` [ RunTime:0.075914s ]
[ sql ] [ SQL ] SELECT COUNT(*) AS tp_count FROM `pn_work` LIMIT 1 [ RunTime:0.110395s ]
[ sql ] [ SQL ] SELECT * FROM `pn_work` ORDER BY `status` DESC,`addtime` DESC LIMIT 0,30 [ RunTime:0.030941s ]
---------------------------------------------------------------
[ 2019-07-12T19:28:26+08:00 ] 127.0.0.1 GET /admin/cate/interest
[ info ] www.peini.com/admin/cate/interest [运行时间：0.258222s][吞吐率：3.87req/s] [内存消耗：2,369.98kb] [文件加载：55]
[ info ] [ LANG ] D:\phpserver\wwwroot\default\peini-formal\thinkphp\lang\zh-cn.php
[ info ] [ ROUTE ] array (
  'type' => 'module',
  'module' => 
  array (
    0 => 'admin',
    1 => 'cate',
    2 => 'interest',
  ),
)
[ info ] [ HEADER ] array (
  'cookie' => 'PHPSESSID=kbqgkkj38hknqopfg1mkl33sf3',
  'accept-language' => 'zh-CN,zh;q=0.9',
  'accept-encoding' => 'gzip, deflate',
  'referer' => 'http://www.peini.com/admin',
  'accept' => 'text/html,application/xhtml+xml,application/xml;q=0.9,image/webp,image/apng,*/*;q=0.8,application/signed-exchange;v=b3',
  'user-agent' => 'Mozilla/5.0 (Windows NT 10.0; Win64; x64) AppleWebKit/537.36 (KHTML, like Gecko) Chrome/75.0.3770.100 Safari/537.36',
  'upgrade-insecure-requests' => '1',
  'connection' => 'keep-alive',
  'host' => 'www.peini.com',
  'content-length' => '',
  'content-type' => '',
)
[ info ] [ PARAM ] array (
)
[ info ] [ SESSION ] INIT array (
  'id' => '',
  'var_session_id' => '',
  'prefix' => 'think',
  'type' => '',
  'auto_start' => true,
)
[ info ] [ RUN ] app\admin\controller\Cate->interest[ D:\phpserver\wwwroot\default\peini-formal\application\admin\controller\Cate.php ]
[ info ] [ DB ] INIT mysql
[ info ] [ VIEW ] D:\phpserver\wwwroot\default\peini-formal\public/../application/admin\view\cate\interest.html [ array (
  0 => 'menu_role',
  1 => 'data',
  2 => 'total',
  3 => 'list',
) ]
[ info ] [ LOG ] INIT File
[ sql ] [ DB ] CONNECT:[ UseTime:0.055924s ] mysql:host=39.98.195.90;dbname=peini;charset=utf8
[ sql ] [ SQL ] SHOW COLUMNS FROM `pn_interest` [ RunTime:0.032168s ]
[ sql ] [ SQL ] SELECT COUNT(*) AS tp_count FROM `pn_interest` LIMIT 1 [ RunTime:0.025251s ]
[ sql ] [ SQL ] SELECT * FROM `pn_interest` ORDER BY `status` DESC,`addtime` DESC LIMIT 0,30 [ RunTime:0.023215s ]
---------------------------------------------------------------
[ 2019-07-12T19:28:28+08:00 ] 127.0.0.1 GET /admin/cate/game
[ info ] www.peini.com/admin/cate/game [运行时间：0.297720s][吞吐率：3.36req/s] [内存消耗：2,372.34kb] [文件加载：55]
[ info ] [ LANG ] D:\phpserver\wwwroot\default\peini-formal\thinkphp\lang\zh-cn.php
[ info ] [ ROUTE ] array (
  'type' => 'module',
  'module' => 
  array (
    0 => 'admin',
    1 => 'cate',
    2 => 'game',
  ),
)
[ info ] [ HEADER ] array (
  'cookie' => 'PHPSESSID=kbqgkkj38hknqopfg1mkl33sf3',
  'accept-language' => 'zh-CN,zh;q=0.9',
  'accept-encoding' => 'gzip, deflate',
  'referer' => 'http://www.peini.com/admin',
  'accept' => 'text/html,application/xhtml+xml,application/xml;q=0.9,image/webp,image/apng,*/*;q=0.8,application/signed-exchange;v=b3',
  'user-agent' => 'Mozilla/5.0 (Windows NT 10.0; Win64; x64) AppleWebKit/537.36 (KHTML, like Gecko) Chrome/75.0.3770.100 Safari/537.36',
  'upgrade-insecure-requests' => '1',
  'connection' => 'keep-alive',
  'host' => 'www.peini.com',
  'content-length' => '',
  'content-type' => '',
)
[ info ] [ PARAM ] array (
)
[ info ] [ SESSION ] INIT array (
  'id' => '',
  'var_session_id' => '',
  'prefix' => 'think',
  'type' => '',
  'auto_start' => true,
)
[ info ] [ RUN ] app\admin\controller\Cate->game[ D:\phpserver\wwwroot\default\peini-formal\application\admin\controller\Cate.php ]
[ info ] [ DB ] INIT mysql
[ info ] [ VIEW ] D:\phpserver\wwwroot\default\peini-formal\public/../application/admin\view\cate\game.html [ array (
  0 => 'menu_role',
  1 => 'data',
  2 => 'total',
  3 => 'list',
) ]
[ info ] [ LOG ] INIT File
[ sql ] [ DB ] CONNECT:[ UseTime:0.064168s ] mysql:host=39.98.195.90;dbname=peini;charset=utf8
[ sql ] [ SQL ] SHOW COLUMNS FROM `pn_game` [ RunTime:0.040294s ]
[ sql ] [ SQL ] SELECT COUNT(*) AS tp_count FROM pn_game g INNER JOIN `pn_game_type` `t` ON `g`.`tid`=`t`.`tid` LIMIT 1 [ RunTime:0.047620s ]
[ sql ] [ SQL ] SELECT `g`.*,t.name as tname FROM pn_game g INNER JOIN `pn_game_type` `t` ON `g`.`tid`=`t`.`tid` ORDER BY `status` DESC,`addtime` DESC LIMIT 0,30 [ RunTime:0.040830s ]
---------------------------------------------------------------
[ 2019-07-12T19:28:34+08:00 ] 127.0.0.1 GET /admin/cate/gametype
[ info ] www.peini.com/admin/cate/gametype [运行时间：3.394321s][吞吐率：0.29req/s] [内存消耗：2,368.74kb] [文件加载：55]
[ info ] [ LANG ] D:\phpserver\wwwroot\default\peini-formal\thinkphp\lang\zh-cn.php
[ info ] [ ROUTE ] array (
  'type' => 'module',
  'module' => 
  array (
    0 => 'admin',
    1 => 'cate',
    2 => 'gametype',
  ),
)
[ info ] [ HEADER ] array (
  'cookie' => 'PHPSESSID=kbqgkkj38hknqopfg1mkl33sf3',
  'accept-language' => 'zh-CN,zh;q=0.9',
  'accept-encoding' => 'gzip, deflate',
  'referer' => 'http://www.peini.com/admin',
  'accept' => 'text/html,application/xhtml+xml,application/xml;q=0.9,image/webp,image/apng,*/*;q=0.8,application/signed-exchange;v=b3',
  'user-agent' => 'Mozilla/5.0 (Windows NT 10.0; Win64; x64) AppleWebKit/537.36 (KHTML, like Gecko) Chrome/75.0.3770.100 Safari/537.36',
  'upgrade-insecure-requests' => '1',
  'connection' => 'keep-alive',
  'host' => 'www.peini.com',
  'content-length' => '',
  'content-type' => '',
)
[ info ] [ PARAM ] array (
)
[ info ] [ SESSION ] INIT array (
  'id' => '',
  'var_session_id' => '',
  'prefix' => 'think',
  'type' => '',
  'auto_start' => true,
)
[ info ] [ RUN ] app\admin\controller\Cate->gametype[ D:\phpserver\wwwroot\default\peini-formal\application\admin\controller\Cate.php ]
[ info ] [ DB ] INIT mysql
[ info ] [ VIEW ] D:\phpserver\wwwroot\default\peini-formal\public/../application/admin\view\cate\gametype.html [ array (
  0 => 'menu_role',
  1 => 'data',
  2 => 'total',
  3 => 'list',
) ]
[ info ] [ LOG ] INIT File
[ sql ] [ DB ] CONNECT:[ UseTime:3.091137s ] mysql:host=39.98.195.90;dbname=peini;charset=utf8
[ sql ] [ SQL ] SHOW COLUMNS FROM `pn_game_type` [ RunTime:0.030030s ]
[ sql ] [ SQL ] SELECT COUNT(*) AS tp_count FROM `pn_game_type` LIMIT 1 [ RunTime:0.074648s ]
[ sql ] [ SQL ] SELECT * FROM `pn_game_type` ORDER BY `status` DESC,`addtime` DESC LIMIT 0,30 [ RunTime:0.045321s ]
---------------------------------------------------------------
[ 2019-07-12T19:28:54+08:00 ] 127.0.0.1 GET /admin/sendgift/index
[ info ] www.peini.com/admin/sendgift/index [运行时间：0.654463s][吞吐率：1.53req/s] [内存消耗：2,281.55kb] [文件加载：55]
[ info ] [ LANG ] D:\phpserver\wwwroot\default\peini-formal\thinkphp\lang\zh-cn.php
[ info ] [ ROUTE ] array (
  'type' => 'module',
  'module' => 
  array (
    0 => 'admin',
    1 => 'sendgift',
    2 => 'index',
  ),
)
[ info ] [ HEADER ] array (
  'cookie' => 'PHPSESSID=kbqgkkj38hknqopfg1mkl33sf3',
  'accept-language' => 'zh-CN,zh;q=0.9',
  'accept-encoding' => 'gzip, deflate',
  'referer' => 'http://www.peini.com/admin',
  'accept' => 'text/html,application/xhtml+xml,application/xml;q=0.9,image/webp,image/apng,*/*;q=0.8,application/signed-exchange;v=b3',
  'user-agent' => 'Mozilla/5.0 (Windows NT 10.0; Win64; x64) AppleWebKit/537.36 (KHTML, like Gecko) Chrome/75.0.3770.100 Safari/537.36',
  'upgrade-insecure-requests' => '1',
  'connection' => 'keep-alive',
  'host' => 'www.peini.com',
  'content-length' => '',
  'content-type' => '',
)
[ info ] [ PARAM ] array (
)
[ info ] [ SESSION ] INIT array (
  'id' => '',
  'var_session_id' => '',
  'prefix' => 'think',
  'type' => '',
  'auto_start' => true,
)
[ info ] [ RUN ] app\admin\controller\Sendgift->index[ D:\phpserver\wwwroot\default\peini-formal\application\admin\controller\Sendgift.php ]
[ info ] [ DB ] INIT mysql
[ info ] [ VIEW ] D:\phpserver\wwwroot\default\peini-formal\public/../application/admin\view\sendgift\index.html [ array (
  0 => 'menu_role',
  1 => 'data',
  2 => 'total',
  3 => 'list',
) ]
[ info ] [ LOG ] INIT File
[ sql ] [ DB ] CONNECT:[ UseTime:0.051620s ] mysql:host=39.98.195.90;dbname=peini;charset=utf8
[ sql ] [ SQL ] SHOW COLUMNS FROM `pn_send_log` [ RunTime:0.051970s ]
[ sql ] [ SQL ] SELECT COUNT(*) AS tp_count FROM `pn_send_log` WHERE  `status` <> -1 LIMIT 1 [ RunTime:0.052688s ]
[ sql ] [ SQL ] SELECT * FROM `pn_send_log` WHERE  `status` <> -1 LIMIT 0,30 [ RunTime:0.053253s ]
[ sql ] [ SQL ] SHOW COLUMNS FROM `pn_user` [ RunTime:0.025887s ]
[ sql ] [ SQL ] SELECT `username` FROM `pn_user` WHERE  (  uid=3 ) LIMIT 1 [ RunTime:0.051011s ]
[ sql ] [ SQL ] SELECT `username` FROM `pn_user` WHERE  (  uid=4 ) LIMIT 1 [ RunTime:0.034995s ]
[ sql ] [ SQL ] SHOW COLUMNS FROM `pn_gift` [ RunTime:0.030374s ]
[ sql ] [ SQL ] SELECT `name` FROM `pn_gift` WHERE  (  gid=1 ) LIMIT 1 [ RunTime:0.055313s ]
[ sql ] [ SQL ] SELECT `username` FROM `pn_user` WHERE  (  uid=3 ) LIMIT 1 [ RunTime:0.028623s ]
[ sql ] [ SQL ] SELECT `username` FROM `pn_user` WHERE  (  uid=4 ) LIMIT 1 [ RunTime:0.033820s ]
[ sql ] [ SQL ] SELECT `name` FROM `pn_gift` WHERE  (  gid=1 ) LIMIT 1 [ RunTime:0.056963s ]
---------------------------------------------------------------
[ 2019-07-12T19:28:56+08:00 ] 127.0.0.1 GET /admin/recharge/index
[ info ] www.peini.com/admin/recharge/index [运行时间：0.060746s][吞吐率：16.46req/s] [内存消耗：1,149.47kb] [文件加载：36]
[ info ] [ LANG ] D:\phpserver\wwwroot\default\peini-formal\thinkphp\lang\zh-cn.php
[ info ] [ ROUTE ] array (
  'type' => 'module',
  'module' => 
  array (
    0 => 'admin',
    1 => 'recharge',
    2 => 'index',
  ),
)
[ info ] [ HEADER ] array (
  'cookie' => 'PHPSESSID=kbqgkkj38hknqopfg1mkl33sf3',
  'accept-language' => 'zh-CN,zh;q=0.9',
  'accept-encoding' => 'gzip, deflate',
  'referer' => 'http://www.peini.com/admin',
  'accept' => 'text/html,application/xhtml+xml,application/xml;q=0.9,image/webp,image/apng,*/*;q=0.8,application/signed-exchange;v=b3',
  'user-agent' => 'Mozilla/5.0 (Windows NT 10.0; Win64; x64) AppleWebKit/537.36 (KHTML, like Gecko) Chrome/75.0.3770.100 Safari/537.36',
  'upgrade-insecure-requests' => '1',
  'connection' => 'keep-alive',
  'host' => 'www.peini.com',
  'content-length' => '',
  'content-type' => '',
)
[ info ] [ PARAM ] array (
)
[ info ] [ LOG ] INIT File
---------------------------------------------------------------
[ 2019-07-12T19:28:59+08:00 ] 127.0.0.1 GET /admin/order/index
[ info ] www.peini.com/admin/order/index [运行时间：0.627575s][吞吐率：1.59req/s] [内存消耗：2,166.66kb] [文件加载：53]
[ info ] [ LANG ] D:\phpserver\wwwroot\default\peini-formal\thinkphp\lang\zh-cn.php
[ info ] [ ROUTE ] array (
  'type' => 'module',
  'module' => 
  array (
    0 => 'admin',
    1 => 'order',
    2 => 'index',
  ),
)
[ info ] [ HEADER ] array (
  'cookie' => 'PHPSESSID=kbqgkkj38hknqopfg1mkl33sf3',
  'accept-language' => 'zh-CN,zh;q=0.9',
  'accept-encoding' => 'gzip, deflate',
  'referer' => 'http://www.peini.com/admin',
  'accept' => 'text/html,application/xhtml+xml,application/xml;q=0.9,image/webp,image/apng,*/*;q=0.8,application/signed-exchange;v=b3',
  'user-agent' => 'Mozilla/5.0 (Windows NT 10.0; Win64; x64) AppleWebKit/537.36 (KHTML, like Gecko) Chrome/75.0.3770.100 Safari/537.36',
  'upgrade-insecure-requests' => '1',
  'connection' => 'keep-alive',
  'host' => 'www.peini.com',
  'content-length' => '',
  'content-type' => '',
)
[ info ] [ PARAM ] array (
)
[ info ] [ SESSION ] INIT array (
  'id' => '',
  'var_session_id' => '',
  'prefix' => 'think',
  'type' => '',
  'auto_start' => true,
)
[ info ] [ RUN ] app\admin\controller\Order->index[ D:\phpserver\wwwroot\default\peini-formal\application\admin\controller\Order.php ]
[ info ] [ DB ] INIT mysql
[ info ] [ VIEW ] D:\phpserver\wwwroot\default\peini-formal\public/../application/admin\view\order\index.html [ array (
  0 => 'menu_role',
  1 => 'data',
  2 => 'total',
  3 => 'list',
) ]
[ info ] [ LOG ] INIT File
[ sql ] [ DB ] CONNECT:[ UseTime:0.032429s ] mysql:host=39.98.195.90;dbname=peini;charset=utf8
[ sql ] [ SQL ] SHOW COLUMNS FROM `pn_game_order` [ RunTime:0.050709s ]
[ sql ] [ SQL ] SELECT COUNT(*) AS tp_count FROM `pn_game_order` WHERE  `status` <> -1 LIMIT 1 [ RunTime:0.022876s ]
[ sql ] [ SQL ] SELECT * FROM `pn_game_order` WHERE  `status` <> -1 LIMIT 0,30 [ RunTime:0.023456s ]
[ sql ] [ SQL ] SHOW COLUMNS FROM `pn_user` [ RunTime:0.025525s ]
[ sql ] [ SQL ] SELECT `username` FROM `pn_user` WHERE  (  uid=3 ) LIMIT 1 [ RunTime:0.025544s ]
[ sql ] [ SQL ] SELECT `username` FROM `pn_user` WHERE  (  uid=4 ) LIMIT 1 [ RunTime:0.051355s ]
[ sql ] [ SQL ] SHOW COLUMNS FROM `pn_game` [ RunTime:0.021328s ]
[ sql ] [ SQL ] SELECT `name` FROM `pn_game` WHERE  (  gid=1 ) LIMIT 1 [ RunTime:0.023275s ]
[ sql ] [ SQL ] SELECT `username` FROM `pn_user` WHERE  (  uid=3 ) LIMIT 1 [ RunTime:0.020353s ]
[ sql ] [ SQL ] SELECT `username` FROM `pn_user` WHERE  (  uid=4 ) LIMIT 1 [ RunTime:0.020465s ]
[ sql ] [ SQL ] SELECT `name` FROM `pn_game` WHERE  (  gid=1 ) LIMIT 1 [ RunTime:0.022738s ]
[ sql ] [ SQL ] SELECT `username` FROM `pn_user` WHERE  (  uid=3 ) LIMIT 1 [ RunTime:0.024778s ]
[ sql ] [ SQL ] SELECT `username` FROM `pn_user` WHERE  (  uid=4 ) LIMIT 1 [ RunTime:0.021615s ]
[ sql ] [ SQL ] SELECT `name` FROM `pn_game` WHERE  (  gid=1 ) LIMIT 1 [ RunTime:0.019616s ]
[ sql ] [ SQL ] SELECT `username` FROM `pn_user` WHERE  (  uid=3 ) LIMIT 1 [ RunTime:0.022233s ]
[ sql ] [ SQL ] SELECT `username` FROM `pn_user` WHERE  (  uid=2 ) LIMIT 1 [ RunTime:0.032040s ]
[ sql ] [ SQL ] SELECT `name` FROM `pn_game` WHERE  (  gid=1 ) LIMIT 1 [ RunTime:0.027900s ]
---------------------------------------------------------------
[ 2019-07-12T19:29:01+08:00 ] 127.0.0.1 GET /admin/admin/index
[ info ] www.peini.com/admin/admin/index [运行时间：0.301079s][吞吐率：3.32req/s] [内存消耗：2,329.43kb] [文件加载：55]
[ info ] [ LANG ] D:\phpserver\wwwroot\default\peini-formal\thinkphp\lang\zh-cn.php
[ info ] [ ROUTE ] array (
  'type' => 'module',
  'module' => 
  array (
    0 => 'admin',
    1 => 'admin',
    2 => 'index',
  ),
)
[ info ] [ HEADER ] array (
  'cookie' => 'PHPSESSID=kbqgkkj38hknqopfg1mkl33sf3',
  'accept-language' => 'zh-CN,zh;q=0.9',
  'accept-encoding' => 'gzip, deflate',
  'referer' => 'http://www.peini.com/admin',
  'accept' => 'text/html,application/xhtml+xml,application/xml;q=0.9,image/webp,image/apng,*/*;q=0.8,application/signed-exchange;v=b3',
  'user-agent' => 'Mozilla/5.0 (Windows NT 10.0; Win64; x64) AppleWebKit/537.36 (KHTML, like Gecko) Chrome/75.0.3770.100 Safari/537.36',
  'upgrade-insecure-requests' => '1',
  'connection' => 'keep-alive',
  'host' => 'www.peini.com',
  'content-length' => '',
  'content-type' => '',
)
[ info ] [ PARAM ] array (
)
[ info ] [ SESSION ] INIT array (
  'id' => '',
  'var_session_id' => '',
  'prefix' => 'think',
  'type' => '',
  'auto_start' => true,
)
[ info ] [ RUN ] app\admin\controller\Admin->index[ D:\phpserver\wwwroot\default\peini-formal\application\admin\controller\Admin.php ]
[ info ] [ DB ] INIT mysql
[ info ] [ VIEW ] D:\phpserver\wwwroot\default\peini-formal\public/../application/admin\view\admin\index.html [ array (
  0 => 'menu_role',
  1 => 'end',
  2 => 'data',
  3 => 'total',
  4 => 'list',
) ]
[ info ] [ LOG ] INIT File
[ sql ] [ DB ] CONNECT:[ UseTime:0.044651s ] mysql:host=39.98.195.90;dbname=peini;charset=utf8
[ sql ] [ SQL ] SHOW COLUMNS FROM `pn_admin` [ RunTime:0.033251s ]
[ sql ] [ SQL ] SELECT COUNT(*) AS tp_count FROM `pn_admin` WHERE  `inputtime` BETWEEN '0' AND '1562930941' LIMIT 1 [ RunTime:0.055174s ]
[ sql ] [ SQL ] SELECT * FROM `pn_admin` WHERE  `inputtime` BETWEEN '0' AND '1562930941' LIMIT 0,30 [ RunTime:0.025828s ]
---------------------------------------------------------------
[ 2019-07-12T19:29:07+08:00 ] 127.0.0.1 GET /admin/admin/role
[ info ] www.peini.com/admin/admin/role [运行时间：0.257477s][吞吐率：3.88req/s] [内存消耗：2,323.70kb] [文件加载：55]
[ info ] [ LANG ] D:\phpserver\wwwroot\default\peini-formal\thinkphp\lang\zh-cn.php
[ info ] [ ROUTE ] array (
  'type' => 'module',
  'module' => 
  array (
    0 => 'admin',
    1 => 'admin',
    2 => 'role',
  ),
)
[ info ] [ HEADER ] array (
  'cookie' => 'PHPSESSID=kbqgkkj38hknqopfg1mkl33sf3',
  'accept-language' => 'zh-CN,zh;q=0.9',
  'accept-encoding' => 'gzip, deflate',
  'referer' => 'http://www.peini.com/admin',
  'accept' => 'text/html,application/xhtml+xml,application/xml;q=0.9,image/webp,image/apng,*/*;q=0.8,application/signed-exchange;v=b3',
  'user-agent' => 'Mozilla/5.0 (Windows NT 10.0; Win64; x64) AppleWebKit/537.36 (KHTML, like Gecko) Chrome/75.0.3770.100 Safari/537.36',
  'upgrade-insecure-requests' => '1',
  'connection' => 'keep-alive',
  'host' => 'www.peini.com',
  'content-length' => '',
  'content-type' => '',
)
[ info ] [ PARAM ] array (
)
[ info ] [ SESSION ] INIT array (
  'id' => '',
  'var_session_id' => '',
  'prefix' => 'think',
  'type' => '',
  'auto_start' => true,
)
[ info ] [ RUN ] app\admin\controller\Admin->role[ D:\phpserver\wwwroot\default\peini-formal\application\admin\controller\Admin.php ]
[ info ] [ DB ] INIT mysql
[ info ] [ VIEW ] D:\phpserver\wwwroot\default\peini-formal\public/../application/admin\view\admin\role.html [ array (
  0 => 'menu_role',
  1 => 'data',
  2 => 'total',
  3 => 'list',
) ]
[ info ] [ LOG ] INIT File
[ sql ] [ DB ] CONNECT:[ UseTime:0.031513s ] mysql:host=39.98.195.90;dbname=peini;charset=utf8
[ sql ] [ SQL ] SHOW COLUMNS FROM `pn_role` [ RunTime:0.020703s ]
[ sql ] [ SQL ] SELECT COUNT(*) AS tp_count FROM `pn_role` LIMIT 1 [ RunTime:0.026326s ]
[ sql ] [ SQL ] SELECT * FROM `pn_role` LIMIT 0,30 [ RunTime:0.022272s ]
[ sql ] [ SQL ] SHOW COLUMNS FROM `pn_permission` [ RunTime:0.023875s ]
[ sql ] [ SQL ] SELECT `name` FROM `pn_permission` WHERE  (  id = 5 ) LIMIT 1 [ RunTime:0.020782s ]
---------------------------------------------------------------
[ 2019-07-12T19:29:08+08:00 ] 127.0.0.1 GET /admin/admin/permission
[ info ] www.peini.com/admin/admin/permission [运行时间：0.296798s][吞吐率：3.37req/s] [内存消耗：2,327.84kb] [文件加载：55]
[ info ] [ LANG ] D:\phpserver\wwwroot\default\peini-formal\thinkphp\lang\zh-cn.php
[ info ] [ ROUTE ] array (
  'type' => 'module',
  'module' => 
  array (
    0 => 'admin',
    1 => 'admin',
    2 => 'permission',
  ),
)
[ info ] [ HEADER ] array (
  'cookie' => 'PHPSESSID=kbqgkkj38hknqopfg1mkl33sf3',
  'accept-language' => 'zh-CN,zh;q=0.9',
  'accept-encoding' => 'gzip, deflate',
  'referer' => 'http://www.peini.com/admin',
  'accept' => 'text/html,application/xhtml+xml,application/xml;q=0.9,image/webp,image/apng,*/*;q=0.8,application/signed-exchange;v=b3',
  'user-agent' => 'Mozilla/5.0 (Windows NT 10.0; Win64; x64) AppleWebKit/537.36 (KHTML, like Gecko) Chrome/75.0.3770.100 Safari/537.36',
  'upgrade-insecure-requests' => '1',
  'connection' => 'keep-alive',
  'host' => 'www.peini.com',
  'content-length' => '',
  'content-type' => '',
)
[ info ] [ PARAM ] array (
)
[ info ] [ SESSION ] INIT array (
  'id' => '',
  'var_session_id' => '',
  'prefix' => 'think',
  'type' => '',
  'auto_start' => true,
)
[ info ] [ RUN ] app\admin\controller\Admin->permission[ D:\phpserver\wwwroot\default\peini-formal\application\admin\controller\Admin.php ]
[ info ] [ DB ] INIT mysql
[ info ] [ VIEW ] D:\phpserver\wwwroot\default\peini-formal\public/../application/admin\view\admin\permission.html [ array (
  0 => 'menu_role',
  1 => 'data',
  2 => 'total',
  3 => 'list',
) ]
[ info ] [ LOG ] INIT File
[ sql ] [ DB ] CONNECT:[ UseTime:0.041038s ] mysql:host=39.98.195.90;dbname=peini;charset=utf8
[ sql ] [ SQL ] SHOW COLUMNS FROM `pn_permission` [ RunTime:0.021469s ]
[ sql ] [ SQL ] SELECT COUNT(*) AS tp_count FROM `pn_permission` LIMIT 1 [ RunTime:0.023658s ]
[ sql ] [ SQL ] SELECT * FROM `pn_permission` LIMIT 0,30 [ RunTime:0.023444s ]
[ sql ] [ SQL ] SHOW COLUMNS FROM `pn_menu` [ RunTime:0.022248s ]
[ sql ] [ SQL ] SELECT `title` FROM `pn_menu` WHERE  `id` IN (10) [ RunTime:0.027380s ]
[ sql ] [ SQL ] SELECT `title` FROM `pn_menu` WHERE  `id` IN (6,7,8) [ RunTime:0.020809s ]
---------------------------------------------------------------
[ 2019-07-12T19:30:19+08:00 ] 127.0.0.1 GET /admin/approve/index
[ info ] www.peini.com/admin/approve/index [运行时间：0.692331s][吞吐率：1.44req/s] [内存消耗：2,151.59kb] [文件加载：52]
[ info ] [ LANG ] D:\phpserver\wwwroot\default\peini-formal\thinkphp\lang\zh-cn.php
[ info ] [ ROUTE ] array (
  'type' => 'module',
  'module' => 
  array (
    0 => 'admin',
    1 => 'approve',
    2 => 'index',
  ),
)
[ info ] [ HEADER ] array (
  'cookie' => 'PHPSESSID=kbqgkkj38hknqopfg1mkl33sf3',
  'accept-language' => 'zh-CN,zh;q=0.9',
  'accept-encoding' => 'gzip, deflate',
  'referer' => 'http://www.peini.com/admin',
  'accept' => 'text/html,application/xhtml+xml,application/xml;q=0.9,image/webp,image/apng,*/*;q=0.8,application/signed-exchange;v=b3',
  'user-agent' => 'Mozilla/5.0 (Windows NT 10.0; Win64; x64) AppleWebKit/537.36 (KHTML, like Gecko) Chrome/75.0.3770.100 Safari/537.36',
  'upgrade-insecure-requests' => '1',
  'connection' => 'keep-alive',
  'host' => 'www.peini.com',
  'content-length' => '',
  'content-type' => '',
)
[ info ] [ PARAM ] array (
)
[ info ] [ RUN ] app\admin\controller\Approve->index[ D:\phpserver\wwwroot\default\peini-formal\application\admin\controller\Approve.php ]
[ info ] [ DB ] INIT mysql
[ info ] [ VIEW ] D:\phpserver\wwwroot\default\peini-formal\public/../application/admin\view\approve\index.html [ array (
  0 => 'data',
  1 => 'total',
  2 => 'listInfo',
  3 => 'list',
) ]
[ info ] [ LOG ] INIT File
[ sql ] [ DB ] CONNECT:[ UseTime:0.049732s ] mysql:host=39.98.195.90;dbname=peini;charset=utf8
[ sql ] [ SQL ] SHOW COLUMNS FROM `pn_approve` [ RunTime:0.029681s ]
[ sql ] [ SQL ] SELECT COUNT(*) AS tp_count FROM `pn_approve` LIMIT 1 [ RunTime:0.038717s ]
[ sql ] [ SQL ] SELECT * FROM `pn_approve` ORDER BY `id` DESC LIMIT 0,30 [ RunTime:0.041541s ]
[ sql ] [ SQL ] SHOW COLUMNS FROM `pn_playinfo` [ RunTime:0.032322s ]
[ sql ] [ SQL ] SELECT * FROM `pn_playinfo` WHERE  (  uid=2 ) [ RunTime:0.033681s ]
[ sql ] [ SQL ] SHOW COLUMNS FROM `pn_label` [ RunTime:0.033617s ]
[ sql ] [ SQL ] SELECT `lid`,`name` FROM `pn_label` WHERE  `lid` IN (1,2,3) [ RunTime:0.035519s ]
[ sql ] [ SQL ] SELECT * FROM `pn_playinfo` WHERE  (  uid=1 ) [ RunTime:0.047317s ]
[ sql ] [ SQL ] SHOW COLUMNS FROM `pn_game` [ RunTime:0.043229s ]
[ sql ] [ SQL ] SELECT * FROM `pn_game` WHERE  (  gid=1 ) LIMIT 1 [ RunTime:0.051173s ]
[ sql ] [ SQL ] SELECT * FROM `pn_game` WHERE  (  gid=2 ) LIMIT 1 [ RunTime:0.036691s ]
[ sql ] [ SQL ] SELECT * FROM `pn_game` WHERE  (  gid=3 ) LIMIT 1 [ RunTime:0.024454s ]
[ sql ] [ SQL ] SELECT `lid`,`name` FROM `pn_label` WHERE  `lid` IN (1,2,3) [ RunTime:0.037036s ]
---------------------------------------------------------------
[ 2019-07-12T19:30:24+08:00 ] 127.0.0.1 GET /admin/sendgift/index
[ info ] www.peini.com/admin/sendgift/index [运行时间：0.320461s][吞吐率：3.12req/s] [内存消耗：2,155.05kb] [文件加载：53]
[ info ] [ LANG ] D:\phpserver\wwwroot\default\peini-formal\thinkphp\lang\zh-cn.php
[ info ] [ ROUTE ] array (
  'type' => 'module',
  'module' => 
  array (
    0 => 'admin',
    1 => 'sendgift',
    2 => 'index',
  ),
)
[ info ] [ HEADER ] array (
  'cookie' => 'PHPSESSID=kbqgkkj38hknqopfg1mkl33sf3',
  'accept-language' => 'zh-CN,zh;q=0.9',
  'accept-encoding' => 'gzip, deflate',
  'referer' => 'http://www.peini.com/admin',
  'accept' => 'text/html,application/xhtml+xml,application/xml;q=0.9,image/webp,image/apng,*/*;q=0.8,application/signed-exchange;v=b3',
  'user-agent' => 'Mozilla/5.0 (Windows NT 10.0; Win64; x64) AppleWebKit/537.36 (KHTML, like Gecko) Chrome/75.0.3770.100 Safari/537.36',
  'upgrade-insecure-requests' => '1',
  'connection' => 'keep-alive',
  'host' => 'www.peini.com',
  'content-length' => '',
  'content-type' => '',
)
[ info ] [ PARAM ] array (
)
[ info ] [ SESSION ] INIT array (
  'id' => '',
  'var_session_id' => '',
  'prefix' => 'think',
  'type' => '',
  'auto_start' => true,
)
[ info ] [ RUN ] app\admin\controller\Sendgift->index[ D:\phpserver\wwwroot\default\peini-formal\application\admin\controller\Sendgift.php ]
[ info ] [ DB ] INIT mysql
[ info ] [ VIEW ] D:\phpserver\wwwroot\default\peini-formal\public/../application/admin\view\sendgift\index.html [ array (
  0 => 'menu_role',
  1 => 'data',
  2 => 'total',
  3 => 'list',
) ]
[ info ] [ LOG ] INIT File
[ sql ] [ DB ] CONNECT:[ UseTime:0.032172s ] mysql:host=39.98.195.90;dbname=peini;charset=utf8
[ sql ] [ SQL ] SHOW COLUMNS FROM `pn_send_log` [ RunTime:0.025774s ]
[ sql ] [ SQL ] SELECT COUNT(*) AS tp_count FROM `pn_send_log` WHERE  `status` <> -1 LIMIT 1 [ RunTime:0.021965s ]
[ sql ] [ SQL ] SELECT * FROM `pn_send_log` WHERE  `status` <> -1 LIMIT 0,30 [ RunTime:0.022285s ]
[ sql ] [ SQL ] SHOW COLUMNS FROM `pn_user` [ RunTime:0.020874s ]
[ sql ] [ SQL ] SELECT `username` FROM `pn_user` WHERE  (  uid=3 ) LIMIT 1 [ RunTime:0.021361s ]
[ sql ] [ SQL ] SELECT `username` FROM `pn_user` WHERE  (  uid=4 ) LIMIT 1 [ RunTime:0.022015s ]
[ sql ] [ SQL ] SHOW COLUMNS FROM `pn_gift` [ RunTime:0.021847s ]
[ sql ] [ SQL ] SELECT `name` FROM `pn_gift` WHERE  (  gid=1 ) LIMIT 1 [ RunTime:0.022741s ]
[ sql ] [ SQL ] SELECT `username` FROM `pn_user` WHERE  (  uid=3 ) LIMIT 1 [ RunTime:0.020609s ]
[ sql ] [ SQL ] SELECT `username` FROM `pn_user` WHERE  (  uid=4 ) LIMIT 1 [ RunTime:0.023728s ]
[ sql ] [ SQL ] SELECT `name` FROM `pn_gift` WHERE  (  gid=1 ) LIMIT 1 [ RunTime:0.023844s ]
