---------------------------------------------------------------
[ 2019-07-13T09:12:35+08:00 ] 127.0.0.1 POST /api/pay/add
[ info ] www.csshayudj.com/api/pay/add [运行时间：1.047533s][吞吐率：0.95req/s] [内存消耗：1,921.18kb] [文件加载：46]
[ info ] [ LANG ] D:\pei\thinkphp\lang\zh-cn.php
[ info ] [ ROUTE ] array (
  'type' => 'module',
  'module' => 
  array (
    0 => 'api',
    1 => 'pay',
    2 => 'add',
  ),
)
[ info ] [ HEADER ] array (
  'connection' => 'keep-alive',
  'content-length' => '476',
  'content-type' => 'multipart/form-data; boundary=--------------------------106379654969867558155424',
  'accept-encoding' => 'gzip, deflate',
  'host' => 'www.csshayudj.com',
  'postman-token' => '0e7ddfcc-e035-48c5-b4fa-be3863e419ee',
  'cache-control' => 'no-cache',
  'accept' => '*/*',
  'user-agent' => 'PostmanRuntime/7.15.2',
)
[ info ] [ PARAM ] array (
  'aid' => '2',
  'money' => '50',
  'pay_type' => '1',
  'uid' => '1',
)
[ info ] [ RUN ] app\api\controller\Pay->add[ D:\pei\application\api\controller\Pay.php ]
[ info ] [ DB ] INIT mysql
[ info ] [ LOG ] INIT File
[ sql ] [ DB ] CONNECT:[ UseTime:0.029216s ] mysql:host=39.98.195.90;dbname=peini;charset=utf8
[ sql ] [ SQL ] SHOW COLUMNS FROM `pn_allow_recharge` [ RunTime:0.019243s ]
[ sql ] [ SQL ] SELECT * FROM `pn_allow_recharge` WHERE  `aid` = 2  AND `status` = 1 LIMIT 1 [ RunTime:0.019667s ]
[ sql ] [ SQL ] SHOW COLUMNS FROM `pn_recharge_order` [ RunTime:0.019903s ]
[ sql ] [ SQL ] INSERT INTO `pn_recharge_order` (`aid` , `tranno` , `uid` , `money` , `paystatus` , `status` , `type` , `addtime` , `currencynum`) VALUES (2 , '2019071351511011' , 1 , 50 , 0 , 0 , 1 , 1562980355 , 50) [ RunTime:0.021811s ]
[ sql ] [ SQL ] SELECT * FROM `pn_recharge_order` WHERE  (  tranno=2019071351511011 ) LIMIT 1 [ RunTime:0.019845s ]
---------------------------------------------------------------
[ 2019-07-13T09:13:48+08:00 ] 127.0.0.1 POST /api/pay/index
[ info ] www.csshayudj.com/api/pay/index [运行时间：0.094950s][吞吐率：10.53req/s] [内存消耗：1,909.37kb] [文件加载：46]
[ info ] [ LANG ] D:\pei\thinkphp\lang\zh-cn.php
[ info ] [ ROUTE ] array (
  'type' => 'module',
  'module' => 
  array (
    0 => 'api',
    1 => 'pay',
    2 => 'index',
  ),
)
[ info ] [ HEADER ] array (
  'connection' => 'keep-alive',
  'content-length' => '476',
  'content-type' => 'multipart/form-data; boundary=--------------------------309960250395832524182235',
  'accept-encoding' => 'gzip, deflate',
  'host' => 'www.csshayudj.com',
  'postman-token' => 'ae1e3ee3-3e68-426a-b634-47956e2437dd',
  'cache-control' => 'no-cache',
  'accept' => '*/*',
  'user-agent' => 'PostmanRuntime/7.15.2',
)
[ info ] [ PARAM ] array (
  'aid' => '2',
  'money' => '50',
  'pay_type' => '1',
  'uid' => '1',
)
[ info ] [ RUN ] app\api\controller\Pay->index[ D:\pei\application\api\controller\Pay.php ]
[ info ] [ DB ] INIT mysql
[ info ] [ LOG ] INIT File
[ sql ] [ DB ] CONNECT:[ UseTime:0.026197s ] mysql:host=39.98.195.90;dbname=peini;charset=utf8
[ sql ] [ SQL ] SHOW COLUMNS FROM `pn_allow_recharge` [ RunTime:0.017436s ]
[ sql ] [ SQL ] SELECT * FROM `pn_allow_recharge` WHERE  (  status = 1 ) [ RunTime:0.017669s ]
---------------------------------------------------------------
[ 2019-07-13T09:39:04+08:00 ] 127.0.0.1 POST /api/withdraw/add
[ info ] www.csshayudj.com/api/withdraw/add [运行时间：0.119103s][吞吐率：8.40req/s] [内存消耗：1,869.19kb] [文件加载：45]
[ info ] [ LANG ] D:\pei\thinkphp\lang\zh-cn.php
[ info ] [ ROUTE ] array (
  'type' => 'module',
  'module' => 
  array (
    0 => 'api',
    1 => 'withdraw',
    2 => 'add',
  ),
)
[ info ] [ HEADER ] array (
  'connection' => 'keep-alive',
  'content-length' => '266',
  'content-type' => 'multipart/form-data; boundary=--------------------------605761578005142837316847',
  'accept-encoding' => 'gzip, deflate',
  'host' => 'www.csshayudj.com',
  'postman-token' => 'd3f8d6c8-b64a-4ed1-88b6-66fe4ffa2525',
  'cache-control' => 'no-cache',
  'accept' => '*/*',
  'user-agent' => 'PostmanRuntime/7.15.2',
)
[ info ] [ PARAM ] array (
  'uid' => '1',
  'money' => '123',
)
[ info ] [ RUN ] app\api\controller\Withdraw->add[ D:\pei\application\api\controller\Withdraw.php ]
[ info ] [ DB ] INIT mysql
[ info ] [ LOG ] INIT File
[ sql ] [ DB ] CONNECT:[ UseTime:0.029820s ] mysql:host=39.98.195.90;dbname=peini;charset=utf8
[ sql ] [ SQL ] SHOW COLUMNS FROM `pn_withdrawal` [ RunTime:0.020295s ]
[ sql ] [ SQL ] INSERT INTO `pn_withdrawal` (`uid` , `tranno` , `money` , `addtime` , `status`) VALUES (1 , '2019071356485210' , 1 , 1562981944 , 1) [ RunTime:0.022117s ]
---------------------------------------------------------------
[ 2019-07-13T09:39:38+08:00 ] 127.0.0.1 POST /api/withdraw/add
[ info ] www.csshayudj.com/api/withdraw/add [运行时间：0.035924s][吞吐率：27.84req/s] [内存消耗：1,287.80kb] [文件加载：38]
[ info ] [ LANG ] D:\pei\thinkphp\lang\zh-cn.php
[ info ] [ ROUTE ] array (
  'type' => 'module',
  'module' => 
  array (
    0 => 'api',
    1 => 'withdraw',
    2 => 'add',
  ),
)
[ info ] [ HEADER ] array (
  'connection' => 'keep-alive',
  'content-length' => '266',
  'content-type' => 'multipart/form-data; boundary=--------------------------937500119522982318718442',
  'accept-encoding' => 'gzip, deflate',
  'host' => 'www.csshayudj.com',
  'postman-token' => '593a5a3b-d829-486f-af55-fb9851e57602',
  'cache-control' => 'no-cache',
  'accept' => '*/*',
  'user-agent' => 'PostmanRuntime/7.15.2',
)
[ info ] [ PARAM ] array (
  'uid' => '1',
  'money' => '123',
)
[ info ] [ RUN ] app\api\controller\Withdraw->add[ D:\pei\application\api\controller\Withdraw.php ]
[ info ] [ LOG ] INIT File
---------------------------------------------------------------
[ 2019-07-13T09:39:50+08:00 ] 127.0.0.1 POST /api/withdraw/add
[ info ] www.csshayudj.com/api/withdraw/add [运行时间：0.042233s][吞吐率：23.68req/s] [内存消耗：1,287.78kb] [文件加载：38]
[ info ] [ LANG ] D:\pei\thinkphp\lang\zh-cn.php
[ info ] [ ROUTE ] array (
  'type' => 'module',
  'module' => 
  array (
    0 => 'api',
    1 => 'withdraw',
    2 => 'add',
  ),
)
[ info ] [ HEADER ] array (
  'connection' => 'keep-alive',
  'content-length' => '266',
  'content-type' => 'multipart/form-data; boundary=--------------------------518441596989782150732583',
  'accept-encoding' => 'gzip, deflate',
  'host' => 'www.csshayudj.com',
  'postman-token' => '5b8bd26a-c1d7-4984-8344-44be4212151f',
  'cache-control' => 'no-cache',
  'accept' => '*/*',
  'user-agent' => 'PostmanRuntime/7.15.2',
)
[ info ] [ PARAM ] array (
  'uid' => '1',
  'money' => '123',
)
[ info ] [ RUN ] app\api\controller\Withdraw->add[ D:\pei\application\api\controller\Withdraw.php ]
[ info ] [ LOG ] INIT File
---------------------------------------------------------------
[ 2019-07-13T09:39:58+08:00 ] 127.0.0.1 POST /api/withdraw/add
[ info ] www.csshayudj.com/api/withdraw/add [运行时间：0.116105s][吞吐率：8.61req/s] [内存消耗：1,869.16kb] [文件加载：45]
[ info ] [ LANG ] D:\pei\thinkphp\lang\zh-cn.php
[ info ] [ ROUTE ] array (
  'type' => 'module',
  'module' => 
  array (
    0 => 'api',
    1 => 'withdraw',
    2 => 'add',
  ),
)
[ info ] [ HEADER ] array (
  'connection' => 'keep-alive',
  'content-length' => '266',
  'content-type' => 'multipart/form-data; boundary=--------------------------839592855649808686171426',
  'accept-encoding' => 'gzip, deflate',
  'host' => 'www.csshayudj.com',
  'postman-token' => '75d9496d-d4db-47ba-aad5-26b307f9f700',
  'cache-control' => 'no-cache',
  'accept' => '*/*',
  'user-agent' => 'PostmanRuntime/7.15.2',
)
[ info ] [ PARAM ] array (
  'uid' => '1',
  'money' => '123',
)
[ info ] [ RUN ] app\api\controller\Withdraw->add[ D:\pei\application\api\controller\Withdraw.php ]
[ info ] [ DB ] INIT mysql
[ info ] [ LOG ] INIT File
[ sql ] [ DB ] CONNECT:[ UseTime:0.030414s ] mysql:host=39.98.195.90;dbname=peini;charset=utf8
[ sql ] [ SQL ] SHOW COLUMNS FROM `pn_withdrawal` [ RunTime:0.020816s ]
[ sql ] [ SQL ] INSERT INTO `pn_withdrawal` (`uid` , `tranno` , `money` , `addtime` , `status`) VALUES (1 , '2019071310150485' , 123 , 1562981998 , 1) [ RunTime:0.022578s ]
---------------------------------------------------------------
[ 2019-07-13T12:07:40+08:00 ] 127.0.0.1 POST /api/pay/add
[ info ] www.csshayudj.com/api/pay/add [运行时间：0.073762s][吞吐率：13.56req/s] [内存消耗：1,296.14kb] [文件加载：38]
[ info ] [ LANG ] D:\pei\thinkphp\lang\zh-cn.php
[ info ] [ ROUTE ] array (
  'type' => 'module',
  'module' => 
  array (
    0 => 'api',
    1 => 'pay',
    2 => 'add',
  ),
)
[ info ] [ HEADER ] array (
  'connection' => 'keep-alive',
  'content-length' => '476',
  'content-type' => 'multipart/form-data; boundary=--------------------------720848734349181624776318',
  'accept-encoding' => 'gzip, deflate',
  'host' => 'www.csshayudj.com',
  'postman-token' => 'e7fff169-234d-43e1-9f7e-91800d265cfa',
  'cache-control' => 'no-cache',
  'accept' => '*/*',
  'user-agent' => 'PostmanRuntime/7.15.2',
)
[ info ] [ PARAM ] array (
  'aid' => '2',
  'money' => '50',
  'pay_type' => '1',
  'uid' => '1',
)
[ info ] [ RUN ] app\api\controller\Pay->add[ D:\pei\application\api\controller\Pay.php ]
[ info ] [ LOG ] INIT File
---------------------------------------------------------------
[ 2019-07-13T12:08:10+08:00 ] 127.0.0.1 POST /api/pay/add
[ info ] www.csshayudj.com/api/pay/add [运行时间：0.027336s][吞吐率：36.58req/s] [内存消耗：1,296.14kb] [文件加载：38]
[ info ] [ LANG ] D:\pei\thinkphp\lang\zh-cn.php
[ info ] [ ROUTE ] array (
  'type' => 'module',
  'module' => 
  array (
    0 => 'api',
    1 => 'pay',
    2 => 'add',
  ),
)
[ info ] [ HEADER ] array (
  'connection' => 'keep-alive',
  'content-length' => '476',
  'content-type' => 'multipart/form-data; boundary=--------------------------651415659873776995088929',
  'accept-encoding' => 'gzip, deflate',
  'host' => 'www.csshayudj.com',
  'postman-token' => '7253f2c7-0888-4281-892b-6046ec5023d7',
  'cache-control' => 'no-cache',
  'accept' => '*/*',
  'user-agent' => 'PostmanRuntime/7.15.2',
)
[ info ] [ PARAM ] array (
  'aid' => '2',
  'money' => '50',
  'pay_type' => '1',
  'uid' => '1',
)
[ info ] [ RUN ] app\api\controller\Pay->add[ D:\pei\application\api\controller\Pay.php ]
[ info ] [ LOG ] INIT File
---------------------------------------------------------------
[ 2019-07-13T12:08:21+08:00 ] 127.0.0.1 POST /api/pay/add
[ info ] www.csshayudj.com/api/pay/add [运行时间：0.377265s][吞吐率：2.65req/s] [内存消耗：2,077.88kb] [文件加载：51]
[ info ] [ LANG ] D:\pei\thinkphp\lang\zh-cn.php
[ info ] [ ROUTE ] array (
  'type' => 'module',
  'module' => 
  array (
    0 => 'api',
    1 => 'pay',
    2 => 'add',
  ),
)
[ info ] [ HEADER ] array (
  'connection' => 'keep-alive',
  'content-length' => '476',
  'content-type' => 'multipart/form-data; boundary=--------------------------400402155479081797821388',
  'accept-encoding' => 'gzip, deflate',
  'host' => 'www.csshayudj.com',
  'postman-token' => '98252036-cad8-4a92-a1da-d85bd5dd23c1',
  'cache-control' => 'no-cache',
  'accept' => '*/*',
  'user-agent' => 'PostmanRuntime/7.15.2',
)
[ info ] [ PARAM ] array (
  'aid' => '2',
  'money' => '50',
  'pay_type' => '1',
  'uid' => '1',
)
[ info ] [ RUN ] app\api\controller\Pay->add[ D:\pei\application\api\controller\Pay.php ]
[ info ] [ DB ] INIT mysql
[ info ] [ LOG ] INIT File
[ sql ] [ DB ] CONNECT:[ UseTime:0.031738s ] mysql:host=39.98.195.90;dbname=peini;charset=utf8
[ sql ] [ SQL ] SHOW COLUMNS FROM `pn_allow_recharge` [ RunTime:0.023063s ]
[ sql ] [ SQL ] SELECT * FROM `pn_allow_recharge` WHERE  `aid` = 2  AND `status` = 1 LIMIT 1 [ RunTime:0.020316s ]
[ sql ] [ SQL ] SHOW COLUMNS FROM `pn_recharge_order` [ RunTime:0.020110s ]
[ sql ] [ SQL ] INSERT INTO `pn_recharge_order` (`aid` , `tranno` , `uid` , `money` , `paystatus` , `status` , `type` , `addtime` , `currencynum`) VALUES (2 , '2019071353565699' , 1 , 50 , 0 , 0 , 1 , 1562990901 , 50) [ RunTime:0.022179s ]
[ sql ] [ SQL ] SELECT * FROM `pn_recharge_order` WHERE  (  tranno=2019071353565699 ) LIMIT 1 [ RunTime:0.020239s ]
[ error ] [0]致命错误: Class 'app\mobile\controller\WxPay' not found[D:\pei\application\api\controller\Pay.php:109]
---------------------------------------------------------------
[ 2019-07-13T12:08:39+08:00 ] 127.0.0.1 POST /api/pay/add
[ info ] www.csshayudj.com/api/pay/add [运行时间：0.196201s][吞吐率：5.10req/s] [内存消耗：2,077.88kb] [文件加载：51]
[ info ] [ LANG ] D:\pei\thinkphp\lang\zh-cn.php
[ info ] [ ROUTE ] array (
  'type' => 'module',
  'module' => 
  array (
    0 => 'api',
    1 => 'pay',
    2 => 'add',
  ),
)
[ info ] [ HEADER ] array (
  'connection' => 'keep-alive',
  'content-length' => '476',
  'content-type' => 'multipart/form-data; boundary=--------------------------212414964634012535450292',
  'accept-encoding' => 'gzip, deflate',
  'host' => 'www.csshayudj.com',
  'postman-token' => '406f6669-f182-442b-81f2-88ef7f9ad7cc',
  'cache-control' => 'no-cache',
  'accept' => '*/*',
  'user-agent' => 'PostmanRuntime/7.15.2',
)
[ info ] [ PARAM ] array (
  'aid' => '2',
  'money' => '50',
  'pay_type' => '1',
  'uid' => '1',
)
[ info ] [ RUN ] app\api\controller\Pay->add[ D:\pei\application\api\controller\Pay.php ]
[ info ] [ DB ] INIT mysql
[ info ] [ LOG ] INIT File
[ sql ] [ DB ] CONNECT:[ UseTime:0.028133s ] mysql:host=39.98.195.90;dbname=peini;charset=utf8
[ sql ] [ SQL ] SHOW COLUMNS FROM `pn_allow_recharge` [ RunTime:0.019053s ]
[ sql ] [ SQL ] SELECT * FROM `pn_allow_recharge` WHERE  `aid` = 2  AND `status` = 1 LIMIT 1 [ RunTime:0.019265s ]
[ sql ] [ SQL ] SHOW COLUMNS FROM `pn_recharge_order` [ RunTime:0.019373s ]
[ sql ] [ SQL ] INSERT INTO `pn_recharge_order` (`aid` , `tranno` , `uid` , `money` , `paystatus` , `status` , `type` , `addtime` , `currencynum`) VALUES (2 , '2019071355975456' , 1 , 50 , 0 , 0 , 1 , 1562990919 , 50) [ RunTime:0.048914s ]
[ sql ] [ SQL ] SELECT * FROM `pn_recharge_order` WHERE  (  tranno=2019071355975456 ) LIMIT 1 [ RunTime:0.019461s ]
[ error ] [0]致命错误: Class 'app\mobile\controller\WxPay' not found[D:\pei\application\api\controller\Pay.php:109]
---------------------------------------------------------------
[ 2019-07-13T12:08:49+08:00 ] 127.0.0.1 POST /api/pay/add
[ info ] www.csshayudj.com/api/pay/add [运行时间：0.166771s][吞吐率：6.00req/s] [内存消耗：2,077.88kb] [文件加载：51]
[ info ] [ LANG ] D:\pei\thinkphp\lang\zh-cn.php
[ info ] [ ROUTE ] array (
  'type' => 'module',
  'module' => 
  array (
    0 => 'api',
    1 => 'pay',
    2 => 'add',
  ),
)
[ info ] [ HEADER ] array (
  'connection' => 'keep-alive',
  'content-length' => '476',
  'content-type' => 'multipart/form-data; boundary=--------------------------499545958875439230131541',
  'accept-encoding' => 'gzip, deflate',
  'host' => 'www.csshayudj.com',
  'postman-token' => 'cc62deba-d7f4-4828-b3c9-9e5932edb842',
  'cache-control' => 'no-cache',
  'accept' => '*/*',
  'user-agent' => 'PostmanRuntime/7.15.2',
)
[ info ] [ PARAM ] array (
  'aid' => '2',
  'money' => '50',
  'pay_type' => '1',
  'uid' => '1',
)
[ info ] [ RUN ] app\api\controller\Pay->add[ D:\pei\application\api\controller\Pay.php ]
[ info ] [ DB ] INIT mysql
[ info ] [ LOG ] INIT File
[ sql ] [ DB ] CONNECT:[ UseTime:0.028311s ] mysql:host=39.98.195.90;dbname=peini;charset=utf8
[ sql ] [ SQL ] SHOW COLUMNS FROM `pn_allow_recharge` [ RunTime:0.019095s ]
[ sql ] [ SQL ] SELECT * FROM `pn_allow_recharge` WHERE  `aid` = 2  AND `status` = 1 LIMIT 1 [ RunTime:0.019190s ]
[ sql ] [ SQL ] SHOW COLUMNS FROM `pn_recharge_order` [ RunTime:0.019420s ]
[ sql ] [ SQL ] INSERT INTO `pn_recharge_order` (`aid` , `tranno` , `uid` , `money` , `paystatus` , `status` , `type` , `addtime` , `currencynum`) VALUES (2 , '2019071349554910' , 1 , 50 , 0 , 0 , 1 , 1562990929 , 50) [ RunTime:0.019969s ]
[ sql ] [ SQL ] SELECT * FROM `pn_recharge_order` WHERE  (  tranno=2019071349554910 ) LIMIT 1 [ RunTime:0.019233s ]
[ error ] [0]致命错误: Class 'app\mobile\controller\WxPay' not found[D:\pei\application\api\controller\Pay.php:109]
---------------------------------------------------------------
[ 2019-07-13T12:09:11+08:00 ] 127.0.0.1 POST /api/pay/add
[ info ] www.csshayudj.com/api/pay/add [运行时间：0.843371s][吞吐率：1.19req/s] [内存消耗：2,104.20kb] [文件加载：53]
[ info ] [ LANG ] D:\pei\thinkphp\lang\zh-cn.php
[ info ] [ ROUTE ] array (
  'type' => 'module',
  'module' => 
  array (
    0 => 'api',
    1 => 'pay',
    2 => 'add',
  ),
)
[ info ] [ HEADER ] array (
  'connection' => 'keep-alive',
  'content-length' => '476',
  'content-type' => 'multipart/form-data; boundary=--------------------------802818855527933025696380',
  'accept-encoding' => 'gzip, deflate',
  'host' => 'www.csshayudj.com',
  'postman-token' => 'badc22a6-94d0-4455-92ca-8fb8b03b519d',
  'cache-control' => 'no-cache',
  'accept' => '*/*',
  'user-agent' => 'PostmanRuntime/7.15.2',
)
[ info ] [ PARAM ] array (
  'aid' => '2',
  'money' => '50',
  'pay_type' => '1',
  'uid' => '1',
)
[ info ] [ RUN ] app\api\controller\Pay->add[ D:\pei\application\api\controller\Pay.php ]
[ info ] [ DB ] INIT mysql
[ info ] [ LOG ] INIT File
[ sql ] [ DB ] CONNECT:[ UseTime:0.027992s ] mysql:host=39.98.195.90;dbname=peini;charset=utf8
[ sql ] [ SQL ] SHOW COLUMNS FROM `pn_allow_recharge` [ RunTime:0.018460s ]
[ sql ] [ SQL ] SELECT * FROM `pn_allow_recharge` WHERE  `aid` = 2  AND `status` = 1 LIMIT 1 [ RunTime:0.018828s ]
[ sql ] [ SQL ] SHOW COLUMNS FROM `pn_recharge_order` [ RunTime:0.018626s ]
[ sql ] [ SQL ] INSERT INTO `pn_recharge_order` (`aid` , `tranno` , `uid` , `money` , `paystatus` , `status` , `type` , `addtime` , `currencynum`) VALUES (2 , '2019071354102489' , 1 , 50 , 0 , 0 , 1 , 1562990950 , 50) [ RunTime:0.020880s ]
[ sql ] [ SQL ] SELECT * FROM `pn_recharge_order` WHERE  (  tranno=2019071354102489 ) LIMIT 1 [ RunTime:0.018310s ]
[ error ] [8]Trying to get property of non-object[D:\pei\application\api\controller\WxPay.php:194]
---------------------------------------------------------------
[ 2019-07-13T12:10:42+08:00 ] 127.0.0.1 POST /api/pay/add
[ info ] www.csshayudj.com/api/pay/add [运行时间：0.363625s][吞吐率：2.75req/s] [内存消耗：1,953.02kb] [文件加载：47]
[ info ] [ LANG ] D:\pei\thinkphp\lang\zh-cn.php
[ info ] [ ROUTE ] array (
  'type' => 'module',
  'module' => 
  array (
    0 => 'api',
    1 => 'pay',
    2 => 'add',
  ),
)
[ info ] [ HEADER ] array (
  'connection' => 'keep-alive',
  'content-length' => '476',
  'content-type' => 'multipart/form-data; boundary=--------------------------393850969958090667251699',
  'accept-encoding' => 'gzip, deflate',
  'host' => 'www.csshayudj.com',
  'postman-token' => 'd1b5abbc-d774-4a6d-b615-1bd42a9d9f5c',
  'cache-control' => 'no-cache',
  'accept' => '*/*',
  'user-agent' => 'PostmanRuntime/7.15.2',
)
[ info ] [ PARAM ] array (
  'aid' => '2',
  'money' => '50',
  'pay_type' => '1',
  'uid' => '1',
)
[ info ] [ RUN ] app\api\controller\Pay->add[ D:\pei\application\api\controller\Pay.php ]
[ info ] [ DB ] INIT mysql
[ info ] [ LOG ] INIT File
[ sql ] [ DB ] CONNECT:[ UseTime:0.028573s ] mysql:host=39.98.195.90;dbname=peini;charset=utf8
[ sql ] [ SQL ] SHOW COLUMNS FROM `pn_allow_recharge` [ RunTime:0.019760s ]
[ sql ] [ SQL ] SELECT * FROM `pn_allow_recharge` WHERE  `aid` = 2  AND `status` = 1 LIMIT 1 [ RunTime:0.019241s ]
[ sql ] [ SQL ] SHOW COLUMNS FROM `pn_recharge_order` [ RunTime:0.020102s ]
[ sql ] [ SQL ] INSERT INTO `pn_recharge_order` (`aid` , `tranno` , `uid` , `money` , `paystatus` , `status` , `type` , `addtime` , `currencynum`) VALUES (2 , '2019071350975348' , 1 , 50 , 0 , 0 , 1 , 1562991042 , 50) [ RunTime:0.021245s ]
[ sql ] [ SQL ] SELECT * FROM `pn_recharge_order` WHERE  (  tranno=2019071350975348 ) LIMIT 1 [ RunTime:0.019243s ]
---------------------------------------------------------------
[ 2019-07-13T12:15:41+08:00 ] 127.0.0.1 POST /api/pay/add
[ info ] www.csshayudj.com/api/pay/add [运行时间：0.483242s][吞吐率：2.07req/s] [内存消耗：1,949.84kb] [文件加载：47]
[ info ] [ LANG ] D:\pei\thinkphp\lang\zh-cn.php
[ info ] [ ROUTE ] array (
  'type' => 'module',
  'module' => 
  array (
    0 => 'api',
    1 => 'pay',
    2 => 'add',
  ),
)
[ info ] [ HEADER ] array (
  'connection' => 'keep-alive',
  'content-length' => '476',
  'content-type' => 'multipart/form-data; boundary=--------------------------405034589997921930867147',
  'accept-encoding' => 'gzip, deflate',
  'host' => 'www.csshayudj.com',
  'postman-token' => '892d0173-7477-4506-859a-23de61f51b0f',
  'cache-control' => 'no-cache',
  'accept' => '*/*',
  'user-agent' => 'PostmanRuntime/7.15.2',
)
[ info ] [ PARAM ] array (
  'aid' => '2',
  'money' => '50',
  'pay_type' => '1',
  'uid' => '1',
)
[ info ] [ RUN ] app\api\controller\Pay->add[ D:\pei\application\api\controller\Pay.php ]
[ info ] [ DB ] INIT mysql
[ info ] [ LOG ] INIT File
[ sql ] [ DB ] CONNECT:[ UseTime:0.029025s ] mysql:host=39.98.195.90;dbname=peini;charset=utf8
[ sql ] [ SQL ] SHOW COLUMNS FROM `pn_allow_recharge` [ RunTime:0.019699s ]
[ sql ] [ SQL ] SELECT * FROM `pn_allow_recharge` WHERE  `aid` = 2  AND `status` = 1 LIMIT 1 [ RunTime:0.019911s ]
[ sql ] [ SQL ] SHOW COLUMNS FROM `pn_recharge_order` [ RunTime:0.019657s ]
[ sql ] [ SQL ] INSERT INTO `pn_recharge_order` (`aid` , `tranno` , `uid` , `money` , `paystatus` , `status` , `type` , `addtime` , `currencynum`) VALUES (2 , '2019071310048525' , 1 , 50 , 0 , 0 , 1 , 1562991341 , 50) [ RunTime:0.022213s ]
[ sql ] [ SQL ] SELECT * FROM `pn_recharge_order` WHERE  (  tranno=2019071310048525 ) LIMIT 1 [ RunTime:0.018807s ]
---------------------------------------------------------------
[ 2019-07-13T12:16:15+08:00 ] 127.0.0.1 POST /api/pay/add
[ info ] www.csshayudj.com/api/pay/add [运行时间：0.382395s][吞吐率：2.62req/s] [内存消耗：1,949.13kb] [文件加载：47]
[ info ] [ LANG ] D:\pei\thinkphp\lang\zh-cn.php
[ info ] [ ROUTE ] array (
  'type' => 'module',
  'module' => 
  array (
    0 => 'api',
    1 => 'pay',
    2 => 'add',
  ),
)
[ info ] [ HEADER ] array (
  'connection' => 'keep-alive',
  'content-length' => '476',
  'content-type' => 'multipart/form-data; boundary=--------------------------317985592405720325722967',
  'accept-encoding' => 'gzip, deflate',
  'host' => 'www.csshayudj.com',
  'postman-token' => 'd6dd1d84-5451-4902-8507-8fe8e0ee591f',
  'cache-control' => 'no-cache',
  'accept' => '*/*',
  'user-agent' => 'PostmanRuntime/7.15.2',
)
[ info ] [ PARAM ] array (
  'aid' => '2',
  'money' => '50',
  'pay_type' => '1',
  'uid' => '1',
)
[ info ] [ RUN ] app\api\controller\Pay->add[ D:\pei\application\api\controller\Pay.php ]
[ info ] [ DB ] INIT mysql
[ info ] [ LOG ] INIT File
[ sql ] [ DB ] CONNECT:[ UseTime:0.030185s ] mysql:host=39.98.195.90;dbname=peini;charset=utf8
[ sql ] [ SQL ] SHOW COLUMNS FROM `pn_allow_recharge` [ RunTime:0.019821s ]
[ sql ] [ SQL ] SELECT * FROM `pn_allow_recharge` WHERE  `aid` = 2  AND `status` = 1 LIMIT 1 [ RunTime:0.020570s ]
[ sql ] [ SQL ] SHOW COLUMNS FROM `pn_recharge_order` [ RunTime:0.021781s ]
[ sql ] [ SQL ] INSERT INTO `pn_recharge_order` (`aid` , `tranno` , `uid` , `money` , `paystatus` , `status` , `type` , `addtime` , `currencynum`) VALUES (2 , '2019071310110249' , 1 , 50 , 0 , 0 , 1 , 1562991374 , 50) [ RunTime:0.022801s ]
[ sql ] [ SQL ] SELECT * FROM `pn_recharge_order` WHERE  (  tranno=2019071310110249 ) LIMIT 1 [ RunTime:0.020317s ]
---------------------------------------------------------------
[ 2019-07-13T15:33:55+08:00 ] 127.0.0.1 GET /admin/
[ info ] www.csshayudj.com/admin/ [运行时间：1.300081s][吞吐率：0.77req/s] [内存消耗：2,205.77kb] [文件加载：52]
[ info ] [ LANG ] D:\pei\thinkphp\lang\zh-cn.php
[ info ] [ ROUTE ] array (
  'type' => 'module',
  'module' => 
  array (
    0 => 'admin',
    1 => NULL,
    2 => NULL,
  ),
)
[ info ] [ HEADER ] array (
  'cookie' => 'pgv_pvi=2896157696; pgv_si=s47170560; PHPSESSID=vqa54qp40fdnihqcq88vev3pf9',
  'accept-language' => 'zh-CN,zh;q=0.9',
  'accept-encoding' => 'gzip, deflate',
  'accept' => 'text/html,application/xhtml+xml,application/xml;q=0.9,image/webp,image/apng,*/*;q=0.8,application/signed-exchange;v=b3',
  'user-agent' => 'Mozilla/5.0 (Windows NT 10.0; WOW64) AppleWebKit/537.36 (KHTML, like Gecko) Chrome/74.0.3729.169 Safari/537.36',
  'upgrade-insecure-requests' => '1',
  'connection' => 'keep-alive',
  'host' => 'www.csshayudj.com',
  'content-length' => '',
  'content-type' => '',
)
[ info ] [ PARAM ] array (
)
[ info ] [ SESSION ] INIT array (
  'id' => '',
  'var_session_id' => '',
  'prefix' => 'think',
  'type' => '',
  'auto_start' => true,
)
[ info ] [ RUN ] app\admin\controller\Index->index[ D:\pei\application\admin\controller\Index.php ]
[ info ] [ DB ] INIT mysql
[ info ] [ VIEW ] D:\pei\public/../application/admin\view\index\index.html [ array (
  0 => 'menu_role',
  1 => 'menu_list_one',
  2 => 'menu_list_two',
) ]
[ info ] [ LOG ] INIT File
[ sql ] [ DB ] CONNECT:[ UseTime:0.028538s ] mysql:host=39.98.195.90;dbname=peini;charset=utf8
[ sql ] [ SQL ] SHOW COLUMNS FROM `pn_role` [ RunTime:0.018765s ]
[ sql ] [ SQL ] SELECT `role_permission` FROM `pn_role` WHERE  (  id = 1 ) LIMIT 1 [ RunTime:0.018177s ]
[ sql ] [ SQL ] SHOW COLUMNS FROM `pn_menu` [ RunTime:0.018596s ]
[ sql ] [ SQL ] SELECT * FROM `pn_menu` WHERE  (  level = 1 and statu = 1 ) [ RunTime:0.017674s ]
[ sql ] [ SQL ] SELECT * FROM `pn_menu` WHERE  (  level = 2 and statu = 1 ) [ RunTime:0.018532s ]
---------------------------------------------------------------
[ 2019-07-13T15:33:55+08:00 ] 127.0.0.1 GET /admin/index/welcome
[ info ] www.csshayudj.com/admin/index/welcome [运行时间：0.086651s][吞吐率：11.54req/s] [内存消耗：1,445.09kb] [文件加载：43]
[ info ] [ LANG ] D:\pei\thinkphp\lang\zh-cn.php
[ info ] [ ROUTE ] array (
  'type' => 'module',
  'module' => 
  array (
    0 => 'admin',
    1 => 'index',
    2 => 'welcome',
  ),
)
[ info ] [ HEADER ] array (
  'cookie' => 'pgv_pvi=2896157696; pgv_si=s47170560; PHPSESSID=vqa54qp40fdnihqcq88vev3pf9',
  'accept-language' => 'zh-CN,zh;q=0.9',
  'accept-encoding' => 'gzip, deflate',
  'referer' => 'http://www.csshayudj.com/admin/',
  'accept' => 'text/html,application/xhtml+xml,application/xml;q=0.9,image/webp,image/apng,*/*;q=0.8,application/signed-exchange;v=b3',
  'user-agent' => 'Mozilla/5.0 (Windows NT 10.0; WOW64) AppleWebKit/537.36 (KHTML, like Gecko) Chrome/74.0.3729.169 Safari/537.36',
  'upgrade-insecure-requests' => '1',
  'connection' => 'keep-alive',
  'host' => 'www.csshayudj.com',
  'content-length' => '',
  'content-type' => '',
)
[ info ] [ PARAM ] array (
)
[ info ] [ SESSION ] INIT array (
  'id' => '',
  'var_session_id' => '',
  'prefix' => 'think',
  'type' => '',
  'auto_start' => true,
)
[ info ] [ RUN ] app\admin\controller\Index->welcome[ D:\pei\application\admin\controller\Index.php ]
[ info ] [ VIEW ] D:\pei\public/../application/admin\view\index\welcome.html [ array (
  0 => 'menu_role',
) ]
[ info ] [ LOG ] INIT File
---------------------------------------------------------------
[ 2019-07-13T15:33:55+08:00 ] 127.0.0.1 GET /static/admin/static/css/weadmin.css.map
[ info ] www.csshayudj.com/static/admin/static/css/weadmin.css.map [运行时间：0.189876s][吞吐率：5.27req/s] [内存消耗：1,143.21kb] [文件加载：35]
[ info ] [ LANG ] D:\pei\thinkphp\lang\zh-cn.php
[ info ] [ ROUTE ] array (
  'type' => 'module',
  'module' => 
  array (
    0 => 'static',
    1 => 'admin',
    2 => 'static',
  ),
)
[ info ] [ HEADER ] array (
  'cookie' => 'pgv_pvi=2896157696; pgv_si=s47170560; PHPSESSID=vqa54qp40fdnihqcq88vev3pf9',
  'accept-language' => 'zh-CN,zh;q=0.9',
  'accept-encoding' => 'gzip, deflate',
  'user-agent' => 'Mozilla/5.0 (Windows NT 10.0; WOW64) AppleWebKit/537.36 (KHTML, like Gecko) Chrome/74.0.3729.169 Safari/537.36',
  'connection' => 'keep-alive',
  'host' => 'www.csshayudj.com',
  'content-length' => '',
  'content-type' => '',
)
[ info ] [ PARAM ] array (
  'css' => 'weadmin.css.map',
)
[ info ] [ LOG ] INIT File
---------------------------------------------------------------
[ 2019-07-13T15:33:56+08:00 ] 127.0.0.1 GET /admin/favicon.ico
[ info ] www.csshayudj.com/admin/favicon.ico [运行时间：0.145591s][吞吐率：6.87req/s] [内存消耗：1,145.61kb] [文件加载：36]
[ info ] [ LANG ] D:\pei\thinkphp\lang\zh-cn.php
[ info ] [ ROUTE ] array (
  'type' => 'module',
  'module' => 
  array (
    0 => 'admin',
    1 => 'favicon.ico',
    2 => NULL,
  ),
)
[ info ] [ HEADER ] array (
  'cookie' => 'pgv_pvi=2896157696; pgv_si=s47170560; PHPSESSID=vqa54qp40fdnihqcq88vev3pf9',
  'accept-language' => 'zh-CN,zh;q=0.9',
  'accept-encoding' => 'gzip, deflate',
  'referer' => 'http://www.csshayudj.com/admin/',
  'accept' => 'image/webp,image/apng,image/*,*/*;q=0.8',
  'user-agent' => 'Mozilla/5.0 (Windows NT 10.0; WOW64) AppleWebKit/537.36 (KHTML, like Gecko) Chrome/74.0.3729.169 Safari/537.36',
  'connection' => 'keep-alive',
  'host' => 'www.csshayudj.com',
  'content-length' => '',
  'content-type' => '',
)
[ info ] [ PARAM ] array (
)
[ info ] [ LOG ] INIT File
---------------------------------------------------------------
[ 2019-07-13T15:34:01+08:00 ] 127.0.0.1 GET /admin/approve/index
[ info ] www.csshayudj.com/admin/approve/index [运行时间：0.946729s][吞吐率：1.06req/s] [内存消耗：2,224.91kb] [文件加载：52]
[ info ] [ LANG ] D:\pei\thinkphp\lang\zh-cn.php
[ info ] [ ROUTE ] array (
  'type' => 'module',
  'module' => 
  array (
    0 => 'admin',
    1 => 'approve',
    2 => 'index',
  ),
)
[ info ] [ HEADER ] array (
  'cookie' => 'pgv_pvi=2896157696; pgv_si=s47170560; PHPSESSID=vqa54qp40fdnihqcq88vev3pf9',
  'accept-language' => 'zh-CN,zh;q=0.9',
  'accept-encoding' => 'gzip, deflate',
  'referer' => 'http://www.csshayudj.com/admin/',
  'accept' => 'text/html,application/xhtml+xml,application/xml;q=0.9,image/webp,image/apng,*/*;q=0.8,application/signed-exchange;v=b3',
  'user-agent' => 'Mozilla/5.0 (Windows NT 10.0; WOW64) AppleWebKit/537.36 (KHTML, like Gecko) Chrome/74.0.3729.169 Safari/537.36',
  'upgrade-insecure-requests' => '1',
  'connection' => 'keep-alive',
  'host' => 'www.csshayudj.com',
  'content-length' => '',
  'content-type' => '',
)
[ info ] [ PARAM ] array (
)
[ info ] [ RUN ] app\admin\controller\Approve->index[ D:\pei\application\admin\controller\Approve.php ]
[ info ] [ DB ] INIT mysql
[ info ] [ VIEW ] D:\pei\public/../application/admin\view\approve\index.html [ array (
  0 => 'data',
  1 => 'total',
  2 => 'listInfo',
  3 => 'list',
) ]
[ info ] [ LOG ] INIT File
[ sql ] [ DB ] CONNECT:[ UseTime:0.030327s ] mysql:host=39.98.195.90;dbname=peini;charset=utf8
[ sql ] [ SQL ] SHOW COLUMNS FROM `pn_approve` [ RunTime:0.020320s ]
[ sql ] [ SQL ] SELECT COUNT(*) AS tp_count FROM `pn_approve` LIMIT 1 [ RunTime:0.019472s ]
[ sql ] [ SQL ] SELECT * FROM `pn_approve` ORDER BY `id` DESC LIMIT 0,30 [ RunTime:0.021023s ]
[ sql ] [ SQL ] SHOW COLUMNS FROM `pn_playinfo` [ RunTime:0.020454s ]
[ sql ] [ SQL ] SELECT * FROM `pn_playinfo` WHERE  (  uid=16 ) [ RunTime:0.019214s ]
[ sql ] [ SQL ] SHOW COLUMNS FROM `pn_label` [ RunTime:0.019929s ]
[ sql ] [ SQL ] SELECT `lid`,`name` FROM `pn_label` WHERE  `lid` IN (1,2,3) [ RunTime:0.019628s ]
[ sql ] [ SQL ] SELECT * FROM `pn_playinfo` WHERE  (  uid=15 ) [ RunTime:0.019675s ]
[ sql ] [ SQL ] SELECT `lid`,`name` FROM `pn_label` WHERE  `lid` IN (1,2,3) [ RunTime:0.018463s ]
[ sql ] [ SQL ] SELECT * FROM `pn_playinfo` WHERE  (  uid=14 ) [ RunTime:0.019213s ]
[ sql ] [ SQL ] SELECT `lid`,`name` FROM `pn_label` WHERE  `lid` IN (1,2,3) [ RunTime:0.018677s ]
[ sql ] [ SQL ] SELECT * FROM `pn_playinfo` WHERE  (  uid=13 ) [ RunTime:0.018601s ]
[ sql ] [ SQL ] SELECT `lid`,`name` FROM `pn_label` WHERE  `lid` IN (1,2,3) [ RunTime:0.018955s ]
[ sql ] [ SQL ] SELECT * FROM `pn_playinfo` WHERE  (  uid=12 ) [ RunTime:0.019182s ]
[ sql ] [ SQL ] SELECT `lid`,`name` FROM `pn_label` WHERE  `lid` IN (1,2,3) [ RunTime:0.018683s ]
[ sql ] [ SQL ] SELECT * FROM `pn_playinfo` WHERE  (  uid=11 ) [ RunTime:0.018527s ]
[ sql ] [ SQL ] SELECT `lid`,`name` FROM `pn_label` WHERE  `lid` IN (1,2,3) [ RunTime:0.019395s ]
[ sql ] [ SQL ] SELECT * FROM `pn_playinfo` WHERE  (  uid=10 ) [ RunTime:0.019232s ]
[ sql ] [ SQL ] SELECT `lid`,`name` FROM `pn_label` WHERE  `lid` IN (1,2,3) [ RunTime:0.019158s ]
[ sql ] [ SQL ] SELECT * FROM `pn_playinfo` WHERE  (  uid=9 ) [ RunTime:0.018371s ]
[ sql ] [ SQL ] SELECT `lid`,`name` FROM `pn_label` WHERE  `lid` IN (1,2,3) [ RunTime:0.019317s ]
[ sql ] [ SQL ] SELECT * FROM `pn_playinfo` WHERE  (  uid=8 ) [ RunTime:0.019156s ]
[ sql ] [ SQL ] SELECT `lid`,`name` FROM `pn_label` WHERE  `lid` IN (1,2,3) [ RunTime:0.019143s ]
[ sql ] [ SQL ] SELECT * FROM `pn_playinfo` WHERE  (  uid=2 ) [ RunTime:0.019084s ]
[ sql ] [ SQL ] SELECT `lid`,`name` FROM `pn_label` WHERE  `lid` IN (1,2,3) [ RunTime:0.019160s ]
[ sql ] [ SQL ] SELECT * FROM `pn_playinfo` WHERE  (  uid=1 ) [ RunTime:0.019211s ]
[ sql ] [ SQL ] SHOW COLUMNS FROM `pn_game` [ RunTime:0.019508s ]
[ sql ] [ SQL ] SELECT * FROM `pn_game` WHERE  (  gid=1 ) LIMIT 1 [ RunTime:0.019201s ]
[ sql ] [ SQL ] SELECT * FROM `pn_game` WHERE  (  gid=2 ) LIMIT 1 [ RunTime:0.019223s ]
[ sql ] [ SQL ] SELECT * FROM `pn_game` WHERE  (  gid=3 ) LIMIT 1 [ RunTime:0.019278s ]
[ sql ] [ SQL ] SELECT `lid`,`name` FROM `pn_label` WHERE  `lid` IN (1,2,3) [ RunTime:0.019262s ]
---------------------------------------------------------------
[ 2019-07-13T15:34:01+08:00 ] 127.0.0.1 GET /static/admin/static/css/weadmin.css.map
[ info ] www.csshayudj.com/static/admin/static/css/weadmin.css.map [运行时间：0.029411s][吞吐率：34.00req/s] [内存消耗：1,143.21kb] [文件加载：35]
[ info ] [ LANG ] D:\pei\thinkphp\lang\zh-cn.php
[ info ] [ ROUTE ] array (
  'type' => 'module',
  'module' => 
  array (
    0 => 'static',
    1 => 'admin',
    2 => 'static',
  ),
)
[ info ] [ HEADER ] array (
  'cookie' => 'pgv_pvi=2896157696; pgv_si=s47170560; PHPSESSID=vqa54qp40fdnihqcq88vev3pf9',
  'accept-language' => 'zh-CN,zh;q=0.9',
  'accept-encoding' => 'gzip, deflate',
  'user-agent' => 'Mozilla/5.0 (Windows NT 10.0; WOW64) AppleWebKit/537.36 (KHTML, like Gecko) Chrome/74.0.3729.169 Safari/537.36',
  'connection' => 'keep-alive',
  'host' => 'www.csshayudj.com',
  'content-length' => '',
  'content-type' => '',
)
[ info ] [ PARAM ] array (
  'css' => 'weadmin.css.map',
)
[ info ] [ LOG ] INIT File
---------------------------------------------------------------
[ 2019-07-13T15:51:53+08:00 ] 127.0.0.1 GET /index/approve/add
[ info ] www.csshayudj.com/index/approve/add [运行时间：0.267651s][吞吐率：3.74req/s] [内存消耗：2,032.65kb] [文件加载：49]
[ info ] [ LANG ] D:\pei\thinkphp\lang\zh-cn.php
[ info ] [ ROUTE ] array (
  'type' => 'module',
  'module' => 
  array (
    0 => 'index',
    1 => 'approve',
    2 => 'add',
  ),
)
[ info ] [ HEADER ] array (
  'cookie' => 'pgv_pvi=2896157696; pgv_si=s47170560; PHPSESSID=vqa54qp40fdnihqcq88vev3pf9',
  'accept-language' => 'zh-CN,zh;q=0.9',
  'accept-encoding' => 'gzip, deflate',
  'accept' => 'text/html,application/xhtml+xml,application/xml;q=0.9,image/webp,image/apng,*/*;q=0.8,application/signed-exchange;v=b3',
  'user-agent' => 'Mozilla/5.0 (Windows NT 10.0; WOW64) AppleWebKit/537.36 (KHTML, like Gecko) Chrome/74.0.3729.169 Safari/537.36',
  'upgrade-insecure-requests' => '1',
  'connection' => 'keep-alive',
  'host' => 'www.csshayudj.com',
  'content-length' => '',
  'content-type' => '',
)
[ info ] [ PARAM ] array (
)
[ info ] [ RUN ] app\index\controller\Approve->add[ D:\pei\application\index\controller\Approve.php ]
[ info ] [ DB ] INIT mysql
[ info ] [ VIEW ] D:\pei\public/../application/index\view\approve\add.html [ array (
  0 => 'game',
  1 => 'label',
) ]
[ info ] [ LOG ] INIT File
[ sql ] [ DB ] CONNECT:[ UseTime:0.031972s ] mysql:host=39.98.195.90;dbname=peini;charset=utf8
[ sql ] [ SQL ] SHOW COLUMNS FROM `pn_game` [ RunTime:0.017867s ]
[ sql ] [ SQL ] SELECT `gid`,`name`,`tid` FROM `pn_game` WHERE  (  status=1 ) [ RunTime:0.019141s ]
[ sql ] [ SQL ] SHOW COLUMNS FROM `pn_game_price` [ RunTime:0.019526s ]
[ sql ] [ SQL ] SELECT `gid`,`price` FROM `pn_game_price` WHERE  `gid` = 1  AND `status` = 1 [ RunTime:0.017964s ]
[ sql ] [ SQL ] SELECT `gid`,`price` FROM `pn_game_price` WHERE  `gid` = 2  AND `status` = 1 [ RunTime:0.019186s ]
[ sql ] [ SQL ] SELECT `gid`,`price` FROM `pn_game_price` WHERE  `gid` = 3  AND `status` = 1 [ RunTime:0.017127s ]
[ sql ] [ SQL ] SHOW COLUMNS FROM `pn_label` [ RunTime:0.018393s ]
[ sql ] [ SQL ] SELECT `lid`,`name` FROM `pn_label` WHERE  (  status=1 ) [ RunTime:0.018300s ]
---------------------------------------------------------------
[ 2019-07-13T15:51:53+08:00 ] 127.0.0.1 GET /static/admin/static/css/weadmin.css.map
[ info ] www.csshayudj.com/static/admin/static/css/weadmin.css.map [运行时间：0.030653s][吞吐率：32.62req/s] [内存消耗：1,143.21kb] [文件加载：35]
[ info ] [ LANG ] D:\pei\thinkphp\lang\zh-cn.php
[ info ] [ ROUTE ] array (
  'type' => 'module',
  'module' => 
  array (
    0 => 'static',
    1 => 'admin',
    2 => 'static',
  ),
)
[ info ] [ HEADER ] array (
  'cookie' => 'pgv_pvi=2896157696; pgv_si=s47170560; PHPSESSID=vqa54qp40fdnihqcq88vev3pf9',
  'accept-language' => 'zh-CN,zh;q=0.9',
  'accept-encoding' => 'gzip, deflate',
  'user-agent' => 'Mozilla/5.0 (Windows NT 10.0; WOW64) AppleWebKit/537.36 (KHTML, like Gecko) Chrome/74.0.3729.169 Safari/537.36',
  'connection' => 'keep-alive',
  'host' => 'www.csshayudj.com',
  'content-length' => '',
  'content-type' => '',
)
[ info ] [ PARAM ] array (
  'css' => 'weadmin.css.map',
)
[ info ] [ LOG ] INIT File
---------------------------------------------------------------
[ 2019-07-13T15:52:22+08:00 ] 127.0.0.1 POST /index/approve/qinui_upload
[ info ] www.csshayudj.com/index/approve/qinui_upload [运行时间：1.197646s][吞吐率：0.83req/s] [内存消耗：1,575.89kb] [文件加载：53]
[ info ] [ LANG ] D:\pei\thinkphp\lang\zh-cn.php
[ info ] [ ROUTE ] array (
  'type' => 'module',
  'module' => 
  array (
    0 => 'index',
    1 => 'approve',
    2 => 'qinui_upload',
  ),
)
[ info ] [ HEADER ] array (
  'cookie' => 'pgv_pvi=2896157696; pgv_si=s47170560; PHPSESSID=vqa54qp40fdnihqcq88vev3pf9',
  'accept-language' => 'zh-CN,zh;q=0.9',
  'accept-encoding' => 'gzip, deflate',
  'referer' => 'http://www.csshayudj.com/index/approve/add',
  'content-type' => 'multipart/form-data; boundary=----WebKitFormBoundary9qZQndWYDYWWkgJ3',
  'user-agent' => 'Mozilla/5.0 (Windows NT 10.0; WOW64) AppleWebKit/537.36 (KHTML, like Gecko) Chrome/74.0.3729.169 Safari/537.36',
  'x-requested-with' => 'XMLHttpRequest',
  'origin' => 'http://www.csshayudj.com',
  'accept' => 'application/json, text/javascript, */*; q=0.01',
  'content-length' => '714169',
  'connection' => 'keep-alive',
  'host' => 'www.csshayudj.com',
)
[ info ] [ PARAM ] array (
)
[ info ] [ RUN ] app\index\controller\Approve->qinui_upload[ D:\pei\application\index\controller\Approve.php ]
[ info ] [ LOG ] INIT File
---------------------------------------------------------------
[ 2019-07-13T15:52:27+08:00 ] 127.0.0.1 POST /index/approve/qinui_upload
[ info ] www.csshayudj.com/index/approve/qinui_upload [运行时间：0.763724s][吞吐率：1.31req/s] [内存消耗：1,575.89kb] [文件加载：53]
[ info ] [ LANG ] D:\pei\thinkphp\lang\zh-cn.php
[ info ] [ ROUTE ] array (
  'type' => 'module',
  'module' => 
  array (
    0 => 'index',
    1 => 'approve',
    2 => 'qinui_upload',
  ),
)
[ info ] [ HEADER ] array (
  'cookie' => 'pgv_pvi=2896157696; pgv_si=s47170560; PHPSESSID=vqa54qp40fdnihqcq88vev3pf9',
  'accept-language' => 'zh-CN,zh;q=0.9',
  'accept-encoding' => 'gzip, deflate',
  'referer' => 'http://www.csshayudj.com/index/approve/add',
  'content-type' => 'multipart/form-data; boundary=----WebKitFormBoundarySLtBK9kuEv2cFDtu',
  'user-agent' => 'Mozilla/5.0 (Windows NT 10.0; WOW64) AppleWebKit/537.36 (KHTML, like Gecko) Chrome/74.0.3729.169 Safari/537.36',
  'x-requested-with' => 'XMLHttpRequest',
  'origin' => 'http://www.csshayudj.com',
  'accept' => 'application/json, text/javascript, */*; q=0.01',
  'content-length' => '714169',
  'connection' => 'keep-alive',
  'host' => 'www.csshayudj.com',
)
[ info ] [ PARAM ] array (
)
[ info ] [ RUN ] app\index\controller\Approve->qinui_upload[ D:\pei\application\index\controller\Approve.php ]
[ info ] [ LOG ] INIT File
---------------------------------------------------------------
[ 2019-07-13T15:52:31+08:00 ] 127.0.0.1 POST /index/approve/qinui_upload
[ info ] www.csshayudj.com/index/approve/qinui_upload [运行时间：0.612547s][吞吐率：1.63req/s] [内存消耗：1,575.89kb] [文件加载：53]
[ info ] [ LANG ] D:\pei\thinkphp\lang\zh-cn.php
[ info ] [ ROUTE ] array (
  'type' => 'module',
  'module' => 
  array (
    0 => 'index',
    1 => 'approve',
    2 => 'qinui_upload',
  ),
)
[ info ] [ HEADER ] array (
  'cookie' => 'pgv_pvi=2896157696; pgv_si=s47170560; PHPSESSID=vqa54qp40fdnihqcq88vev3pf9',
  'accept-language' => 'zh-CN,zh;q=0.9',
  'accept-encoding' => 'gzip, deflate',
  'referer' => 'http://www.csshayudj.com/index/approve/add',
  'content-type' => 'multipart/form-data; boundary=----WebKitFormBoundaryB5NhefObQBT1TnBn',
  'user-agent' => 'Mozilla/5.0 (Windows NT 10.0; WOW64) AppleWebKit/537.36 (KHTML, like Gecko) Chrome/74.0.3729.169 Safari/537.36',
  'x-requested-with' => 'XMLHttpRequest',
  'origin' => 'http://www.csshayudj.com',
  'accept' => 'application/json, text/javascript, */*; q=0.01',
  'content-length' => '714169',
  'connection' => 'keep-alive',
  'host' => 'www.csshayudj.com',
)
[ info ] [ PARAM ] array (
)
[ info ] [ RUN ] app\index\controller\Approve->qinui_upload[ D:\pei\application\index\controller\Approve.php ]
[ info ] [ LOG ] INIT File
---------------------------------------------------------------
[ 2019-07-13T15:52:37+08:00 ] 127.0.0.1 POST /index/approve/qinui_upload_video
[ info ] www.csshayudj.com/index/approve/qinui_upload_video [运行时间：0.479630s][吞吐率：2.08req/s] [内存消耗：1,575.98kb] [文件加载：53]
[ info ] [ LANG ] D:\pei\thinkphp\lang\zh-cn.php
[ info ] [ ROUTE ] array (
  'type' => 'module',
  'module' => 
  array (
    0 => 'index',
    1 => 'approve',
    2 => 'qinui_upload_video',
  ),
)
[ info ] [ HEADER ] array (
  'cookie' => 'pgv_pvi=2896157696; pgv_si=s47170560; PHPSESSID=vqa54qp40fdnihqcq88vev3pf9',
  'accept-language' => 'zh-CN,zh;q=0.9',
  'accept-encoding' => 'gzip, deflate',
  'referer' => 'http://www.csshayudj.com/index/approve/add',
  'content-type' => 'multipart/form-data; boundary=----WebKitFormBoundarybeHrXHaDs58pfcA6',
  'user-agent' => 'Mozilla/5.0 (Windows NT 10.0; WOW64) AppleWebKit/537.36 (KHTML, like Gecko) Chrome/74.0.3729.169 Safari/537.36',
  'x-requested-with' => 'XMLHttpRequest',
  'origin' => 'http://www.csshayudj.com',
  'accept' => 'application/json, text/javascript, */*; q=0.01',
  'content-length' => '325786',
  'connection' => 'keep-alive',
  'host' => 'www.csshayudj.com',
)
[ info ] [ PARAM ] array (
)
[ info ] [ RUN ] app\index\controller\Approve->qinui_upload_video[ D:\pei\application\index\controller\Approve.php ]
[ info ] [ LOG ] INIT File
---------------------------------------------------------------
[ 2019-07-13T15:52:44+08:00 ] 127.0.0.1 POST /index/approve/qinui_upload
[ info ] www.csshayudj.com/index/approve/qinui_upload [运行时间：0.678196s][吞吐率：1.47req/s] [内存消耗：1,575.89kb] [文件加载：53]
[ info ] [ LANG ] D:\pei\thinkphp\lang\zh-cn.php
[ info ] [ ROUTE ] array (
  'type' => 'module',
  'module' => 
  array (
    0 => 'index',
    1 => 'approve',
    2 => 'qinui_upload',
  ),
)
[ info ] [ HEADER ] array (
  'cookie' => 'pgv_pvi=2896157696; pgv_si=s47170560; PHPSESSID=vqa54qp40fdnihqcq88vev3pf9',
  'accept-language' => 'zh-CN,zh;q=0.9',
  'accept-encoding' => 'gzip, deflate',
  'referer' => 'http://www.csshayudj.com/index/approve/add',
  'content-type' => 'multipart/form-data; boundary=----WebKitFormBoundaryE7hWcQZ2TYwDr2An',
  'user-agent' => 'Mozilla/5.0 (Windows NT 10.0; WOW64) AppleWebKit/537.36 (KHTML, like Gecko) Chrome/74.0.3729.169 Safari/537.36',
  'x-requested-with' => 'XMLHttpRequest',
  'origin' => 'http://www.csshayudj.com',
  'accept' => 'application/json, text/javascript, */*; q=0.01',
  'content-length' => '714169',
  'connection' => 'keep-alive',
  'host' => 'www.csshayudj.com',
)
[ info ] [ PARAM ] array (
)
[ info ] [ RUN ] app\index\controller\Approve->qinui_upload[ D:\pei\application\index\controller\Approve.php ]
[ info ] [ LOG ] INIT File
---------------------------------------------------------------
[ 2019-07-13T15:52:50+08:00 ] 127.0.0.1 POST /index/approve/adddo
[ info ] www.csshayudj.com/index/approve/adddo [运行时间：0.203020s][吞吐率：4.93req/s] [内存消耗：1,895.42kb] [文件加载：48]
[ info ] [ LANG ] D:\pei\thinkphp\lang\zh-cn.php
[ info ] [ ROUTE ] array (
  'type' => 'module',
  'module' => 
  array (
    0 => 'index',
    1 => 'approve',
    2 => 'adddo',
  ),
)
[ info ] [ HEADER ] array (
  'cookie' => 'pgv_pvi=2896157696; pgv_si=s47170560; PHPSESSID=vqa54qp40fdnihqcq88vev3pf9',
  'accept-language' => 'zh-CN,zh;q=0.9',
  'accept-encoding' => 'gzip, deflate',
  'referer' => 'http://www.csshayudj.com/index/approve/add',
  'content-type' => 'application/x-www-form-urlencoded; charset=UTF-8',
  'user-agent' => 'Mozilla/5.0 (Windows NT 10.0; WOW64) AppleWebKit/537.36 (KHTML, like Gecko) Chrome/74.0.3729.169 Safari/537.36',
  'x-requested-with' => 'XMLHttpRequest',
  'origin' => 'http://www.csshayudj.com',
  'accept' => 'application/json, text/javascript, */*; q=0.01',
  'content-length' => '546',
  'connection' => 'keep-alive',
  'host' => 'www.csshayudj.com',
)
[ info ] [ PARAM ] array (
  'phone' => '15032408337',
  'username' => '晨晨',
  'idcode' => '123456789123456789',
  'alipay' => '15032408337',
  'qq' => '2543599672',
  'wx' => '15032408337',
  'label' => 
  array (
    0 => '1',
    1 => '2',
    2 => '3',
    4 => '5',
  ),
  'layuiVideo' => '',
  'img1' => 'http://cdn.lanyushiting.com/image/1563004341/6975.png',
  'img2' => 'http://cdn.lanyushiting.com/image/1563004346/1826.png',
  'img3' => 'http://cdn.lanyushiting.com/image/1563004350/4890.png',
  'img4' => 'http://cdn.lanyushiting.com/video/1563004356/5385.mp4',
  'img5' => 'http://cdn.lanyushiting.com/image/1563004363/9329.png',
)
[ info ] [ RUN ] app\index\controller\Approve->addDo[ D:\pei\application\index\controller\Approve.php ]
[ info ] [ DB ] INIT mysql
[ info ] [ LOG ] INIT File
[ sql ] [ DB ] CONNECT:[ UseTime:0.031720s ] mysql:host=39.98.195.90;dbname=peini;charset=utf8
[ sql ] [ SQL ] SHOW COLUMNS FROM `pn_user` [ RunTime:0.020681s ]
[ sql ] [ SQL ] SELECT * FROM `pn_user` WHERE  (  mobile=15032408337 ) LIMIT 1 [ RunTime:0.021340s ]
---------------------------------------------------------------
[ 2019-07-13T15:53:18+08:00 ] 127.0.0.1 POST /index/approve/adddo
[ info ] www.csshayudj.com/index/approve/adddo [运行时间：0.122811s][吞吐率：8.14req/s] [内存消耗：1,980.53kb] [文件加载：48]
[ info ] [ LANG ] D:\pei\thinkphp\lang\zh-cn.php
[ info ] [ ROUTE ] array (
  'type' => 'module',
  'module' => 
  array (
    0 => 'index',
    1 => 'approve',
    2 => 'adddo',
  ),
)
[ info ] [ HEADER ] array (
  'cookie' => 'pgv_pvi=2896157696; pgv_si=s47170560; PHPSESSID=vqa54qp40fdnihqcq88vev3pf9',
  'accept-language' => 'zh-CN,zh;q=0.9',
  'accept-encoding' => 'gzip, deflate',
  'referer' => 'http://www.csshayudj.com/index/approve/add',
  'content-type' => 'application/x-www-form-urlencoded; charset=UTF-8',
  'user-agent' => 'Mozilla/5.0 (Windows NT 10.0; WOW64) AppleWebKit/537.36 (KHTML, like Gecko) Chrome/74.0.3729.169 Safari/537.36',
  'x-requested-with' => 'XMLHttpRequest',
  'origin' => 'http://www.csshayudj.com',
  'accept' => 'application/json, text/javascript, */*; q=0.01',
  'content-length' => '546',
  'connection' => 'keep-alive',
  'host' => 'www.csshayudj.com',
)
[ info ] [ PARAM ] array (
  'phone' => '15032408337',
  'username' => '晨晨',
  'idcode' => '123456789123456789',
  'alipay' => '15032408337',
  'qq' => '2543599672',
  'wx' => '15032408337',
  'label' => 
  array (
    0 => '1',
    1 => '2',
    2 => '3',
    4 => '5',
  ),
  'layuiVideo' => '',
  'img1' => 'http://cdn.lanyushiting.com/image/1563004341/6975.png',
  'img2' => 'http://cdn.lanyushiting.com/image/1563004346/1826.png',
  'img3' => 'http://cdn.lanyushiting.com/image/1563004350/4890.png',
  'img4' => 'http://cdn.lanyushiting.com/video/1563004356/5385.mp4',
  'img5' => 'http://cdn.lanyushiting.com/image/1563004363/9329.png',
)
[ info ] [ RUN ] app\index\controller\Approve->addDo[ D:\pei\application\index\controller\Approve.php ]
[ info ] [ DB ] INIT mysql
[ info ] [ LOG ] INIT File
[ sql ] [ DB ] CONNECT:[ UseTime:0.029751s ] mysql:host=39.98.195.90;dbname=peini;charset=utf8
[ sql ] [ SQL ] SHOW COLUMNS FROM `pn_user` [ RunTime:0.019458s ]
[ sql ] [ SQL ] SELECT * FROM `pn_user` WHERE  (  mobile=15032408337 ) LIMIT 1 [ RunTime:0.019775s ]
---------------------------------------------------------------
[ 2019-07-13T15:53:57+08:00 ] 127.0.0.1 POST /index/approve/adddo
[ info ] www.csshayudj.com/index/approve/adddo [运行时间：0.101570s][吞吐率：9.85req/s] [内存消耗：1,919.00kb] [文件加载：45]
[ info ] [ LANG ] D:\pei\thinkphp\lang\zh-cn.php
[ info ] [ ROUTE ] array (
  'type' => 'module',
  'module' => 
  array (
    0 => 'index',
    1 => 'approve',
    2 => 'adddo',
  ),
)
[ info ] [ HEADER ] array (
  'cookie' => 'pgv_pvi=2896157696; pgv_si=s47170560; PHPSESSID=vqa54qp40fdnihqcq88vev3pf9',
  'accept-language' => 'zh-CN,zh;q=0.9',
  'accept-encoding' => 'gzip, deflate',
  'referer' => 'http://www.csshayudj.com/index/approve/add',
  'content-type' => 'application/x-www-form-urlencoded; charset=UTF-8',
  'user-agent' => 'Mozilla/5.0 (Windows NT 10.0; WOW64) AppleWebKit/537.36 (KHTML, like Gecko) Chrome/74.0.3729.169 Safari/537.36',
  'x-requested-with' => 'XMLHttpRequest',
  'origin' => 'http://www.csshayudj.com',
  'accept' => 'application/json, text/javascript, */*; q=0.01',
  'content-length' => '546',
  'connection' => 'keep-alive',
  'host' => 'www.csshayudj.com',
)
[ info ] [ PARAM ] array (
  'phone' => '15032408337',
  'username' => '晨晨',
  'idcode' => '123456789123456789',
  'alipay' => '15032408337',
  'qq' => '2543599672',
  'wx' => '15032408337',
  'label' => 
  array (
    0 => '1',
    1 => '2',
    2 => '3',
    4 => '5',
  ),
  'layuiVideo' => '',
  'img1' => 'http://cdn.lanyushiting.com/image/1563004341/6975.png',
  'img2' => 'http://cdn.lanyushiting.com/image/1563004346/1826.png',
  'img3' => 'http://cdn.lanyushiting.com/image/1563004350/4890.png',
  'img4' => 'http://cdn.lanyushiting.com/video/1563004356/5385.mp4',
  'img5' => 'http://cdn.lanyushiting.com/image/1563004363/9329.png',
)
[ info ] [ RUN ] app\index\controller\Approve->addDo[ D:\pei\application\index\controller\Approve.php ]
[ info ] [ DB ] INIT mysql
[ info ] [ LOG ] INIT File
[ sql ] [ DB ] CONNECT:[ UseTime:0.027512s ] mysql:host=39.98.195.90;dbname=peini;charset=utf8
[ sql ] [ SQL ] SHOW COLUMNS FROM `pn_user` [ RunTime:0.019112s ]
[ sql ] [ SQL ] SELECT * FROM `pn_user` WHERE  (  mobile=15032408337 ) LIMIT 1 [ RunTime:0.019991s ]
---------------------------------------------------------------
[ 2019-07-13T15:54:22+08:00 ] 127.0.0.1 POST /index/approve/adddo
[ info ] www.csshayudj.com/index/approve/adddo [运行时间：0.100671s][吞吐率：9.93req/s] [内存消耗：1,919.00kb] [文件加载：45]
[ info ] [ LANG ] D:\pei\thinkphp\lang\zh-cn.php
[ info ] [ ROUTE ] array (
  'type' => 'module',
  'module' => 
  array (
    0 => 'index',
    1 => 'approve',
    2 => 'adddo',
  ),
)
[ info ] [ HEADER ] array (
  'cookie' => 'pgv_pvi=2896157696; pgv_si=s47170560; PHPSESSID=vqa54qp40fdnihqcq88vev3pf9',
  'accept-language' => 'zh-CN,zh;q=0.9',
  'accept-encoding' => 'gzip, deflate',
  'referer' => 'http://www.csshayudj.com/index/approve/add',
  'content-type' => 'application/x-www-form-urlencoded; charset=UTF-8',
  'user-agent' => 'Mozilla/5.0 (Windows NT 10.0; WOW64) AppleWebKit/537.36 (KHTML, like Gecko) Chrome/74.0.3729.169 Safari/537.36',
  'x-requested-with' => 'XMLHttpRequest',
  'origin' => 'http://www.csshayudj.com',
  'accept' => 'application/json, text/javascript, */*; q=0.01',
  'content-length' => '546',
  'connection' => 'keep-alive',
  'host' => 'www.csshayudj.com',
)
[ info ] [ PARAM ] array (
  'phone' => '15032408337',
  'username' => '晨晨',
  'idcode' => '123456789123456789',
  'alipay' => '15032408337',
  'qq' => '2543599672',
  'wx' => '15032408337',
  'label' => 
  array (
    0 => '1',
    1 => '2',
    2 => '3',
    4 => '5',
  ),
  'layuiVideo' => '',
  'img1' => 'http://cdn.lanyushiting.com/image/1563004341/6975.png',
  'img2' => 'http://cdn.lanyushiting.com/image/1563004346/1826.png',
  'img3' => 'http://cdn.lanyushiting.com/image/1563004350/4890.png',
  'img4' => 'http://cdn.lanyushiting.com/video/1563004356/5385.mp4',
  'img5' => 'http://cdn.lanyushiting.com/image/1563004363/9329.png',
)
[ info ] [ RUN ] app\index\controller\Approve->addDo[ D:\pei\application\index\controller\Approve.php ]
[ info ] [ DB ] INIT mysql
[ info ] [ LOG ] INIT File
[ sql ] [ DB ] CONNECT:[ UseTime:0.029230s ] mysql:host=39.98.195.90;dbname=peini;charset=utf8
[ sql ] [ SQL ] SHOW COLUMNS FROM `pn_user` [ RunTime:0.019356s ]
[ sql ] [ SQL ] SELECT * FROM `pn_user` WHERE  (  mobile=15032408337 ) LIMIT 1 [ RunTime:0.019215s ]
---------------------------------------------------------------
[ 2019-07-13T15:54:58+08:00 ] 127.0.0.1 POST /index/approve/adddo
[ info ] www.csshayudj.com/index/approve/adddo [运行时间：0.120187s][吞吐率：8.32req/s] [内存消耗：1,980.53kb] [文件加载：48]
[ info ] [ LANG ] D:\pei\thinkphp\lang\zh-cn.php
[ info ] [ ROUTE ] array (
  'type' => 'module',
  'module' => 
  array (
    0 => 'index',
    1 => 'approve',
    2 => 'adddo',
  ),
)
[ info ] [ HEADER ] array (
  'cookie' => 'pgv_pvi=2896157696; pgv_si=s47170560; PHPSESSID=vqa54qp40fdnihqcq88vev3pf9',
  'accept-language' => 'zh-CN,zh;q=0.9',
  'accept-encoding' => 'gzip, deflate',
  'referer' => 'http://www.csshayudj.com/index/approve/add',
  'content-type' => 'application/x-www-form-urlencoded; charset=UTF-8',
  'user-agent' => 'Mozilla/5.0 (Windows NT 10.0; WOW64) AppleWebKit/537.36 (KHTML, like Gecko) Chrome/74.0.3729.169 Safari/537.36',
  'x-requested-with' => 'XMLHttpRequest',
  'origin' => 'http://www.csshayudj.com',
  'accept' => 'application/json, text/javascript, */*; q=0.01',
  'content-length' => '546',
  'connection' => 'keep-alive',
  'host' => 'www.csshayudj.com',
)
[ info ] [ PARAM ] array (
  'phone' => '15032408337',
  'username' => '晨晨',
  'idcode' => '123456789123456789',
  'alipay' => '15032408337',
  'qq' => '2543599672',
  'wx' => '15032408337',
  'label' => 
  array (
    0 => '1',
    1 => '2',
    2 => '3',
    4 => '5',
  ),
  'layuiVideo' => '',
  'img1' => 'http://cdn.lanyushiting.com/image/1563004341/6975.png',
  'img2' => 'http://cdn.lanyushiting.com/image/1563004346/1826.png',
  'img3' => 'http://cdn.lanyushiting.com/image/1563004350/4890.png',
  'img4' => 'http://cdn.lanyushiting.com/video/1563004356/5385.mp4',
  'img5' => 'http://cdn.lanyushiting.com/image/1563004363/9329.png',
)
[ info ] [ RUN ] app\index\controller\Approve->addDo[ D:\pei\application\index\controller\Approve.php ]
[ info ] [ DB ] INIT mysql
[ info ] [ LOG ] INIT File
[ sql ] [ DB ] CONNECT:[ UseTime:0.026228s ] mysql:host=39.98.195.90;dbname=peini;charset=utf8
[ sql ] [ SQL ] SHOW COLUMNS FROM `pn_user` [ RunTime:0.019922s ]
[ sql ] [ SQL ] SELECT * FROM `pn_user` WHERE  (  mobile=15032408337 ) LIMIT 1 [ RunTime:0.020103s ]
---------------------------------------------------------------
[ 2019-07-13T15:55:20+08:00 ] 127.0.0.1 POST /index/approve/adddo
[ info ] www.csshayudj.com/index/approve/adddo [运行时间：0.122976s][吞吐率：8.13req/s] [内存消耗：2,037.27kb] [文件加载：52]
[ info ] [ LANG ] D:\pei\thinkphp\lang\zh-cn.php
[ info ] [ ROUTE ] array (
  'type' => 'module',
  'module' => 
  array (
    0 => 'index',
    1 => 'approve',
    2 => 'adddo',
  ),
)
[ info ] [ HEADER ] array (
  'cookie' => 'pgv_pvi=2896157696; pgv_si=s47170560; PHPSESSID=vqa54qp40fdnihqcq88vev3pf9',
  'accept-language' => 'zh-CN,zh;q=0.9',
  'accept-encoding' => 'gzip, deflate',
  'referer' => 'http://www.csshayudj.com/index/approve/add',
  'content-type' => 'application/x-www-form-urlencoded; charset=UTF-8',
  'user-agent' => 'Mozilla/5.0 (Windows NT 10.0; WOW64) AppleWebKit/537.36 (KHTML, like Gecko) Chrome/74.0.3729.169 Safari/537.36',
  'x-requested-with' => 'XMLHttpRequest',
  'origin' => 'http://www.csshayudj.com',
  'accept' => 'application/json, text/javascript, */*; q=0.01',
  'content-length' => '546',
  'connection' => 'keep-alive',
  'host' => 'www.csshayudj.com',
)
[ info ] [ PARAM ] array (
  'phone' => '15032408337',
  'username' => '晨晨',
  'idcode' => '123456789123456789',
  'alipay' => '15032408337',
  'qq' => '2543599672',
  'wx' => '15032408337',
  'label' => 
  array (
    0 => '1',
    1 => '2',
    2 => '3',
    4 => '5',
  ),
  'layuiVideo' => '',
  'img1' => 'http://cdn.lanyushiting.com/image/1563004341/6975.png',
  'img2' => 'http://cdn.lanyushiting.com/image/1563004346/1826.png',
  'img3' => 'http://cdn.lanyushiting.com/image/1563004350/4890.png',
  'img4' => 'http://cdn.lanyushiting.com/video/1563004356/5385.mp4',
  'img5' => 'http://cdn.lanyushiting.com/image/1563004363/9329.png',
)
[ info ] [ RUN ] app\index\controller\Approve->addDo[ D:\pei\application\index\controller\Approve.php ]
[ info ] [ DB ] INIT mysql
[ info ] [ LOG ] INIT File
[ sql ] [ DB ] CONNECT:[ UseTime:0.028002s ] mysql:host=39.98.195.90;dbname=peini;charset=utf8
[ sql ] [ SQL ] SHOW COLUMNS FROM `pn_user` [ RunTime:0.017817s ]
[ sql ] [ SQL ] SELECT * FROM `pn_user` WHERE  (  mobile=15032408337 ) LIMIT 1 [ RunTime:0.018946s ]
[ error ] [10501]SQLSTATE[HY000]: General error: 1364 Field 'rongtoken' doesn't have a default value[D:\pei\thinkphp\library\think\db\Connection.php:463]
---------------------------------------------------------------
[ 2019-07-13T15:58:49+08:00 ] 127.0.0.1 POST /index/approve/adddo
[ info ] www.csshayudj.com/index/approve/adddo [运行时间：0.292770s][吞吐率：3.42req/s] [内存消耗：1,894.22kb] [文件加载：45]
[ info ] [ LANG ] D:\pei\thinkphp\lang\zh-cn.php
[ info ] [ ROUTE ] array (
  'type' => 'module',
  'module' => 
  array (
    0 => 'index',
    1 => 'approve',
    2 => 'adddo',
  ),
)
[ info ] [ HEADER ] array (
  'cookie' => 'pgv_pvi=2896157696; pgv_si=s47170560; PHPSESSID=vqa54qp40fdnihqcq88vev3pf9',
  'accept-language' => 'zh-CN,zh;q=0.9',
  'accept-encoding' => 'gzip, deflate',
  'referer' => 'http://www.csshayudj.com/index/approve/add',
  'content-type' => 'application/x-www-form-urlencoded; charset=UTF-8',
  'user-agent' => 'Mozilla/5.0 (Windows NT 10.0; WOW64) AppleWebKit/537.36 (KHTML, like Gecko) Chrome/74.0.3729.169 Safari/537.36',
  'x-requested-with' => 'XMLHttpRequest',
  'origin' => 'http://www.csshayudj.com',
  'accept' => 'application/json, text/javascript, */*; q=0.01',
  'content-length' => '546',
  'connection' => 'keep-alive',
  'host' => 'www.csshayudj.com',
)
[ info ] [ PARAM ] array (
  'phone' => '15032408337',
  'username' => '晨晨',
  'idcode' => '123456789123456789',
  'alipay' => '15032408337',
  'qq' => '2543599672',
  'wx' => '15032408337',
  'label' => 
  array (
    0 => '1',
    1 => '2',
    2 => '3',
    4 => '5',
  ),
  'layuiVideo' => '',
  'img1' => 'http://cdn.lanyushiting.com/image/1563004341/6975.png',
  'img2' => 'http://cdn.lanyushiting.com/image/1563004346/1826.png',
  'img3' => 'http://cdn.lanyushiting.com/image/1563004350/4890.png',
  'img4' => 'http://cdn.lanyushiting.com/video/1563004356/5385.mp4',
  'img5' => 'http://cdn.lanyushiting.com/image/1563004363/9329.png',
)
[ info ] [ RUN ] app\index\controller\Approve->addDo[ D:\pei\application\index\controller\Approve.php ]
[ info ] [ DB ] INIT mysql
[ info ] [ LOG ] INIT File
[ sql ] [ DB ] CONNECT:[ UseTime:0.029166s ] mysql:host=39.98.195.90;dbname=peini;charset=utf8
[ sql ] [ SQL ] SHOW COLUMNS FROM `pn_user` [ RunTime:0.020517s ]
[ sql ] [ SQL ] SELECT * FROM `pn_user` WHERE  (  mobile=15032408337 ) LIMIT 1 [ RunTime:0.018773s ]
[ sql ] [ SQL ] INSERT INTO `pn_user` (`username` , `realname` , `type` , `mobile` , `interestid`) VALUES ('15032408337' , '晨晨' , 1 , '15032408337' , '1,2,3,5') [ RunTime:0.022093s ]
[ sql ] [ SQL ] SHOW COLUMNS FROM `pn_label_user` [ RunTime:0.020256s ]
[ sql ] [ SQL ] INSERT INTO `pn_label_user` (`uid` , `lid`) VALUES (17 , 1) [ RunTime:0.019948s ]
[ sql ] [ SQL ] INSERT INTO `pn_label_user` (`uid` , `lid`) VALUES (17 , 2) [ RunTime:0.013928s ]
[ sql ] [ SQL ] INSERT INTO `pn_label_user` (`uid` , `lid`) VALUES (17 , 3) [ RunTime:0.011003s ]
[ sql ] [ SQL ] INSERT INTO `pn_label_user` (`uid` , `lid`) VALUES (17 , 5) [ RunTime:0.011208s ]
[ sql ] [ SQL ] SHOW COLUMNS FROM `pn_approve` [ RunTime:0.020598s ]
[ sql ] [ SQL ] INSERT INTO `pn_approve` (`uid` , `idcode` , `idcodefront` , `idcodereverse` , `handidcode` , `status` , `addtime` , `labelid` , `username` , `alipay` , `qq` , `wx`) VALUES (17 , '123456789123456789' , 'image/1563004341/6975.png' , 'image/1563004346/1826.png' , 'image/1563004350/4890.png' , 1 , 1563004729 , '1,2,3,5' , '晨晨' , '15032408337' , '2543599672' , '15032408337') [ RunTime:0.022069s ]
[ sql ] [ SQL ] SHOW COLUMNS FROM `pn_video` [ RunTime:0.020362s ]
[ sql ] [ SQL ] INSERT INTO `pn_video` (`uid` , `videourl` , `img` , `status` , `addtime`) VALUES (17 , 'video/1563004356/5385.mp4' , 'image/1563004363/9329.png' , 1 , 1563004729) [ RunTime:0.021006s ]
---------------------------------------------------------------
[ 2019-07-13T15:59:44+08:00 ] 127.0.0.1 GET /admin/
[ info ] www.csshayudj.com/admin/ [运行时间：0.165120s][吞吐率：6.06req/s] [内存消耗：2,012.20kb] [文件加载：50]
[ info ] [ LANG ] D:\pei\thinkphp\lang\zh-cn.php
[ info ] [ ROUTE ] array (
  'type' => 'module',
  'module' => 
  array (
    0 => 'admin',
    1 => NULL,
    2 => NULL,
  ),
)
[ info ] [ HEADER ] array (
  'cookie' => 'pgv_pvi=2896157696; pgv_si=s47170560; PHPSESSID=vqa54qp40fdnihqcq88vev3pf9',
  'accept-language' => 'zh-CN,zh;q=0.9',
  'accept-encoding' => 'gzip, deflate',
  'accept' => 'text/html,application/xhtml+xml,application/xml;q=0.9,image/webp,image/apng,*/*;q=0.8,application/signed-exchange;v=b3',
  'user-agent' => 'Mozilla/5.0 (Windows NT 10.0; WOW64) AppleWebKit/537.36 (KHTML, like Gecko) Chrome/74.0.3729.169 Safari/537.36',
  'upgrade-insecure-requests' => '1',
  'cache-control' => 'max-age=0',
  'connection' => 'keep-alive',
  'host' => 'www.csshayudj.com',
  'content-length' => '',
  'content-type' => '',
)
[ info ] [ PARAM ] array (
)
[ info ] [ SESSION ] INIT array (
  'id' => '',
  'var_session_id' => '',
  'prefix' => 'think',
  'type' => '',
  'auto_start' => true,
)
[ info ] [ RUN ] app\admin\controller\Index->index[ D:\pei\application\admin\controller\Index.php ]
[ info ] [ DB ] INIT mysql
[ info ] [ VIEW ] D:\pei\public/../application/admin\view\index\index.html [ array (
  0 => 'menu_role',
  1 => 'menu_list_one',
  2 => 'menu_list_two',
) ]
[ info ] [ LOG ] INIT File
[ sql ] [ DB ] CONNECT:[ UseTime:0.026060s ] mysql:host=39.98.195.90;dbname=peini;charset=utf8
[ sql ] [ SQL ] SHOW COLUMNS FROM `pn_role` [ RunTime:0.018238s ]
[ sql ] [ SQL ] SELECT `role_permission` FROM `pn_role` WHERE  (  id = 1 ) LIMIT 1 [ RunTime:0.017856s ]
[ sql ] [ SQL ] SHOW COLUMNS FROM `pn_menu` [ RunTime:0.018160s ]
[ sql ] [ SQL ] SELECT * FROM `pn_menu` WHERE  (  level = 1 and statu = 1 ) [ RunTime:0.018309s ]
[ sql ] [ SQL ] SELECT * FROM `pn_menu` WHERE  (  level = 2 and statu = 1 ) [ RunTime:0.018168s ]
---------------------------------------------------------------
[ 2019-07-13T15:59:44+08:00 ] 127.0.0.1 GET /admin/index/welcome
[ info ] www.csshayudj.com/admin/index/welcome [运行时间：0.034203s][吞吐率：29.24req/s] [内存消耗：1,330.63kb] [文件加载：41]
[ info ] [ LANG ] D:\pei\thinkphp\lang\zh-cn.php
[ info ] [ ROUTE ] array (
  'type' => 'module',
  'module' => 
  array (
    0 => 'admin',
    1 => 'index',
    2 => 'welcome',
  ),
)
[ info ] [ HEADER ] array (
  'cookie' => 'pgv_pvi=2896157696; pgv_si=s47170560; PHPSESSID=vqa54qp40fdnihqcq88vev3pf9',
  'accept-language' => 'zh-CN,zh;q=0.9',
  'accept-encoding' => 'gzip, deflate',
  'referer' => 'http://www.csshayudj.com/admin/',
  'accept' => 'text/html,application/xhtml+xml,application/xml;q=0.9,image/webp,image/apng,*/*;q=0.8,application/signed-exchange;v=b3',
  'user-agent' => 'Mozilla/5.0 (Windows NT 10.0; WOW64) AppleWebKit/537.36 (KHTML, like Gecko) Chrome/74.0.3729.169 Safari/537.36',
  'upgrade-insecure-requests' => '1',
  'connection' => 'keep-alive',
  'host' => 'www.csshayudj.com',
  'content-length' => '',
  'content-type' => '',
)
[ info ] [ PARAM ] array (
)
[ info ] [ SESSION ] INIT array (
  'id' => '',
  'var_session_id' => '',
  'prefix' => 'think',
  'type' => '',
  'auto_start' => true,
)
[ info ] [ RUN ] app\admin\controller\Index->welcome[ D:\pei\application\admin\controller\Index.php ]
[ info ] [ VIEW ] D:\pei\public/../application/admin\view\index\welcome.html [ array (
  0 => 'menu_role',
) ]
[ info ] [ LOG ] INIT File
---------------------------------------------------------------
[ 2019-07-13T15:59:44+08:00 ] 127.0.0.1 GET /static/admin/static/css/weadmin.css.map
[ info ] www.csshayudj.com/static/admin/static/css/weadmin.css.map [运行时间：0.029159s][吞吐率：34.29req/s] [内存消耗：1,143.21kb] [文件加载：35]
[ info ] [ LANG ] D:\pei\thinkphp\lang\zh-cn.php
[ info ] [ ROUTE ] array (
  'type' => 'module',
  'module' => 
  array (
    0 => 'static',
    1 => 'admin',
    2 => 'static',
  ),
)
[ info ] [ HEADER ] array (
  'cookie' => 'pgv_pvi=2896157696; pgv_si=s47170560; PHPSESSID=vqa54qp40fdnihqcq88vev3pf9',
  'accept-language' => 'zh-CN,zh;q=0.9',
  'accept-encoding' => 'gzip, deflate',
  'user-agent' => 'Mozilla/5.0 (Windows NT 10.0; WOW64) AppleWebKit/537.36 (KHTML, like Gecko) Chrome/74.0.3729.169 Safari/537.36',
  'connection' => 'keep-alive',
  'host' => 'www.csshayudj.com',
  'content-length' => '',
  'content-type' => '',
)
[ info ] [ PARAM ] array (
  'css' => 'weadmin.css.map',
)
[ info ] [ LOG ] INIT File
---------------------------------------------------------------
[ 2019-07-13T15:59:44+08:00 ] 127.0.0.1 GET /admin/approve/index
[ info ] www.csshayudj.com/admin/approve/index [运行时间：0.397285s][吞吐率：2.52req/s] [内存消耗：2,178.68kb] [文件加载：52]
[ info ] [ LANG ] D:\pei\thinkphp\lang\zh-cn.php
[ info ] [ ROUTE ] array (
  'type' => 'module',
  'module' => 
  array (
    0 => 'admin',
    1 => 'approve',
    2 => 'index',
  ),
)
[ info ] [ HEADER ] array (
  'cookie' => 'pgv_pvi=2896157696; pgv_si=s47170560; PHPSESSID=vqa54qp40fdnihqcq88vev3pf9',
  'accept-language' => 'zh-CN,zh;q=0.9',
  'accept-encoding' => 'gzip, deflate',
  'referer' => 'http://www.csshayudj.com/admin/',
  'accept' => 'text/html,application/xhtml+xml,application/xml;q=0.9,image/webp,image/apng,*/*;q=0.8,application/signed-exchange;v=b3',
  'user-agent' => 'Mozilla/5.0 (Windows NT 10.0; WOW64) AppleWebKit/537.36 (KHTML, like Gecko) Chrome/74.0.3729.169 Safari/537.36',
  'upgrade-insecure-requests' => '1',
  'connection' => 'keep-alive',
  'host' => 'www.csshayudj.com',
  'content-length' => '',
  'content-type' => '',
)
[ info ] [ PARAM ] array (
)
[ info ] [ RUN ] app\admin\controller\Approve->index[ D:\pei\application\admin\controller\Approve.php ]
[ info ] [ DB ] INIT mysql
[ info ] [ VIEW ] D:\pei\public/../application/admin\view\approve\index.html [ array (
  0 => 'data',
  1 => 'total',
  2 => 'listInfo',
  3 => 'list',
) ]
[ info ] [ LOG ] INIT File
[ sql ] [ DB ] CONNECT:[ UseTime:0.030350s ] mysql:host=39.98.195.90;dbname=peini;charset=utf8
[ sql ] [ SQL ] SHOW COLUMNS FROM `pn_approve` [ RunTime:0.020680s ]
[ sql ] [ SQL ] SELECT COUNT(*) AS tp_count FROM `pn_approve` LIMIT 1 [ RunTime:0.023347s ]
[ sql ] [ SQL ] SELECT * FROM `pn_approve` ORDER BY `id` DESC LIMIT 0,30 [ RunTime:0.021055s ]
[ sql ] [ SQL ] SHOW COLUMNS FROM `pn_playinfo` [ RunTime:0.022214s ]
[ sql ] [ SQL ] SELECT * FROM `pn_playinfo` WHERE  (  uid=17 ) [ RunTime:0.023488s ]
[ sql ] [ SQL ] SHOW COLUMNS FROM `pn_label` [ RunTime:0.023527s ]
[ sql ] [ SQL ] SELECT `lid`,`name` FROM `pn_label` WHERE  `lid` IN (1,2,3,5) [ RunTime:0.020042s ]
[ sql ] [ SQL ] SELECT * FROM `pn_playinfo` WHERE  (  uid=2 ) [ RunTime:0.019994s ]
[ sql ] [ SQL ] SELECT `lid`,`name` FROM `pn_label` WHERE  `lid` IN (1,2,3) [ RunTime:0.019983s ]
[ sql ] [ SQL ] SELECT * FROM `pn_playinfo` WHERE  (  uid=1 ) [ RunTime:0.020062s ]
[ sql ] [ SQL ] SHOW COLUMNS FROM `pn_game` [ RunTime:0.019946s ]
[ sql ] [ SQL ] SELECT * FROM `pn_game` WHERE  (  gid=1 ) LIMIT 1 [ RunTime:0.019883s ]
[ sql ] [ SQL ] SELECT * FROM `pn_game` WHERE  (  gid=2 ) LIMIT 1 [ RunTime:0.019148s ]
[ sql ] [ SQL ] SELECT * FROM `pn_game` WHERE  (  gid=3 ) LIMIT 1 [ RunTime:0.019228s ]
[ sql ] [ SQL ] SELECT `lid`,`name` FROM `pn_label` WHERE  `lid` IN (1,2,3) [ RunTime:0.019756s ]
---------------------------------------------------------------
[ 2019-07-13T15:59:45+08:00 ] 127.0.0.1 GET /static/admin/static/css/weadmin.css.map
[ info ] www.csshayudj.com/static/admin/static/css/weadmin.css.map [运行时间：0.022717s][吞吐率：44.02req/s] [内存消耗：1,143.21kb] [文件加载：35]
[ info ] [ LANG ] D:\pei\thinkphp\lang\zh-cn.php
[ info ] [ ROUTE ] array (
  'type' => 'module',
  'module' => 
  array (
    0 => 'static',
    1 => 'admin',
    2 => 'static',
  ),
)
[ info ] [ HEADER ] array (
  'cookie' => 'pgv_pvi=2896157696; pgv_si=s47170560; PHPSESSID=vqa54qp40fdnihqcq88vev3pf9',
  'accept-language' => 'zh-CN,zh;q=0.9',
  'accept-encoding' => 'gzip, deflate',
  'user-agent' => 'Mozilla/5.0 (Windows NT 10.0; WOW64) AppleWebKit/537.36 (KHTML, like Gecko) Chrome/74.0.3729.169 Safari/537.36',
  'connection' => 'keep-alive',
  'host' => 'www.csshayudj.com',
  'content-length' => '',
  'content-type' => '',
)
[ info ] [ PARAM ] array (
  'css' => 'weadmin.css.map',
)
[ info ] [ LOG ] INIT File
