---------------------------------------------------------------
[ 2019-07-15T09:48:13+08:00 ] 127.0.0.1 POST /api/message/orderIndex
[ info ] www.csshayudj.com/api/message/orderIndex [运行时间：0.930304s][吞吐率：1.07req/s] [内存消耗：1,296.36kb] [文件加载：38]
[ info ] [ LANG ] D:\pei\thinkphp\lang\zh-cn.php
[ info ] [ ROUTE ] array (
  'type' => 'module',
  'module' => 
  array (
    0 => 'api',
    1 => 'message',
    2 => 'orderIndex',
  ),
)
[ info ] [ HEADER ] array (
  'connection' => 'keep-alive',
  'content-length' => '266',
  'content-type' => 'multipart/form-data; boundary=--------------------------016266715051790536771817',
  'accept-encoding' => 'gzip, deflate',
  'host' => 'www.csshayudj.com',
  'postman-token' => '54a5a5e9-11a3-4e67-a101-ad0af332f98d',
  'cache-control' => 'no-cache',
  'accept' => '*/*',
  'user-agent' => 'PostmanRuntime/7.15.2',
)
[ info ] [ PARAM ] array (
  'uid' => '1',
  'money' => '123',
)
[ info ] [ RUN ] app\api\controller\Message->orderIndex[ D:\pei\application\api\controller\Message.php ]
[ info ] [ LOG ] INIT File
---------------------------------------------------------------
[ 2019-07-15T09:48:23+08:00 ] 127.0.0.1 POST /api/message/orderIndex
[ info ] www.csshayudj.com/api/message/orderIndex [运行时间：0.300980s][吞吐率：3.32req/s] [内存消耗：1,912.12kb] [文件加载：45]
[ info ] [ LANG ] D:\pei\thinkphp\lang\zh-cn.php
[ info ] [ ROUTE ] array (
  'type' => 'module',
  'module' => 
  array (
    0 => 'api',
    1 => 'message',
    2 => 'orderIndex',
  ),
)
[ info ] [ HEADER ] array (
  'connection' => 'keep-alive',
  'content-length' => '159',
  'content-type' => 'multipart/form-data; boundary=--------------------------467414146512313908766977',
  'accept-encoding' => 'gzip, deflate',
  'host' => 'www.csshayudj.com',
  'postman-token' => '218d552d-3961-48e1-bfb4-9180797af6ae',
  'cache-control' => 'no-cache',
  'accept' => '*/*',
  'user-agent' => 'PostmanRuntime/7.15.2',
)
[ info ] [ PARAM ] array (
  'uid' => '1',
)
[ info ] [ RUN ] app\api\controller\Message->orderIndex[ D:\pei\application\api\controller\Message.php ]
[ info ] [ DB ] INIT mysql
[ info ] [ LOG ] INIT File
[ sql ] [ DB ] CONNECT:[ UseTime:0.030979s ] mysql:host=39.98.195.90;dbname=peini;charset=utf8
[ sql ] [ SQL ] SHOW COLUMNS FROM `pn_message` [ RunTime:0.019430s ]
[ sql ] [ SQL ] SELECT * FROM `pn_message` WHERE  `uid` = 1  AND `type` = 2 [ RunTime:0.020106s ]
---------------------------------------------------------------
[ 2019-07-15T09:49:12+08:00 ] 127.0.0.1 POST /api/message/orderIndex
[ info ] www.csshayudj.com/api/message/orderIndex [运行时间：0.115660s][吞吐率：8.65req/s] [内存消耗：1,920.55kb] [文件加载：45]
[ info ] [ LANG ] D:\pei\thinkphp\lang\zh-cn.php
[ info ] [ ROUTE ] array (
  'type' => 'module',
  'module' => 
  array (
    0 => 'api',
    1 => 'message',
    2 => 'orderIndex',
  ),
)
[ info ] [ HEADER ] array (
  'connection' => 'keep-alive',
  'content-length' => '159',
  'content-type' => 'multipart/form-data; boundary=--------------------------777952564000251234221731',
  'accept-encoding' => 'gzip, deflate',
  'host' => 'www.csshayudj.com',
  'postman-token' => 'd40b5127-10f6-4e68-a1cf-0a300702eb63',
  'cache-control' => 'no-cache',
  'accept' => '*/*',
  'user-agent' => 'PostmanRuntime/7.15.2',
)
[ info ] [ PARAM ] array (
  'uid' => '5',
)
[ info ] [ RUN ] app\api\controller\Message->orderIndex[ D:\pei\application\api\controller\Message.php ]
[ info ] [ DB ] INIT mysql
[ info ] [ LOG ] INIT File
[ sql ] [ DB ] CONNECT:[ UseTime:0.029996s ] mysql:host=39.98.195.90;dbname=peini;charset=utf8
[ sql ] [ SQL ] SHOW COLUMNS FROM `pn_message` [ RunTime:0.018947s ]
[ sql ] [ SQL ] SELECT * FROM `pn_message` WHERE  `uid` = 5  AND `type` = 2 [ RunTime:0.019633s ]
---------------------------------------------------------------
[ 2019-07-15T09:50:24+08:00 ] 127.0.0.1 POST /api/message/orderIndex
[ info ] www.csshayudj.com/api/message/orderIndex [运行时间：0.123621s][吞吐率：8.09req/s] [内存消耗：1,921.02kb] [文件加载：45]
[ info ] [ LANG ] D:\pei\thinkphp\lang\zh-cn.php
[ info ] [ ROUTE ] array (
  'type' => 'module',
  'module' => 
  array (
    0 => 'api',
    1 => 'message',
    2 => 'orderIndex',
  ),
)
[ info ] [ HEADER ] array (
  'connection' => 'keep-alive',
  'content-length' => '262',
  'content-type' => 'multipart/form-data; boundary=--------------------------005632190084574060628614',
  'accept-encoding' => 'gzip, deflate',
  'host' => 'www.csshayudj.com',
  'postman-token' => 'c90b7fa7-39f4-497a-ab36-be74d04b6288',
  'cache-control' => 'no-cache',
  'accept' => '*/*',
  'user-agent' => 'PostmanRuntime/7.15.2',
)
[ info ] [ PARAM ] array (
  'uid' => '5',
  'mid' => '1',
)
[ info ] [ RUN ] app\api\controller\Message->orderIndex[ D:\pei\application\api\controller\Message.php ]
[ info ] [ DB ] INIT mysql
[ info ] [ LOG ] INIT File
[ sql ] [ DB ] CONNECT:[ UseTime:0.033182s ] mysql:host=39.98.195.90;dbname=peini;charset=utf8
[ sql ] [ SQL ] SHOW COLUMNS FROM `pn_message` [ RunTime:0.021119s ]
[ sql ] [ SQL ] SELECT * FROM `pn_message` WHERE  `uid` = 5  AND `type` = 2 [ RunTime:0.023177s ]
---------------------------------------------------------------
[ 2019-07-15T09:50:31+08:00 ] 127.0.0.1 POST /api/message/update
[ info ] www.csshayudj.com/api/message/update [运行时间：0.037058s][吞吐率：26.98req/s] [内存消耗：1,296.37kb] [文件加载：38]
[ info ] [ LANG ] D:\pei\thinkphp\lang\zh-cn.php
[ info ] [ ROUTE ] array (
  'type' => 'module',
  'module' => 
  array (
    0 => 'api',
    1 => 'message',
    2 => 'update',
  ),
)
[ info ] [ HEADER ] array (
  'connection' => 'keep-alive',
  'content-length' => '262',
  'content-type' => 'multipart/form-data; boundary=--------------------------725540284166744103788914',
  'accept-encoding' => 'gzip, deflate',
  'host' => 'www.csshayudj.com',
  'postman-token' => 'd890862c-469b-4a98-8ef9-4d75e1941619',
  'cache-control' => 'no-cache',
  'accept' => '*/*',
  'user-agent' => 'PostmanRuntime/7.15.2',
)
[ info ] [ PARAM ] array (
  'uid' => '5',
  'mid' => '1',
)
[ info ] [ RUN ] app\api\controller\Message->update[ D:\pei\application\api\controller\Message.php ]
[ info ] [ LOG ] INIT File
---------------------------------------------------------------
[ 2019-07-15T09:50:40+08:00 ] 127.0.0.1 POST /api/message/update
[ info ] www.csshayudj.com/api/message/update [运行时间：0.256123s][吞吐率：3.90req/s] [内存消耗：1,931.51kb] [文件加载：48]
[ info ] [ LANG ] D:\pei\thinkphp\lang\zh-cn.php
[ info ] [ ROUTE ] array (
  'type' => 'module',
  'module' => 
  array (
    0 => 'api',
    1 => 'message',
    2 => 'update',
  ),
)
[ info ] [ HEADER ] array (
  'connection' => 'keep-alive',
  'content-length' => '262',
  'content-type' => 'multipart/form-data; boundary=--------------------------966629920341365596885897',
  'accept-encoding' => 'gzip, deflate',
  'host' => 'www.csshayudj.com',
  'postman-token' => 'cf553de9-8026-4727-8376-89cc357f9f8f',
  'cache-control' => 'no-cache',
  'accept' => '*/*',
  'user-agent' => 'PostmanRuntime/7.15.2',
)
[ info ] [ PARAM ] array (
  'uid' => '5',
  'mid' => '1',
)
[ info ] [ RUN ] app\api\controller\Message->update[ D:\pei\application\api\controller\Message.php ]
[ info ] [ DB ] INIT mysql
[ info ] [ CACHE ] INIT File
[ info ] [ LOG ] INIT File
[ sql ] [ DB ] CONNECT:[ UseTime:0.028998s ] mysql:host=39.98.195.90;dbname=peini;charset=utf8
[ sql ] [ SQL ] SHOW COLUMNS FROM `pn_message` [ RunTime:0.019219s ]
[ sql ] [ SQL ] UPDATE `pn_message`  SET `status`=2  WHERE  `mid` = 1  AND `uid` = 5 [ RunTime:0.021221s ]
