---------------------------------------------------------------
[ 2019-07-17T00:23:18+08:00 ] 127.0.0.1 GET /
[ info ] peini.com/ [运行时间：0.981766s][吞吐率：1.02req/s] [内存消耗：1,428.24kb] [文件加载：42]
[ info ] [ LANG ] F:\phpserver\wwwroot\default\peini-formal\thinkphp\lang\zh-cn.php
[ info ] [ ROUTE ] array (
  'type' => 'module',
  'module' => 
  array (
    0 => '',
    1 => NULL,
    2 => NULL,
  ),
)
[ info ] [ HEADER ] array (
  'accept-language' => 'zh-CN,zh;q=0.9',
  'accept-encoding' => 'gzip, deflate',
  'accept' => 'text/html,application/xhtml+xml,application/xml;q=0.9,image/webp,image/apng,*/*;q=0.8',
  'user-agent' => 'Mozilla/5.0 (Windows NT 10.0; Win64; x64) AppleWebKit/537.36 (KHTML, like Gecko) Chrome/71.0.3578.98 Safari/537.36',
  'upgrade-insecure-requests' => '1',
  'connection' => 'keep-alive',
  'host' => 'peini.com',
  'content-length' => '',
  'content-type' => '',
)
[ info ] [ PARAM ] array (
)
[ info ] [ RUN ] app\index\controller\Index->index[ F:\phpserver\wwwroot\default\peini-formal\application\index\controller\Index.php ]
[ info ] [ VIEW ] F:\phpserver\wwwroot\default\peini-formal\public/../application/index\view\index\web.html [ array (
) ]
[ info ] [ LOG ] INIT File
---------------------------------------------------------------
[ 2019-07-17T00:39:21+08:00 ] 127.0.0.1 GET /union
[ info ] peini.com/union [运行时间：0.154370s][吞吐率：6.48req/s] [内存消耗：1,388.53kb] [文件加载：43]
[ info ] [ LANG ] F:\phpserver\wwwroot\default\peini-formal\thinkphp\lang\zh-cn.php
[ info ] [ ROUTE ] array (
  'type' => 'module',
  'module' => 
  array (
    0 => 'union',
    1 => NULL,
    2 => NULL,
  ),
)
[ info ] [ HEADER ] array (
  'accept-language' => 'zh-CN,zh;q=0.9',
  'accept-encoding' => 'gzip, deflate',
  'accept' => 'text/html,application/xhtml+xml,application/xml;q=0.9,image/webp,image/apng,*/*;q=0.8',
  'user-agent' => 'Mozilla/5.0 (Windows NT 10.0; Win64; x64) AppleWebKit/537.36 (KHTML, like Gecko) Chrome/71.0.3578.98 Safari/537.36',
  'upgrade-insecure-requests' => '1',
  'connection' => 'keep-alive',
  'host' => 'peini.com',
  'content-length' => '',
  'content-type' => '',
)
[ info ] [ PARAM ] array (
)
[ info ] [ SESSION ] INIT array (
  'id' => '',
  'var_session_id' => '',
  'prefix' => 'think',
  'type' => '',
  'auto_start' => true,
)
[ info ] [ LOG ] INIT File
---------------------------------------------------------------
[ 2019-07-17T00:39:21+08:00 ] 127.0.0.1 GET /union/auth/login
[ info ] peini.com/union/auth/login [运行时间：0.109789s][吞吐率：9.11req/s] [内存消耗：1,507.52kb] [文件加载：43]
[ info ] [ LANG ] F:\phpserver\wwwroot\default\peini-formal\thinkphp\lang\zh-cn.php
[ info ] [ ROUTE ] array (
  'type' => 'module',
  'module' => 
  array (
    0 => 'union',
    1 => 'auth',
    2 => 'login',
  ),
)
[ info ] [ HEADER ] array (
  'cookie' => 'PHPSESSID=ng2apm2jhb33d6iqr6pnke32rk',
  'accept-language' => 'zh-CN,zh;q=0.9',
  'accept-encoding' => 'gzip, deflate',
  'accept' => 'text/html,application/xhtml+xml,application/xml;q=0.9,image/webp,image/apng,*/*;q=0.8',
  'user-agent' => 'Mozilla/5.0 (Windows NT 10.0; Win64; x64) AppleWebKit/537.36 (KHTML, like Gecko) Chrome/71.0.3578.98 Safari/537.36',
  'upgrade-insecure-requests' => '1',
  'connection' => 'keep-alive',
  'host' => 'peini.com',
  'content-length' => '',
  'content-type' => '',
)
[ info ] [ PARAM ] array (
)
[ info ] [ SESSION ] INIT array (
  'id' => '',
  'var_session_id' => '',
  'prefix' => 'think',
  'type' => '',
  'auto_start' => true,
)
[ info ] [ RUN ] app\union\controller\Auth->login[ F:\phpserver\wwwroot\default\peini-formal\application\union\controller\Auth.php ]
[ info ] [ VIEW ] F:\phpserver\wwwroot\default\peini-formal\public/../application/union\view\auth\login.html [ array (
) ]
[ info ] [ LOG ] INIT File
---------------------------------------------------------------
[ 2019-07-17T00:39:26+08:00 ] 127.0.0.1 GET /union/auth/favicon.ico
[ info ] peini.com/union/auth/favicon.ico [运行时间：0.065043s][吞吐率：15.37req/s] [内存消耗：1,385.70kb] [文件加载：42]
[ info ] [ LANG ] F:\phpserver\wwwroot\default\peini-formal\thinkphp\lang\zh-cn.php
[ info ] [ ROUTE ] array (
  'type' => 'module',
  'module' => 
  array (
    0 => 'union',
    1 => 'auth',
    2 => 'favicon.ico',
  ),
)
[ info ] [ HEADER ] array (
  'cookie' => 'PHPSESSID=ng2apm2jhb33d6iqr6pnke32rk',
  'accept-language' => 'zh-CN,zh;q=0.9',
  'accept-encoding' => 'gzip, deflate',
  'referer' => 'http://peini.com/union/auth/login',
  'accept' => 'image/webp,image/apng,image/*,*/*;q=0.8',
  'user-agent' => 'Mozilla/5.0 (Windows NT 10.0; Win64; x64) AppleWebKit/537.36 (KHTML, like Gecko) Chrome/71.0.3578.98 Safari/537.36',
  'connection' => 'keep-alive',
  'host' => 'peini.com',
  'content-length' => '',
  'content-type' => '',
)
[ info ] [ PARAM ] array (
)
[ info ] [ SESSION ] INIT array (
  'id' => '',
  'var_session_id' => '',
  'prefix' => 'think',
  'type' => '',
  'auto_start' => true,
)
[ info ] [ LOG ] INIT File
---------------------------------------------------------------
[ 2019-07-17T00:39:27+08:00 ] 127.0.0.1 GET /union/auth/login
[ info ] peini.com/union/auth/login [运行时间：0.080454s][吞吐率：12.43req/s] [内存消耗：1,382.80kb] [文件加载：41]
[ info ] [ LANG ] F:\phpserver\wwwroot\default\peini-formal\thinkphp\lang\zh-cn.php
[ info ] [ ROUTE ] array (
  'type' => 'module',
  'module' => 
  array (
    0 => 'union',
    1 => 'auth',
    2 => 'login',
  ),
)
[ info ] [ HEADER ] array (
  'cookie' => 'PHPSESSID=ng2apm2jhb33d6iqr6pnke32rk',
  'accept-language' => 'zh-CN,zh;q=0.9',
  'accept-encoding' => 'gzip, deflate',
  'referer' => 'http://peini.com/union/auth/login',
  'accept' => 'image/webp,image/apng,image/*,*/*;q=0.8',
  'user-agent' => 'Mozilla/5.0 (Windows NT 10.0; Win64; x64) AppleWebKit/537.36 (KHTML, like Gecko) Chrome/71.0.3578.98 Safari/537.36',
  'connection' => 'keep-alive',
  'host' => 'peini.com',
  'content-length' => '',
  'content-type' => '',
)
[ info ] [ PARAM ] array (
)
[ info ] [ SESSION ] INIT array (
  'id' => '',
  'var_session_id' => '',
  'prefix' => 'think',
  'type' => '',
  'auto_start' => true,
)
[ info ] [ RUN ] app\union\controller\Auth->login[ F:\phpserver\wwwroot\default\peini-formal\application\union\controller\Auth.php ]
[ info ] [ VIEW ] F:\phpserver\wwwroot\default\peini-formal\public/../application/union\view\auth\login.html [ array (
) ]
[ info ] [ LOG ] INIT File
---------------------------------------------------------------
[ 2019-07-17T00:39:30+08:00 ] 127.0.0.1 POST /union/auth/putcode
[ info ] peini.com/union/auth/putcode [运行时间：0.063707s][吞吐率：15.70req/s] [内存消耗：1,387.09kb] [文件加载：42]
[ info ] [ LANG ] F:\phpserver\wwwroot\default\peini-formal\thinkphp\lang\zh-cn.php
[ info ] [ ROUTE ] array (
  'type' => 'module',
  'module' => 
  array (
    0 => 'union',
    1 => 'auth',
    2 => 'putcode',
  ),
)
[ info ] [ HEADER ] array (
  'cookie' => 'PHPSESSID=ng2apm2jhb33d6iqr6pnke32rk',
  'accept-language' => 'zh-CN,zh;q=0.9',
  'accept-encoding' => 'gzip, deflate',
  'referer' => 'http://peini.com/union/auth/login',
  'content-type' => 'application/x-www-form-urlencoded; charset=UTF-8',
  'user-agent' => 'Mozilla/5.0 (Windows NT 10.0; Win64; x64) AppleWebKit/537.36 (KHTML, like Gecko) Chrome/71.0.3578.98 Safari/537.36',
  'x-requested-with' => 'XMLHttpRequest',
  'origin' => 'http://peini.com',
  'accept' => 'application/json, text/javascript, */*; q=0.01',
  'content-length' => '17',
  'connection' => 'keep-alive',
  'host' => 'peini.com',
)
[ info ] [ PARAM ] array (
  'phone' => '15711326771',
)
[ info ] [ SESSION ] INIT array (
  'id' => '',
  'var_session_id' => '',
  'prefix' => 'think',
  'type' => '',
  'auto_start' => true,
)
[ info ] [ LOG ] INIT File
---------------------------------------------------------------
[ 2019-07-17T00:39:31+08:00 ] 127.0.0.1 GET /union/auth/login
[ info ] peini.com/union/auth/login [运行时间：0.081252s][吞吐率：12.31req/s] [内存消耗：1,386.39kb] [文件加载：42]
[ info ] [ LANG ] F:\phpserver\wwwroot\default\peini-formal\thinkphp\lang\zh-cn.php
[ info ] [ ROUTE ] array (
  'type' => 'module',
  'module' => 
  array (
    0 => 'union',
    1 => 'auth',
    2 => 'login',
  ),
)
[ info ] [ HEADER ] array (
  'cookie' => 'PHPSESSID=ng2apm2jhb33d6iqr6pnke32rk',
  'accept-language' => 'zh-CN,zh;q=0.9',
  'accept-encoding' => 'gzip, deflate',
  'referer' => 'http://peini.com/union/auth/login',
  'user-agent' => 'Mozilla/5.0 (Windows NT 10.0; Win64; x64) AppleWebKit/537.36 (KHTML, like Gecko) Chrome/71.0.3578.98 Safari/537.36',
  'x-requested-with' => 'XMLHttpRequest',
  'accept' => 'application/json, text/javascript, */*; q=0.01',
  'connection' => 'keep-alive',
  'host' => 'peini.com',
  'content-length' => '',
  'content-type' => '',
)
[ info ] [ PARAM ] array (
)
[ info ] [ SESSION ] INIT array (
  'id' => '',
  'var_session_id' => '',
  'prefix' => 'think',
  'type' => '',
  'auto_start' => true,
)
[ info ] [ RUN ] app\union\controller\Auth->login[ F:\phpserver\wwwroot\default\peini-formal\application\union\controller\Auth.php ]
[ info ] [ VIEW ] F:\phpserver\wwwroot\default\peini-formal\public/../application/union\view\auth\login.html [ array (
) ]
[ info ] [ LOG ] INIT File
---------------------------------------------------------------
[ 2019-07-17T00:39:34+08:00 ] 127.0.0.1 GET /static/admin/static/css/weadmin.css.map
[ info ] peini.com/static/admin/static/css/weadmin.css.map [运行时间：0.156512s][吞吐率：6.39req/s] [内存消耗：1,150.24kb] [文件加载：35]
[ info ] [ LANG ] F:\phpserver\wwwroot\default\peini-formal\thinkphp\lang\zh-cn.php
[ info ] [ ROUTE ] array (
  'type' => 'module',
  'module' => 
  array (
    0 => 'static',
    1 => 'admin',
    2 => 'static',
  ),
)
[ info ] [ HEADER ] array (
  'cookie' => 'PHPSESSID=ng2apm2jhb33d6iqr6pnke32rk',
  'accept-language' => 'zh-CN,zh;q=0.9',
  'accept-encoding' => 'gzip, deflate',
  'user-agent' => 'Mozilla/5.0 (Windows NT 10.0; Win64; x64) AppleWebKit/537.36 (KHTML, like Gecko) Chrome/71.0.3578.98 Safari/537.36',
  'connection' => 'keep-alive',
  'host' => 'peini.com',
  'content-length' => '',
  'content-type' => '',
)
[ info ] [ PARAM ] array (
  'css' => 'weadmin.css.map',
)
[ info ] [ LOG ] INIT File
---------------------------------------------------------------
[ 2019-07-17T00:39:36+08:00 ] 127.0.0.1 POST /union/auth/putcode
[ info ] peini.com/union/auth/putcode [运行时间：0.043685s][吞吐率：22.89req/s] [内存消耗：1,387.09kb] [文件加载：42]
[ info ] [ LANG ] F:\phpserver\wwwroot\default\peini-formal\thinkphp\lang\zh-cn.php
[ info ] [ ROUTE ] array (
  'type' => 'module',
  'module' => 
  array (
    0 => 'union',
    1 => 'auth',
    2 => 'putcode',
  ),
)
[ info ] [ HEADER ] array (
  'cookie' => 'PHPSESSID=ng2apm2jhb33d6iqr6pnke32rk',
  'accept-language' => 'zh-CN,zh;q=0.9',
  'accept-encoding' => 'gzip, deflate',
  'referer' => 'http://peini.com/union/auth/login',
  'content-type' => 'application/x-www-form-urlencoded; charset=UTF-8',
  'user-agent' => 'Mozilla/5.0 (Windows NT 10.0; Win64; x64) AppleWebKit/537.36 (KHTML, like Gecko) Chrome/71.0.3578.98 Safari/537.36',
  'x-requested-with' => 'XMLHttpRequest',
  'origin' => 'http://peini.com',
  'accept' => 'application/json, text/javascript, */*; q=0.01',
  'content-length' => '17',
  'connection' => 'keep-alive',
  'host' => 'peini.com',
)
[ info ] [ PARAM ] array (
  'phone' => '15711326771',
)
[ info ] [ SESSION ] INIT array (
  'id' => '',
  'var_session_id' => '',
  'prefix' => 'think',
  'type' => '',
  'auto_start' => true,
)
[ info ] [ LOG ] INIT File
---------------------------------------------------------------
[ 2019-07-17T00:39:36+08:00 ] 127.0.0.1 GET /union/auth/login
[ info ] peini.com/union/auth/login [运行时间：0.051745s][吞吐率：19.33req/s] [内存消耗：1,386.39kb] [文件加载：42]
[ info ] [ LANG ] F:\phpserver\wwwroot\default\peini-formal\thinkphp\lang\zh-cn.php
[ info ] [ ROUTE ] array (
  'type' => 'module',
  'module' => 
  array (
    0 => 'union',
    1 => 'auth',
    2 => 'login',
  ),
)
[ info ] [ HEADER ] array (
  'cookie' => 'PHPSESSID=ng2apm2jhb33d6iqr6pnke32rk',
  'accept-language' => 'zh-CN,zh;q=0.9',
  'accept-encoding' => 'gzip, deflate',
  'referer' => 'http://peini.com/union/auth/login',
  'user-agent' => 'Mozilla/5.0 (Windows NT 10.0; Win64; x64) AppleWebKit/537.36 (KHTML, like Gecko) Chrome/71.0.3578.98 Safari/537.36',
  'x-requested-with' => 'XMLHttpRequest',
  'accept' => 'application/json, text/javascript, */*; q=0.01',
  'connection' => 'keep-alive',
  'host' => 'peini.com',
  'content-length' => '',
  'content-type' => '',
)
[ info ] [ PARAM ] array (
)
[ info ] [ SESSION ] INIT array (
  'id' => '',
  'var_session_id' => '',
  'prefix' => 'think',
  'type' => '',
  'auto_start' => true,
)
[ info ] [ RUN ] app\union\controller\Auth->login[ F:\phpserver\wwwroot\default\peini-formal\application\union\controller\Auth.php ]
[ info ] [ VIEW ] F:\phpserver\wwwroot\default\peini-formal\public/../application/union\view\auth\login.html [ array (
) ]
[ info ] [ LOG ] INIT File
---------------------------------------------------------------
[ 2019-07-17T00:42:19+08:00 ] 127.0.0.1 GET /union/auth/login
[ info ] peini.com/union/auth/login [运行时间：0.059163s][吞吐率：16.90req/s] [内存消耗：1,383.13kb] [文件加载：41]
[ info ] [ LANG ] F:\phpserver\wwwroot\default\peini-formal\thinkphp\lang\zh-cn.php
[ info ] [ ROUTE ] array (
  'type' => 'module',
  'module' => 
  array (
    0 => 'union',
    1 => 'auth',
    2 => 'login',
  ),
)
[ info ] [ HEADER ] array (
  'cookie' => 'PHPSESSID=ng2apm2jhb33d6iqr6pnke32rk',
  'accept-language' => 'zh-CN,zh;q=0.9',
  'accept-encoding' => 'gzip, deflate',
  'accept' => 'text/html,application/xhtml+xml,application/xml;q=0.9,image/webp,image/apng,*/*;q=0.8',
  'user-agent' => 'Mozilla/5.0 (Windows NT 10.0; Win64; x64) AppleWebKit/537.36 (KHTML, like Gecko) Chrome/71.0.3578.98 Safari/537.36',
  'upgrade-insecure-requests' => '1',
  'cache-control' => 'max-age=0',
  'connection' => 'keep-alive',
  'host' => 'peini.com',
  'content-length' => '',
  'content-type' => '',
)
[ info ] [ PARAM ] array (
)
[ info ] [ SESSION ] INIT array (
  'id' => '',
  'var_session_id' => '',
  'prefix' => 'think',
  'type' => '',
  'auto_start' => true,
)
[ info ] [ RUN ] app\union\controller\Auth->login[ F:\phpserver\wwwroot\default\peini-formal\application\union\controller\Auth.php ]
[ info ] [ VIEW ] F:\phpserver\wwwroot\default\peini-formal\public/../application/union\view\auth\login.html [ array (
) ]
[ info ] [ LOG ] INIT File
---------------------------------------------------------------
[ 2019-07-17T00:42:19+08:00 ] 127.0.0.1 GET /static/admin/static/css/weadmin.css.map
[ info ] peini.com/static/admin/static/css/weadmin.css.map [运行时间：0.062738s][吞吐率：15.94req/s] [内存消耗：1,150.24kb] [文件加载：35]
[ info ] [ LANG ] F:\phpserver\wwwroot\default\peini-formal\thinkphp\lang\zh-cn.php
[ info ] [ ROUTE ] array (
  'type' => 'module',
  'module' => 
  array (
    0 => 'static',
    1 => 'admin',
    2 => 'static',
  ),
)
[ info ] [ HEADER ] array (
  'cookie' => 'PHPSESSID=ng2apm2jhb33d6iqr6pnke32rk',
  'accept-language' => 'zh-CN,zh;q=0.9',
  'accept-encoding' => 'gzip, deflate',
  'user-agent' => 'Mozilla/5.0 (Windows NT 10.0; Win64; x64) AppleWebKit/537.36 (KHTML, like Gecko) Chrome/71.0.3578.98 Safari/537.36',
  'connection' => 'keep-alive',
  'host' => 'peini.com',
  'content-length' => '',
  'content-type' => '',
)
[ info ] [ PARAM ] array (
  'css' => 'weadmin.css.map',
)
[ info ] [ LOG ] INIT File
---------------------------------------------------------------
[ 2019-07-17T00:42:19+08:00 ] 127.0.0.1 GET /union/auth/favicon.ico
[ info ] peini.com/union/auth/favicon.ico [运行时间：0.057269s][吞吐率：17.46req/s] [内存消耗：1,386.09kb] [文件加载：42]
[ info ] [ LANG ] F:\phpserver\wwwroot\default\peini-formal\thinkphp\lang\zh-cn.php
[ info ] [ ROUTE ] array (
  'type' => 'module',
  'module' => 
  array (
    0 => 'union',
    1 => 'auth',
    2 => 'favicon.ico',
  ),
)
[ info ] [ HEADER ] array (
  'cookie' => 'PHPSESSID=ng2apm2jhb33d6iqr6pnke32rk',
  'accept-language' => 'zh-CN,zh;q=0.9',
  'accept-encoding' => 'gzip, deflate',
  'referer' => 'http://peini.com/union/auth/login',
  'accept' => 'image/webp,image/apng,image/*,*/*;q=0.8',
  'user-agent' => 'Mozilla/5.0 (Windows NT 10.0; Win64; x64) AppleWebKit/537.36 (KHTML, like Gecko) Chrome/71.0.3578.98 Safari/537.36',
  'cache-control' => 'no-cache',
  'pragma' => 'no-cache',
  'connection' => 'keep-alive',
  'host' => 'peini.com',
  'content-length' => '',
  'content-type' => '',
)
[ info ] [ PARAM ] array (
)
[ info ] [ SESSION ] INIT array (
  'id' => '',
  'var_session_id' => '',
  'prefix' => 'think',
  'type' => '',
  'auto_start' => true,
)
[ info ] [ LOG ] INIT File
---------------------------------------------------------------
[ 2019-07-17T00:42:19+08:00 ] 127.0.0.1 GET /union/auth/login
[ info ] peini.com/union/auth/login [运行时间：0.069257s][吞吐率：14.44req/s] [内存消耗：1,383.18kb] [文件加载：41]
[ info ] [ LANG ] F:\phpserver\wwwroot\default\peini-formal\thinkphp\lang\zh-cn.php
[ info ] [ ROUTE ] array (
  'type' => 'module',
  'module' => 
  array (
    0 => 'union',
    1 => 'auth',
    2 => 'login',
  ),
)
[ info ] [ HEADER ] array (
  'cookie' => 'PHPSESSID=ng2apm2jhb33d6iqr6pnke32rk',
  'accept-language' => 'zh-CN,zh;q=0.9',
  'accept-encoding' => 'gzip, deflate',
  'referer' => 'http://peini.com/union/auth/login',
  'accept' => 'image/webp,image/apng,image/*,*/*;q=0.8',
  'user-agent' => 'Mozilla/5.0 (Windows NT 10.0; Win64; x64) AppleWebKit/537.36 (KHTML, like Gecko) Chrome/71.0.3578.98 Safari/537.36',
  'cache-control' => 'no-cache',
  'pragma' => 'no-cache',
  'connection' => 'keep-alive',
  'host' => 'peini.com',
  'content-length' => '',
  'content-type' => '',
)
[ info ] [ PARAM ] array (
)
[ info ] [ SESSION ] INIT array (
  'id' => '',
  'var_session_id' => '',
  'prefix' => 'think',
  'type' => '',
  'auto_start' => true,
)
[ info ] [ RUN ] app\union\controller\Auth->login[ F:\phpserver\wwwroot\default\peini-formal\application\union\controller\Auth.php ]
[ info ] [ VIEW ] F:\phpserver\wwwroot\default\peini-formal\public/../application/union\view\auth\login.html [ array (
) ]
[ info ] [ LOG ] INIT File
---------------------------------------------------------------
[ 2019-07-17T00:42:26+08:00 ] 127.0.0.1 POST /union/auth/putcode
[ info ] peini.com/union/auth/putcode [运行时间：0.065793s][吞吐率：15.20req/s] [内存消耗：1,387.09kb] [文件加载：42]
[ info ] [ LANG ] F:\phpserver\wwwroot\default\peini-formal\thinkphp\lang\zh-cn.php
[ info ] [ ROUTE ] array (
  'type' => 'module',
  'module' => 
  array (
    0 => 'union',
    1 => 'auth',
    2 => 'putcode',
  ),
)
[ info ] [ HEADER ] array (
  'cookie' => 'PHPSESSID=ng2apm2jhb33d6iqr6pnke32rk',
  'accept-language' => 'zh-CN,zh;q=0.9',
  'accept-encoding' => 'gzip, deflate',
  'referer' => 'http://peini.com/union/auth/login',
  'content-type' => 'application/x-www-form-urlencoded; charset=UTF-8',
  'user-agent' => 'Mozilla/5.0 (Windows NT 10.0; Win64; x64) AppleWebKit/537.36 (KHTML, like Gecko) Chrome/71.0.3578.98 Safari/537.36',
  'x-requested-with' => 'XMLHttpRequest',
  'origin' => 'http://peini.com',
  'accept' => 'application/json, text/javascript, */*; q=0.01',
  'content-length' => '17',
  'connection' => 'keep-alive',
  'host' => 'peini.com',
)
[ info ] [ PARAM ] array (
  'phone' => '15711326771',
)
[ info ] [ SESSION ] INIT array (
  'id' => '',
  'var_session_id' => '',
  'prefix' => 'think',
  'type' => '',
  'auto_start' => true,
)
[ info ] [ LOG ] INIT File
---------------------------------------------------------------
[ 2019-07-17T00:42:26+08:00 ] 127.0.0.1 GET /union/auth/login
[ info ] peini.com/union/auth/login [运行时间：0.060323s][吞吐率：16.58req/s] [内存消耗：1,386.39kb] [文件加载：42]
[ info ] [ LANG ] F:\phpserver\wwwroot\default\peini-formal\thinkphp\lang\zh-cn.php
[ info ] [ ROUTE ] array (
  'type' => 'module',
  'module' => 
  array (
    0 => 'union',
    1 => 'auth',
    2 => 'login',
  ),
)
[ info ] [ HEADER ] array (
  'cookie' => 'PHPSESSID=ng2apm2jhb33d6iqr6pnke32rk',
  'accept-language' => 'zh-CN,zh;q=0.9',
  'accept-encoding' => 'gzip, deflate',
  'referer' => 'http://peini.com/union/auth/login',
  'user-agent' => 'Mozilla/5.0 (Windows NT 10.0; Win64; x64) AppleWebKit/537.36 (KHTML, like Gecko) Chrome/71.0.3578.98 Safari/537.36',
  'x-requested-with' => 'XMLHttpRequest',
  'accept' => 'application/json, text/javascript, */*; q=0.01',
  'connection' => 'keep-alive',
  'host' => 'peini.com',
  'content-length' => '',
  'content-type' => '',
)
[ info ] [ PARAM ] array (
)
[ info ] [ SESSION ] INIT array (
  'id' => '',
  'var_session_id' => '',
  'prefix' => 'think',
  'type' => '',
  'auto_start' => true,
)
[ info ] [ RUN ] app\union\controller\Auth->login[ F:\phpserver\wwwroot\default\peini-formal\application\union\controller\Auth.php ]
[ info ] [ VIEW ] F:\phpserver\wwwroot\default\peini-formal\public/../application/union\view\auth\login.html [ array (
) ]
[ info ] [ LOG ] INIT File
---------------------------------------------------------------
[ 2019-07-17T00:43:19+08:00 ] 127.0.0.1 POST /union/auth/putcode
[ info ] peini.com/union/auth/putcode [运行时间：0.053645s][吞吐率：18.64req/s] [内存消耗：1,387.09kb] [文件加载：42]
[ info ] [ LANG ] F:\phpserver\wwwroot\default\peini-formal\thinkphp\lang\zh-cn.php
[ info ] [ ROUTE ] array (
  'type' => 'module',
  'module' => 
  array (
    0 => 'union',
    1 => 'auth',
    2 => 'putcode',
  ),
)
[ info ] [ HEADER ] array (
  'cookie' => 'PHPSESSID=ng2apm2jhb33d6iqr6pnke32rk',
  'accept-language' => 'zh-CN,zh;q=0.9',
  'accept-encoding' => 'gzip, deflate',
  'referer' => 'http://peini.com/union/auth/login',
  'content-type' => 'application/x-www-form-urlencoded; charset=UTF-8',
  'user-agent' => 'Mozilla/5.0 (Windows NT 10.0; Win64; x64) AppleWebKit/537.36 (KHTML, like Gecko) Chrome/71.0.3578.98 Safari/537.36',
  'x-requested-with' => 'XMLHttpRequest',
  'origin' => 'http://peini.com',
  'accept' => 'application/json, text/javascript, */*; q=0.01',
  'content-length' => '17',
  'connection' => 'keep-alive',
  'host' => 'peini.com',
)
[ info ] [ PARAM ] array (
  'phone' => '15711326771',
)
[ info ] [ SESSION ] INIT array (
  'id' => '',
  'var_session_id' => '',
  'prefix' => 'think',
  'type' => '',
  'auto_start' => true,
)
[ info ] [ LOG ] INIT File
---------------------------------------------------------------
[ 2019-07-17T00:43:19+08:00 ] 127.0.0.1 GET /union/auth/login
[ info ] peini.com/union/auth/login [运行时间：0.073801s][吞吐率：13.55req/s] [内存消耗：1,386.39kb] [文件加载：42]
[ info ] [ LANG ] F:\phpserver\wwwroot\default\peini-formal\thinkphp\lang\zh-cn.php
[ info ] [ ROUTE ] array (
  'type' => 'module',
  'module' => 
  array (
    0 => 'union',
    1 => 'auth',
    2 => 'login',
  ),
)
[ info ] [ HEADER ] array (
  'cookie' => 'PHPSESSID=ng2apm2jhb33d6iqr6pnke32rk',
  'accept-language' => 'zh-CN,zh;q=0.9',
  'accept-encoding' => 'gzip, deflate',
  'referer' => 'http://peini.com/union/auth/login',
  'user-agent' => 'Mozilla/5.0 (Windows NT 10.0; Win64; x64) AppleWebKit/537.36 (KHTML, like Gecko) Chrome/71.0.3578.98 Safari/537.36',
  'x-requested-with' => 'XMLHttpRequest',
  'accept' => 'application/json, text/javascript, */*; q=0.01',
  'connection' => 'keep-alive',
  'host' => 'peini.com',
  'content-length' => '',
  'content-type' => '',
)
[ info ] [ PARAM ] array (
)
[ info ] [ SESSION ] INIT array (
  'id' => '',
  'var_session_id' => '',
  'prefix' => 'think',
  'type' => '',
  'auto_start' => true,
)
[ info ] [ RUN ] app\union\controller\Auth->login[ F:\phpserver\wwwroot\default\peini-formal\application\union\controller\Auth.php ]
[ info ] [ VIEW ] F:\phpserver\wwwroot\default\peini-formal\public/../application/union\view\auth\login.html [ array (
) ]
[ info ] [ LOG ] INIT File
---------------------------------------------------------------
[ 2019-07-17T00:44:09+08:00 ] 127.0.0.1 GET /union/auth/login
[ info ] peini.com/union/auth/login [运行时间：0.079047s][吞吐率：12.65req/s] [内存消耗：1,507.72kb] [文件加载：43]
[ info ] [ LANG ] F:\phpserver\wwwroot\default\peini-formal\thinkphp\lang\zh-cn.php
[ info ] [ ROUTE ] array (
  'type' => 'module',
  'module' => 
  array (
    0 => 'union',
    1 => 'auth',
    2 => 'login',
  ),
)
[ info ] [ HEADER ] array (
  'cookie' => 'PHPSESSID=ng2apm2jhb33d6iqr6pnke32rk',
  'accept-language' => 'zh-CN,zh;q=0.9',
  'accept-encoding' => 'gzip, deflate',
  'accept' => 'text/html,application/xhtml+xml,application/xml;q=0.9,image/webp,image/apng,*/*;q=0.8',
  'user-agent' => 'Mozilla/5.0 (Windows NT 10.0; Win64; x64) AppleWebKit/537.36 (KHTML, like Gecko) Chrome/71.0.3578.98 Safari/537.36',
  'upgrade-insecure-requests' => '1',
  'cache-control' => 'max-age=0',
  'connection' => 'keep-alive',
  'host' => 'peini.com',
  'content-length' => '',
  'content-type' => '',
)
[ info ] [ PARAM ] array (
)
[ info ] [ SESSION ] INIT array (
  'id' => '',
  'var_session_id' => '',
  'prefix' => 'think',
  'type' => '',
  'auto_start' => true,
)
[ info ] [ RUN ] app\union\controller\Auth->login[ F:\phpserver\wwwroot\default\peini-formal\application\union\controller\Auth.php ]
[ info ] [ VIEW ] F:\phpserver\wwwroot\default\peini-formal\public/../application/union\view\auth\login.html [ array (
) ]
[ info ] [ LOG ] INIT File
---------------------------------------------------------------
[ 2019-07-17T00:44:09+08:00 ] 127.0.0.1 GET /union/auth/favicon.ico
[ info ] peini.com/union/auth/favicon.ico [运行时间：0.053115s][吞吐率：18.83req/s] [内存消耗：1,386.09kb] [文件加载：42]
[ info ] [ LANG ] F:\phpserver\wwwroot\default\peini-formal\thinkphp\lang\zh-cn.php
[ info ] [ ROUTE ] array (
  'type' => 'module',
  'module' => 
  array (
    0 => 'union',
    1 => 'auth',
    2 => 'favicon.ico',
  ),
)
[ info ] [ HEADER ] array (
  'cookie' => 'PHPSESSID=ng2apm2jhb33d6iqr6pnke32rk',
  'accept-language' => 'zh-CN,zh;q=0.9',
  'accept-encoding' => 'gzip, deflate',
  'referer' => 'http://peini.com/union/auth/login',
  'accept' => 'image/webp,image/apng,image/*,*/*;q=0.8',
  'user-agent' => 'Mozilla/5.0 (Windows NT 10.0; Win64; x64) AppleWebKit/537.36 (KHTML, like Gecko) Chrome/71.0.3578.98 Safari/537.36',
  'cache-control' => 'no-cache',
  'pragma' => 'no-cache',
  'connection' => 'keep-alive',
  'host' => 'peini.com',
  'content-length' => '',
  'content-type' => '',
)
[ info ] [ PARAM ] array (
)
[ info ] [ SESSION ] INIT array (
  'id' => '',
  'var_session_id' => '',
  'prefix' => 'think',
  'type' => '',
  'auto_start' => true,
)
[ info ] [ LOG ] INIT File
---------------------------------------------------------------
[ 2019-07-17T00:44:09+08:00 ] 127.0.0.1 GET /static/admin/static/css/weadmin.css.map
[ info ] peini.com/static/admin/static/css/weadmin.css.map [运行时间：0.043242s][吞吐率：23.13req/s] [内存消耗：1,150.24kb] [文件加载：35]
[ info ] [ LANG ] F:\phpserver\wwwroot\default\peini-formal\thinkphp\lang\zh-cn.php
[ info ] [ ROUTE ] array (
  'type' => 'module',
  'module' => 
  array (
    0 => 'static',
    1 => 'admin',
    2 => 'static',
  ),
)
[ info ] [ HEADER ] array (
  'cookie' => 'PHPSESSID=ng2apm2jhb33d6iqr6pnke32rk',
  'accept-language' => 'zh-CN,zh;q=0.9',
  'accept-encoding' => 'gzip, deflate',
  'user-agent' => 'Mozilla/5.0 (Windows NT 10.0; Win64; x64) AppleWebKit/537.36 (KHTML, like Gecko) Chrome/71.0.3578.98 Safari/537.36',
  'connection' => 'keep-alive',
  'host' => 'peini.com',
  'content-length' => '',
  'content-type' => '',
)
[ info ] [ PARAM ] array (
  'css' => 'weadmin.css.map',
)
[ info ] [ LOG ] INIT File
---------------------------------------------------------------
[ 2019-07-17T00:44:09+08:00 ] 127.0.0.1 GET /union/auth/login
[ info ] peini.com/union/auth/login [运行时间：0.033688s][吞吐率：29.68req/s] [内存消耗：1,383.18kb] [文件加载：41]
[ info ] [ LANG ] F:\phpserver\wwwroot\default\peini-formal\thinkphp\lang\zh-cn.php
[ info ] [ ROUTE ] array (
  'type' => 'module',
  'module' => 
  array (
    0 => 'union',
    1 => 'auth',
    2 => 'login',
  ),
)
[ info ] [ HEADER ] array (
  'cookie' => 'PHPSESSID=ng2apm2jhb33d6iqr6pnke32rk',
  'accept-language' => 'zh-CN,zh;q=0.9',
  'accept-encoding' => 'gzip, deflate',
  'referer' => 'http://peini.com/union/auth/login',
  'accept' => 'image/webp,image/apng,image/*,*/*;q=0.8',
  'user-agent' => 'Mozilla/5.0 (Windows NT 10.0; Win64; x64) AppleWebKit/537.36 (KHTML, like Gecko) Chrome/71.0.3578.98 Safari/537.36',
  'cache-control' => 'no-cache',
  'pragma' => 'no-cache',
  'connection' => 'keep-alive',
  'host' => 'peini.com',
  'content-length' => '',
  'content-type' => '',
)
[ info ] [ PARAM ] array (
)
[ info ] [ SESSION ] INIT array (
  'id' => '',
  'var_session_id' => '',
  'prefix' => 'think',
  'type' => '',
  'auto_start' => true,
)
[ info ] [ RUN ] app\union\controller\Auth->login[ F:\phpserver\wwwroot\default\peini-formal\application\union\controller\Auth.php ]
[ info ] [ VIEW ] F:\phpserver\wwwroot\default\peini-formal\public/../application/union\view\auth\login.html [ array (
) ]
[ info ] [ LOG ] INIT File
---------------------------------------------------------------
[ 2019-07-17T00:44:17+08:00 ] 127.0.0.1 POST /union/auth/putcode
[ info ] peini.com/union/auth/putcode [运行时间：0.051238s][吞吐率：19.52req/s] [内存消耗：1,387.09kb] [文件加载：42]
[ info ] [ LANG ] F:\phpserver\wwwroot\default\peini-formal\thinkphp\lang\zh-cn.php
[ info ] [ ROUTE ] array (
  'type' => 'module',
  'module' => 
  array (
    0 => 'union',
    1 => 'auth',
    2 => 'putcode',
  ),
)
[ info ] [ HEADER ] array (
  'cookie' => 'PHPSESSID=ng2apm2jhb33d6iqr6pnke32rk',
  'accept-language' => 'zh-CN,zh;q=0.9',
  'accept-encoding' => 'gzip, deflate',
  'referer' => 'http://peini.com/union/auth/login',
  'content-type' => 'application/x-www-form-urlencoded; charset=UTF-8',
  'user-agent' => 'Mozilla/5.0 (Windows NT 10.0; Win64; x64) AppleWebKit/537.36 (KHTML, like Gecko) Chrome/71.0.3578.98 Safari/537.36',
  'x-requested-with' => 'XMLHttpRequest',
  'origin' => 'http://peini.com',
  'accept' => 'application/json, text/javascript, */*; q=0.01',
  'content-length' => '17',
  'connection' => 'keep-alive',
  'host' => 'peini.com',
)
[ info ] [ PARAM ] array (
  'phone' => '15711326771',
)
[ info ] [ SESSION ] INIT array (
  'id' => '',
  'var_session_id' => '',
  'prefix' => 'think',
  'type' => '',
  'auto_start' => true,
)
[ info ] [ LOG ] INIT File
---------------------------------------------------------------
[ 2019-07-17T00:44:17+08:00 ] 127.0.0.1 GET /union/auth/login
[ info ] peini.com/union/auth/login [运行时间：0.046813s][吞吐率：21.36req/s] [内存消耗：1,386.39kb] [文件加载：42]
[ info ] [ LANG ] F:\phpserver\wwwroot\default\peini-formal\thinkphp\lang\zh-cn.php
[ info ] [ ROUTE ] array (
  'type' => 'module',
  'module' => 
  array (
    0 => 'union',
    1 => 'auth',
    2 => 'login',
  ),
)
[ info ] [ HEADER ] array (
  'cookie' => 'PHPSESSID=ng2apm2jhb33d6iqr6pnke32rk',
  'accept-language' => 'zh-CN,zh;q=0.9',
  'accept-encoding' => 'gzip, deflate',
  'referer' => 'http://peini.com/union/auth/login',
  'user-agent' => 'Mozilla/5.0 (Windows NT 10.0; Win64; x64) AppleWebKit/537.36 (KHTML, like Gecko) Chrome/71.0.3578.98 Safari/537.36',
  'x-requested-with' => 'XMLHttpRequest',
  'accept' => 'application/json, text/javascript, */*; q=0.01',
  'connection' => 'keep-alive',
  'host' => 'peini.com',
  'content-length' => '',
  'content-type' => '',
)
[ info ] [ PARAM ] array (
)
[ info ] [ SESSION ] INIT array (
  'id' => '',
  'var_session_id' => '',
  'prefix' => 'think',
  'type' => '',
  'auto_start' => true,
)
[ info ] [ RUN ] app\union\controller\Auth->login[ F:\phpserver\wwwroot\default\peini-formal\application\union\controller\Auth.php ]
[ info ] [ VIEW ] F:\phpserver\wwwroot\default\peini-formal\public/../application/union\view\auth\login.html [ array (
) ]
[ info ] [ LOG ] INIT File
---------------------------------------------------------------
[ 2019-07-17T00:47:43+08:00 ] 127.0.0.1 GET /
[ info ] www.peini.com/ [运行时间：0.045473s][吞吐率：21.99req/s] [内存消耗：1,318.39kb] [文件加载：40]
[ info ] [ LANG ] F:\phpserver\wwwroot\default\peini-formal\thinkphp\lang\zh-cn.php
[ info ] [ ROUTE ] array (
  'type' => 'module',
  'module' => 
  array (
    0 => '',
    1 => NULL,
    2 => NULL,
  ),
)
[ info ] [ HEADER ] array (
  'accept-language' => 'zh-CN,zh;q=0.9',
  'accept-encoding' => 'gzip, deflate',
  'accept' => 'text/html,application/xhtml+xml,application/xml;q=0.9,image/webp,image/apng,*/*;q=0.8',
  'user-agent' => 'Mozilla/5.0 (Windows NT 10.0; Win64; x64) AppleWebKit/537.36 (KHTML, like Gecko) Chrome/71.0.3578.98 Safari/537.36',
  'upgrade-insecure-requests' => '1',
  'connection' => 'keep-alive',
  'host' => 'www.peini.com',
  'content-length' => '',
  'content-type' => '',
)
[ info ] [ PARAM ] array (
)
[ info ] [ RUN ] app\index\controller\Index->index[ F:\phpserver\wwwroot\default\peini-formal\application\index\controller\Index.php ]
[ info ] [ VIEW ] F:\phpserver\wwwroot\default\peini-formal\public/../application/index\view\index\web.html [ array (
) ]
[ info ] [ LOG ] INIT File
---------------------------------------------------------------
[ 2019-07-17T00:47:49+08:00 ] 127.0.0.1 GET /union
[ info ] www.peini.com/union [运行时间：0.075686s][吞吐率：13.21req/s] [内存消耗：1,388.54kb] [文件加载：43]
[ info ] [ LANG ] F:\phpserver\wwwroot\default\peini-formal\thinkphp\lang\zh-cn.php
[ info ] [ ROUTE ] array (
  'type' => 'module',
  'module' => 
  array (
    0 => 'union',
    1 => NULL,
    2 => NULL,
  ),
)
[ info ] [ HEADER ] array (
  'accept-language' => 'zh-CN,zh;q=0.9',
  'accept-encoding' => 'gzip, deflate',
  'accept' => 'text/html,application/xhtml+xml,application/xml;q=0.9,image/webp,image/apng,*/*;q=0.8',
  'user-agent' => 'Mozilla/5.0 (Windows NT 10.0; Win64; x64) AppleWebKit/537.36 (KHTML, like Gecko) Chrome/71.0.3578.98 Safari/537.36',
  'upgrade-insecure-requests' => '1',
  'connection' => 'keep-alive',
  'host' => 'www.peini.com',
  'content-length' => '',
  'content-type' => '',
)
[ info ] [ PARAM ] array (
)
[ info ] [ SESSION ] INIT array (
  'id' => '',
  'var_session_id' => '',
  'prefix' => 'think',
  'type' => '',
  'auto_start' => true,
)
[ info ] [ LOG ] INIT File
---------------------------------------------------------------
[ 2019-07-17T00:47:49+08:00 ] 127.0.0.1 GET /union/auth/login
[ info ] www.peini.com/union/auth/login [运行时间：0.061778s][吞吐率：16.19req/s] [内存消耗：1,382.92kb] [文件加载：41]
[ info ] [ LANG ] F:\phpserver\wwwroot\default\peini-formal\thinkphp\lang\zh-cn.php
[ info ] [ ROUTE ] array (
  'type' => 'module',
  'module' => 
  array (
    0 => 'union',
    1 => 'auth',
    2 => 'login',
  ),
)
[ info ] [ HEADER ] array (
  'cookie' => 'PHPSESSID=g9e4kupe5naq7umm3ut3284s11',
  'accept-language' => 'zh-CN,zh;q=0.9',
  'accept-encoding' => 'gzip, deflate',
  'accept' => 'text/html,application/xhtml+xml,application/xml;q=0.9,image/webp,image/apng,*/*;q=0.8',
  'user-agent' => 'Mozilla/5.0 (Windows NT 10.0; Win64; x64) AppleWebKit/537.36 (KHTML, like Gecko) Chrome/71.0.3578.98 Safari/537.36',
  'upgrade-insecure-requests' => '1',
  'connection' => 'keep-alive',
  'host' => 'www.peini.com',
  'content-length' => '',
  'content-type' => '',
)
[ info ] [ PARAM ] array (
)
[ info ] [ SESSION ] INIT array (
  'id' => '',
  'var_session_id' => '',
  'prefix' => 'think',
  'type' => '',
  'auto_start' => true,
)
[ info ] [ RUN ] app\union\controller\Auth->login[ F:\phpserver\wwwroot\default\peini-formal\application\union\controller\Auth.php ]
[ info ] [ VIEW ] F:\phpserver\wwwroot\default\peini-formal\public/../application/union\view\auth\login.html [ array (
) ]
[ info ] [ LOG ] INIT File
---------------------------------------------------------------
[ 2019-07-17T00:47:49+08:00 ] 127.0.0.1 GET /union/auth/favicon.ico
[ info ] www.peini.com/union/auth/favicon.ico [运行时间：0.059274s][吞吐率：16.87req/s] [内存消耗：1,385.70kb] [文件加载：42]
[ info ] [ LANG ] F:\phpserver\wwwroot\default\peini-formal\thinkphp\lang\zh-cn.php
[ info ] [ ROUTE ] array (
  'type' => 'module',
  'module' => 
  array (
    0 => 'union',
    1 => 'auth',
    2 => 'favicon.ico',
  ),
)
[ info ] [ HEADER ] array (
  'cookie' => 'PHPSESSID=g9e4kupe5naq7umm3ut3284s11',
  'accept-language' => 'zh-CN,zh;q=0.9',
  'accept-encoding' => 'gzip, deflate',
  'referer' => 'http://www.peini.com/union/auth/login',
  'accept' => 'image/webp,image/apng,image/*,*/*;q=0.8',
  'user-agent' => 'Mozilla/5.0 (Windows NT 10.0; Win64; x64) AppleWebKit/537.36 (KHTML, like Gecko) Chrome/71.0.3578.98 Safari/537.36',
  'connection' => 'keep-alive',
  'host' => 'www.peini.com',
  'content-length' => '',
  'content-type' => '',
)
[ info ] [ PARAM ] array (
)
[ info ] [ SESSION ] INIT array (
  'id' => '',
  'var_session_id' => '',
  'prefix' => 'think',
  'type' => '',
  'auto_start' => true,
)
[ info ] [ LOG ] INIT File
---------------------------------------------------------------
[ 2019-07-17T00:47:49+08:00 ] 127.0.0.1 GET /union/auth/login
[ info ] www.peini.com/union/auth/login [运行时间：0.070350s][吞吐率：14.21req/s] [内存消耗：1,382.80kb] [文件加载：41]
[ info ] [ LANG ] F:\phpserver\wwwroot\default\peini-formal\thinkphp\lang\zh-cn.php
[ info ] [ ROUTE ] array (
  'type' => 'module',
  'module' => 
  array (
    0 => 'union',
    1 => 'auth',
    2 => 'login',
  ),
)
[ info ] [ HEADER ] array (
  'cookie' => 'PHPSESSID=g9e4kupe5naq7umm3ut3284s11',
  'accept-language' => 'zh-CN,zh;q=0.9',
  'accept-encoding' => 'gzip, deflate',
  'referer' => 'http://www.peini.com/union/auth/login',
  'accept' => 'image/webp,image/apng,image/*,*/*;q=0.8',
  'user-agent' => 'Mozilla/5.0 (Windows NT 10.0; Win64; x64) AppleWebKit/537.36 (KHTML, like Gecko) Chrome/71.0.3578.98 Safari/537.36',
  'connection' => 'keep-alive',
  'host' => 'www.peini.com',
  'content-length' => '',
  'content-type' => '',
)
[ info ] [ PARAM ] array (
)
[ info ] [ SESSION ] INIT array (
  'id' => '',
  'var_session_id' => '',
  'prefix' => 'think',
  'type' => '',
  'auto_start' => true,
)
[ info ] [ RUN ] app\union\controller\Auth->login[ F:\phpserver\wwwroot\default\peini-formal\application\union\controller\Auth.php ]
[ info ] [ VIEW ] F:\phpserver\wwwroot\default\peini-formal\public/../application/union\view\auth\login.html [ array (
) ]
[ info ] [ LOG ] INIT File
---------------------------------------------------------------
[ 2019-07-17T00:47:52+08:00 ] 127.0.0.1 GET /static/admin/static/css/weadmin.css.map
[ info ] www.peini.com/static/admin/static/css/weadmin.css.map [运行时间：0.037607s][吞吐率：26.59req/s] [内存消耗：1,150.24kb] [文件加载：35]
[ info ] [ LANG ] F:\phpserver\wwwroot\default\peini-formal\thinkphp\lang\zh-cn.php
[ info ] [ ROUTE ] array (
  'type' => 'module',
  'module' => 
  array (
    0 => 'static',
    1 => 'admin',
    2 => 'static',
  ),
)
[ info ] [ HEADER ] array (
  'cookie' => 'PHPSESSID=g9e4kupe5naq7umm3ut3284s11',
  'accept-language' => 'zh-CN,zh;q=0.9',
  'accept-encoding' => 'gzip, deflate',
  'user-agent' => 'Mozilla/5.0 (Windows NT 10.0; Win64; x64) AppleWebKit/537.36 (KHTML, like Gecko) Chrome/71.0.3578.98 Safari/537.36',
  'connection' => 'keep-alive',
  'host' => 'www.peini.com',
  'content-length' => '',
  'content-type' => '',
)
[ info ] [ PARAM ] array (
  'css' => 'weadmin.css.map',
)
[ info ] [ LOG ] INIT File
---------------------------------------------------------------
[ 2019-07-17T00:47:57+08:00 ] 127.0.0.1 POST /union/auth/putcode
[ info ] www.peini.com/union/auth/putcode [运行时间：0.040533s][吞吐率：24.67req/s] [内存消耗：1,387.10kb] [文件加载：42]
[ info ] [ LANG ] F:\phpserver\wwwroot\default\peini-formal\thinkphp\lang\zh-cn.php
[ info ] [ ROUTE ] array (
  'type' => 'module',
  'module' => 
  array (
    0 => 'union',
    1 => 'auth',
    2 => 'putcode',
  ),
)
[ info ] [ HEADER ] array (
  'cookie' => 'PHPSESSID=g9e4kupe5naq7umm3ut3284s11',
  'accept-language' => 'zh-CN,zh;q=0.9',
  'accept-encoding' => 'gzip, deflate',
  'referer' => 'http://www.peini.com/union/auth/login',
  'content-type' => 'application/x-www-form-urlencoded; charset=UTF-8',
  'user-agent' => 'Mozilla/5.0 (Windows NT 10.0; Win64; x64) AppleWebKit/537.36 (KHTML, like Gecko) Chrome/71.0.3578.98 Safari/537.36',
  'x-requested-with' => 'XMLHttpRequest',
  'origin' => 'http://www.peini.com',
  'accept' => 'application/json, text/javascript, */*; q=0.01',
  'content-length' => '17',
  'connection' => 'keep-alive',
  'host' => 'www.peini.com',
)
[ info ] [ PARAM ] array (
  'phone' => '15711326771',
)
[ info ] [ SESSION ] INIT array (
  'id' => '',
  'var_session_id' => '',
  'prefix' => 'think',
  'type' => '',
  'auto_start' => true,
)
[ info ] [ LOG ] INIT File
---------------------------------------------------------------
[ 2019-07-17T00:47:57+08:00 ] 127.0.0.1 GET /union/auth/login
[ info ] www.peini.com/union/auth/login [运行时间：0.045477s][吞吐率：21.99req/s] [内存消耗：1,386.39kb] [文件加载：42]
[ info ] [ LANG ] F:\phpserver\wwwroot\default\peini-formal\thinkphp\lang\zh-cn.php
[ info ] [ ROUTE ] array (
  'type' => 'module',
  'module' => 
  array (
    0 => 'union',
    1 => 'auth',
    2 => 'login',
  ),
)
[ info ] [ HEADER ] array (
  'cookie' => 'PHPSESSID=g9e4kupe5naq7umm3ut3284s11',
  'accept-language' => 'zh-CN,zh;q=0.9',
  'accept-encoding' => 'gzip, deflate',
  'referer' => 'http://www.peini.com/union/auth/login',
  'user-agent' => 'Mozilla/5.0 (Windows NT 10.0; Win64; x64) AppleWebKit/537.36 (KHTML, like Gecko) Chrome/71.0.3578.98 Safari/537.36',
  'x-requested-with' => 'XMLHttpRequest',
  'accept' => 'application/json, text/javascript, */*; q=0.01',
  'connection' => 'keep-alive',
  'host' => 'www.peini.com',
  'content-length' => '',
  'content-type' => '',
)
[ info ] [ PARAM ] array (
)
[ info ] [ SESSION ] INIT array (
  'id' => '',
  'var_session_id' => '',
  'prefix' => 'think',
  'type' => '',
  'auto_start' => true,
)
[ info ] [ RUN ] app\union\controller\Auth->login[ F:\phpserver\wwwroot\default\peini-formal\application\union\controller\Auth.php ]
[ info ] [ VIEW ] F:\phpserver\wwwroot\default\peini-formal\public/../application/union\view\auth\login.html [ array (
) ]
[ info ] [ LOG ] INIT File
---------------------------------------------------------------
[ 2019-07-17T00:48:04+08:00 ] 127.0.0.1 GET /admin
[ info ] www.peini.com/admin [运行时间：0.086667s][吞吐率：11.54req/s] [内存消耗：1,386.26kb] [文件加载：43]
[ info ] [ LANG ] F:\phpserver\wwwroot\default\peini-formal\thinkphp\lang\zh-cn.php
[ info ] [ ROUTE ] array (
  'type' => 'module',
  'module' => 
  array (
    0 => 'admin',
    1 => NULL,
    2 => NULL,
  ),
)
[ info ] [ HEADER ] array (
  'cookie' => 'PHPSESSID=g9e4kupe5naq7umm3ut3284s11',
  'accept-language' => 'zh-CN,zh;q=0.9',
  'accept-encoding' => 'gzip, deflate',
  'accept' => 'text/html,application/xhtml+xml,application/xml;q=0.9,image/webp,image/apng,*/*;q=0.8',
  'user-agent' => 'Mozilla/5.0 (Windows NT 10.0; Win64; x64) AppleWebKit/537.36 (KHTML, like Gecko) Chrome/71.0.3578.98 Safari/537.36',
  'upgrade-insecure-requests' => '1',
  'connection' => 'keep-alive',
  'host' => 'www.peini.com',
  'content-length' => '',
  'content-type' => '',
)
[ info ] [ PARAM ] array (
)
[ info ] [ SESSION ] INIT array (
  'id' => '',
  'var_session_id' => '',
  'prefix' => 'think',
  'type' => '',
  'auto_start' => true,
)
[ info ] [ LOG ] INIT File
---------------------------------------------------------------
[ 2019-07-17T00:48:04+08:00 ] 127.0.0.1 GET /admin/auth/login
[ info ] www.peini.com/admin/auth/login [运行时间：0.106711s][吞吐率：9.37req/s] [内存消耗：1,488.59kb] [文件加载：43]
[ info ] [ LANG ] F:\phpserver\wwwroot\default\peini-formal\thinkphp\lang\zh-cn.php
[ info ] [ ROUTE ] array (
  'type' => 'module',
  'module' => 
  array (
    0 => 'admin',
    1 => 'auth',
    2 => 'login',
  ),
)
[ info ] [ HEADER ] array (
  'cookie' => 'PHPSESSID=g9e4kupe5naq7umm3ut3284s11',
  'accept-language' => 'zh-CN,zh;q=0.9',
  'accept-encoding' => 'gzip, deflate',
  'accept' => 'text/html,application/xhtml+xml,application/xml;q=0.9,image/webp,image/apng,*/*;q=0.8',
  'user-agent' => 'Mozilla/5.0 (Windows NT 10.0; Win64; x64) AppleWebKit/537.36 (KHTML, like Gecko) Chrome/71.0.3578.98 Safari/537.36',
  'upgrade-insecure-requests' => '1',
  'connection' => 'keep-alive',
  'host' => 'www.peini.com',
  'content-length' => '',
  'content-type' => '',
)
[ info ] [ PARAM ] array (
)
[ info ] [ SESSION ] INIT array (
  'id' => '',
  'var_session_id' => '',
  'prefix' => 'think',
  'type' => '',
  'auto_start' => true,
)
[ info ] [ RUN ] app\admin\controller\Auth->login[ F:\phpserver\wwwroot\default\peini-formal\application\admin\controller\Auth.php ]
[ info ] [ VIEW ] F:\phpserver\wwwroot\default\peini-formal\public/../application/admin\view\auth\login.html [ array (
) ]
[ info ] [ LOG ] INIT File
---------------------------------------------------------------
[ 2019-07-17T00:48:04+08:00 ] 127.0.0.1 GET /admin/auth/favicon.ico
[ info ] www.peini.com/admin/auth/favicon.ico [运行时间：0.046455s][吞吐率：21.53req/s] [内存消耗：1,379.98kb] [文件加载：42]
[ info ] [ LANG ] F:\phpserver\wwwroot\default\peini-formal\thinkphp\lang\zh-cn.php
[ info ] [ ROUTE ] array (
  'type' => 'module',
  'module' => 
  array (
    0 => 'admin',
    1 => 'auth',
    2 => 'favicon.ico',
  ),
)
[ info ] [ HEADER ] array (
  'cookie' => 'PHPSESSID=g9e4kupe5naq7umm3ut3284s11',
  'accept-language' => 'zh-CN,zh;q=0.9',
  'accept-encoding' => 'gzip, deflate',
  'referer' => 'http://www.peini.com/admin/auth/login',
  'accept' => 'image/webp,image/apng,image/*,*/*;q=0.8',
  'user-agent' => 'Mozilla/5.0 (Windows NT 10.0; Win64; x64) AppleWebKit/537.36 (KHTML, like Gecko) Chrome/71.0.3578.98 Safari/537.36',
  'connection' => 'keep-alive',
  'host' => 'www.peini.com',
  'content-length' => '',
  'content-type' => '',
)
[ info ] [ PARAM ] array (
)
[ info ] [ SESSION ] INIT array (
  'id' => '',
  'var_session_id' => '',
  'prefix' => 'think',
  'type' => '',
  'auto_start' => true,
)
[ info ] [ LOG ] INIT File
---------------------------------------------------------------
[ 2019-07-17T00:48:04+08:00 ] 127.0.0.1 GET /static/admin/static/css/weadmin.css.map
[ info ] www.peini.com/static/admin/static/css/weadmin.css.map [运行时间：0.048304s][吞吐率：20.70req/s] [内存消耗：1,150.24kb] [文件加载：35]
[ info ] [ LANG ] F:\phpserver\wwwroot\default\peini-formal\thinkphp\lang\zh-cn.php
[ info ] [ ROUTE ] array (
  'type' => 'module',
  'module' => 
  array (
    0 => 'static',
    1 => 'admin',
    2 => 'static',
  ),
)
[ info ] [ HEADER ] array (
  'cookie' => 'PHPSESSID=g9e4kupe5naq7umm3ut3284s11',
  'accept-language' => 'zh-CN,zh;q=0.9',
  'accept-encoding' => 'gzip, deflate',
  'user-agent' => 'Mozilla/5.0 (Windows NT 10.0; Win64; x64) AppleWebKit/537.36 (KHTML, like Gecko) Chrome/71.0.3578.98 Safari/537.36',
  'connection' => 'keep-alive',
  'host' => 'www.peini.com',
  'content-length' => '',
  'content-type' => '',
)
[ info ] [ PARAM ] array (
  'css' => 'weadmin.css.map',
)
[ info ] [ LOG ] INIT File
---------------------------------------------------------------
[ 2019-07-17T00:48:05+08:00 ] 127.0.0.1 GET /admin/auth/login
[ info ] www.peini.com/admin/auth/login [运行时间：0.069722s][吞吐率：14.34req/s] [内存消耗：1,374.88kb] [文件加载：41]
[ info ] [ LANG ] F:\phpserver\wwwroot\default\peini-formal\thinkphp\lang\zh-cn.php
[ info ] [ ROUTE ] array (
  'type' => 'module',
  'module' => 
  array (
    0 => 'admin',
    1 => 'auth',
    2 => 'login',
  ),
)
[ info ] [ HEADER ] array (
  'cookie' => 'PHPSESSID=g9e4kupe5naq7umm3ut3284s11',
  'accept-language' => 'zh-CN,zh;q=0.9',
  'accept-encoding' => 'gzip, deflate',
  'referer' => 'http://www.peini.com/admin/auth/login',
  'accept' => 'image/webp,image/apng,image/*,*/*;q=0.8',
  'user-agent' => 'Mozilla/5.0 (Windows NT 10.0; Win64; x64) AppleWebKit/537.36 (KHTML, like Gecko) Chrome/71.0.3578.98 Safari/537.36',
  'connection' => 'keep-alive',
  'host' => 'www.peini.com',
  'content-length' => '',
  'content-type' => '',
)
[ info ] [ PARAM ] array (
)
[ info ] [ SESSION ] INIT array (
  'id' => '',
  'var_session_id' => '',
  'prefix' => 'think',
  'type' => '',
  'auto_start' => true,
)
[ info ] [ RUN ] app\admin\controller\Auth->login[ F:\phpserver\wwwroot\default\peini-formal\application\admin\controller\Auth.php ]
[ info ] [ VIEW ] F:\phpserver\wwwroot\default\peini-formal\public/../application/admin\view\auth\login.html [ array (
) ]
[ info ] [ LOG ] INIT File
---------------------------------------------------------------
[ 2019-07-17T00:48:12+08:00 ] 127.0.0.1 POST /admin/auth/loginin
[ info ] www.peini.com/admin/auth/loginin [运行时间：0.506408s][吞吐率：1.97req/s] [内存消耗：1,911.74kb] [文件加载：46]
[ info ] [ LANG ] F:\phpserver\wwwroot\default\peini-formal\thinkphp\lang\zh-cn.php
[ info ] [ ROUTE ] array (
  'type' => 'module',
  'module' => 
  array (
    0 => 'admin',
    1 => 'auth',
    2 => 'loginin',
  ),
)
[ info ] [ HEADER ] array (
  'cookie' => 'PHPSESSID=g9e4kupe5naq7umm3ut3284s11',
  'accept-language' => 'zh-CN,zh;q=0.9',
  'accept-encoding' => 'gzip, deflate',
  'referer' => 'http://www.peini.com/admin/auth/login',
  'content-type' => 'application/x-www-form-urlencoded; charset=UTF-8',
  'user-agent' => 'Mozilla/5.0 (Windows NT 10.0; Win64; x64) AppleWebKit/537.36 (KHTML, like Gecko) Chrome/71.0.3578.98 Safari/537.36',
  'x-requested-with' => 'XMLHttpRequest',
  'origin' => 'http://www.peini.com',
  'accept' => 'application/json, text/javascript, */*; q=0.01',
  'content-length' => '30',
  'connection' => 'keep-alive',
  'host' => 'www.peini.com',
)
[ info ] [ PARAM ] array (
  'username' => 'admin',
  'password' => '123456',
)
[ info ] [ SESSION ] INIT array (
  'id' => '',
  'var_session_id' => '',
  'prefix' => 'think',
  'type' => '',
  'auto_start' => true,
)
[ info ] [ RUN ] app\admin\controller\Auth->loginin[ F:\phpserver\wwwroot\default\peini-formal\application\admin\controller\Auth.php ]
[ info ] [ DB ] INIT mysql
[ info ] [ LOG ] INIT File
[ sql ] [ DB ] CONNECT:[ UseTime:0.187954s ] mysql:host=39.98.195.90;dbname=peini;charset=utf8
[ sql ] [ SQL ] SHOW COLUMNS FROM `pn_admin` [ RunTime:0.025802s ]
[ sql ] [ SQL ] SELECT * FROM `pn_admin` WHERE  `user_account` = 'admin'  AND `user_password` = 'e10adc3949ba59abbe56e057f20f883e' LIMIT 1 [ RunTime:0.024884s ]
[ sql ] [ SQL ] SHOW COLUMNS FROM `pn_admin_log` [ RunTime:0.029228s ]
[ sql ] [ SQL ] INSERT INTO `pn_admin_log` (`admin_user_id` , `admin_user_name` , `set_time` , `set_ip` , `set_name`) VALUES (1 , '后台管理员' , '1563295692' , '127.0.0.1' , '登录后台') [ RunTime:0.036942s ]
---------------------------------------------------------------
[ 2019-07-17T00:48:14+08:00 ] 127.0.0.1 GET /admin/index/index
[ info ] www.peini.com/admin/index/index [运行时间：0.440216s][吞吐率：2.27req/s] [内存消耗：2,215.61kb] [文件加载：52]
[ info ] [ LANG ] F:\phpserver\wwwroot\default\peini-formal\thinkphp\lang\zh-cn.php
[ info ] [ ROUTE ] array (
  'type' => 'module',
  'module' => 
  array (
    0 => 'admin',
    1 => 'index',
    2 => 'index',
  ),
)
[ info ] [ HEADER ] array (
  'cookie' => 'PHPSESSID=g9e4kupe5naq7umm3ut3284s11',
  'accept-language' => 'zh-CN,zh;q=0.9',
  'accept-encoding' => 'gzip, deflate',
  'referer' => 'http://www.peini.com/admin/auth/login',
  'accept' => 'text/html,application/xhtml+xml,application/xml;q=0.9,image/webp,image/apng,*/*;q=0.8',
  'user-agent' => 'Mozilla/5.0 (Windows NT 10.0; Win64; x64) AppleWebKit/537.36 (KHTML, like Gecko) Chrome/71.0.3578.98 Safari/537.36',
  'upgrade-insecure-requests' => '1',
  'connection' => 'keep-alive',
  'host' => 'www.peini.com',
  'content-length' => '',
  'content-type' => '',
)
[ info ] [ PARAM ] array (
)
[ info ] [ SESSION ] INIT array (
  'id' => '',
  'var_session_id' => '',
  'prefix' => 'think',
  'type' => '',
  'auto_start' => true,
)
[ info ] [ RUN ] app\admin\controller\Index->index[ F:\phpserver\wwwroot\default\peini-formal\application\admin\controller\Index.php ]
[ info ] [ DB ] INIT mysql
[ info ] [ VIEW ] F:\phpserver\wwwroot\default\peini-formal\public/../application/admin\view\index\index.html [ array (
  0 => 'menu_role',
  1 => 'menu_list_one',
  2 => 'menu_list_two',
) ]
[ info ] [ LOG ] INIT File
[ sql ] [ DB ] CONNECT:[ UseTime:0.048996s ] mysql:host=39.98.195.90;dbname=peini;charset=utf8
[ sql ] [ SQL ] SHOW COLUMNS FROM `pn_role` [ RunTime:0.024845s ]
[ sql ] [ SQL ] SELECT `role_permission` FROM `pn_role` WHERE  (  id = 1 ) LIMIT 1 [ RunTime:0.029037s ]
[ sql ] [ SQL ] SHOW COLUMNS FROM `pn_menu` [ RunTime:0.031550s ]
[ sql ] [ SQL ] SELECT * FROM `pn_menu` WHERE  (  level = 1 and statu = 1 ) [ RunTime:0.039589s ]
[ sql ] [ SQL ] SELECT * FROM `pn_menu` WHERE  (  level = 2 and statu = 1 ) [ RunTime:0.033457s ]
---------------------------------------------------------------
[ 2019-07-17T00:48:14+08:00 ] 127.0.0.1 GET /admin/index/welcome
[ info ] www.peini.com/admin/index/welcome [运行时间：0.104044s][吞吐率：9.61req/s] [内存消耗：1,453.56kb] [文件加载：43]
[ info ] [ LANG ] F:\phpserver\wwwroot\default\peini-formal\thinkphp\lang\zh-cn.php
[ info ] [ ROUTE ] array (
  'type' => 'module',
  'module' => 
  array (
    0 => 'admin',
    1 => 'index',
    2 => 'welcome',
  ),
)
[ info ] [ HEADER ] array (
  'cookie' => 'PHPSESSID=g9e4kupe5naq7umm3ut3284s11',
  'accept-language' => 'zh-CN,zh;q=0.9',
  'accept-encoding' => 'gzip, deflate',
  'referer' => 'http://www.peini.com/admin/index/index',
  'accept' => 'text/html,application/xhtml+xml,application/xml;q=0.9,image/webp,image/apng,*/*;q=0.8',
  'user-agent' => 'Mozilla/5.0 (Windows NT 10.0; Win64; x64) AppleWebKit/537.36 (KHTML, like Gecko) Chrome/71.0.3578.98 Safari/537.36',
  'upgrade-insecure-requests' => '1',
  'connection' => 'keep-alive',
  'host' => 'www.peini.com',
  'content-length' => '',
  'content-type' => '',
)
[ info ] [ PARAM ] array (
)
[ info ] [ SESSION ] INIT array (
  'id' => '',
  'var_session_id' => '',
  'prefix' => 'think',
  'type' => '',
  'auto_start' => true,
)
[ info ] [ RUN ] app\admin\controller\Index->welcome[ F:\phpserver\wwwroot\default\peini-formal\application\admin\controller\Index.php ]
[ info ] [ VIEW ] F:\phpserver\wwwroot\default\peini-formal\public/../application/admin\view\index\welcome.html [ array (
  0 => 'menu_role',
) ]
[ info ] [ LOG ] INIT File
---------------------------------------------------------------
[ 2019-07-17T00:48:14+08:00 ] 127.0.0.1 GET /static/admin/static/css/weadmin.css.map
[ info ] www.peini.com/static/admin/static/css/weadmin.css.map [运行时间：0.068442s][吞吐率：14.61req/s] [内存消耗：1,150.24kb] [文件加载：35]
[ info ] [ LANG ] F:\phpserver\wwwroot\default\peini-formal\thinkphp\lang\zh-cn.php
[ info ] [ ROUTE ] array (
  'type' => 'module',
  'module' => 
  array (
    0 => 'static',
    1 => 'admin',
    2 => 'static',
  ),
)
[ info ] [ HEADER ] array (
  'cookie' => 'PHPSESSID=g9e4kupe5naq7umm3ut3284s11',
  'accept-language' => 'zh-CN,zh;q=0.9',
  'accept-encoding' => 'gzip, deflate',
  'user-agent' => 'Mozilla/5.0 (Windows NT 10.0; Win64; x64) AppleWebKit/537.36 (KHTML, like Gecko) Chrome/71.0.3578.98 Safari/537.36',
  'connection' => 'keep-alive',
  'host' => 'www.peini.com',
  'content-length' => '',
  'content-type' => '',
)
[ info ] [ PARAM ] array (
  'css' => 'weadmin.css.map',
)
[ info ] [ LOG ] INIT File
---------------------------------------------------------------
[ 2019-07-17T00:48:14+08:00 ] 127.0.0.1 GET /static/admin/static/css/weadmin.css.map
[ info ] www.peini.com/static/admin/static/css/weadmin.css.map [运行时间：0.052536s][吞吐率：19.03req/s] [内存消耗：1,150.24kb] [文件加载：35]
[ info ] [ LANG ] F:\phpserver\wwwroot\default\peini-formal\thinkphp\lang\zh-cn.php
[ info ] [ ROUTE ] array (
  'type' => 'module',
  'module' => 
  array (
    0 => 'static',
    1 => 'admin',
    2 => 'static',
  ),
)
[ info ] [ HEADER ] array (
  'cookie' => 'PHPSESSID=g9e4kupe5naq7umm3ut3284s11',
  'accept-language' => 'zh-CN,zh;q=0.9',
  'accept-encoding' => 'gzip, deflate',
  'user-agent' => 'Mozilla/5.0 (Windows NT 10.0; Win64; x64) AppleWebKit/537.36 (KHTML, like Gecko) Chrome/71.0.3578.98 Safari/537.36',
  'connection' => 'keep-alive',
  'host' => 'www.peini.com',
  'content-length' => '',
  'content-type' => '',
)
[ info ] [ PARAM ] array (
  'css' => 'weadmin.css.map',
)
[ info ] [ LOG ] INIT File
---------------------------------------------------------------
[ 2019-07-17T00:48:15+08:00 ] 127.0.0.1 GET /admin/index/favicon.ico
[ info ] www.peini.com/admin/index/favicon.ico [运行时间：0.060400s][吞吐率：16.56req/s] [内存消耗：1,368.05kb] [文件加载：43]
[ info ] [ LANG ] F:\phpserver\wwwroot\default\peini-formal\thinkphp\lang\zh-cn.php
[ info ] [ ROUTE ] array (
  'type' => 'module',
  'module' => 
  array (
    0 => 'admin',
    1 => 'index',
    2 => 'favicon.ico',
  ),
)
[ info ] [ HEADER ] array (
  'cookie' => 'PHPSESSID=g9e4kupe5naq7umm3ut3284s11',
  'accept-language' => 'zh-CN,zh;q=0.9',
  'accept-encoding' => 'gzip, deflate',
  'referer' => 'http://www.peini.com/admin/index/index',
  'accept' => 'image/webp,image/apng,image/*,*/*;q=0.8',
  'user-agent' => 'Mozilla/5.0 (Windows NT 10.0; Win64; x64) AppleWebKit/537.36 (KHTML, like Gecko) Chrome/71.0.3578.98 Safari/537.36',
  'connection' => 'keep-alive',
  'host' => 'www.peini.com',
  'content-length' => '',
  'content-type' => '',
)
[ info ] [ PARAM ] array (
)
[ info ] [ SESSION ] INIT array (
  'id' => '',
  'var_session_id' => '',
  'prefix' => 'think',
  'type' => '',
  'auto_start' => true,
)
[ info ] [ LOG ] INIT File
---------------------------------------------------------------
[ 2019-07-17T00:53:07+08:00 ] 127.0.0.1 GET /admin/order/index
[ info ] www.peini.com/admin/order/index [运行时间：0.982804s][吞吐率：1.02req/s] [内存消耗：2,316.62kb] [文件加载：55]
[ info ] [ LANG ] F:\phpserver\wwwroot\default\peini-formal\thinkphp\lang\zh-cn.php
[ info ] [ ROUTE ] array (
  'type' => 'module',
  'module' => 
  array (
    0 => 'admin',
    1 => 'order',
    2 => 'index',
  ),
)
[ info ] [ HEADER ] array (
  'cookie' => 'PHPSESSID=g9e4kupe5naq7umm3ut3284s11',
  'accept-language' => 'zh-CN,zh;q=0.9',
  'accept-encoding' => 'gzip, deflate',
  'referer' => 'http://www.peini.com/admin/index/index',
  'accept' => 'text/html,application/xhtml+xml,application/xml;q=0.9,image/webp,image/apng,*/*;q=0.8',
  'user-agent' => 'Mozilla/5.0 (Windows NT 10.0; Win64; x64) AppleWebKit/537.36 (KHTML, like Gecko) Chrome/71.0.3578.98 Safari/537.36',
  'upgrade-insecure-requests' => '1',
  'connection' => 'keep-alive',
  'host' => 'www.peini.com',
  'content-length' => '',
  'content-type' => '',
)
[ info ] [ PARAM ] array (
)
[ info ] [ SESSION ] INIT array (
  'id' => '',
  'var_session_id' => '',
  'prefix' => 'think',
  'type' => '',
  'auto_start' => true,
)
[ info ] [ RUN ] app\admin\controller\Order->index[ F:\phpserver\wwwroot\default\peini-formal\application\admin\controller\Order.php ]
[ info ] [ DB ] INIT mysql
[ info ] [ VIEW ] F:\phpserver\wwwroot\default\peini-formal\public/../application/admin\view\order\index.html [ array (
  0 => 'menu_role',
  1 => 'data',
  2 => 'total',
  3 => 'list',
) ]
[ info ] [ LOG ] INIT File
[ sql ] [ DB ] CONNECT:[ UseTime:0.049032s ] mysql:host=39.98.195.90;dbname=peini;charset=utf8
[ sql ] [ SQL ] SHOW COLUMNS FROM `pn_game_order` [ RunTime:0.029998s ]
[ sql ] [ SQL ] SELECT COUNT(*) AS tp_count FROM `pn_game_order` WHERE  `status` <> -1 LIMIT 1 [ RunTime:0.024486s ]
[ sql ] [ SQL ] SELECT * FROM `pn_game_order` WHERE  `status` <> -1 LIMIT 0,30 [ RunTime:0.030744s ]
[ sql ] [ SQL ] SHOW COLUMNS FROM `pn_user` [ RunTime:0.040243s ]
[ sql ] [ SQL ] SELECT `username` FROM `pn_user` WHERE  (  uid=3 ) LIMIT 1 [ RunTime:0.021859s ]
[ sql ] [ SQL ] SELECT `username` FROM `pn_user` WHERE  (  uid=4 ) LIMIT 1 [ RunTime:0.025957s ]
[ sql ] [ SQL ] SHOW COLUMNS FROM `pn_game` [ RunTime:0.033751s ]
[ sql ] [ SQL ] SELECT `name` FROM `pn_game` WHERE  (  gid=1 ) LIMIT 1 [ RunTime:0.030907s ]
[ sql ] [ SQL ] SELECT `username` FROM `pn_user` WHERE  (  uid=3 ) LIMIT 1 [ RunTime:0.033091s ]
[ sql ] [ SQL ] SELECT `username` FROM `pn_user` WHERE  (  uid=4 ) LIMIT 1 [ RunTime:0.026393s ]
[ sql ] [ SQL ] SELECT `name` FROM `pn_game` WHERE  (  gid=1 ) LIMIT 1 [ RunTime:0.022997s ]
[ sql ] [ SQL ] SELECT `username` FROM `pn_user` WHERE  (  uid=3 ) LIMIT 1 [ RunTime:0.020258s ]
[ sql ] [ SQL ] SELECT `username` FROM `pn_user` WHERE  (  uid=4 ) LIMIT 1 [ RunTime:0.020775s ]
[ sql ] [ SQL ] SELECT `name` FROM `pn_game` WHERE  (  gid=1 ) LIMIT 1 [ RunTime:0.027220s ]
[ sql ] [ SQL ] SELECT `username` FROM `pn_user` WHERE  (  uid=3 ) LIMIT 1 [ RunTime:0.032788s ]
[ sql ] [ SQL ] SELECT `username` FROM `pn_user` WHERE  (  uid=2 ) LIMIT 1 [ RunTime:0.028343s ]
[ sql ] [ SQL ] SELECT `name` FROM `pn_game` WHERE  (  gid=1 ) LIMIT 1 [ RunTime:0.030692s ]
[ sql ] [ SQL ] SELECT `username` FROM `pn_user` WHERE  (  uid=3 ) LIMIT 1 [ RunTime:0.019230s ]
[ sql ] [ SQL ] SELECT `username` FROM `pn_user` WHERE  (  uid=4 ) LIMIT 1 [ RunTime:0.029099s ]
[ sql ] [ SQL ] SELECT `name` FROM `pn_game` WHERE  (  gid=1 ) LIMIT 1 [ RunTime:0.024759s ]
[ sql ] [ SQL ] SELECT `username` FROM `pn_user` WHERE  (  uid=3 ) LIMIT 1 [ RunTime:0.020731s ]
[ sql ] [ SQL ] SELECT `username` FROM `pn_user` WHERE  (  uid=4 ) LIMIT 1 [ RunTime:0.024527s ]
[ sql ] [ SQL ] SELECT `name` FROM `pn_game` WHERE  (  gid=1 ) LIMIT 1 [ RunTime:0.023763s ]
[ sql ] [ SQL ] SELECT `username` FROM `pn_user` WHERE  (  uid=3 ) LIMIT 1 [ RunTime:0.019395s ]
[ sql ] [ SQL ] SELECT `username` FROM `pn_user` WHERE  (  uid=4 ) LIMIT 1 [ RunTime:0.026673s ]
[ sql ] [ SQL ] SELECT `name` FROM `pn_game` WHERE  (  gid=1 ) LIMIT 1 [ RunTime:0.022229s ]
---------------------------------------------------------------
[ 2019-07-17T00:53:07+08:00 ] 127.0.0.1 GET /static/admin/static/css/weadmin.css.map
[ info ] www.peini.com/static/admin/static/css/weadmin.css.map [运行时间：0.041459s][吞吐率：24.12req/s] [内存消耗：1,150.24kb] [文件加载：35]
[ info ] [ LANG ] F:\phpserver\wwwroot\default\peini-formal\thinkphp\lang\zh-cn.php
[ info ] [ ROUTE ] array (
  'type' => 'module',
  'module' => 
  array (
    0 => 'static',
    1 => 'admin',
    2 => 'static',
  ),
)
[ info ] [ HEADER ] array (
  'cookie' => 'PHPSESSID=g9e4kupe5naq7umm3ut3284s11',
  'accept-language' => 'zh-CN,zh;q=0.9',
  'accept-encoding' => 'gzip, deflate',
  'user-agent' => 'Mozilla/5.0 (Windows NT 10.0; Win64; x64) AppleWebKit/537.36 (KHTML, like Gecko) Chrome/71.0.3578.98 Safari/537.36',
  'connection' => 'keep-alive',
  'host' => 'www.peini.com',
  'content-length' => '',
  'content-type' => '',
)
[ info ] [ PARAM ] array (
  'css' => 'weadmin.css.map',
)
[ info ] [ LOG ] INIT File
