---------------------------------------------------------------
[ 2019-07-18T10:18:52+08:00 ] 127.0.0.1 GET /union/index/index
[ info ] www.peini.com/union/index/index [运行时间：0.838252s][吞吐率：1.19req/s] [内存消耗：1,410.40kb] [文件加载：45]
[ info ] [ LANG ] D:\phpserver\wwwroot\default\peini-formal\thinkphp\lang\zh-cn.php
[ info ] [ ROUTE ] array (
  'type' => 'module',
  'module' => 
  array (
    0 => 'union',
    1 => 'index',
    2 => 'index',
  ),
)
[ info ] [ HEADER ] array (
  'cookie' => 'PHPSESSID=kbqgkkj38hknqopfg1mkl33sf3',
  'accept-language' => 'zh-CN,zh;q=0.9',
  'accept-encoding' => 'gzip, deflate',
  'referer' => 'http://www.peini.com/union/auth/login',
  'accept' => 'text/html,application/xhtml+xml,application/xml;q=0.9,image/webp,image/apng,*/*;q=0.8,application/signed-exchange;v=b3',
  'user-agent' => 'Mozilla/5.0 (Windows NT 10.0; Win64; x64) AppleWebKit/537.36 (KHTML, like Gecko) Chrome/75.0.3770.142 Safari/537.36',
  'upgrade-insecure-requests' => '1',
  'connection' => 'keep-alive',
  'host' => 'www.peini.com',
  'content-length' => '',
  'content-type' => '',
)
[ info ] [ PARAM ] array (
)
[ info ] [ CACHE ] INIT File
[ info ] [ LOG ] INIT File
---------------------------------------------------------------
[ 2019-07-18T10:18:52+08:00 ] 127.0.0.1 GET /union/auth/favicon.ico
[ info ] www.peini.com/union/auth/favicon.ico [运行时间：0.144292s][吞吐率：6.93req/s] [内存消耗：1,419.80kb] [文件加载：45]
[ info ] [ LANG ] D:\phpserver\wwwroot\default\peini-formal\thinkphp\lang\zh-cn.php
[ info ] [ ROUTE ] array (
  'type' => 'module',
  'module' => 
  array (
    0 => 'union',
    1 => 'auth',
    2 => 'favicon.ico',
  ),
)
[ info ] [ HEADER ] array (
  'cookie' => 'PHPSESSID=kbqgkkj38hknqopfg1mkl33sf3',
  'accept-language' => 'zh-CN,zh;q=0.9',
  'accept-encoding' => 'gzip, deflate',
  'referer' => 'http://www.peini.com/union/auth/login',
  'accept' => 'image/webp,image/apng,image/*,*/*;q=0.8',
  'user-agent' => 'Mozilla/5.0 (Windows NT 10.0; Win64; x64) AppleWebKit/537.36 (KHTML, like Gecko) Chrome/75.0.3770.142 Safari/537.36',
  'connection' => 'keep-alive',
  'host' => 'www.peini.com',
  'content-length' => '',
  'content-type' => '',
)
[ info ] [ PARAM ] array (
)
[ info ] [ CACHE ] INIT File
[ info ] [ LOG ] INIT File
---------------------------------------------------------------
[ 2019-07-18T10:56:55+08:00 ] 127.0.0.1 GET /admin
[ info ] www.peini.com/admin [运行时间：0.824617s][吞吐率：1.21req/s] [内存消耗：2,217.81kb] [文件加载：52]
[ info ] [ LANG ] D:\phpserver\wwwroot\default\peini-formal\thinkphp\lang\zh-cn.php
[ info ] [ ROUTE ] array (
  'type' => 'module',
  'module' => 
  array (
    0 => 'admin',
    1 => NULL,
    2 => NULL,
  ),
)
[ info ] [ HEADER ] array (
  'cookie' => 'PHPSESSID=kbqgkkj38hknqopfg1mkl33sf3',
  'accept-language' => 'zh-CN,zh;q=0.9',
  'accept-encoding' => 'gzip, deflate',
  'accept' => 'text/html,application/xhtml+xml,application/xml;q=0.9,image/webp,image/apng,*/*;q=0.8,application/signed-exchange;v=b3',
  'user-agent' => 'Mozilla/5.0 (Windows NT 10.0; Win64; x64) AppleWebKit/537.36 (KHTML, like Gecko) Chrome/75.0.3770.142 Safari/537.36',
  'upgrade-insecure-requests' => '1',
  'connection' => 'keep-alive',
  'host' => 'www.peini.com',
  'content-length' => '',
  'content-type' => '',
)
[ info ] [ PARAM ] array (
)
[ info ] [ SESSION ] INIT array (
  'id' => '',
  'var_session_id' => '',
  'prefix' => 'think',
  'type' => '',
  'auto_start' => true,
)
[ info ] [ RUN ] app\admin\controller\Index->index[ D:\phpserver\wwwroot\default\peini-formal\application\admin\controller\Index.php ]
[ info ] [ DB ] INIT mysql
[ info ] [ VIEW ] D:\phpserver\wwwroot\default\peini-formal\public/../application/admin\view\index\index.html [ array (
  0 => 'menu_role',
  1 => 'menu_list_one',
  2 => 'menu_list_two',
) ]
[ info ] [ LOG ] INIT File
[ sql ] [ DB ] CONNECT:[ UseTime:0.125543s ] mysql:host=39.98.195.90;dbname=peini;charset=utf8
[ sql ] [ SQL ] SHOW COLUMNS FROM `pn_role` [ RunTime:0.032929s ]
[ sql ] [ SQL ] SELECT `role_permission` FROM `pn_role` WHERE  (  id = 1 ) LIMIT 1 [ RunTime:0.024667s ]
[ sql ] [ SQL ] SHOW COLUMNS FROM `pn_menu` [ RunTime:0.048334s ]
[ sql ] [ SQL ] SELECT * FROM `pn_menu` WHERE  (  level = 1 and statu = 1 ) [ RunTime:0.026662s ]
[ sql ] [ SQL ] SELECT * FROM `pn_menu` WHERE  (  level = 2 and statu = 1 ) [ RunTime:0.025999s ]
---------------------------------------------------------------
[ 2019-07-18T10:56:55+08:00 ] 127.0.0.1 GET /admin/index/welcome
[ info ] www.peini.com/admin/index/welcome [运行时间：0.114414s][吞吐率：8.74req/s] [内存消耗：1,456.05kb] [文件加载：43]
[ info ] [ LANG ] D:\phpserver\wwwroot\default\peini-formal\thinkphp\lang\zh-cn.php
[ info ] [ ROUTE ] array (
  'type' => 'module',
  'module' => 
  array (
    0 => 'admin',
    1 => 'index',
    2 => 'welcome',
  ),
)
[ info ] [ HEADER ] array (
  'cookie' => 'PHPSESSID=kbqgkkj38hknqopfg1mkl33sf3',
  'accept-language' => 'zh-CN,zh;q=0.9',
  'accept-encoding' => 'gzip, deflate',
  'referer' => 'http://www.peini.com/admin',
  'accept' => 'text/html,application/xhtml+xml,application/xml;q=0.9,image/webp,image/apng,*/*;q=0.8,application/signed-exchange;v=b3',
  'user-agent' => 'Mozilla/5.0 (Windows NT 10.0; Win64; x64) AppleWebKit/537.36 (KHTML, like Gecko) Chrome/75.0.3770.142 Safari/537.36',
  'upgrade-insecure-requests' => '1',
  'connection' => 'keep-alive',
  'host' => 'www.peini.com',
  'content-length' => '',
  'content-type' => '',
)
[ info ] [ PARAM ] array (
)
[ info ] [ SESSION ] INIT array (
  'id' => '',
  'var_session_id' => '',
  'prefix' => 'think',
  'type' => '',
  'auto_start' => true,
)
[ info ] [ RUN ] app\admin\controller\Index->welcome[ D:\phpserver\wwwroot\default\peini-formal\application\admin\controller\Index.php ]
[ info ] [ VIEW ] D:\phpserver\wwwroot\default\peini-formal\public/../application/admin\view\index\welcome.html [ array (
  0 => 'menu_role',
) ]
[ info ] [ LOG ] INIT File
---------------------------------------------------------------
[ 2019-07-18T10:57:35+08:00 ] 127.0.0.1 GET /admin/tag/index
[ info ] www.peini.com/admin/tag/index [运行时间：0.276728s][吞吐率：3.61req/s] [内存消耗：2,297.20kb] [文件加载：55]
[ info ] [ LANG ] D:\phpserver\wwwroot\default\peini-formal\thinkphp\lang\zh-cn.php
[ info ] [ ROUTE ] array (
  'type' => 'module',
  'module' => 
  array (
    0 => 'admin',
    1 => 'tag',
    2 => 'index',
  ),
)
[ info ] [ HEADER ] array (
  'cookie' => 'PHPSESSID=kbqgkkj38hknqopfg1mkl33sf3',
  'accept-language' => 'zh-CN,zh;q=0.9',
  'accept-encoding' => 'gzip, deflate',
  'referer' => 'http://www.peini.com/admin',
  'accept' => 'text/html,application/xhtml+xml,application/xml;q=0.9,image/webp,image/apng,*/*;q=0.8,application/signed-exchange;v=b3',
  'user-agent' => 'Mozilla/5.0 (Windows NT 10.0; Win64; x64) AppleWebKit/537.36 (KHTML, like Gecko) Chrome/75.0.3770.142 Safari/537.36',
  'upgrade-insecure-requests' => '1',
  'connection' => 'keep-alive',
  'host' => 'www.peini.com',
  'content-length' => '',
  'content-type' => '',
)
[ info ] [ PARAM ] array (
)
[ info ] [ SESSION ] INIT array (
  'id' => '',
  'var_session_id' => '',
  'prefix' => 'think',
  'type' => '',
  'auto_start' => true,
)
[ info ] [ RUN ] app\admin\controller\Tag->index[ D:\phpserver\wwwroot\default\peini-formal\application\admin\controller\Tag.php ]
[ info ] [ DB ] INIT mysql
[ info ] [ VIEW ] D:\phpserver\wwwroot\default\peini-formal\public/../application/admin\view\tag\index.html [ array (
  0 => 'menu_role',
  1 => 'data',
  2 => 'total',
  3 => 'list',
) ]
[ info ] [ LOG ] INIT File
[ sql ] [ DB ] CONNECT:[ UseTime:0.037515s ] mysql:host=39.98.195.90;dbname=peini;charset=utf8
[ sql ] [ SQL ] SHOW COLUMNS FROM `pn_label` [ RunTime:0.022825s ]
[ sql ] [ SQL ] SELECT COUNT(*) AS tp_count FROM `pn_label` WHERE  `status` <> -1 LIMIT 1 [ RunTime:0.023920s ]
[ sql ] [ SQL ] SELECT * FROM `pn_label` WHERE  `status` <> -1 LIMIT 0,30 [ RunTime:0.023712s ]
---------------------------------------------------------------
[ 2019-07-18T10:57:36+08:00 ] 127.0.0.1 GET /admin/gift/index
[ info ] www.peini.com/admin/gift/index [运行时间：0.249790s][吞吐率：4.00req/s] [内存消耗：2,264.28kb] [文件加载：54]
[ info ] [ LANG ] D:\phpserver\wwwroot\default\peini-formal\thinkphp\lang\zh-cn.php
[ info ] [ ROUTE ] array (
  'type' => 'module',
  'module' => 
  array (
    0 => 'admin',
    1 => 'gift',
    2 => 'index',
  ),
)
[ info ] [ HEADER ] array (
  'cookie' => 'PHPSESSID=kbqgkkj38hknqopfg1mkl33sf3',
  'accept-language' => 'zh-CN,zh;q=0.9',
  'accept-encoding' => 'gzip, deflate',
  'referer' => 'http://www.peini.com/admin',
  'accept' => 'text/html,application/xhtml+xml,application/xml;q=0.9,image/webp,image/apng,*/*;q=0.8,application/signed-exchange;v=b3',
  'user-agent' => 'Mozilla/5.0 (Windows NT 10.0; Win64; x64) AppleWebKit/537.36 (KHTML, like Gecko) Chrome/75.0.3770.142 Safari/537.36',
  'upgrade-insecure-requests' => '1',
  'connection' => 'keep-alive',
  'host' => 'www.peini.com',
  'content-length' => '',
  'content-type' => '',
)
[ info ] [ PARAM ] array (
)
[ info ] [ RUN ] app\admin\controller\Gift->index[ D:\phpserver\wwwroot\default\peini-formal\application\admin\controller\Gift.php ]
[ info ] [ DB ] INIT mysql
[ info ] [ VIEW ] D:\phpserver\wwwroot\default\peini-formal\public/../application/admin\view\gift\index.html [ array (
  0 => 'data',
  1 => 'total',
  2 => 'list',
) ]
[ info ] [ LOG ] INIT File
[ sql ] [ DB ] CONNECT:[ UseTime:0.033172s ] mysql:host=39.98.195.90;dbname=peini;charset=utf8
[ sql ] [ SQL ] SHOW COLUMNS FROM `pn_gift` [ RunTime:0.022217s ]
[ sql ] [ SQL ] SELECT COUNT(*) AS tp_count FROM `pn_gift` LIMIT 1 [ RunTime:0.026059s ]
[ sql ] [ SQL ] SELECT * FROM `pn_gift` LIMIT 0,30 [ RunTime:0.045220s ]
---------------------------------------------------------------
[ 2019-07-18T10:57:36+08:00 ] 127.0.0.1 GET /admin/gift/image/1562747280/8608png
[ info ] www.peini.com/admin/gift/image/1562747280/8608png [运行时间：0.074192s][吞吐率：13.48req/s] [内存消耗：1,364.27kb] [文件加载：42]
[ info ] [ LANG ] D:\phpserver\wwwroot\default\peini-formal\thinkphp\lang\zh-cn.php
[ info ] [ ROUTE ] array (
  'type' => 'module',
  'module' => 
  array (
    0 => 'admin',
    1 => 'gift',
    2 => 'image',
  ),
)
[ info ] [ HEADER ] array (
  'cookie' => 'PHPSESSID=kbqgkkj38hknqopfg1mkl33sf3',
  'accept-language' => 'zh-CN,zh;q=0.9',
  'accept-encoding' => 'gzip, deflate',
  'referer' => 'http://www.peini.com/admin/gift/index',
  'accept' => 'image/webp,image/apng,image/*,*/*;q=0.8',
  'user-agent' => 'Mozilla/5.0 (Windows NT 10.0; Win64; x64) AppleWebKit/537.36 (KHTML, like Gecko) Chrome/75.0.3770.142 Safari/537.36',
  'connection' => 'keep-alive',
  'host' => 'www.peini.com',
  'content-length' => '',
  'content-type' => '',
)
[ info ] [ PARAM ] array (
  0 => '8608png',
)
[ info ] [ LOG ] INIT File
---------------------------------------------------------------
[ 2019-07-18T10:57:37+08:00 ] 127.0.0.1 GET /admin/cate/gameprice
[ info ] www.peini.com/admin/cate/gameprice [运行时间：0.249873s][吞吐率：4.00req/s] [内存消耗：2,383.91kb] [文件加载：55]
[ info ] [ LANG ] D:\phpserver\wwwroot\default\peini-formal\thinkphp\lang\zh-cn.php
[ info ] [ ROUTE ] array (
  'type' => 'module',
  'module' => 
  array (
    0 => 'admin',
    1 => 'cate',
    2 => 'gameprice',
  ),
)
[ info ] [ HEADER ] array (
  'cookie' => 'PHPSESSID=kbqgkkj38hknqopfg1mkl33sf3',
  'accept-language' => 'zh-CN,zh;q=0.9',
  'accept-encoding' => 'gzip, deflate',
  'referer' => 'http://www.peini.com/admin',
  'accept' => 'text/html,application/xhtml+xml,application/xml;q=0.9,image/webp,image/apng,*/*;q=0.8,application/signed-exchange;v=b3',
  'user-agent' => 'Mozilla/5.0 (Windows NT 10.0; Win64; x64) AppleWebKit/537.36 (KHTML, like Gecko) Chrome/75.0.3770.142 Safari/537.36',
  'upgrade-insecure-requests' => '1',
  'connection' => 'keep-alive',
  'host' => 'www.peini.com',
  'content-length' => '',
  'content-type' => '',
)
[ info ] [ PARAM ] array (
)
[ info ] [ SESSION ] INIT array (
  'id' => '',
  'var_session_id' => '',
  'prefix' => 'think',
  'type' => '',
  'auto_start' => true,
)
[ info ] [ RUN ] app\admin\controller\Cate->gameprice[ D:\phpserver\wwwroot\default\peini-formal\application\admin\controller\Cate.php ]
[ info ] [ DB ] INIT mysql
[ info ] [ VIEW ] D:\phpserver\wwwroot\default\peini-formal\public/../application/admin\view\cate\gameprice.html [ array (
  0 => 'menu_role',
  1 => 'data',
  2 => 'total',
  3 => 'list',
) ]
[ info ] [ LOG ] INIT File
[ sql ] [ DB ] CONNECT:[ UseTime:0.034093s ] mysql:host=39.98.195.90;dbname=peini;charset=utf8
[ sql ] [ SQL ] SHOW COLUMNS FROM `pn_game_price` [ RunTime:0.024756s ]
[ sql ] [ SQL ] SELECT COUNT(*) AS tp_count FROM pn_game_price p INNER JOIN `pn_game` `g` ON `p`.`gid`=`g`.`gid` LIMIT 1 [ RunTime:0.022184s ]
[ sql ] [ SQL ] SELECT `p`.*,g.name as gname FROM pn_game_price p INNER JOIN `pn_game` `g` ON `p`.`gid`=`g`.`gid` ORDER BY `status` DESC,`price` ASC LIMIT 0,30 [ RunTime:0.025897s ]
---------------------------------------------------------------
[ 2019-07-18T10:57:38+08:00 ] 127.0.0.1 GET /admin/cate/video
[ info ] www.peini.com/admin/cate/video [运行时间：0.214731s][吞吐率：4.66req/s] [内存消耗：2,423.13kb] [文件加载：55]
[ info ] [ LANG ] D:\phpserver\wwwroot\default\peini-formal\thinkphp\lang\zh-cn.php
[ info ] [ ROUTE ] array (
  'type' => 'module',
  'module' => 
  array (
    0 => 'admin',
    1 => 'cate',
    2 => 'video',
  ),
)
[ info ] [ HEADER ] array (
  'cookie' => 'PHPSESSID=kbqgkkj38hknqopfg1mkl33sf3',
  'accept-language' => 'zh-CN,zh;q=0.9',
  'accept-encoding' => 'gzip, deflate',
  'referer' => 'http://www.peini.com/admin',
  'accept' => 'text/html,application/xhtml+xml,application/xml;q=0.9,image/webp,image/apng,*/*;q=0.8,application/signed-exchange;v=b3',
  'user-agent' => 'Mozilla/5.0 (Windows NT 10.0; Win64; x64) AppleWebKit/537.36 (KHTML, like Gecko) Chrome/75.0.3770.142 Safari/537.36',
  'upgrade-insecure-requests' => '1',
  'connection' => 'keep-alive',
  'host' => 'www.peini.com',
  'content-length' => '',
  'content-type' => '',
)
[ info ] [ PARAM ] array (
)
[ info ] [ SESSION ] INIT array (
  'id' => '',
  'var_session_id' => '',
  'prefix' => 'think',
  'type' => '',
  'auto_start' => true,
)
[ info ] [ RUN ] app\admin\controller\Cate->video[ D:\phpserver\wwwroot\default\peini-formal\application\admin\controller\Cate.php ]
[ info ] [ DB ] INIT mysql
[ info ] [ VIEW ] D:\phpserver\wwwroot\default\peini-formal\public/../application/admin\view\cate\video.html [ array (
  0 => 'menu_role',
  1 => 'data',
  2 => 'total',
  3 => 'list',
) ]
[ info ] [ LOG ] INIT File
[ sql ] [ DB ] CONNECT:[ UseTime:0.032817s ] mysql:host=39.98.195.90;dbname=peini;charset=utf8
[ sql ] [ SQL ] SHOW COLUMNS FROM `pn_video` [ RunTime:0.024848s ]
[ sql ] [ SQL ] SELECT COUNT(*) AS tp_count FROM pn_video v INNER JOIN `pn_user` `u` ON `v`.`uid`=`u`.`uid` LIMIT 1 [ RunTime:0.025254s ]
[ sql ] [ SQL ] SELECT `v`.*,u.username as uname FROM pn_video v INNER JOIN `pn_user` `u` ON `v`.`uid`=`u`.`uid` ORDER BY `status` ASC,`isrecommend` DESC,`order` DESC LIMIT 0,30 [ RunTime:0.022835s ]
---------------------------------------------------------------
[ 2019-07-18T10:57:42+08:00 ] 127.0.0.1 GET /admin/tag/index
[ info ] www.peini.com/admin/tag/index [运行时间：0.288243s][吞吐率：3.47req/s] [内存消耗：2,163.49kb] [文件加载：53]
[ info ] [ LANG ] D:\phpserver\wwwroot\default\peini-formal\thinkphp\lang\zh-cn.php
[ info ] [ ROUTE ] array (
  'type' => 'module',
  'module' => 
  array (
    0 => 'admin',
    1 => 'tag',
    2 => 'index',
  ),
)
[ info ] [ HEADER ] array (
  'cookie' => 'PHPSESSID=kbqgkkj38hknqopfg1mkl33sf3',
  'accept-language' => 'zh-CN,zh;q=0.9',
  'accept-encoding' => 'gzip, deflate',
  'referer' => 'http://www.peini.com/admin',
  'accept' => 'text/html,application/xhtml+xml,application/xml;q=0.9,image/webp,image/apng,*/*;q=0.8,application/signed-exchange;v=b3',
  'user-agent' => 'Mozilla/5.0 (Windows NT 10.0; Win64; x64) AppleWebKit/537.36 (KHTML, like Gecko) Chrome/75.0.3770.142 Safari/537.36',
  'upgrade-insecure-requests' => '1',
  'connection' => 'keep-alive',
  'host' => 'www.peini.com',
  'content-length' => '',
  'content-type' => '',
)
[ info ] [ PARAM ] array (
)
[ info ] [ SESSION ] INIT array (
  'id' => '',
  'var_session_id' => '',
  'prefix' => 'think',
  'type' => '',
  'auto_start' => true,
)
[ info ] [ RUN ] app\admin\controller\Tag->index[ D:\phpserver\wwwroot\default\peini-formal\application\admin\controller\Tag.php ]
[ info ] [ DB ] INIT mysql
[ info ] [ VIEW ] D:\phpserver\wwwroot\default\peini-formal\public/../application/admin\view\tag\index.html [ array (
  0 => 'menu_role',
  1 => 'data',
  2 => 'total',
  3 => 'list',
) ]
[ info ] [ LOG ] INIT File
[ sql ] [ DB ] CONNECT:[ UseTime:0.031897s ] mysql:host=39.98.195.90;dbname=peini;charset=utf8
[ sql ] [ SQL ] SHOW COLUMNS FROM `pn_label` [ RunTime:0.021582s ]
[ sql ] [ SQL ] SELECT COUNT(*) AS tp_count FROM `pn_label` WHERE  `status` <> -1 LIMIT 1 [ RunTime:0.094628s ]
[ sql ] [ SQL ] SELECT * FROM `pn_label` WHERE  `status` <> -1 LIMIT 0,30 [ RunTime:0.093561s ]
---------------------------------------------------------------
[ 2019-07-18T10:57:44+08:00 ] 127.0.0.1 GET /admin/cate/video
[ info ] www.peini.com/admin/cate/video [运行时间：0.328231s][吞吐率：3.05req/s] [内存消耗：2,280.77kb] [文件加载：53]
[ info ] [ LANG ] D:\phpserver\wwwroot\default\peini-formal\thinkphp\lang\zh-cn.php
[ info ] [ ROUTE ] array (
  'type' => 'module',
  'module' => 
  array (
    0 => 'admin',
    1 => 'cate',
    2 => 'video',
  ),
)
[ info ] [ HEADER ] array (
  'cookie' => 'PHPSESSID=kbqgkkj38hknqopfg1mkl33sf3',
  'accept-language' => 'zh-CN,zh;q=0.9',
  'accept-encoding' => 'gzip, deflate',
  'referer' => 'http://www.peini.com/admin',
  'accept' => 'text/html,application/xhtml+xml,application/xml;q=0.9,image/webp,image/apng,*/*;q=0.8,application/signed-exchange;v=b3',
  'user-agent' => 'Mozilla/5.0 (Windows NT 10.0; Win64; x64) AppleWebKit/537.36 (KHTML, like Gecko) Chrome/75.0.3770.142 Safari/537.36',
  'upgrade-insecure-requests' => '1',
  'connection' => 'keep-alive',
  'host' => 'www.peini.com',
  'content-length' => '',
  'content-type' => '',
)
[ info ] [ PARAM ] array (
)
[ info ] [ SESSION ] INIT array (
  'id' => '',
  'var_session_id' => '',
  'prefix' => 'think',
  'type' => '',
  'auto_start' => true,
)
[ info ] [ RUN ] app\admin\controller\Cate->video[ D:\phpserver\wwwroot\default\peini-formal\application\admin\controller\Cate.php ]
[ info ] [ DB ] INIT mysql
[ info ] [ VIEW ] D:\phpserver\wwwroot\default\peini-formal\public/../application/admin\view\cate\video.html [ array (
  0 => 'menu_role',
  1 => 'data',
  2 => 'total',
  3 => 'list',
) ]
[ info ] [ LOG ] INIT File
[ sql ] [ DB ] CONNECT:[ UseTime:0.086263s ] mysql:host=39.98.195.90;dbname=peini;charset=utf8
[ sql ] [ SQL ] SHOW COLUMNS FROM `pn_video` [ RunTime:0.023385s ]
[ sql ] [ SQL ] SELECT COUNT(*) AS tp_count FROM pn_video v INNER JOIN `pn_user` `u` ON `v`.`uid`=`u`.`uid` LIMIT 1 [ RunTime:0.134362s ]
[ sql ] [ SQL ] SELECT `v`.*,u.username as uname FROM pn_video v INNER JOIN `pn_user` `u` ON `v`.`uid`=`u`.`uid` ORDER BY `status` ASC,`isrecommend` DESC,`order` DESC LIMIT 0,30 [ RunTime:0.025575s ]
---------------------------------------------------------------
[ 2019-07-18T11:08:01+08:00 ] 127.0.0.1 GET /union/auth/login
[ info ] www.peini.com/union/auth/login [运行时间：0.297850s][吞吐率：3.36req/s] [内存消耗：1,562.27kb] [文件加载：46]
[ info ] [ LANG ] D:\phpserver\wwwroot\default\peini-formal\thinkphp\lang\zh-cn.php
[ info ] [ ROUTE ] array (
  'type' => 'module',
  'module' => 
  array (
    0 => 'union',
    1 => 'auth',
    2 => 'login',
  ),
)
[ info ] [ HEADER ] array (
  'cookie' => 'PHPSESSID=kbqgkkj38hknqopfg1mkl33sf3',
  'accept-language' => 'zh-CN,zh;q=0.9',
  'accept-encoding' => 'gzip, deflate',
  'referer' => 'http://www.peini.com/union/auth/login',
  'accept' => 'text/html,application/xhtml+xml,application/xml;q=0.9,image/webp,image/apng,*/*;q=0.8,application/signed-exchange;v=b3',
  'user-agent' => 'Mozilla/5.0 (Windows NT 10.0; Win64; x64) AppleWebKit/537.36 (KHTML, like Gecko) Chrome/75.0.3770.142 Safari/537.36',
  'upgrade-insecure-requests' => '1',
  'cache-control' => 'max-age=0',
  'connection' => 'keep-alive',
  'host' => 'www.peini.com',
  'content-length' => '',
  'content-type' => '',
)
[ info ] [ PARAM ] array (
)
[ info ] [ CACHE ] INIT File
[ info ] [ RUN ] app\union\controller\Auth->login[ D:\phpserver\wwwroot\default\peini-formal\application\union\controller\Auth.php ]
[ info ] [ VIEW ] D:\phpserver\wwwroot\default\peini-formal\public/../application/union\view\auth\login.html [ array (
) ]
[ info ] [ LOG ] INIT File
---------------------------------------------------------------
[ 2019-07-18T11:08:09+08:00 ] 127.0.0.1 POST /union/auth/putcode
[ info ] www.peini.com/union/auth/putcode [运行时间：0.449041s][吞吐率：2.23req/s] [内存消耗：2,012.68kb] [文件加载：49]
[ info ] [ LANG ] D:\phpserver\wwwroot\default\peini-formal\thinkphp\lang\zh-cn.php
[ info ] [ ROUTE ] array (
  'type' => 'module',
  'module' => 
  array (
    0 => 'union',
    1 => 'auth',
    2 => 'putcode',
  ),
)
[ info ] [ HEADER ] array (
  'cookie' => 'PHPSESSID=kbqgkkj38hknqopfg1mkl33sf3',
  'accept-language' => 'zh-CN,zh;q=0.9',
  'accept-encoding' => 'gzip, deflate',
  'referer' => 'http://www.peini.com/union/auth/login',
  'content-type' => 'application/x-www-form-urlencoded; charset=UTF-8',
  'user-agent' => 'Mozilla/5.0 (Windows NT 10.0; Win64; x64) AppleWebKit/537.36 (KHTML, like Gecko) Chrome/75.0.3770.142 Safari/537.36',
  'x-requested-with' => 'XMLHttpRequest',
  'origin' => 'http://www.peini.com',
  'accept' => 'application/json, text/javascript, */*; q=0.01',
  'content-length' => '17',
  'connection' => 'keep-alive',
  'host' => 'www.peini.com',
)
[ info ] [ PARAM ] array (
  'phone' => '15711326771',
)
[ info ] [ CACHE ] INIT File
[ info ] [ RUN ] app\union\controller\Auth->putCode[ D:\phpserver\wwwroot\default\peini-formal\application\union\controller\Auth.php ]
[ info ] [ DB ] INIT mysql
[ info ] [ LOG ] INIT File
[ sql ] [ DB ] CONNECT:[ UseTime:0.035910s ] mysql:host=39.98.195.90;dbname=peini;charset=utf8
[ sql ] [ SQL ] SHOW COLUMNS FROM `pn_user` [ RunTime:0.029414s ]
[ sql ] [ SQL ] SELECT * FROM `pn_user` WHERE  `mobile` = '15711326771' LIMIT 1 [ RunTime:0.028119s ]
---------------------------------------------------------------
[ 2019-07-18T11:08:22+08:00 ] 127.0.0.1 POST /union/auth/checkcode
[ info ] www.peini.com/union/auth/checkcode [运行时间：0.634992s][吞吐率：1.57req/s] [内存消耗：1,992.67kb] [文件加载：48]
[ info ] [ LANG ] D:\phpserver\wwwroot\default\peini-formal\thinkphp\lang\zh-cn.php
[ info ] [ ROUTE ] array (
  'type' => 'module',
  'module' => 
  array (
    0 => 'union',
    1 => 'auth',
    2 => 'checkcode',
  ),
)
[ info ] [ HEADER ] array (
  'cookie' => 'PHPSESSID=kbqgkkj38hknqopfg1mkl33sf3',
  'accept-language' => 'zh-CN,zh;q=0.9',
  'accept-encoding' => 'gzip, deflate',
  'referer' => 'http://www.peini.com/union/auth/login',
  'content-type' => 'application/x-www-form-urlencoded; charset=UTF-8',
  'user-agent' => 'Mozilla/5.0 (Windows NT 10.0; Win64; x64) AppleWebKit/537.36 (KHTML, like Gecko) Chrome/75.0.3770.142 Safari/537.36',
  'x-requested-with' => 'XMLHttpRequest',
  'origin' => 'http://www.peini.com',
  'accept' => 'application/json, text/javascript, */*; q=0.01',
  'content-length' => '29',
  'connection' => 'keep-alive',
  'host' => 'www.peini.com',
)
[ info ] [ PARAM ] array (
  'phone' => '15711326771',
  'code' => '639785',
)
[ info ] [ CACHE ] INIT File
[ info ] [ RUN ] app\union\controller\Auth->checkCode[ D:\phpserver\wwwroot\default\peini-formal\application\union\controller\Auth.php ]
[ info ] [ DB ] INIT mysql
[ info ] [ SESSION ] INIT array (
  'id' => '',
  'var_session_id' => '',
  'prefix' => 'think',
  'type' => '',
  'auto_start' => true,
)
[ info ] [ LOG ] INIT File
[ sql ] [ DB ] CONNECT:[ UseTime:0.400910s ] mysql:host=39.98.195.90;dbname=peini;charset=utf8
[ sql ] [ SQL ] SHOW COLUMNS FROM `pn_union` [ RunTime:0.024713s ]
[ sql ] [ SQL ] SELECT * FROM `pn_union` WHERE  `mobile` = '15711326771' LIMIT 1 [ RunTime:0.135822s ]
---------------------------------------------------------------
[ 2019-07-18T11:08:23+08:00 ] 127.0.0.1 GET /union/index/index
[ info ] www.peini.com/union/index/index [运行时间：0.736245s][吞吐率：1.36req/s] [内存消耗：2,246.66kb] [文件加载：55]
[ info ] [ LANG ] D:\phpserver\wwwroot\default\peini-formal\thinkphp\lang\zh-cn.php
[ info ] [ ROUTE ] array (
  'type' => 'module',
  'module' => 
  array (
    0 => 'union',
    1 => 'index',
    2 => 'index',
  ),
)
[ info ] [ HEADER ] array (
  'cookie' => 'PHPSESSID=kbqgkkj38hknqopfg1mkl33sf3',
  'accept-language' => 'zh-CN,zh;q=0.9',
  'accept-encoding' => 'gzip, deflate',
  'referer' => 'http://www.peini.com/union/auth/login',
  'accept' => 'text/html,application/xhtml+xml,application/xml;q=0.9,image/webp,image/apng,*/*;q=0.8,application/signed-exchange;v=b3',
  'user-agent' => 'Mozilla/5.0 (Windows NT 10.0; Win64; x64) AppleWebKit/537.36 (KHTML, like Gecko) Chrome/75.0.3770.142 Safari/537.36',
  'upgrade-insecure-requests' => '1',
  'connection' => 'keep-alive',
  'host' => 'www.peini.com',
  'content-length' => '',
  'content-type' => '',
)
[ info ] [ PARAM ] array (
)
[ info ] [ CACHE ] INIT File
[ info ] [ SESSION ] INIT array (
  'id' => '',
  'var_session_id' => '',
  'prefix' => 'think',
  'type' => '',
  'auto_start' => true,
)
[ info ] [ RUN ] app\union\controller\Index->index[ D:\phpserver\wwwroot\default\peini-formal\application\union\controller\Index.php ]
[ info ] [ DB ] INIT mysql
[ info ] [ VIEW ] D:\phpserver\wwwroot\default\peini-formal\public/../application/union\view\index\index.html [ array (
  0 => 'menu_role',
  1 => 'union',
  2 => 'menu_list_one',
  3 => 'menu_list_two',
) ]
[ info ] [ LOG ] INIT File
[ sql ] [ DB ] CONNECT:[ UseTime:0.331354s ] mysql:host=39.98.195.90;dbname=peini;charset=utf8
[ sql ] [ SQL ] SHOW COLUMNS FROM `pn_menu_union` [ RunTime:0.035741s ]
[ sql ] [ SQL ] SELECT * FROM `pn_menu_union` WHERE  (  level = 1 and statu = 1 ) [ RunTime:0.205859s ]
[ sql ] [ SQL ] SELECT * FROM `pn_menu_union` WHERE  (  level = 2 and statu = 1 ) [ RunTime:0.026876s ]
---------------------------------------------------------------
[ 2019-07-18T11:08:23+08:00 ] 127.0.0.1 GET /admin/index/welcome
[ info ] www.peini.com/admin/index/welcome [运行时间：0.091756s][吞吐率：10.90req/s] [内存消耗：1,341.59kb] [文件加载：41]
[ info ] [ LANG ] D:\phpserver\wwwroot\default\peini-formal\thinkphp\lang\zh-cn.php
[ info ] [ ROUTE ] array (
  'type' => 'module',
  'module' => 
  array (
    0 => 'admin',
    1 => 'index',
    2 => 'welcome',
  ),
)
[ info ] [ HEADER ] array (
  'cookie' => 'PHPSESSID=kbqgkkj38hknqopfg1mkl33sf3',
  'accept-language' => 'zh-CN,zh;q=0.9',
  'accept-encoding' => 'gzip, deflate',
  'referer' => 'http://www.peini.com/union/index/index',
  'accept' => 'text/html,application/xhtml+xml,application/xml;q=0.9,image/webp,image/apng,*/*;q=0.8,application/signed-exchange;v=b3',
  'user-agent' => 'Mozilla/5.0 (Windows NT 10.0; Win64; x64) AppleWebKit/537.36 (KHTML, like Gecko) Chrome/75.0.3770.142 Safari/537.36',
  'upgrade-insecure-requests' => '1',
  'connection' => 'keep-alive',
  'host' => 'www.peini.com',
  'content-length' => '',
  'content-type' => '',
)
[ info ] [ PARAM ] array (
)
[ info ] [ SESSION ] INIT array (
  'id' => '',
  'var_session_id' => '',
  'prefix' => 'think',
  'type' => '',
  'auto_start' => true,
)
[ info ] [ RUN ] app\admin\controller\Index->welcome[ D:\phpserver\wwwroot\default\peini-formal\application\admin\controller\Index.php ]
[ info ] [ VIEW ] D:\phpserver\wwwroot\default\peini-formal\public/../application/admin\view\index\welcome.html [ array (
  0 => 'menu_role',
) ]
[ info ] [ LOG ] INIT File
---------------------------------------------------------------
[ 2019-07-18T11:08:23+08:00 ] 127.0.0.1 GET /union/index/favicon.ico
[ info ] www.peini.com/union/index/favicon.ico [运行时间：0.133355s][吞吐率：7.50req/s] [内存消耗：1,428.59kb] [文件加载：46]
[ info ] [ LANG ] D:\phpserver\wwwroot\default\peini-formal\thinkphp\lang\zh-cn.php
[ info ] [ ROUTE ] array (
  'type' => 'module',
  'module' => 
  array (
    0 => 'union',
    1 => 'index',
    2 => 'favicon.ico',
  ),
)
[ info ] [ HEADER ] array (
  'cookie' => 'PHPSESSID=kbqgkkj38hknqopfg1mkl33sf3',
  'accept-language' => 'zh-CN,zh;q=0.9',
  'accept-encoding' => 'gzip, deflate',
  'referer' => 'http://www.peini.com/union/index/index',
  'accept' => 'image/webp,image/apng,image/*,*/*;q=0.8',
  'user-agent' => 'Mozilla/5.0 (Windows NT 10.0; Win64; x64) AppleWebKit/537.36 (KHTML, like Gecko) Chrome/75.0.3770.142 Safari/537.36',
  'connection' => 'keep-alive',
  'host' => 'www.peini.com',
  'content-length' => '',
  'content-type' => '',
)
[ info ] [ PARAM ] array (
)
[ info ] [ CACHE ] INIT File
[ info ] [ SESSION ] INIT array (
  'id' => '',
  'var_session_id' => '',
  'prefix' => 'think',
  'type' => '',
  'auto_start' => true,
)
[ info ] [ LOG ] INIT File
---------------------------------------------------------------
[ 2019-07-18T11:08:24+08:00 ] 127.0.0.1 GET /union/union/member
[ info ] www.peini.com/union/union/member [运行时间：1.045179s][吞吐率：0.96req/s] [内存消耗：2,350.75kb] [文件加载：55]
[ info ] [ LANG ] D:\phpserver\wwwroot\default\peini-formal\thinkphp\lang\zh-cn.php
[ info ] [ ROUTE ] array (
  'type' => 'module',
  'module' => 
  array (
    0 => 'union',
    1 => 'union',
    2 => 'member',
  ),
)
[ info ] [ HEADER ] array (
  'cookie' => 'PHPSESSID=kbqgkkj38hknqopfg1mkl33sf3',
  'accept-language' => 'zh-CN,zh;q=0.9',
  'accept-encoding' => 'gzip, deflate',
  'referer' => 'http://www.peini.com/union/index/index',
  'accept' => 'text/html,application/xhtml+xml,application/xml;q=0.9,image/webp,image/apng,*/*;q=0.8,application/signed-exchange;v=b3',
  'user-agent' => 'Mozilla/5.0 (Windows NT 10.0; Win64; x64) AppleWebKit/537.36 (KHTML, like Gecko) Chrome/75.0.3770.142 Safari/537.36',
  'upgrade-insecure-requests' => '1',
  'connection' => 'keep-alive',
  'host' => 'www.peini.com',
  'content-length' => '',
  'content-type' => '',
)
[ info ] [ PARAM ] array (
)
[ info ] [ SESSION ] INIT array (
  'id' => '',
  'var_session_id' => '',
  'prefix' => 'think',
  'type' => '',
  'auto_start' => true,
)
[ info ] [ RUN ] app\union\controller\Union->member[ D:\phpserver\wwwroot\default\peini-formal\application\union\controller\Union.php ]
[ info ] [ DB ] INIT mysql
[ info ] [ VIEW ] D:\phpserver\wwwroot\default\peini-formal\public/../application/union\view\union\member.html [ array (
  0 => 'menu_role',
  1 => 'data',
  2 => 'total',
  3 => 'list',
) ]
[ info ] [ LOG ] INIT File
[ sql ] [ DB ] CONNECT:[ UseTime:0.037077s ] mysql:host=39.98.195.90;dbname=peini;charset=utf8
[ sql ] [ SQL ] SHOW COLUMNS FROM `pn_user` [ RunTime:0.023720s ]
[ sql ] [ SQL ] SELECT COUNT(*) AS tp_count FROM `pn_user` WHERE  `union` = 8 LIMIT 1 [ RunTime:0.021928s ]
[ sql ] [ SQL ] SELECT * FROM `pn_user` WHERE  `union` = 8 ORDER BY `uniontime` DESC LIMIT 0,30 [ RunTime:0.094935s ]
[ sql ] [ SQL ] SHOW COLUMNS FROM `pn_approve` [ RunTime:0.043748s ]
[ sql ] [ SQL ] SELECT `uid`,`gameid`,`labelid` FROM `pn_approve` WHERE  `uid` = 1 LIMIT 1 [ RunTime:0.019975s ]
[ sql ] [ SQL ] SHOW COLUMNS FROM `pn_game` [ RunTime:0.020976s ]
[ sql ] [ SQL ] SELECT `name` FROM `pn_game` WHERE  `gid` IN (1,2,3) [ RunTime:0.021087s ]
[ sql ] [ SQL ] SHOW COLUMNS FROM `pn_label` [ RunTime:0.020036s ]
[ sql ] [ SQL ] SELECT `name` FROM `pn_label` WHERE  `lid` IN (1,2,3) [ RunTime:0.044443s ]
[ sql ] [ SQL ] SELECT COUNT(*) AS tp_count FROM `pn_game_order` WHERE pid = 1 AND `status` = 3 OR pid = 1 AND `status` = 4 [ RunTime:0.030619s ]
[ sql ] [ SQL ] SHOW COLUMNS FROM `pn_send_log` [ RunTime:0.051578s ]
[ sql ] [ SQL ] SELECT SUM(amount) AS tp_sum FROM `pn_send_log` WHERE  `acceptuid` = 1  AND `status` = 2 LIMIT 1 [ RunTime:0.021115s ]
[ sql ] [ SQL ] SELECT SUM(amount) AS tp_sum FROM `pn_game_order` WHERE pid = 1 AND `status` = 3 OR pid = 1 AND `status` = 4 [ RunTime:0.041736s ]
[ sql ] [ SQL ] SELECT `uid`,`gameid`,`labelid` FROM `pn_approve` WHERE  `uid` = 2 LIMIT 1 [ RunTime:0.051345s ]
[ sql ] [ SQL ] SELECT `name` FROM `pn_game` WHERE  `gid` IN (1,2,3) [ RunTime:0.236440s ]
[ sql ] [ SQL ] SELECT `name` FROM `pn_label` WHERE  `lid` IN (1,2,3) [ RunTime:0.020420s ]
[ sql ] [ SQL ] SELECT COUNT(*) AS tp_count FROM `pn_game_order` WHERE pid = 2 AND `status` = 3 OR pid = 2 AND `status` = 4 [ RunTime:0.026871s ]
[ sql ] [ SQL ] SELECT SUM(amount) AS tp_sum FROM `pn_send_log` WHERE  `acceptuid` = 2  AND `status` = 2 LIMIT 1 [ RunTime:0.022920s ]
[ sql ] [ SQL ] SELECT SUM(amount) AS tp_sum FROM `pn_game_order` WHERE pid = 2 AND `status` = 3 OR pid = 2 AND `status` = 4 [ RunTime:0.022294s ]
---------------------------------------------------------------
[ 2019-07-18T11:08:24+08:00 ] 127.0.0.1 GET /union/union/unioninfo
[ info ] www.peini.com/union/union/unioninfo [运行时间：0.183982s][吞吐率：5.44req/s] [内存消耗：2,279.27kb] [文件加载：54]
[ info ] [ LANG ] D:\phpserver\wwwroot\default\peini-formal\thinkphp\lang\zh-cn.php
[ info ] [ ROUTE ] array (
  'type' => 'module',
  'module' => 
  array (
    0 => 'union',
    1 => 'union',
    2 => 'unioninfo',
  ),
)
[ info ] [ HEADER ] array (
  'cookie' => 'PHPSESSID=kbqgkkj38hknqopfg1mkl33sf3',
  'accept-language' => 'zh-CN,zh;q=0.9',
  'accept-encoding' => 'gzip, deflate',
  'referer' => 'http://www.peini.com/union/index/index',
  'accept' => 'text/html,application/xhtml+xml,application/xml;q=0.9,image/webp,image/apng,*/*;q=0.8,application/signed-exchange;v=b3',
  'user-agent' => 'Mozilla/5.0 (Windows NT 10.0; Win64; x64) AppleWebKit/537.36 (KHTML, like Gecko) Chrome/75.0.3770.142 Safari/537.36',
  'upgrade-insecure-requests' => '1',
  'connection' => 'keep-alive',
  'host' => 'www.peini.com',
  'content-length' => '',
  'content-type' => '',
)
[ info ] [ PARAM ] array (
)
[ info ] [ SESSION ] INIT array (
  'id' => '',
  'var_session_id' => '',
  'prefix' => 'think',
  'type' => '',
  'auto_start' => true,
)
[ info ] [ RUN ] app\union\controller\Union->unioninfo[ D:\phpserver\wwwroot\default\peini-formal\application\union\controller\Union.php ]
[ info ] [ DB ] INIT mysql
[ info ] [ CACHE ] INIT File
[ info ] [ VIEW ] D:\phpserver\wwwroot\default\peini-formal\public/../application/union\view\union\unioninfo.html [ array (
  0 => 'menu_role',
  1 => 'union',
) ]
[ info ] [ LOG ] INIT File
[ sql ] [ DB ] CONNECT:[ UseTime:0.034758s ] mysql:host=39.98.195.90;dbname=peini;charset=utf8
[ sql ] [ SQL ] SHOW COLUMNS FROM `pn_union` [ RunTime:0.021254s ]
[ sql ] [ SQL ] SELECT * FROM `pn_union` WHERE  `unid` = 8 LIMIT 1 [ RunTime:0.022255s ]
---------------------------------------------------------------
[ 2019-07-18T11:08:29+08:00 ] 127.0.0.1 GET /union/union/member
[ info ] www.peini.com/union/union/member [运行时间：0.548683s][吞吐率：1.82req/s] [内存消耗：2,212.02kb] [文件加载：53]
[ info ] [ LANG ] D:\phpserver\wwwroot\default\peini-formal\thinkphp\lang\zh-cn.php
[ info ] [ ROUTE ] array (
  'type' => 'module',
  'module' => 
  array (
    0 => 'union',
    1 => 'union',
    2 => 'member',
  ),
)
[ info ] [ HEADER ] array (
  'cookie' => 'PHPSESSID=kbqgkkj38hknqopfg1mkl33sf3',
  'accept-language' => 'zh-CN,zh;q=0.9',
  'accept-encoding' => 'gzip, deflate',
  'referer' => 'http://www.peini.com/union/index/index',
  'accept' => 'text/html,application/xhtml+xml,application/xml;q=0.9,image/webp,image/apng,*/*;q=0.8,application/signed-exchange;v=b3',
  'user-agent' => 'Mozilla/5.0 (Windows NT 10.0; Win64; x64) AppleWebKit/537.36 (KHTML, like Gecko) Chrome/75.0.3770.142 Safari/537.36',
  'upgrade-insecure-requests' => '1',
  'connection' => 'keep-alive',
  'host' => 'www.peini.com',
  'content-length' => '',
  'content-type' => '',
)
[ info ] [ PARAM ] array (
)
[ info ] [ SESSION ] INIT array (
  'id' => '',
  'var_session_id' => '',
  'prefix' => 'think',
  'type' => '',
  'auto_start' => true,
)
[ info ] [ RUN ] app\union\controller\Union->member[ D:\phpserver\wwwroot\default\peini-formal\application\union\controller\Union.php ]
[ info ] [ DB ] INIT mysql
[ info ] [ VIEW ] D:\phpserver\wwwroot\default\peini-formal\public/../application/union\view\union\member.html [ array (
  0 => 'menu_role',
  1 => 'data',
  2 => 'total',
  3 => 'list',
) ]
[ info ] [ LOG ] INIT File
[ sql ] [ DB ] CONNECT:[ UseTime:0.034275s ] mysql:host=39.98.195.90;dbname=peini;charset=utf8
[ sql ] [ SQL ] SHOW COLUMNS FROM `pn_user` [ RunTime:0.023760s ]
[ sql ] [ SQL ] SELECT COUNT(*) AS tp_count FROM `pn_user` WHERE  `union` = 8 LIMIT 1 [ RunTime:0.023756s ]
[ sql ] [ SQL ] SELECT * FROM `pn_user` WHERE  `union` = 8 ORDER BY `uniontime` DESC LIMIT 0,30 [ RunTime:0.029569s ]
[ sql ] [ SQL ] SHOW COLUMNS FROM `pn_approve` [ RunTime:0.023930s ]
[ sql ] [ SQL ] SELECT `uid`,`gameid`,`labelid` FROM `pn_approve` WHERE  `uid` = 1 LIMIT 1 [ RunTime:0.022990s ]
[ sql ] [ SQL ] SHOW COLUMNS FROM `pn_game` [ RunTime:0.024238s ]
[ sql ] [ SQL ] SELECT `name` FROM `pn_game` WHERE  `gid` IN (1,2,3) [ RunTime:0.024501s ]
[ sql ] [ SQL ] SHOW COLUMNS FROM `pn_label` [ RunTime:0.025184s ]
[ sql ] [ SQL ] SELECT `name` FROM `pn_label` WHERE  `lid` IN (1,2,3) [ RunTime:0.023030s ]
[ sql ] [ SQL ] SELECT COUNT(*) AS tp_count FROM `pn_game_order` WHERE pid = 1 AND `status` = 3 OR pid = 1 AND `status` = 4 [ RunTime:0.025363s ]
[ sql ] [ SQL ] SHOW COLUMNS FROM `pn_send_log` [ RunTime:0.027045s ]
[ sql ] [ SQL ] SELECT SUM(amount) AS tp_sum FROM `pn_send_log` WHERE  `acceptuid` = 1  AND `status` = 2 LIMIT 1 [ RunTime:0.022771s ]
[ sql ] [ SQL ] SELECT SUM(amount) AS tp_sum FROM `pn_game_order` WHERE pid = 1 AND `status` = 3 OR pid = 1 AND `status` = 4 [ RunTime:0.022088s ]
[ sql ] [ SQL ] SELECT `uid`,`gameid`,`labelid` FROM `pn_approve` WHERE  `uid` = 2 LIMIT 1 [ RunTime:0.022800s ]
[ sql ] [ SQL ] SELECT `name` FROM `pn_game` WHERE  `gid` IN (1,2,3) [ RunTime:0.023743s ]
[ sql ] [ SQL ] SELECT `name` FROM `pn_label` WHERE  `lid` IN (1,2,3) [ RunTime:0.025261s ]
[ sql ] [ SQL ] SELECT COUNT(*) AS tp_count FROM `pn_game_order` WHERE pid = 2 AND `status` = 3 OR pid = 2 AND `status` = 4 [ RunTime:0.023254s ]
[ sql ] [ SQL ] SELECT SUM(amount) AS tp_sum FROM `pn_send_log` WHERE  `acceptuid` = 2  AND `status` = 2 LIMIT 1 [ RunTime:0.025330s ]
[ sql ] [ SQL ] SELECT SUM(amount) AS tp_sum FROM `pn_game_order` WHERE pid = 2 AND `status` = 3 OR pid = 2 AND `status` = 4 [ RunTime:0.022789s ]
---------------------------------------------------------------
[ 2019-07-18T11:08:44+08:00 ] 127.0.0.1 GET /union/union/unioninfo
[ info ] www.peini.com/union/union/unioninfo [运行时间：0.471723s][吞吐率：2.12req/s] [内存消耗：2,152.88kb] [文件加载：52]
[ info ] [ LANG ] D:\phpserver\wwwroot\default\peini-formal\thinkphp\lang\zh-cn.php
[ info ] [ ROUTE ] array (
  'type' => 'module',
  'module' => 
  array (
    0 => 'union',
    1 => 'union',
    2 => 'unioninfo',
  ),
)
[ info ] [ HEADER ] array (
  'cookie' => 'PHPSESSID=kbqgkkj38hknqopfg1mkl33sf3',
  'accept-language' => 'zh-CN,zh;q=0.9',
  'accept-encoding' => 'gzip, deflate',
  'referer' => 'http://www.peini.com/union/index/index',
  'accept' => 'text/html,application/xhtml+xml,application/xml;q=0.9,image/webp,image/apng,*/*;q=0.8,application/signed-exchange;v=b3',
  'user-agent' => 'Mozilla/5.0 (Windows NT 10.0; Win64; x64) AppleWebKit/537.36 (KHTML, like Gecko) Chrome/75.0.3770.142 Safari/537.36',
  'upgrade-insecure-requests' => '1',
  'connection' => 'keep-alive',
  'host' => 'www.peini.com',
  'content-length' => '',
  'content-type' => '',
)
[ info ] [ PARAM ] array (
)
[ info ] [ SESSION ] INIT array (
  'id' => '',
  'var_session_id' => '',
  'prefix' => 'think',
  'type' => '',
  'auto_start' => true,
)
[ info ] [ RUN ] app\union\controller\Union->unioninfo[ D:\phpserver\wwwroot\default\peini-formal\application\union\controller\Union.php ]
[ info ] [ DB ] INIT mysql
[ info ] [ CACHE ] INIT File
[ info ] [ VIEW ] D:\phpserver\wwwroot\default\peini-formal\public/../application/union\view\union\unioninfo.html [ array (
  0 => 'menu_role',
  1 => 'union',
) ]
[ info ] [ LOG ] INIT File
[ sql ] [ DB ] CONNECT:[ UseTime:0.109094s ] mysql:host=39.98.195.90;dbname=peini;charset=utf8
[ sql ] [ SQL ] SHOW COLUMNS FROM `pn_union` [ RunTime:0.147943s ]
[ sql ] [ SQL ] SELECT * FROM `pn_union` WHERE  `unid` = 8 LIMIT 1 [ RunTime:0.164041s ]
---------------------------------------------------------------
[ 2019-07-18T18:58:59+08:00 ] 127.0.0.1 GET /union/union/member
[ info ] www.peini.com/union/union/member [运行时间：1.369500s][吞吐率：0.73req/s] [内存消耗：2,350.75kb] [文件加载：55]
[ info ] [ LANG ] D:\phpserver\wwwroot\default\peini-formal\thinkphp\lang\zh-cn.php
[ info ] [ ROUTE ] array (
  'type' => 'module',
  'module' => 
  array (
    0 => 'union',
    1 => 'union',
    2 => 'member',
  ),
)
[ info ] [ HEADER ] array (
  'cookie' => 'PHPSESSID=kbqgkkj38hknqopfg1mkl33sf3',
  'accept-language' => 'zh-CN,zh;q=0.9',
  'accept-encoding' => 'gzip, deflate',
  'referer' => 'http://www.peini.com/union/index/index',
  'accept' => 'text/html,application/xhtml+xml,application/xml;q=0.9,image/webp,image/apng,*/*;q=0.8,application/signed-exchange;v=b3',
  'user-agent' => 'Mozilla/5.0 (Windows NT 10.0; Win64; x64) AppleWebKit/537.36 (KHTML, like Gecko) Chrome/75.0.3770.142 Safari/537.36',
  'upgrade-insecure-requests' => '1',
  'connection' => 'keep-alive',
  'host' => 'www.peini.com',
  'content-length' => '',
  'content-type' => '',
)
[ info ] [ PARAM ] array (
)
[ info ] [ SESSION ] INIT array (
  'id' => '',
  'var_session_id' => '',
  'prefix' => 'think',
  'type' => '',
  'auto_start' => true,
)
[ info ] [ RUN ] app\union\controller\Union->member[ D:\phpserver\wwwroot\default\peini-formal\application\union\controller\Union.php ]
[ info ] [ DB ] INIT mysql
[ info ] [ VIEW ] D:\phpserver\wwwroot\default\peini-formal\public/../application/union\view\union\member.html [ array (
  0 => 'menu_role',
  1 => 'data',
  2 => 'total',
  3 => 'list',
) ]
[ info ] [ LOG ] INIT File
[ sql ] [ DB ] CONNECT:[ UseTime:0.039023s ] mysql:host=39.98.195.90;dbname=peini;charset=utf8
[ sql ] [ SQL ] SHOW COLUMNS FROM `pn_user` [ RunTime:0.024462s ]
[ sql ] [ SQL ] SELECT COUNT(*) AS tp_count FROM `pn_user` WHERE  `union` = 8 LIMIT 1 [ RunTime:0.026201s ]
[ sql ] [ SQL ] SELECT * FROM `pn_user` WHERE  `union` = 8 ORDER BY `uniontime` DESC LIMIT 0,30 [ RunTime:0.028058s ]
[ sql ] [ SQL ] SHOW COLUMNS FROM `pn_approve` [ RunTime:0.024717s ]
[ sql ] [ SQL ] SELECT `uid`,`gameid`,`labelid` FROM `pn_approve` WHERE  `uid` = 1 LIMIT 1 [ RunTime:0.031918s ]
[ sql ] [ SQL ] SHOW COLUMNS FROM `pn_game` [ RunTime:0.023277s ]
[ sql ] [ SQL ] SELECT `name` FROM `pn_game` WHERE  `gid` IN (1,2,3) [ RunTime:0.023091s ]
[ sql ] [ SQL ] SHOW COLUMNS FROM `pn_label` [ RunTime:0.023058s ]
[ sql ] [ SQL ] SELECT `name` FROM `pn_label` WHERE  `lid` IN (1,2,3) [ RunTime:0.022740s ]
[ sql ] [ SQL ] SELECT COUNT(*) AS tp_count FROM `pn_game_order` WHERE pid = 1 AND `status` = 3 OR pid = 1 AND `status` = 4 [ RunTime:0.024509s ]
[ sql ] [ SQL ] SHOW COLUMNS FROM `pn_send_log` [ RunTime:0.027282s ]
[ sql ] [ SQL ] SELECT SUM(amount) AS tp_sum FROM `pn_send_log` WHERE  `acceptuid` = 1  AND `status` = 2 LIMIT 1 [ RunTime:0.021393s ]
[ sql ] [ SQL ] SELECT SUM(amount) AS tp_sum FROM `pn_game_order` WHERE pid = 1 AND `status` = 3 OR pid = 1 AND `status` = 4 [ RunTime:0.026921s ]
[ sql ] [ SQL ] SELECT `uid`,`gameid`,`labelid` FROM `pn_approve` WHERE  `uid` = 2 LIMIT 1 [ RunTime:0.021520s ]
[ sql ] [ SQL ] SELECT `name` FROM `pn_game` WHERE  `gid` IN (1,2,3) [ RunTime:0.021740s ]
[ sql ] [ SQL ] SELECT `name` FROM `pn_label` WHERE  `lid` IN (1,2,3) [ RunTime:0.024819s ]
[ sql ] [ SQL ] SELECT COUNT(*) AS tp_count FROM `pn_game_order` WHERE pid = 2 AND `status` = 3 OR pid = 2 AND `status` = 4 [ RunTime:0.022150s ]
[ sql ] [ SQL ] SELECT SUM(amount) AS tp_sum FROM `pn_send_log` WHERE  `acceptuid` = 2  AND `status` = 2 LIMIT 1 [ RunTime:0.023173s ]
[ sql ] [ SQL ] SELECT SUM(amount) AS tp_sum FROM `pn_game_order` WHERE pid = 2 AND `status` = 3 OR pid = 2 AND `status` = 4 [ RunTime:0.023488s ]
