---------------------------------------------------------------
[ 2019-07-22T14:03:03+08:00 ] 127.0.0.1 GET /
[ info ] www.peini.com/ [运行时间：0.731786s][吞吐率：1.37req/s] [内存消耗：1,428.58kb] [文件加载：42]
[ info ] [ LANG ] D:\phpserver\wwwroot\default\peini-formal\thinkphp\lang\zh-cn.php
[ info ] [ ROUTE ] array (
  'type' => 'module',
  'module' => 
  array (
    0 => '',
    1 => NULL,
    2 => NULL,
  ),
)
[ info ] [ HEADER ] array (
  'cookie' => 'PHPSESSID=kbqgkkj38hknqopfg1mkl33sf3',
  'accept-language' => 'zh-CN,zh;q=0.9',
  'accept-encoding' => 'gzip, deflate',
  'purpose' => 'prefetch',
  'accept' => 'text/html,application/xhtml+xml,application/xml;q=0.9,image/webp,image/apng,*/*;q=0.8,application/signed-exchange;v=b3',
  'user-agent' => 'Mozilla/5.0 (Windows NT 10.0; Win64; x64) AppleWebKit/537.36 (KHTML, like Gecko) Chrome/75.0.3770.142 Safari/537.36',
  'upgrade-insecure-requests' => '1',
  'connection' => 'keep-alive',
  'host' => 'www.peini.com',
  'content-length' => '',
  'content-type' => '',
)
[ info ] [ PARAM ] array (
)
[ info ] [ RUN ] app\index\controller\Index->index[ D:\phpserver\wwwroot\default\peini-formal\application\index\controller\Index.php ]
[ info ] [ VIEW ] D:\phpserver\wwwroot\default\peini-formal\public/../application/index\view\index\web.html [ array (
) ]
[ info ] [ LOG ] INIT File
---------------------------------------------------------------
[ 2019-07-22T14:03:08+08:00 ] 127.0.0.1 GET /union
[ info ] www.peini.com/union [运行时间：0.449540s][吞吐率：2.22req/s] [内存消耗：2,241.23kb] [文件加载：55]
[ info ] [ LANG ] D:\phpserver\wwwroot\default\peini-formal\thinkphp\lang\zh-cn.php
[ info ] [ ROUTE ] array (
  'type' => 'module',
  'module' => 
  array (
    0 => 'union',
    1 => NULL,
    2 => NULL,
  ),
)
[ info ] [ HEADER ] array (
  'cookie' => 'PHPSESSID=kbqgkkj38hknqopfg1mkl33sf3',
  'accept-language' => 'zh-CN,zh;q=0.9',
  'accept-encoding' => 'gzip, deflate',
  'accept' => 'text/html,application/xhtml+xml,application/xml;q=0.9,image/webp,image/apng,*/*;q=0.8,application/signed-exchange;v=b3',
  'user-agent' => 'Mozilla/5.0 (Windows NT 10.0; Win64; x64) AppleWebKit/537.36 (KHTML, like Gecko) Chrome/75.0.3770.142 Safari/537.36',
  'upgrade-insecure-requests' => '1',
  'connection' => 'keep-alive',
  'host' => 'www.peini.com',
  'content-length' => '',
  'content-type' => '',
)
[ info ] [ PARAM ] array (
)
[ info ] [ CACHE ] INIT File
[ info ] [ RUN ] app\union\controller\Index->index[ D:\phpserver\wwwroot\default\peini-formal\application\union\controller\Index.php ]
[ info ] [ DB ] INIT mysql
[ info ] [ VIEW ] D:\phpserver\wwwroot\default\peini-formal\public/../application/union\view\index\index.html [ array (
  0 => 'menu_list_one',
  1 => 'menu_list_two',
) ]
[ info ] [ LOG ] INIT File
[ sql ] [ DB ] CONNECT:[ UseTime:0.036519s ] mysql:host=39.98.195.90;dbname=peini;charset=utf8
[ sql ] [ SQL ] SHOW COLUMNS FROM `pn_menu_union` [ RunTime:0.027520s ]
[ sql ] [ SQL ] SELECT * FROM `pn_menu_union` WHERE  (  level = 1 and statu = 1 ) [ RunTime:0.023210s ]
[ sql ] [ SQL ] SELECT * FROM `pn_menu_union` WHERE  (  level = 2 and statu = 1 ) [ RunTime:0.024753s ]
---------------------------------------------------------------
[ 2019-07-22T14:03:09+08:00 ] 127.0.0.1 GET /union/index/welcome
[ info ] www.peini.com/union/index/welcome [运行时间：0.084157s][吞吐率：11.88req/s] [内存消耗：1,509.02kb] [文件加载：46]
[ info ] [ LANG ] D:\phpserver\wwwroot\default\peini-formal\thinkphp\lang\zh-cn.php
[ info ] [ ROUTE ] array (
  'type' => 'module',
  'module' => 
  array (
    0 => 'union',
    1 => 'index',
    2 => 'welcome',
  ),
)
[ info ] [ HEADER ] array (
  'cookie' => 'PHPSESSID=kbqgkkj38hknqopfg1mkl33sf3',
  'accept-language' => 'zh-CN,zh;q=0.9',
  'accept-encoding' => 'gzip, deflate',
  'referer' => 'http://www.peini.com/union',
  'accept' => 'text/html,application/xhtml+xml,application/xml;q=0.9,image/webp,image/apng,*/*;q=0.8,application/signed-exchange;v=b3',
  'user-agent' => 'Mozilla/5.0 (Windows NT 10.0; Win64; x64) AppleWebKit/537.36 (KHTML, like Gecko) Chrome/75.0.3770.142 Safari/537.36',
  'upgrade-insecure-requests' => '1',
  'connection' => 'keep-alive',
  'host' => 'www.peini.com',
  'content-length' => '',
  'content-type' => '',
)
[ info ] [ PARAM ] array (
)
[ info ] [ CACHE ] INIT File
[ info ] [ RUN ] app\union\controller\Index->welcome[ D:\phpserver\wwwroot\default\peini-formal\application\union\controller\Index.php ]
[ info ] [ VIEW ] D:\phpserver\wwwroot\default\peini-formal\public/../application/union\view\index\welcome.html [ array (
) ]
[ info ] [ LOG ] INIT File
---------------------------------------------------------------
[ 2019-07-22T14:03:12+08:00 ] 127.0.0.1 GET /union/union/member
[ info ] www.peini.com/union/union/member [运行时间：0.276828s][吞吐率：3.61req/s] [内存消耗：2,364.96kb] [文件加载：58]
[ info ] [ LANG ] D:\phpserver\wwwroot\default\peini-formal\thinkphp\lang\zh-cn.php
[ info ] [ ROUTE ] array (
  'type' => 'module',
  'module' => 
  array (
    0 => 'union',
    1 => 'union',
    2 => 'member',
  ),
)
[ info ] [ HEADER ] array (
  'cookie' => 'PHPSESSID=kbqgkkj38hknqopfg1mkl33sf3',
  'accept-language' => 'zh-CN,zh;q=0.9',
  'accept-encoding' => 'gzip, deflate',
  'referer' => 'http://www.peini.com/union',
  'accept' => 'text/html,application/xhtml+xml,application/xml;q=0.9,image/webp,image/apng,*/*;q=0.8,application/signed-exchange;v=b3',
  'user-agent' => 'Mozilla/5.0 (Windows NT 10.0; Win64; x64) AppleWebKit/537.36 (KHTML, like Gecko) Chrome/75.0.3770.142 Safari/537.36',
  'upgrade-insecure-requests' => '1',
  'connection' => 'keep-alive',
  'host' => 'www.peini.com',
  'content-length' => '',
  'content-type' => '',
)
[ info ] [ PARAM ] array (
)
[ info ] [ CACHE ] INIT File
[ info ] [ RUN ] app\union\controller\Union->member[ D:\phpserver\wwwroot\default\peini-formal\application\union\controller\Union.php ]
[ info ] [ SESSION ] INIT array (
  'id' => '',
  'var_session_id' => '',
  'prefix' => 'think',
  'type' => '',
  'auto_start' => true,
)
[ info ] [ DB ] INIT mysql
[ info ] [ VIEW ] D:\phpserver\wwwroot\default\peini-formal\public/../application/union\view\union\member.html [ array (
  0 => 'data',
  1 => 'total',
  2 => 'list',
) ]
[ info ] [ LOG ] INIT File
[ sql ] [ DB ] CONNECT:[ UseTime:0.032783s ] mysql:host=39.98.195.90;dbname=peini;charset=utf8
[ sql ] [ SQL ] SHOW COLUMNS FROM `pn_user` [ RunTime:0.023447s ]
[ sql ] [ SQL ] SELECT COUNT(*) AS tp_count FROM `pn_user` WHERE  `union` = 8 LIMIT 1 [ RunTime:0.020873s ]
[ sql ] [ SQL ] SELECT * FROM `pn_user` WHERE  `union` = 8 ORDER BY `uniontime` DESC LIMIT 0,30 [ RunTime:0.029977s ]
---------------------------------------------------------------
[ 2019-07-22T14:03:13+08:00 ] 127.0.0.1 GET /union/union/unioninfo
[ info ] www.peini.com/union/union/unioninfo [运行时间：0.220619s][吞吐率：4.53req/s] [内存消耗：2,280.23kb] [文件加载：54]
[ info ] [ LANG ] D:\phpserver\wwwroot\default\peini-formal\thinkphp\lang\zh-cn.php
[ info ] [ ROUTE ] array (
  'type' => 'module',
  'module' => 
  array (
    0 => 'union',
    1 => 'union',
    2 => 'unioninfo',
  ),
)
[ info ] [ HEADER ] array (
  'cookie' => 'PHPSESSID=kbqgkkj38hknqopfg1mkl33sf3',
  'accept-language' => 'zh-CN,zh;q=0.9',
  'accept-encoding' => 'gzip, deflate',
  'referer' => 'http://www.peini.com/union',
  'accept' => 'text/html,application/xhtml+xml,application/xml;q=0.9,image/webp,image/apng,*/*;q=0.8,application/signed-exchange;v=b3',
  'user-agent' => 'Mozilla/5.0 (Windows NT 10.0; Win64; x64) AppleWebKit/537.36 (KHTML, like Gecko) Chrome/75.0.3770.142 Safari/537.36',
  'upgrade-insecure-requests' => '1',
  'connection' => 'keep-alive',
  'host' => 'www.peini.com',
  'content-length' => '',
  'content-type' => '',
)
[ info ] [ PARAM ] array (
)
[ info ] [ CACHE ] INIT File
[ info ] [ RUN ] app\union\controller\Union->unioninfo[ D:\phpserver\wwwroot\default\peini-formal\application\union\controller\Union.php ]
[ info ] [ DB ] INIT mysql
[ info ] [ VIEW ] D:\phpserver\wwwroot\default\peini-formal\public/../application/union\view\union\unioninfo.html [ array (
  0 => 'union',
) ]
[ info ] [ LOG ] INIT File
[ sql ] [ DB ] CONNECT:[ UseTime:0.033746s ] mysql:host=39.98.195.90;dbname=peini;charset=utf8
[ sql ] [ SQL ] SHOW COLUMNS FROM `pn_union` [ RunTime:0.021866s ]
[ sql ] [ SQL ] SELECT * FROM `pn_union` WHERE  `unid` = 8 LIMIT 1 [ RunTime:0.030848s ]
---------------------------------------------------------------
[ 2019-07-22T14:03:16+08:00 ] 127.0.0.1 GET /union/union/member
[ info ] www.peini.com/union/union/member [运行时间：0.158734s][吞吐率：6.30req/s] [内存消耗：2,238.23kb] [文件加载：56]
[ info ] [ LANG ] D:\phpserver\wwwroot\default\peini-formal\thinkphp\lang\zh-cn.php
[ info ] [ ROUTE ] array (
  'type' => 'module',
  'module' => 
  array (
    0 => 'union',
    1 => 'union',
    2 => 'member',
  ),
)
[ info ] [ HEADER ] array (
  'cookie' => 'PHPSESSID=kbqgkkj38hknqopfg1mkl33sf3',
  'accept-language' => 'zh-CN,zh;q=0.9',
  'accept-encoding' => 'gzip, deflate',
  'referer' => 'http://www.peini.com/union',
  'accept' => 'text/html,application/xhtml+xml,application/xml;q=0.9,image/webp,image/apng,*/*;q=0.8,application/signed-exchange;v=b3',
  'user-agent' => 'Mozilla/5.0 (Windows NT 10.0; Win64; x64) AppleWebKit/537.36 (KHTML, like Gecko) Chrome/75.0.3770.142 Safari/537.36',
  'upgrade-insecure-requests' => '1',
  'connection' => 'keep-alive',
  'host' => 'www.peini.com',
  'content-length' => '',
  'content-type' => '',
)
[ info ] [ PARAM ] array (
)
[ info ] [ CACHE ] INIT File
[ info ] [ RUN ] app\union\controller\Union->member[ D:\phpserver\wwwroot\default\peini-formal\application\union\controller\Union.php ]
[ info ] [ SESSION ] INIT array (
  'id' => '',
  'var_session_id' => '',
  'prefix' => 'think',
  'type' => '',
  'auto_start' => true,
)
[ info ] [ DB ] INIT mysql
[ info ] [ VIEW ] D:\phpserver\wwwroot\default\peini-formal\public/../application/union\view\union\member.html [ array (
  0 => 'data',
  1 => 'total',
  2 => 'list',
) ]
[ info ] [ LOG ] INIT File
[ sql ] [ DB ] CONNECT:[ UseTime:0.034006s ] mysql:host=39.98.195.90;dbname=peini;charset=utf8
[ sql ] [ SQL ] SHOW COLUMNS FROM `pn_user` [ RunTime:0.027198s ]
[ sql ] [ SQL ] SELECT COUNT(*) AS tp_count FROM `pn_user` WHERE  `union` = 8 LIMIT 1 [ RunTime:0.023813s ]
[ sql ] [ SQL ] SELECT * FROM `pn_user` WHERE  `union` = 8 ORDER BY `uniontime` DESC LIMIT 0,30 [ RunTime:0.023810s ]
---------------------------------------------------------------
[ 2019-07-22T14:03:19+08:00 ] 127.0.0.1 GET /union/union/unioninfo
[ info ] www.peini.com/union/union/unioninfo [运行时间：0.510668s][吞吐率：1.96req/s] [内存消耗：2,153.84kb] [文件加载：52]
[ info ] [ LANG ] D:\phpserver\wwwroot\default\peini-formal\thinkphp\lang\zh-cn.php
[ info ] [ ROUTE ] array (
  'type' => 'module',
  'module' => 
  array (
    0 => 'union',
    1 => 'union',
    2 => 'unioninfo',
  ),
)
[ info ] [ HEADER ] array (
  'cookie' => 'PHPSESSID=kbqgkkj38hknqopfg1mkl33sf3',
  'accept-language' => 'zh-CN,zh;q=0.9',
  'accept-encoding' => 'gzip, deflate',
  'referer' => 'http://www.peini.com/union',
  'accept' => 'text/html,application/xhtml+xml,application/xml;q=0.9,image/webp,image/apng,*/*;q=0.8,application/signed-exchange;v=b3',
  'user-agent' => 'Mozilla/5.0 (Windows NT 10.0; Win64; x64) AppleWebKit/537.36 (KHTML, like Gecko) Chrome/75.0.3770.142 Safari/537.36',
  'upgrade-insecure-requests' => '1',
  'connection' => 'keep-alive',
  'host' => 'www.peini.com',
  'content-length' => '',
  'content-type' => '',
)
[ info ] [ PARAM ] array (
)
[ info ] [ CACHE ] INIT File
[ info ] [ RUN ] app\union\controller\Union->unioninfo[ D:\phpserver\wwwroot\default\peini-formal\application\union\controller\Union.php ]
[ info ] [ DB ] INIT mysql
[ info ] [ VIEW ] D:\phpserver\wwwroot\default\peini-formal\public/../application/union\view\union\unioninfo.html [ array (
  0 => 'union',
) ]
[ info ] [ LOG ] INIT File
[ sql ] [ DB ] CONNECT:[ UseTime:0.279867s ] mysql:host=39.98.195.90;dbname=peini;charset=utf8
[ sql ] [ SQL ] SHOW COLUMNS FROM `pn_union` [ RunTime:0.030815s ]
[ sql ] [ SQL ] SELECT * FROM `pn_union` WHERE  `unid` = 8 LIMIT 1 [ RunTime:0.138296s ]
